[hadoop@hadoop-master conf]$ time hadoop jar /opt/cesga/hadoop/hadoop-examples-1.2.1.jar teragen -D mapred.map.tasks=100 $((500*1000*1000*10))  /user/hadoop/terasort-input-500
Generating 5000000000 using 100 maps with step of 50000000
14/06/11 09:41:49 INFO mapred.JobClient: Running job: job_201406101251_0004
14/06/11 09:41:50 INFO mapred.JobClient:  map 0% reduce 0%
14/06/11 09:42:05 INFO mapred.JobClient:  map 1% reduce 0%
14/06/11 09:42:10 INFO mapred.JobClient:  map 2% reduce 0%
14/06/11 09:42:19 INFO mapred.JobClient:  map 3% reduce 0%
14/06/11 09:42:30 INFO mapred.JobClient:  map 4% reduce 0%
14/06/11 09:42:39 INFO mapred.JobClient:  map 5% reduce 0%
14/06/11 09:42:47 INFO mapred.JobClient:  map 6% reduce 0%
14/06/11 09:42:56 INFO mapred.JobClient:  map 7% reduce 0%
14/06/11 09:43:06 INFO mapred.JobClient:  map 8% reduce 0%
14/06/11 09:43:17 INFO mapred.JobClient:  map 9% reduce 0%
14/06/11 09:43:26 INFO mapred.JobClient:  map 10% reduce 0%
14/06/11 09:43:37 INFO mapred.JobClient:  map 11% reduce 0%
14/06/11 09:43:47 INFO mapred.JobClient:  map 12% reduce 0%
14/06/11 09:43:56 INFO mapred.JobClient:  map 13% reduce 0%
14/06/11 09:44:06 INFO mapred.JobClient:  map 14% reduce 0%
14/06/11 09:44:17 INFO mapred.JobClient:  map 15% reduce 0%
14/06/11 09:44:27 INFO mapred.JobClient:  map 16% reduce 0%
14/06/11 09:44:37 INFO mapred.JobClient:  map 17% reduce 0%
14/06/11 09:44:49 INFO mapred.JobClient:  map 18% reduce 0%
14/06/11 09:45:00 INFO mapred.JobClient:  map 19% reduce 0%
14/06/11 09:45:10 INFO mapred.JobClient:  map 20% reduce 0%
14/06/11 09:45:22 INFO mapred.JobClient:  map 21% reduce 0%
14/06/11 09:45:32 INFO mapred.JobClient:  map 22% reduce 0%
14/06/11 09:45:42 INFO mapred.JobClient:  map 23% reduce 0%
14/06/11 09:45:51 INFO mapred.JobClient:  map 24% reduce 0%
14/06/11 09:46:02 INFO mapred.JobClient:  map 25% reduce 0%
14/06/11 09:46:11 INFO mapred.JobClient:  map 26% reduce 0%
14/06/11 09:46:21 INFO mapred.JobClient:  map 27% reduce 0%
14/06/11 09:46:33 INFO mapred.JobClient:  map 28% reduce 0%
14/06/11 09:46:43 INFO mapred.JobClient:  map 29% reduce 0%
14/06/11 09:46:53 INFO mapred.JobClient:  map 30% reduce 0%
14/06/11 09:47:04 INFO mapred.JobClient:  map 31% reduce 0%
14/06/11 09:47:14 INFO mapred.JobClient:  map 32% reduce 0%
14/06/11 09:47:24 INFO mapred.JobClient:  map 33% reduce 0%
14/06/11 09:47:34 INFO mapred.JobClient:  map 34% reduce 0%
14/06/11 09:47:45 INFO mapred.JobClient:  map 35% reduce 0%
14/06/11 09:47:56 INFO mapred.JobClient:  map 36% reduce 0%
14/06/11 09:48:06 INFO mapred.JobClient:  map 37% reduce 0%
14/06/11 09:48:17 INFO mapred.JobClient:  map 38% reduce 0%
14/06/11 09:48:26 INFO mapred.JobClient:  map 39% reduce 0%
14/06/11 09:48:35 INFO mapred.JobClient:  map 40% reduce 0%
14/06/11 09:48:47 INFO mapred.JobClient:  map 41% reduce 0%
14/06/11 09:48:56 INFO mapred.JobClient:  map 42% reduce 0%
14/06/11 09:49:05 INFO mapred.JobClient:  map 43% reduce 0%
14/06/11 09:49:15 INFO mapred.JobClient:  map 44% reduce 0%
14/06/11 09:49:26 INFO mapred.JobClient:  map 45% reduce 0%
14/06/11 09:49:35 INFO mapred.JobClient:  map 46% reduce 0%
14/06/11 09:49:46 INFO mapred.JobClient:  map 47% reduce 0%
14/06/11 09:49:55 INFO mapred.JobClient:  map 48% reduce 0%
14/06/11 09:50:04 INFO mapred.JobClient:  map 49% reduce 0%
14/06/11 09:50:15 INFO mapred.JobClient:  map 50% reduce 0%
14/06/11 09:50:25 INFO mapred.JobClient:  map 51% reduce 0%
14/06/11 09:50:36 INFO mapred.JobClient:  map 52% reduce 0%
14/06/11 09:50:44 INFO mapred.JobClient:  map 53% reduce 0%
14/06/11 09:50:55 INFO mapred.JobClient:  map 54% reduce 0%
14/06/11 09:51:04 INFO mapred.JobClient:  map 55% reduce 0%
14/06/11 09:51:14 INFO mapred.JobClient:  map 56% reduce 0%
14/06/11 09:51:23 INFO mapred.JobClient:  map 57% reduce 0%
14/06/11 09:51:34 INFO mapred.JobClient:  map 58% reduce 0%
14/06/11 09:51:46 INFO mapred.JobClient:  map 59% reduce 0%
14/06/11 09:51:56 INFO mapred.JobClient:  map 60% reduce 0%
14/06/11 09:52:07 INFO mapred.JobClient:  map 61% reduce 0%
14/06/11 09:52:16 INFO mapred.JobClient:  map 62% reduce 0%
14/06/11 09:52:26 INFO mapred.JobClient:  map 63% reduce 0%
14/06/11 09:52:35 INFO mapred.JobClient:  map 64% reduce 0%
14/06/11 09:52:44 INFO mapred.JobClient:  map 65% reduce 0%
14/06/11 09:52:53 INFO mapred.JobClient:  map 66% reduce 0%
14/06/11 09:53:03 INFO mapred.JobClient:  map 67% reduce 0%
14/06/11 09:53:13 INFO mapred.JobClient:  map 68% reduce 0%
14/06/11 09:53:23 INFO mapred.JobClient:  map 69% reduce 0%
14/06/11 09:53:33 INFO mapred.JobClient:  map 70% reduce 0%
14/06/11 09:53:45 INFO mapred.JobClient:  map 71% reduce 0%
14/06/11 09:53:55 INFO mapred.JobClient:  map 72% reduce 0%
14/06/11 09:54:03 INFO mapred.JobClient:  map 73% reduce 0%
14/06/11 09:54:12 INFO mapred.JobClient:  map 74% reduce 0%
14/06/11 09:54:23 INFO mapred.JobClient:  map 75% reduce 0%
14/06/11 09:54:32 INFO mapred.JobClient:  map 76% reduce 0%
14/06/11 09:54:43 INFO mapred.JobClient:  map 77% reduce 0%
14/06/11 09:54:54 INFO mapred.JobClient:  map 78% reduce 0%
14/06/11 09:55:04 INFO mapred.JobClient:  map 79% reduce 0%
14/06/11 09:55:16 INFO mapred.JobClient:  map 80% reduce 0%
14/06/11 09:55:29 INFO mapred.JobClient:  map 81% reduce 0%
14/06/11 09:55:41 INFO mapred.JobClient:  map 82% reduce 0%
14/06/11 09:55:53 INFO mapred.JobClient:  map 83% reduce 0%
14/06/11 09:56:04 INFO mapred.JobClient:  map 84% reduce 0%
14/06/11 09:56:14 INFO mapred.JobClient:  map 85% reduce 0%
14/06/11 09:56:27 INFO mapred.JobClient:  map 86% reduce 0%
14/06/11 09:56:36 INFO mapred.JobClient:  map 87% reduce 0%
14/06/11 09:56:49 INFO mapred.JobClient:  map 88% reduce 0%
14/06/11 09:57:00 INFO mapred.JobClient:  map 89% reduce 0%
14/06/11 09:57:09 INFO mapred.JobClient:  map 90% reduce 0%
14/06/11 09:57:21 INFO mapred.JobClient:  map 91% reduce 0%
14/06/11 09:57:33 INFO mapred.JobClient:  map 92% reduce 0%
14/06/11 09:57:47 INFO mapred.JobClient:  map 93% reduce 0%
14/06/11 09:58:01 INFO mapred.JobClient:  map 94% reduce 0%
14/06/11 09:58:15 INFO mapred.JobClient:  map 95% reduce 0%
14/06/11 09:58:33 INFO mapred.JobClient:  map 96% reduce 0%
14/06/11 09:58:52 INFO mapred.JobClient:  map 97% reduce 0%
14/06/11 09:59:13 INFO mapred.JobClient:  map 98% reduce 0%
14/06/11 09:59:41 INFO mapred.JobClient:  map 99% reduce 0%
14/06/11 10:00:14 INFO mapred.JobClient:  map 100% reduce 0%
14/06/11 10:00:17 INFO mapred.JobClient: Job complete: job_201406101251_0004
14/06/11 10:00:17 INFO mapred.JobClient: Counters: 19
14/06/11 10:00:17 INFO mapred.JobClient:   Job Counters 
14/06/11 10:00:17 INFO mapred.JobClient:     SLOTS_MILLIS_MAPS=20150394
14/06/11 10:00:17 INFO mapred.JobClient:     Total time spent by all reduces waiting after reserving slots (ms)=0
14/06/11 10:00:17 INFO mapred.JobClient:     Total time spent by all maps waiting after reserving slots (ms)=0
14/06/11 10:00:17 INFO mapred.JobClient:     Launched map tasks=111
14/06/11 10:00:17 INFO mapred.JobClient:     SLOTS_MILLIS_REDUCES=0
14/06/11 10:00:17 INFO mapred.JobClient:   File Input Format Counters 
14/06/11 10:00:17 INFO mapred.JobClient:     Bytes Read=0
14/06/11 10:00:17 INFO mapred.JobClient:   File Output Format Counters 
14/06/11 10:00:17 INFO mapred.JobClient:     Bytes Written=500000000000
14/06/11 10:00:17 INFO mapred.JobClient:   FileSystemCounters
14/06/11 10:00:17 INFO mapred.JobClient:     HDFS_BYTES_READ=8710
14/06/11 10:00:17 INFO mapred.JobClient:     FILE_BYTES_WRITTEN=5581690
14/06/11 10:00:17 INFO mapred.JobClient:     HDFS_BYTES_WRITTEN=500000000000
14/06/11 10:00:17 INFO mapred.JobClient:   Map-Reduce Framework
14/06/11 10:00:17 INFO mapred.JobClient:     Map input records=5000000000
14/06/11 10:00:17 INFO mapred.JobClient:     Physical memory (bytes) snapshot=7711154176
14/06/11 10:00:17 INFO mapred.JobClient:     Spilled Records=0
14/06/11 10:00:17 INFO mapred.JobClient:     CPU time spent (ms)=5243030
14/06/11 10:00:17 INFO mapred.JobClient:     Total committed heap usage (bytes)=1714724864
14/06/11 10:00:17 INFO mapred.JobClient:     Virtual memory (bytes) snapshot=72677208064
14/06/11 10:00:17 INFO mapred.JobClient:     Map input bytes=5000000000
14/06/11 10:00:17 INFO mapred.JobClient:     Map output records=5000000000
14/06/11 10:00:17 INFO mapred.JobClient:     SPLIT_RAW_BYTES=8710

real	18m30.414s
user	0m4.299s
sys	0m0.323s
