[hadoop@hadoop-master conf]$ time hadoop jar /opt/cesga/hadoop/hadoop-examples-1.2.1.jar teragen -D mapred.map.tasks=40 $((100*1000*1000*10))  /user/hadoop/terasort-input-100
Generating 1000000000 using 40 maps with step of 25000000
14/06/11 09:26:10 INFO mapred.JobClient: Running job: job_201406101251_0003
14/06/11 09:26:11 INFO mapred.JobClient:  map 0% reduce 0%
14/06/11 09:26:25 INFO mapred.JobClient:  map 1% reduce 0%
14/06/11 09:26:26 INFO mapred.JobClient:  map 2% reduce 0%
14/06/11 09:26:27 INFO mapred.JobClient:  map 3% reduce 0%
14/06/11 09:26:28 INFO mapred.JobClient:  map 4% reduce 0%
14/06/11 09:26:29 INFO mapred.JobClient:  map 5% reduce 0%
14/06/11 09:26:30 INFO mapred.JobClient:  map 6% reduce 0%
14/06/11 09:26:31 INFO mapred.JobClient:  map 7% reduce 0%
14/06/11 09:26:32 INFO mapred.JobClient:  map 8% reduce 0%
14/06/11 09:26:33 INFO mapred.JobClient:  map 9% reduce 0%
14/06/11 09:26:35 INFO mapred.JobClient:  map 10% reduce 0%
14/06/11 09:26:37 INFO mapred.JobClient:  map 11% reduce 0%
14/06/11 09:26:38 INFO mapred.JobClient:  map 12% reduce 0%
14/06/11 09:26:41 INFO mapred.JobClient:  map 13% reduce 0%
14/06/11 09:26:43 INFO mapred.JobClient:  map 14% reduce 0%
14/06/11 09:26:45 INFO mapred.JobClient:  map 15% reduce 0%
14/06/11 09:26:47 INFO mapred.JobClient:  map 16% reduce 0%
14/06/11 09:26:49 INFO mapred.JobClient:  map 17% reduce 0%
14/06/11 09:26:51 INFO mapred.JobClient:  map 18% reduce 0%
14/06/11 09:26:53 INFO mapred.JobClient:  map 19% reduce 0%
14/06/11 09:26:55 INFO mapred.JobClient:  map 20% reduce 0%
14/06/11 09:26:58 INFO mapred.JobClient:  map 21% reduce 0%
14/06/11 09:26:59 INFO mapred.JobClient:  map 22% reduce 0%
14/06/11 09:27:01 INFO mapred.JobClient:  map 23% reduce 0%
14/06/11 09:27:03 INFO mapred.JobClient:  map 24% reduce 0%
14/06/11 09:27:05 INFO mapred.JobClient:  map 25% reduce 0%
14/06/11 09:27:08 INFO mapred.JobClient:  map 26% reduce 0%
14/06/11 09:27:10 INFO mapred.JobClient:  map 27% reduce 0%
14/06/11 09:27:13 INFO mapred.JobClient:  map 28% reduce 0%
14/06/11 09:27:14 INFO mapred.JobClient:  map 29% reduce 0%
14/06/11 09:27:17 INFO mapred.JobClient:  map 30% reduce 0%
14/06/11 09:27:19 INFO mapred.JobClient:  map 31% reduce 0%
14/06/11 09:27:22 INFO mapred.JobClient:  map 32% reduce 0%
14/06/11 09:27:23 INFO mapred.JobClient:  map 33% reduce 0%
14/06/11 09:27:25 INFO mapred.JobClient:  map 34% reduce 0%
14/06/11 09:27:28 INFO mapred.JobClient:  map 35% reduce 0%
14/06/11 09:27:30 INFO mapred.JobClient:  map 36% reduce 0%
14/06/11 09:27:32 INFO mapred.JobClient:  map 37% reduce 0%
14/06/11 09:27:34 INFO mapred.JobClient:  map 38% reduce 0%
14/06/11 09:27:36 INFO mapred.JobClient:  map 39% reduce 0%
14/06/11 09:27:38 INFO mapred.JobClient:  map 40% reduce 0%
14/06/11 09:27:41 INFO mapred.JobClient:  map 41% reduce 0%
14/06/11 09:27:43 INFO mapred.JobClient:  map 42% reduce 0%
14/06/11 09:27:46 INFO mapred.JobClient:  map 43% reduce 0%
14/06/11 09:27:47 INFO mapred.JobClient:  map 44% reduce 0%
14/06/11 09:27:50 INFO mapred.JobClient:  map 45% reduce 0%
14/06/11 09:27:52 INFO mapred.JobClient:  map 46% reduce 0%
14/06/11 09:27:54 INFO mapred.JobClient:  map 47% reduce 0%
14/06/11 09:27:56 INFO mapred.JobClient:  map 48% reduce 0%
14/06/11 09:27:58 INFO mapred.JobClient:  map 49% reduce 0%
14/06/11 09:28:01 INFO mapred.JobClient:  map 50% reduce 0%
14/06/11 09:28:02 INFO mapred.JobClient:  map 51% reduce 0%
14/06/11 09:28:04 INFO mapred.JobClient:  map 52% reduce 0%
14/06/11 09:28:07 INFO mapred.JobClient:  map 53% reduce 0%
14/06/11 09:28:10 INFO mapred.JobClient:  map 54% reduce 0%
14/06/11 09:28:12 INFO mapred.JobClient:  map 55% reduce 0%
14/06/11 09:28:15 INFO mapred.JobClient:  map 56% reduce 0%
14/06/11 09:28:17 INFO mapred.JobClient:  map 57% reduce 0%
14/06/11 09:28:20 INFO mapred.JobClient:  map 58% reduce 0%
14/06/11 09:28:22 INFO mapred.JobClient:  map 59% reduce 0%
14/06/11 09:28:25 INFO mapred.JobClient:  map 60% reduce 0%
14/06/11 09:28:28 INFO mapred.JobClient:  map 61% reduce 0%
14/06/11 09:28:31 INFO mapred.JobClient:  map 62% reduce 0%
14/06/11 09:28:32 INFO mapred.JobClient:  map 63% reduce 0%
14/06/11 09:28:34 INFO mapred.JobClient:  map 64% reduce 0%
14/06/11 09:28:36 INFO mapred.JobClient:  map 65% reduce 0%
14/06/11 09:28:37 INFO mapred.JobClient:  map 66% reduce 0%
14/06/11 09:28:39 INFO mapred.JobClient:  map 67% reduce 0%
14/06/11 09:28:42 INFO mapred.JobClient:  map 68% reduce 0%
14/06/11 09:28:43 INFO mapred.JobClient:  map 69% reduce 0%
14/06/11 09:28:46 INFO mapred.JobClient:  map 70% reduce 0%
14/06/11 09:28:48 INFO mapred.JobClient:  map 71% reduce 0%
14/06/11 09:28:49 INFO mapred.JobClient:  map 72% reduce 0%
14/06/11 09:28:52 INFO mapred.JobClient:  map 73% reduce 0%
14/06/11 09:28:54 INFO mapred.JobClient:  map 74% reduce 0%
14/06/11 09:28:56 INFO mapred.JobClient:  map 75% reduce 0%
14/06/11 09:28:58 INFO mapred.JobClient:  map 76% reduce 0%
14/06/11 09:29:00 INFO mapred.JobClient:  map 77% reduce 0%
14/06/11 09:29:02 INFO mapred.JobClient:  map 78% reduce 0%
14/06/11 09:29:04 INFO mapred.JobClient:  map 79% reduce 0%
14/06/11 09:29:06 INFO mapred.JobClient:  map 80% reduce 0%
14/06/11 09:29:08 INFO mapred.JobClient:  map 81% reduce 0%
14/06/11 09:29:11 INFO mapred.JobClient:  map 82% reduce 0%
14/06/11 09:29:13 INFO mapred.JobClient:  map 83% reduce 0%
14/06/11 09:29:15 INFO mapred.JobClient:  map 84% reduce 0%
14/06/11 09:29:18 INFO mapred.JobClient:  map 85% reduce 0%
14/06/11 09:29:22 INFO mapred.JobClient:  map 86% reduce 0%
14/06/11 09:29:25 INFO mapred.JobClient:  map 87% reduce 0%
14/06/11 09:29:28 INFO mapred.JobClient:  map 88% reduce 0%
14/06/11 09:29:31 INFO mapred.JobClient:  map 89% reduce 0%
14/06/11 09:29:35 INFO mapred.JobClient:  map 90% reduce 0%
14/06/11 09:29:38 INFO mapred.JobClient:  map 91% reduce 0%
14/06/11 09:29:43 INFO mapred.JobClient:  map 92% reduce 0%
14/06/11 09:29:47 INFO mapred.JobClient:  map 93% reduce 0%
14/06/11 09:29:50 INFO mapred.JobClient:  map 94% reduce 0%
14/06/11 09:29:55 INFO mapred.JobClient:  map 95% reduce 0%
14/06/11 09:29:59 INFO mapred.JobClient:  map 96% reduce 0%
14/06/11 09:30:02 INFO mapred.JobClient:  map 97% reduce 0%
14/06/11 09:30:10 INFO mapred.JobClient:  map 98% reduce 0%
14/06/11 09:30:19 INFO mapred.JobClient:  map 99% reduce 0%
14/06/11 09:30:35 INFO mapred.JobClient:  map 100% reduce 0%
14/06/11 09:30:37 INFO mapred.JobClient: Job complete: job_201406101251_0003
14/06/11 09:30:37 INFO mapred.JobClient: Counters: 19
14/06/11 09:30:37 INFO mapred.JobClient:   Job Counters 
14/06/11 09:30:37 INFO mapred.JobClient:     SLOTS_MILLIS_MAPS=4029348
14/06/11 09:30:37 INFO mapred.JobClient:     Total time spent by all reduces waiting after reserving slots (ms)=0
14/06/11 09:30:37 INFO mapred.JobClient:     Total time spent by all maps waiting after reserving slots (ms)=0
14/06/11 09:30:37 INFO mapred.JobClient:     Launched map tasks=49
14/06/11 09:30:37 INFO mapred.JobClient:     SLOTS_MILLIS_REDUCES=0
14/06/11 09:30:37 INFO mapred.JobClient:   File Input Format Counters 
14/06/11 09:30:37 INFO mapred.JobClient:     Bytes Read=0
14/06/11 09:30:37 INFO mapred.JobClient:   File Output Format Counters 
14/06/11 09:30:37 INFO mapred.JobClient:     Bytes Written=100000000000
14/06/11 09:30:37 INFO mapred.JobClient:   FileSystemCounters
14/06/11 09:30:37 INFO mapred.JobClient:     HDFS_BYTES_READ=3476
14/06/11 09:30:37 INFO mapred.JobClient:     FILE_BYTES_WRITTEN=2232630
14/06/11 09:30:37 INFO mapred.JobClient:     HDFS_BYTES_WRITTEN=100000000000
14/06/11 09:30:37 INFO mapred.JobClient:   Map-Reduce Framework
14/06/11 09:30:37 INFO mapred.JobClient:     Map input records=1000000000
14/06/11 09:30:37 INFO mapred.JobClient:     Physical memory (bytes) snapshot=3134058496
14/06/11 09:30:37 INFO mapred.JobClient:     Spilled Records=0
14/06/11 09:30:37 INFO mapred.JobClient:     CPU time spent (ms)=1110620
14/06/11 09:30:37 INFO mapred.JobClient:     Total committed heap usage (bytes)=670384128
14/06/11 09:30:37 INFO mapred.JobClient:     Virtual memory (bytes) snapshot=29077295104
14/06/11 09:30:37 INFO mapred.JobClient:     Map input bytes=1000000000
14/06/11 09:30:37 INFO mapred.JobClient:     Map output records=1000000000
14/06/11 09:30:37 INFO mapred.JobClient:     SPLIT_RAW_BYTES=3476

real	4m30.144s
user	0m2.853s
sys	0m0.150s

