[hadoop@hadoop-master conf]$ time hadoop jar /opt/cesga/hadoop/hadoop-examples-1.2.1.jar teragen -D mapred.map.tasks=20 $((100*1000*1000*10))  /user/hadoop/terasort-input-100
Generating 1000000000 using 20 maps with step of 50000000
14/06/10 13:22:40 INFO mapred.JobClient: Running job: job_201406101251_0001
14/06/10 13:22:41 INFO mapred.JobClient:  map 0% reduce 0%
14/06/10 13:22:56 INFO mapred.JobClient:  map 3% reduce 0%
14/06/10 13:22:57 INFO mapred.JobClient:  map 4% reduce 0%
14/06/10 13:22:59 INFO mapred.JobClient:  map 6% reduce 0%
14/06/10 13:23:00 INFO mapred.JobClient:  map 7% reduce 0%
14/06/10 13:23:02 INFO mapred.JobClient:  map 8% reduce 0%
14/06/10 13:23:05 INFO mapred.JobClient:  map 9% reduce 0%
14/06/10 13:23:06 INFO mapred.JobClient:  map 10% reduce 0%
14/06/10 13:23:08 INFO mapred.JobClient:  map 11% reduce 0%
14/06/10 13:23:09 INFO mapred.JobClient:  map 12% reduce 0%
14/06/10 13:23:11 INFO mapred.JobClient:  map 13% reduce 0%
14/06/10 13:23:12 INFO mapred.JobClient:  map 14% reduce 0%
14/06/10 13:23:14 INFO mapred.JobClient:  map 15% reduce 0%
14/06/10 13:23:15 INFO mapred.JobClient:  map 16% reduce 0%
14/06/10 13:23:18 INFO mapred.JobClient:  map 17% reduce 0%
14/06/10 13:23:19 INFO mapred.JobClient:  map 18% reduce 0%
14/06/10 13:23:21 INFO mapred.JobClient:  map 20% reduce 0%
14/06/10 13:23:24 INFO mapred.JobClient:  map 22% reduce 0%
14/06/10 13:23:27 INFO mapred.JobClient:  map 23% reduce 0%
14/06/10 13:23:29 INFO mapred.JobClient:  map 24% reduce 0%
14/06/10 13:23:30 INFO mapred.JobClient:  map 25% reduce 0%
14/06/10 13:23:33 INFO mapred.JobClient:  map 27% reduce 0%
14/06/10 13:23:36 INFO mapred.JobClient:  map 28% reduce 0%
14/06/10 13:23:37 INFO mapred.JobClient:  map 29% reduce 0%
14/06/10 13:23:39 INFO mapred.JobClient:  map 30% reduce 0%
14/06/10 13:23:41 INFO mapred.JobClient:  map 31% reduce 0%
14/06/10 13:23:42 INFO mapred.JobClient:  map 32% reduce 0%
14/06/10 13:23:45 INFO mapred.JobClient:  map 33% reduce 0%
14/06/10 13:23:46 INFO mapred.JobClient:  map 34% reduce 0%
14/06/10 13:23:48 INFO mapred.JobClient:  map 35% reduce 0%
14/06/10 13:23:49 INFO mapred.JobClient:  map 36% reduce 0%
14/06/10 13:23:52 INFO mapred.JobClient:  map 37% reduce 0%
14/06/10 13:23:54 INFO mapred.JobClient:  map 38% reduce 0%
14/06/10 13:23:55 INFO mapred.JobClient:  map 39% reduce 0%
14/06/10 13:23:57 INFO mapred.JobClient:  map 40% reduce 0%
14/06/10 13:23:58 INFO mapred.JobClient:  map 41% reduce 0%
14/06/10 13:24:01 INFO mapred.JobClient:  map 42% reduce 0%
14/06/10 13:24:03 INFO mapred.JobClient:  map 43% reduce 0%
14/06/10 13:24:04 INFO mapred.JobClient:  map 44% reduce 0%
14/06/10 13:24:06 INFO mapred.JobClient:  map 45% reduce 0%
14/06/10 13:24:08 INFO mapred.JobClient:  map 46% reduce 0%
14/06/10 13:24:10 INFO mapred.JobClient:  map 47% reduce 0%
14/06/10 13:24:12 INFO mapred.JobClient:  map 48% reduce 0%
14/06/10 13:24:14 INFO mapred.JobClient:  map 49% reduce 0%
14/06/10 13:24:15 INFO mapred.JobClient:  map 50% reduce 0%
14/06/10 13:24:17 INFO mapred.JobClient:  map 51% reduce 0%
14/06/10 13:24:19 INFO mapred.JobClient:  map 52% reduce 0%
14/06/10 13:24:21 INFO mapred.JobClient:  map 53% reduce 0%
14/06/10 13:24:23 INFO mapred.JobClient:  map 54% reduce 0%
14/06/10 13:24:25 INFO mapred.JobClient:  map 55% reduce 0%
14/06/10 13:24:26 INFO mapred.JobClient:  map 56% reduce 0%
14/06/10 13:24:28 INFO mapred.JobClient:  map 57% reduce 0%
14/06/10 13:24:30 INFO mapred.JobClient:  map 58% reduce 0%
14/06/10 13:24:32 INFO mapred.JobClient:  map 59% reduce 0%
14/06/10 13:24:34 INFO mapred.JobClient:  map 60% reduce 0%
14/06/10 13:24:35 INFO mapred.JobClient:  map 61% reduce 0%
14/06/10 13:24:37 INFO mapred.JobClient:  map 62% reduce 0%
14/06/10 13:24:39 INFO mapred.JobClient:  map 63% reduce 0%
14/06/10 13:24:41 INFO mapred.JobClient:  map 64% reduce 0%
14/06/10 13:24:43 INFO mapred.JobClient:  map 65% reduce 0%
14/06/10 13:24:45 INFO mapred.JobClient:  map 66% reduce 0%
14/06/10 13:24:47 INFO mapred.JobClient:  map 67% reduce 0%
14/06/10 13:24:50 INFO mapred.JobClient:  map 68% reduce 0%
14/06/10 13:24:51 INFO mapred.JobClient:  map 69% reduce 0%
14/06/10 13:24:53 INFO mapred.JobClient:  map 70% reduce 0%
14/06/10 13:24:55 INFO mapred.JobClient:  map 71% reduce 0%
14/06/10 13:24:57 INFO mapred.JobClient:  map 72% reduce 0%
14/06/10 13:24:58 INFO mapred.JobClient:  map 73% reduce 0%
14/06/10 13:25:00 INFO mapred.JobClient:  map 74% reduce 0%
14/06/10 13:25:03 INFO mapred.JobClient:  map 75% reduce 0%
14/06/10 13:25:05 INFO mapred.JobClient:  map 76% reduce 0%
14/06/10 13:25:07 INFO mapred.JobClient:  map 77% reduce 0%
14/06/10 13:25:09 INFO mapred.JobClient:  map 78% reduce 0%
14/06/10 13:25:12 INFO mapred.JobClient:  map 79% reduce 0%
14/06/10 13:25:15 INFO mapred.JobClient:  map 80% reduce 0%
14/06/10 13:25:17 INFO mapred.JobClient:  map 81% reduce 0%
14/06/10 13:25:20 INFO mapred.JobClient:  map 82% reduce 0%
14/06/10 13:25:23 INFO mapred.JobClient:  map 83% reduce 0%
14/06/10 13:25:26 INFO mapred.JobClient:  map 84% reduce 0%
14/06/10 13:25:28 INFO mapred.JobClient:  map 85% reduce 0%
14/06/10 13:25:31 INFO mapred.JobClient:  map 86% reduce 0%
14/06/10 13:25:34 INFO mapred.JobClient:  map 87% reduce 0%
14/06/10 13:25:37 INFO mapred.JobClient:  map 88% reduce 0%
14/06/10 13:25:40 INFO mapred.JobClient:  map 89% reduce 0%
14/06/10 13:25:43 INFO mapred.JobClient:  map 90% reduce 0%
14/06/10 13:25:47 INFO mapred.JobClient:  map 91% reduce 0%
14/06/10 13:25:50 INFO mapred.JobClient:  map 92% reduce 0%
14/06/10 13:25:54 INFO mapred.JobClient:  map 93% reduce 0%
14/06/10 13:25:57 INFO mapred.JobClient:  map 94% reduce 0%
14/06/10 13:26:01 INFO mapred.JobClient:  map 95% reduce 0%
14/06/10 13:26:04 INFO mapred.JobClient:  map 96% reduce 0%
14/06/10 13:26:10 INFO mapred.JobClient:  map 97% reduce 0%
14/06/10 13:26:21 INFO mapred.JobClient:  map 98% reduce 0%
14/06/10 13:26:32 INFO mapred.JobClient:  map 99% reduce 0%
14/06/10 13:26:43 INFO mapred.JobClient:  map 100% reduce 0%
14/06/10 13:26:46 INFO mapred.JobClient: Job complete: job_201406101251_0001
14/06/10 13:26:46 INFO mapred.JobClient: Counters: 19
14/06/10 13:26:46 INFO mapred.JobClient:   Job Counters 
14/06/10 13:26:46 INFO mapred.JobClient:     SLOTS_MILLIS_MAPS=3628082
14/06/10 13:26:46 INFO mapred.JobClient:     Total time spent by all reduces waiting after reserving slots (ms)=0
14/06/10 13:26:46 INFO mapred.JobClient:     Total time spent by all maps waiting after reserving slots (ms)=0
14/06/10 13:26:46 INFO mapred.JobClient:     Launched map tasks=23
14/06/10 13:26:46 INFO mapred.JobClient:     SLOTS_MILLIS_REDUCES=0
14/06/10 13:26:46 INFO mapred.JobClient:   File Input Format Counters 
14/06/10 13:26:46 INFO mapred.JobClient:     Bytes Read=0
14/06/10 13:26:46 INFO mapred.JobClient:   File Output Format Counters 
14/06/10 13:26:46 INFO mapred.JobClient:     Bytes Written=100000000000
14/06/10 13:26:46 INFO mapred.JobClient:   FileSystemCounters
14/06/10 13:26:46 INFO mapred.JobClient:     HDFS_BYTES_READ=1736
14/06/10 13:26:46 INFO mapred.JobClient:     FILE_BYTES_WRITTEN=1116310
14/06/10 13:26:46 INFO mapred.JobClient:     HDFS_BYTES_WRITTEN=100000000000
14/06/10 13:26:46 INFO mapred.JobClient:   Map-Reduce Framework
14/06/10 13:26:46 INFO mapred.JobClient:     Map input records=1000000000
14/06/10 13:26:46 INFO mapred.JobClient:     Physical memory (bytes) snapshot=1582157824
14/06/10 13:26:46 INFO mapred.JobClient:     Spilled Records=0
14/06/10 13:26:46 INFO mapred.JobClient:     CPU time spent (ms)=1087990
14/06/10 13:26:46 INFO mapred.JobClient:     Total committed heap usage (bytes)=343572480
14/06/10 13:26:46 INFO mapred.JobClient:     Virtual memory (bytes) snapshot=14530236416
14/06/10 13:26:46 INFO mapred.JobClient:     Map input bytes=1000000000
14/06/10 13:26:46 INFO mapred.JobClient:     Map output records=1000000000
14/06/10 13:26:46 INFO mapred.JobClient:     SPLIT_RAW_BYTES=1736

real	4m9.789s
user	0m2.718s
sys	0m0.151s

