[hadoop@hadoop-master conf]$ time hadoop jar /opt/cesga/hadoop/hadoop-examples-1.2.1.jar teragen -D mapred.map.tasks=20 $((500*1000*1000*10))  /user/hadoop/terasort-input-500
Generating 5000000000 using 20 maps with step of 250000000
14/06/11 10:08:56 INFO mapred.JobClient: Running job: job_201406101251_0005
14/06/11 10:08:57 INFO mapred.JobClient:  map 0% reduce 0%
14/06/11 10:09:16 INFO mapred.JobClient:  map 1% reduce 0%
14/06/11 10:09:21 INFO mapred.JobClient:  map 2% reduce 0%
14/06/11 10:09:30 INFO mapred.JobClient:  map 3% reduce 0%
14/06/11 10:09:41 INFO mapred.JobClient:  map 4% reduce 0%
14/06/11 10:09:51 INFO mapred.JobClient:  map 5% reduce 0%
14/06/11 10:10:03 INFO mapred.JobClient:  map 6% reduce 0%
14/06/11 10:10:12 INFO mapred.JobClient:  map 7% reduce 0%
14/06/11 10:10:23 INFO mapred.JobClient:  map 8% reduce 0%
14/06/11 10:10:33 INFO mapred.JobClient:  map 9% reduce 0%
14/06/11 10:10:42 INFO mapred.JobClient:  map 10% reduce 0%
14/06/11 10:10:52 INFO mapred.JobClient:  map 11% reduce 0%
14/06/11 10:11:03 INFO mapred.JobClient:  map 12% reduce 0%
14/06/11 10:11:12 INFO mapred.JobClient:  map 13% reduce 0%
14/06/11 10:11:22 INFO mapred.JobClient:  map 14% reduce 0%
14/06/11 10:11:32 INFO mapred.JobClient:  map 15% reduce 0%
14/06/11 10:11:43 INFO mapred.JobClient:  map 16% reduce 0%
14/06/11 10:11:52 INFO mapred.JobClient:  map 17% reduce 0%
14/06/11 10:12:02 INFO mapred.JobClient:  map 18% reduce 0%
14/06/11 10:12:12 INFO mapred.JobClient:  map 19% reduce 0%
14/06/11 10:12:21 INFO mapred.JobClient:  map 20% reduce 0%
14/06/11 10:12:32 INFO mapred.JobClient:  map 21% reduce 0%
14/06/11 10:12:42 INFO mapred.JobClient:  map 22% reduce 0%
14/06/11 10:12:53 INFO mapred.JobClient:  map 23% reduce 0%
14/06/11 10:13:02 INFO mapred.JobClient:  map 24% reduce 0%
14/06/11 10:13:13 INFO mapred.JobClient:  map 25% reduce 0%
14/06/11 10:13:24 INFO mapred.JobClient:  map 26% reduce 0%
14/06/11 10:13:35 INFO mapred.JobClient:  map 27% reduce 0%
14/06/11 10:13:44 INFO mapred.JobClient:  map 28% reduce 0%
14/06/11 10:13:54 INFO mapred.JobClient:  map 29% reduce 0%
14/06/11 10:14:04 INFO mapred.JobClient:  map 30% reduce 0%
14/06/11 10:14:14 INFO mapred.JobClient:  map 31% reduce 0%
14/06/11 10:14:25 INFO mapred.JobClient:  map 32% reduce 0%
14/06/11 10:14:34 INFO mapred.JobClient:  map 33% reduce 0%
14/06/11 10:14:45 INFO mapred.JobClient:  map 34% reduce 0%
14/06/11 10:14:55 INFO mapred.JobClient:  map 35% reduce 0%
14/06/11 10:15:05 INFO mapred.JobClient:  map 36% reduce 0%
14/06/11 10:15:17 INFO mapred.JobClient:  map 37% reduce 0%
14/06/11 10:15:26 INFO mapred.JobClient:  map 38% reduce 0%
14/06/11 10:15:36 INFO mapred.JobClient:  map 39% reduce 0%
14/06/11 10:15:46 INFO mapred.JobClient:  map 40% reduce 0%
14/06/11 10:15:56 INFO mapred.JobClient:  map 41% reduce 0%
14/06/11 10:16:07 INFO mapred.JobClient:  map 42% reduce 0%
14/06/11 10:16:17 INFO mapred.JobClient:  map 43% reduce 0%
14/06/11 10:16:30 INFO mapred.JobClient:  map 44% reduce 0%
14/06/11 10:16:44 INFO mapred.JobClient:  map 45% reduce 0%
14/06/11 10:16:57 INFO mapred.JobClient:  map 46% reduce 0%
14/06/11 10:17:11 INFO mapred.JobClient:  map 47% reduce 0%
14/06/11 10:17:25 INFO mapred.JobClient:  map 48% reduce 0%
14/06/11 10:17:37 INFO mapred.JobClient:  map 49% reduce 0%
14/06/11 10:17:49 INFO mapred.JobClient:  map 50% reduce 0%
14/06/11 10:18:02 INFO mapred.JobClient:  map 51% reduce 0%
14/06/11 10:18:15 INFO mapred.JobClient:  map 52% reduce 0%
14/06/11 10:18:27 INFO mapred.JobClient:  map 53% reduce 0%
14/06/11 10:18:40 INFO mapred.JobClient:  map 54% reduce 0%
14/06/11 10:18:53 INFO mapred.JobClient:  map 55% reduce 0%
14/06/11 10:19:08 INFO mapred.JobClient:  map 56% reduce 0%
14/06/11 10:19:22 INFO mapred.JobClient:  map 57% reduce 0%
14/06/11 10:19:38 INFO mapred.JobClient:  map 58% reduce 0%
14/06/11 10:19:55 INFO mapred.JobClient:  map 59% reduce 0%
14/06/11 10:20:14 INFO mapred.JobClient:  map 60% reduce 0%
14/06/11 10:20:31 INFO mapred.JobClient:  map 61% reduce 0%
14/06/11 10:20:47 INFO mapred.JobClient:  map 62% reduce 0%
14/06/11 10:21:04 INFO mapred.JobClient:  map 63% reduce 0%
14/06/11 10:21:23 INFO mapred.JobClient:  map 64% reduce 0%
14/06/11 10:21:39 INFO mapred.JobClient:  map 65% reduce 0%
14/06/11 10:21:57 INFO mapred.JobClient:  map 66% reduce 0%
14/06/11 10:22:16 INFO mapred.JobClient:  map 67% reduce 0%
14/06/11 10:22:35 INFO mapred.JobClient:  map 68% reduce 0%
14/06/11 10:22:55 INFO mapred.JobClient:  map 69% reduce 0%
14/06/11 10:23:17 INFO mapred.JobClient:  map 70% reduce 0%
14/06/11 10:23:41 INFO mapred.JobClient:  map 71% reduce 0%
14/06/11 10:24:05 INFO mapred.JobClient:  map 72% reduce 0%
14/06/11 10:24:30 INFO mapred.JobClient:  map 73% reduce 0%
14/06/11 10:24:54 INFO mapred.JobClient:  map 74% reduce 0%
14/06/11 10:25:20 INFO mapred.JobClient:  map 75% reduce 0%
14/06/11 10:25:47 INFO mapred.JobClient:  map 76% reduce 0%
14/06/11 10:26:15 INFO mapred.JobClient:  map 77% reduce 0%
14/06/11 10:26:44 INFO mapred.JobClient:  map 78% reduce 0%
14/06/11 10:27:12 INFO mapred.JobClient:  map 79% reduce 0%
14/06/11 10:27:35 INFO mapred.JobClient:  map 80% reduce 0%
14/06/11 10:27:54 INFO mapred.JobClient:  map 81% reduce 0%
14/06/11 10:28:13 INFO mapred.JobClient:  map 82% reduce 0%
14/06/11 10:28:34 INFO mapred.JobClient:  map 83% reduce 0%
14/06/11 10:28:52 INFO mapred.JobClient:  map 84% reduce 0%
14/06/11 10:29:08 INFO mapred.JobClient:  map 85% reduce 0%
14/06/11 10:29:25 INFO mapred.JobClient:  map 86% reduce 0%
14/06/11 10:29:39 INFO mapred.JobClient:  map 87% reduce 0%
14/06/11 10:29:57 INFO mapred.JobClient:  map 88% reduce 0%
14/06/11 10:30:12 INFO mapred.JobClient:  map 89% reduce 0%
14/06/11 10:30:28 INFO mapred.JobClient:  map 90% reduce 0%
14/06/11 10:30:48 INFO mapred.JobClient:  map 91% reduce 0%
14/06/11 10:31:12 INFO mapred.JobClient:  map 92% reduce 0%
14/06/11 10:31:47 INFO mapred.JobClient:  map 93% reduce 0%
14/06/11 10:32:24 INFO mapred.JobClient:  map 94% reduce 0%
14/06/11 10:33:17 INFO mapred.JobClient:  map 95% reduce 0%
14/06/11 10:33:55 INFO mapred.JobClient:  map 96% reduce 0%
14/06/11 10:34:35 INFO mapred.JobClient:  map 97% reduce 0%
14/06/11 10:35:12 INFO mapred.JobClient:  map 98% reduce 0%
14/06/11 10:35:45 INFO mapred.JobClient:  map 99% reduce 0%
14/06/11 10:36:27 INFO mapred.JobClient:  map 100% reduce 0%
14/06/11 10:36:40 INFO mapred.JobClient: Job complete: job_201406101251_0005
14/06/11 10:36:40 INFO mapred.JobClient: Counters: 19
14/06/11 10:36:40 INFO mapred.JobClient:   Job Counters 
14/06/11 10:36:40 INFO mapred.JobClient:     SLOTS_MILLIS_MAPS=21241532
14/06/11 10:36:40 INFO mapred.JobClient:     Total time spent by all reduces waiting after reserving slots (ms)=0
14/06/11 10:36:40 INFO mapred.JobClient:     Total time spent by all maps waiting after reserving slots (ms)=0
14/06/11 10:36:40 INFO mapred.JobClient:     Launched map tasks=26
14/06/11 10:36:40 INFO mapred.JobClient:     SLOTS_MILLIS_REDUCES=0
14/06/11 10:36:40 INFO mapred.JobClient:   File Input Format Counters 
14/06/11 10:36:40 INFO mapred.JobClient:     Bytes Read=0
14/06/11 10:36:40 INFO mapred.JobClient:   File Output Format Counters 
14/06/11 10:36:40 INFO mapred.JobClient:     Bytes Written=500000000000
14/06/11 10:36:40 INFO mapred.JobClient:   FileSystemCounters
14/06/11 10:36:40 INFO mapred.JobClient:     HDFS_BYTES_READ=1738
14/06/11 10:36:40 INFO mapred.JobClient:     FILE_BYTES_WRITTEN=1116310
14/06/11 10:36:40 INFO mapred.JobClient:     HDFS_BYTES_WRITTEN=500000000000
14/06/11 10:36:40 INFO mapred.JobClient:   Map-Reduce Framework
14/06/11 10:36:40 INFO mapred.JobClient:     Map input records=5000000000
14/06/11 10:36:40 INFO mapred.JobClient:     Physical memory (bytes) snapshot=1534124032
14/06/11 10:36:40 INFO mapred.JobClient:     Spilled Records=0
14/06/11 10:36:40 INFO mapred.JobClient:     CPU time spent (ms)=4818430
14/06/11 10:36:40 INFO mapred.JobClient:     Total committed heap usage (bytes)=345174016
14/06/11 10:36:40 INFO mapred.JobClient:     Virtual memory (bytes) snapshot=14532694016
14/06/11 10:36:40 INFO mapred.JobClient:     Map input bytes=5000000000
14/06/11 10:36:40 INFO mapred.JobClient:     Map output records=5000000000
14/06/11 10:36:40 INFO mapred.JobClient:     SPLIT_RAW_BYTES=1738

real	27m46.524s
user	0m5.266s
sys	0m0.438s

