14/06/14 08:35:36 INFO terasort.TeraSort: starting
14/06/14 08:35:37 INFO mapred.FileInputFormat: Total input paths to process : 100
14/06/14 08:35:37 WARN snappy.LoadSnappy: Snappy native library is available
14/06/14 08:35:37 INFO util.NativeCodeLoader: Loaded the native-hadoop library
14/06/14 08:35:37 INFO snappy.LoadSnappy: Snappy native library loaded
14/06/14 08:35:39 INFO zlib.ZlibFactory: Successfully loaded & initialized native-zlib library
14/06/14 08:35:39 INFO compress.CodecPool: Got brand-new compressor
Making 100 from 100000 records
Step size is 1000.0
14/06/14 08:35:41 INFO mapred.FileInputFormat: Total input paths to process : 100
14/06/14 08:35:45 INFO mapred.JobClient: Running job: job_201406131535_0016
14/06/14 08:35:46 INFO mapred.JobClient:  map 0% reduce 0%
14/06/14 08:36:01 INFO mapred.JobClient:  map 1% reduce 0%
14/06/14 08:36:02 INFO mapred.JobClient:  map 2% reduce 0%
14/06/14 08:36:06 INFO mapred.JobClient:  map 3% reduce 0%
14/06/14 08:36:12 INFO mapred.JobClient:  map 4% reduce 0%
14/06/14 08:36:18 INFO mapred.JobClient:  map 5% reduce 0%
14/06/14 08:36:22 INFO mapred.JobClient:  map 6% reduce 0%
14/06/14 08:36:29 INFO mapred.JobClient:  map 7% reduce 0%
14/06/14 08:36:33 INFO mapred.JobClient:  map 8% reduce 0%
14/06/14 08:36:40 INFO mapred.JobClient:  map 9% reduce 0%
14/06/14 08:36:49 INFO mapred.JobClient:  map 10% reduce 0%
14/06/14 08:36:58 INFO mapred.JobClient:  map 11% reduce 0%
14/06/14 08:37:03 INFO mapred.JobClient:  map 12% reduce 0%
14/06/14 08:37:09 INFO mapred.JobClient:  map 13% reduce 0%
14/06/14 08:37:10 INFO mapred.JobClient:  map 13% reduce 1%
14/06/14 08:37:15 INFO mapred.JobClient:  map 14% reduce 1%
14/06/14 08:37:23 INFO mapred.JobClient:  map 15% reduce 1%
14/06/14 08:37:30 INFO mapred.JobClient:  map 16% reduce 1%
14/06/14 08:37:37 INFO mapred.JobClient:  map 17% reduce 1%
14/06/14 08:37:43 INFO mapred.JobClient:  map 18% reduce 1%
14/06/14 08:37:48 INFO mapred.JobClient:  map 18% reduce 2%
14/06/14 08:37:50 INFO mapred.JobClient:  map 19% reduce 2%
14/06/14 08:37:57 INFO mapred.JobClient:  map 20% reduce 2%
14/06/14 08:38:04 INFO mapred.JobClient:  map 21% reduce 2%
14/06/14 08:38:12 INFO mapred.JobClient:  map 22% reduce 2%
14/06/14 08:38:18 INFO mapred.JobClient:  map 23% reduce 2%
14/06/14 08:38:23 INFO mapred.JobClient:  map 24% reduce 2%
14/06/14 08:38:28 INFO mapred.JobClient:  map 25% reduce 2%
14/06/14 08:38:32 INFO mapred.JobClient:  map 25% reduce 3%
14/06/14 08:38:33 INFO mapred.JobClient:  map 26% reduce 3%
14/06/14 08:38:37 INFO mapred.JobClient:  map 27% reduce 3%
14/06/14 08:38:45 INFO mapred.JobClient:  map 28% reduce 3%
14/06/14 08:38:51 INFO mapred.JobClient:  map 29% reduce 3%
14/06/14 08:38:57 INFO mapred.JobClient:  map 30% reduce 3%
14/06/14 08:39:02 INFO mapred.JobClient:  map 31% reduce 3%
14/06/14 08:39:09 INFO mapred.JobClient:  map 32% reduce 3%
14/06/14 08:39:16 INFO mapred.JobClient:  map 33% reduce 3%
14/06/14 08:39:17 INFO mapred.JobClient:  map 33% reduce 4%
14/06/14 08:39:22 INFO mapred.JobClient:  map 34% reduce 4%
14/06/14 08:39:27 INFO mapred.JobClient:  map 35% reduce 4%
14/06/14 08:39:31 INFO mapred.JobClient:  map 36% reduce 4%
14/06/14 08:39:37 INFO mapred.JobClient:  map 37% reduce 4%
14/06/14 08:39:45 INFO mapred.JobClient:  map 38% reduce 4%
14/06/14 08:39:50 INFO mapred.JobClient:  map 39% reduce 4%
14/06/14 08:39:58 INFO mapred.JobClient:  map 40% reduce 4%
14/06/14 08:40:05 INFO mapred.JobClient:  map 41% reduce 5%
14/06/14 08:40:12 INFO mapred.JobClient:  map 42% reduce 5%
14/06/14 08:40:17 INFO mapred.JobClient:  map 43% reduce 5%
14/06/14 08:40:24 INFO mapred.JobClient:  map 44% reduce 5%
14/06/14 08:40:28 INFO mapred.JobClient:  map 45% reduce 5%
14/06/14 08:40:34 INFO mapred.JobClient:  map 46% reduce 5%
14/06/14 08:40:41 INFO mapred.JobClient:  map 47% reduce 5%
14/06/14 08:40:47 INFO mapred.JobClient:  map 48% reduce 5%
14/06/14 08:40:50 INFO mapred.JobClient:  map 48% reduce 6%
14/06/14 08:40:53 INFO mapred.JobClient:  map 49% reduce 6%
14/06/14 08:41:00 INFO mapred.JobClient:  map 50% reduce 6%
14/06/14 08:41:05 INFO mapred.JobClient:  map 51% reduce 6%
14/06/14 08:41:10 INFO mapred.JobClient:  map 52% reduce 6%
14/06/14 08:41:17 INFO mapred.JobClient:  map 53% reduce 6%
14/06/14 08:41:22 INFO mapred.JobClient:  map 54% reduce 6%
14/06/14 08:41:29 INFO mapred.JobClient:  map 55% reduce 6%
14/06/14 08:41:34 INFO mapred.JobClient:  map 56% reduce 7%
14/06/14 08:41:38 INFO mapred.JobClient:  map 57% reduce 7%
14/06/14 08:41:46 INFO mapred.JobClient:  map 58% reduce 7%
14/06/14 08:41:51 INFO mapred.JobClient:  map 59% reduce 7%
14/06/14 08:41:58 INFO mapred.JobClient:  map 60% reduce 7%
14/06/14 08:42:04 INFO mapred.JobClient:  map 61% reduce 7%
14/06/14 08:42:11 INFO mapred.JobClient:  map 62% reduce 7%
14/06/14 08:42:16 INFO mapred.JobClient:  map 62% reduce 8%
14/06/14 08:42:17 INFO mapred.JobClient:  map 63% reduce 8%
14/06/14 08:42:20 INFO mapred.JobClient:  map 64% reduce 8%
14/06/14 08:42:25 INFO mapred.JobClient:  map 65% reduce 8%
14/06/14 08:42:32 INFO mapred.JobClient:  map 66% reduce 8%
14/06/14 08:42:38 INFO mapred.JobClient:  map 67% reduce 8%
14/06/14 08:42:42 INFO mapred.JobClient:  map 68% reduce 8%
14/06/14 08:42:50 INFO mapred.JobClient:  map 69% reduce 8%
14/06/14 08:42:55 INFO mapred.JobClient:  map 70% reduce 8%
14/06/14 08:43:01 INFO mapred.JobClient:  map 71% reduce 8%
14/06/14 08:43:03 INFO mapred.JobClient:  map 71% reduce 9%
14/06/14 08:43:08 INFO mapred.JobClient:  map 72% reduce 9%
14/06/14 08:43:15 INFO mapred.JobClient:  map 73% reduce 9%
14/06/14 08:43:19 INFO mapred.JobClient:  map 74% reduce 9%
14/06/14 08:43:24 INFO mapred.JobClient:  map 75% reduce 9%
14/06/14 08:43:30 INFO mapred.JobClient:  map 76% reduce 9%
14/06/14 08:43:37 INFO mapred.JobClient:  map 77% reduce 9%
14/06/14 08:43:42 INFO mapred.JobClient:  map 78% reduce 9%
14/06/14 08:43:46 INFO mapred.JobClient:  map 78% reduce 10%
14/06/14 08:43:47 INFO mapred.JobClient:  map 79% reduce 10%
14/06/14 08:43:54 INFO mapred.JobClient:  map 80% reduce 10%
14/06/14 08:44:02 INFO mapred.JobClient:  map 81% reduce 10%
14/06/14 08:44:06 INFO mapred.JobClient:  map 82% reduce 10%
14/06/14 08:44:12 INFO mapred.JobClient:  map 83% reduce 10%
14/06/14 08:44:16 INFO mapred.JobClient:  map 84% reduce 10%
14/06/14 08:44:20 INFO mapred.JobClient:  map 85% reduce 10%
14/06/14 08:44:25 INFO mapred.JobClient:  map 85% reduce 11%
14/06/14 08:44:26 INFO mapred.JobClient:  map 86% reduce 11%
14/06/14 08:44:30 INFO mapred.JobClient:  map 87% reduce 11%
14/06/14 08:44:34 INFO mapred.JobClient:  map 88% reduce 11%
14/06/14 08:44:39 INFO mapred.JobClient:  map 89% reduce 11%
14/06/14 08:44:44 INFO mapred.JobClient:  map 90% reduce 11%
14/06/14 08:44:49 INFO mapred.JobClient:  map 91% reduce 11%
14/06/14 08:44:53 INFO mapred.JobClient:  map 92% reduce 11%
14/06/14 08:44:56 INFO mapred.JobClient:  map 93% reduce 12%
14/06/14 08:45:00 INFO mapred.JobClient:  map 94% reduce 12%
14/06/14 08:45:03 INFO mapred.JobClient:  map 95% reduce 12%
14/06/14 08:45:07 INFO mapred.JobClient:  map 96% reduce 12%
14/06/14 08:45:11 INFO mapred.JobClient:  map 97% reduce 12%
14/06/14 08:45:13 INFO mapred.JobClient:  map 98% reduce 12%
14/06/14 08:45:20 INFO mapred.JobClient:  map 99% reduce 12%
14/06/14 08:45:27 INFO mapred.JobClient:  map 99% reduce 13%
14/06/14 08:46:21 INFO mapred.JobClient:  map 100% reduce 13%
14/06/14 08:46:26 INFO mapred.JobClient:  map 100% reduce 14%
14/06/14 08:46:28 INFO mapred.JobClient:  map 100% reduce 17%
14/06/14 08:46:29 INFO mapred.JobClient:  map 100% reduce 20%
14/06/14 08:46:30 INFO mapred.JobClient:  map 100% reduce 21%
14/06/14 08:46:31 INFO mapred.JobClient:  map 100% reduce 24%
14/06/14 08:46:33 INFO mapred.JobClient:  map 100% reduce 25%
14/06/14 08:46:37 INFO mapred.JobClient:  map 100% reduce 26%
14/06/14 08:46:44 INFO mapred.JobClient:  map 100% reduce 27%
14/06/14 08:46:50 INFO mapred.JobClient:  map 100% reduce 28%
14/06/14 08:46:57 INFO mapred.JobClient:  map 100% reduce 29%
14/06/14 08:47:02 INFO mapred.JobClient:  map 100% reduce 30%
14/06/14 08:47:07 INFO mapred.JobClient:  map 100% reduce 31%
14/06/14 08:47:10 INFO mapred.JobClient:  map 100% reduce 32%
14/06/14 08:47:15 INFO mapred.JobClient:  map 100% reduce 33%
14/06/14 08:47:22 INFO mapred.JobClient:  map 100% reduce 34%
14/06/14 08:47:31 INFO mapred.JobClient:  map 100% reduce 35%
14/06/14 08:47:45 INFO mapred.JobClient:  map 100% reduce 36%
14/06/14 08:47:59 INFO mapred.JobClient:  map 100% reduce 37%
14/06/14 08:48:18 INFO mapred.JobClient:  map 100% reduce 38%
14/06/14 08:48:37 INFO mapred.JobClient:  map 100% reduce 39%
14/06/14 08:48:55 INFO mapred.JobClient:  map 100% reduce 40%
14/06/14 08:49:14 INFO mapred.JobClient:  map 100% reduce 41%
14/06/14 08:49:33 INFO mapred.JobClient:  map 100% reduce 42%
14/06/14 08:49:46 INFO mapred.JobClient:  map 100% reduce 43%
14/06/14 08:50:03 INFO mapred.JobClient:  map 100% reduce 44%
14/06/14 08:50:22 INFO mapred.JobClient:  map 100% reduce 45%
14/06/14 08:50:39 INFO mapred.JobClient:  map 100% reduce 46%
14/06/14 08:50:57 INFO mapred.JobClient:  map 100% reduce 47%
14/06/14 08:51:11 INFO mapred.JobClient:  map 100% reduce 48%
14/06/14 08:51:18 INFO mapred.JobClient:  map 100% reduce 49%
14/06/14 08:51:20 INFO mapred.JobClient:  map 100% reduce 50%
14/06/14 08:51:22 INFO mapred.JobClient:  map 100% reduce 51%
14/06/14 08:51:24 INFO mapred.JobClient:  map 100% reduce 53%
14/06/14 08:51:32 INFO mapred.JobClient:  map 100% reduce 54%
14/06/14 08:51:41 INFO mapred.JobClient:  map 100% reduce 55%
14/06/14 08:51:46 INFO mapred.JobClient:  map 100% reduce 56%
14/06/14 08:51:55 INFO mapred.JobClient:  map 100% reduce 57%
14/06/14 08:52:01 INFO mapred.JobClient:  map 100% reduce 58%
14/06/14 08:52:15 INFO mapred.JobClient:  map 100% reduce 59%
14/06/14 08:52:24 INFO mapred.JobClient:  map 100% reduce 60%
14/06/14 08:52:30 INFO mapred.JobClient:  map 100% reduce 61%
14/06/14 08:52:39 INFO mapred.JobClient:  map 100% reduce 62%
14/06/14 08:52:49 INFO mapred.JobClient:  map 100% reduce 63%
14/06/14 08:53:02 INFO mapred.JobClient:  map 100% reduce 64%
14/06/14 08:53:17 INFO mapred.JobClient:  map 100% reduce 65%
14/06/14 08:53:37 INFO mapred.JobClient:  map 100% reduce 66%
14/06/14 08:53:55 INFO mapred.JobClient:  map 100% reduce 67%
14/06/14 08:54:12 INFO mapred.JobClient:  map 100% reduce 68%
14/06/14 08:54:29 INFO mapred.JobClient:  map 100% reduce 69%
14/06/14 08:54:39 INFO mapred.JobClient:  map 100% reduce 70%
14/06/14 08:54:51 INFO mapred.JobClient:  map 100% reduce 71%
14/06/14 08:55:05 INFO mapred.JobClient:  map 100% reduce 72%
14/06/14 08:55:08 INFO mapred.JobClient:  map 100% reduce 73%
14/06/14 08:55:10 INFO mapred.JobClient:  map 100% reduce 74%
14/06/14 08:55:17 INFO mapred.JobClient:  map 100% reduce 75%
14/06/14 08:55:26 INFO mapred.JobClient:  map 100% reduce 76%
14/06/14 08:55:34 INFO mapred.JobClient:  map 100% reduce 77%
14/06/14 08:55:49 INFO mapred.JobClient:  map 100% reduce 78%
14/06/14 08:55:58 INFO mapred.JobClient:  map 100% reduce 79%
14/06/14 08:56:02 INFO mapred.JobClient:  map 100% reduce 80%
14/06/14 08:56:05 INFO mapred.JobClient:  map 100% reduce 81%
14/06/14 08:56:09 INFO mapred.JobClient:  map 100% reduce 82%
14/06/14 08:56:15 INFO mapred.JobClient:  map 100% reduce 83%
14/06/14 08:56:18 INFO mapred.JobClient:  map 100% reduce 84%
14/06/14 08:56:21 INFO mapred.JobClient:  map 100% reduce 85%
14/06/14 08:56:25 INFO mapred.JobClient:  map 100% reduce 86%
14/06/14 08:56:31 INFO mapred.JobClient:  map 100% reduce 87%
14/06/14 08:56:41 INFO mapred.JobClient:  map 100% reduce 88%
14/06/14 08:56:51 INFO mapred.JobClient:  map 100% reduce 89%
14/06/14 08:56:58 INFO mapred.JobClient:  map 100% reduce 90%
14/06/14 08:57:05 INFO mapred.JobClient:  map 100% reduce 91%
14/06/14 08:57:14 INFO mapred.JobClient:  map 100% reduce 92%
14/06/14 08:57:24 INFO mapred.JobClient:  map 100% reduce 93%
14/06/14 08:57:38 INFO mapred.JobClient:  map 100% reduce 94%
14/06/14 08:57:53 INFO mapred.JobClient:  map 100% reduce 95%
14/06/14 08:58:05 INFO mapred.JobClient:  map 100% reduce 96%
14/06/14 08:58:33 INFO mapred.JobClient:  map 100% reduce 97%
14/06/14 08:59:29 INFO mapred.JobClient:  map 100% reduce 98%
14/06/14 08:59:46 INFO mapred.JobClient:  map 100% reduce 99%
14/06/14 09:00:32 INFO mapred.JobClient:  map 100% reduce 100%
14/06/14 09:00:35 INFO mapred.JobClient: Job complete: job_201406131535_0016
14/06/14 09:00:35 INFO mapred.JobClient: Counters: 31
14/06/14 09:00:35 INFO mapred.JobClient:   Job Counters 
14/06/14 09:00:35 INFO mapred.JobClient:     Launched reduce tasks=113
14/06/14 09:00:35 INFO mapred.JobClient:     SLOTS_MILLIS_MAPS=22693956
14/06/14 09:00:35 INFO mapred.JobClient:     Total time spent by all reduces waiting after reserving slots (ms)=0
14/06/14 09:00:35 INFO mapred.JobClient:     Total time spent by all maps waiting after reserving slots (ms)=0
14/06/14 09:00:35 INFO mapred.JobClient:     Rack-local map tasks=24
14/06/14 09:00:35 INFO mapred.JobClient:     Launched map tasks=820
14/06/14 09:00:35 INFO mapred.JobClient:     Data-local map tasks=796
14/06/14 09:00:35 INFO mapred.JobClient:     SLOTS_MILLIS_REDUCES=51148044
14/06/14 09:00:35 INFO mapred.JobClient:   File Input Format Counters 
14/06/14 09:00:35 INFO mapred.JobClient:     Bytes Read=100091750400
14/06/14 09:00:35 INFO mapred.JobClient:   File Output Format Counters 
14/06/14 09:00:35 INFO mapred.JobClient:     Bytes Written=100000000000
14/06/14 09:00:35 INFO mapred.JobClient:   FileSystemCounters
14/06/14 09:00:35 INFO mapred.JobClient:     FILE_BYTES_READ=243050611658
14/06/14 09:00:35 INFO mapred.JobClient:     HDFS_BYTES_READ=100091847200
14/06/14 09:00:35 INFO mapred.JobClient:     FILE_BYTES_WRITTEN=306943519112
14/06/14 09:00:35 INFO mapred.JobClient:     HDFS_BYTES_WRITTEN=100000000000
14/06/14 09:00:35 INFO mapred.JobClient:   Map-Reduce Framework
14/06/14 09:00:35 INFO mapred.JobClient:     Map output materialized bytes=102000480000
14/06/14 09:00:35 INFO mapred.JobClient:     Map input records=1000000000
14/06/14 09:00:35 INFO mapred.JobClient:     Reduce shuffle bytes=102000480000
14/06/14 09:00:35 INFO mapred.JobClient:     Spilled Records=3008691790
14/06/14 09:00:35 INFO mapred.JobClient:     Map output bytes=100000000000
14/06/14 09:00:35 INFO mapred.JobClient:     Total committed heap usage (bytes)=131892576256
14/06/14 09:00:35 INFO mapred.JobClient:     CPU time spent (ms)=10696580
14/06/14 09:00:35 INFO mapred.JobClient:     Map input bytes=100000000000
14/06/14 09:00:35 INFO mapred.JobClient:     SPLIT_RAW_BYTES=96800
14/06/14 09:00:35 INFO mapred.JobClient:     Combine input records=0
14/06/14 09:00:35 INFO mapred.JobClient:     Reduce input records=1000000000
14/06/14 09:00:35 INFO mapred.JobClient:     Reduce input groups=1000000000
14/06/14 09:00:35 INFO mapred.JobClient:     Combine output records=0
14/06/14 09:00:35 INFO mapred.JobClient:     Physical memory (bytes) snapshot=180713295872
14/06/14 09:00:35 INFO mapred.JobClient:     Reduce output records=1000000000
14/06/14 09:00:35 INFO mapred.JobClient:     Virtual memory (bytes) snapshot=661435236352
14/06/14 09:00:35 INFO mapred.JobClient:     Map output records=1000000000
14/06/14 09:00:35 INFO terasort.TeraSort: done

real	24m59.879s
user	0m6.671s
sys	0m0.815s
