Generating 2000000000 using 100 maps with step of 20000000
14/06/14 18:24:34 INFO mapred.JobClient: Running job: job_201406131535_0021
14/06/14 18:24:35 INFO mapred.JobClient:  map 0% reduce 0%
14/06/14 18:25:00 INFO mapred.JobClient:  map 1% reduce 0%
14/06/14 18:25:34 INFO mapred.JobClient:  map 2% reduce 0%
14/06/14 18:26:10 INFO mapred.JobClient:  map 3% reduce 0%
14/06/14 18:26:37 INFO mapred.JobClient:  map 4% reduce 0%
14/06/14 18:27:03 INFO mapred.JobClient:  map 5% reduce 0%
14/06/14 18:27:37 INFO mapred.JobClient:  map 6% reduce 0%
14/06/14 18:28:02 INFO mapred.JobClient:  map 7% reduce 0%
14/06/14 18:28:35 INFO mapred.JobClient:  map 8% reduce 0%
14/06/14 18:29:06 INFO mapred.JobClient:  map 9% reduce 0%
14/06/14 18:29:33 INFO mapred.JobClient:  map 10% reduce 0%
14/06/14 18:30:03 INFO mapred.JobClient:  map 11% reduce 0%
14/06/14 18:30:37 INFO mapred.JobClient:  map 12% reduce 0%
14/06/14 18:31:03 INFO mapred.JobClient:  map 13% reduce 0%
14/06/14 18:31:37 INFO mapred.JobClient:  map 14% reduce 0%
14/06/14 18:32:10 INFO mapred.JobClient:  map 15% reduce 0%
14/06/14 18:32:41 INFO mapred.JobClient:  map 16% reduce 0%
14/06/14 18:33:19 INFO mapred.JobClient:  map 17% reduce 0%
14/06/14 18:33:53 INFO mapred.JobClient:  map 18% reduce 0%
14/06/14 18:34:24 INFO mapred.JobClient:  map 19% reduce 0%
14/06/14 18:34:56 INFO mapred.JobClient:  map 20% reduce 0%
14/06/14 18:35:32 INFO mapred.JobClient:  map 21% reduce 0%
14/06/14 18:36:07 INFO mapred.JobClient:  map 22% reduce 0%
14/06/14 18:36:40 INFO mapred.JobClient:  map 23% reduce 0%
14/06/14 18:37:06 INFO mapred.JobClient:  map 24% reduce 0%
14/06/14 18:37:41 INFO mapred.JobClient:  map 25% reduce 0%
14/06/14 18:38:21 INFO mapred.JobClient:  map 26% reduce 0%
14/06/14 18:38:51 INFO mapred.JobClient:  map 27% reduce 0%
14/06/14 18:39:20 INFO mapred.JobClient:  map 28% reduce 0%
14/06/14 18:39:49 INFO mapred.JobClient:  map 29% reduce 0%
14/06/14 18:40:18 INFO mapred.JobClient:  map 30% reduce 0%
14/06/14 18:40:49 INFO mapred.JobClient:  map 31% reduce 0%
14/06/14 18:41:27 INFO mapred.JobClient:  map 32% reduce 0%
14/06/14 18:42:04 INFO mapred.JobClient:  map 33% reduce 0%
14/06/14 18:42:33 INFO mapred.JobClient:  map 34% reduce 0%
14/06/14 18:43:06 INFO mapred.JobClient:  map 35% reduce 0%
14/06/14 18:43:36 INFO mapred.JobClient:  map 36% reduce 0%
14/06/14 18:44:12 INFO mapred.JobClient:  map 37% reduce 0%
14/06/14 18:44:43 INFO mapred.JobClient:  map 38% reduce 0%
14/06/14 18:45:13 INFO mapred.JobClient:  map 39% reduce 0%
14/06/14 18:45:46 INFO mapred.JobClient:  map 40% reduce 0%
14/06/14 18:46:15 INFO mapred.JobClient:  map 41% reduce 0%
14/06/14 18:46:49 INFO mapred.JobClient:  map 42% reduce 0%
14/06/14 18:47:29 INFO mapred.JobClient:  map 43% reduce 0%
14/06/14 18:48:05 INFO mapred.JobClient:  map 44% reduce 0%
14/06/14 18:48:39 INFO mapred.JobClient:  map 45% reduce 0%
14/06/14 18:49:15 INFO mapred.JobClient:  map 46% reduce 0%
14/06/14 18:49:50 INFO mapred.JobClient:  map 47% reduce 0%
14/06/14 18:50:28 INFO mapred.JobClient:  map 48% reduce 0%
14/06/14 18:50:58 INFO mapred.JobClient:  map 49% reduce 0%
14/06/14 18:51:33 INFO mapred.JobClient:  map 50% reduce 0%
14/06/14 18:52:05 INFO mapred.JobClient:  map 51% reduce 0%
14/06/14 18:52:38 INFO mapred.JobClient:  map 52% reduce 0%
14/06/14 18:53:13 INFO mapred.JobClient:  map 53% reduce 0%
14/06/14 18:53:48 INFO mapred.JobClient:  map 54% reduce 0%
14/06/14 18:54:14 INFO mapred.JobClient:  map 55% reduce 0%
14/06/14 18:54:51 INFO mapred.JobClient:  map 56% reduce 0%
14/06/14 18:55:26 INFO mapred.JobClient:  map 57% reduce 0%
14/06/14 18:56:04 INFO mapred.JobClient:  map 58% reduce 0%
14/06/14 18:56:34 INFO mapred.JobClient:  map 59% reduce 0%
14/06/14 18:56:55 INFO mapred.JobClient:  map 60% reduce 0%
14/06/14 18:57:27 INFO mapred.JobClient:  map 61% reduce 0%
14/06/14 18:58:02 INFO mapred.JobClient:  map 62% reduce 0%
14/06/14 18:58:42 INFO mapred.JobClient:  map 63% reduce 0%
14/06/14 18:59:17 INFO mapred.JobClient:  map 64% reduce 0%
14/06/14 18:59:51 INFO mapred.JobClient:  map 65% reduce 0%
14/06/14 19:00:26 INFO mapred.JobClient:  map 66% reduce 0%
14/06/14 19:01:03 INFO mapred.JobClient:  map 67% reduce 0%
14/06/14 19:01:42 INFO mapred.JobClient:  map 68% reduce 0%
14/06/14 19:02:19 INFO mapred.JobClient:  map 69% reduce 0%
14/06/14 19:02:45 INFO mapred.JobClient:  map 70% reduce 0%
14/06/14 19:03:12 INFO mapred.JobClient:  map 71% reduce 0%
14/06/14 19:03:43 INFO mapred.JobClient:  map 72% reduce 0%
14/06/14 19:04:08 INFO mapred.JobClient:  map 73% reduce 0%
14/06/14 19:04:43 INFO mapred.JobClient:  map 74% reduce 0%
14/06/14 19:05:19 INFO mapred.JobClient:  map 75% reduce 0%
14/06/14 19:05:55 INFO mapred.JobClient:  map 76% reduce 0%
14/06/14 19:06:23 INFO mapred.JobClient:  map 77% reduce 0%
14/06/14 19:06:51 INFO mapred.JobClient:  map 78% reduce 0%
14/06/14 19:07:19 INFO mapred.JobClient:  map 79% reduce 0%
14/06/14 19:07:47 INFO mapred.JobClient:  map 80% reduce 0%
14/06/14 19:08:22 INFO mapred.JobClient:  map 81% reduce 0%
14/06/14 19:08:53 INFO mapred.JobClient:  map 82% reduce 0%
14/06/14 19:09:39 INFO mapred.JobClient:  map 83% reduce 0%
14/06/14 19:10:23 INFO mapred.JobClient:  map 84% reduce 0%
14/06/14 19:11:05 INFO mapred.JobClient:  map 85% reduce 0%
14/06/14 19:11:50 INFO mapred.JobClient:  map 86% reduce 0%
14/06/14 19:12:30 INFO mapred.JobClient:  map 87% reduce 0%
14/06/14 19:13:21 INFO mapred.JobClient:  map 88% reduce 0%
14/06/14 19:14:13 INFO mapred.JobClient:  map 89% reduce 0%
14/06/14 19:15:03 INFO mapred.JobClient:  map 90% reduce 0%
14/06/14 19:16:18 INFO mapred.JobClient:  map 91% reduce 0%
14/06/14 19:17:17 INFO mapred.JobClient:  map 92% reduce 0%
14/06/14 19:18:24 INFO mapred.JobClient:  map 93% reduce 0%
14/06/14 19:19:31 INFO mapred.JobClient:  map 94% reduce 0%
14/06/14 19:20:44 INFO mapred.JobClient:  map 95% reduce 0%
14/06/14 19:21:57 INFO mapred.JobClient:  map 96% reduce 0%
14/06/14 19:23:36 INFO mapred.JobClient:  map 97% reduce 0%
14/06/14 19:24:52 INFO mapred.JobClient:  map 98% reduce 0%
14/06/14 19:26:30 INFO mapred.JobClient:  map 99% reduce 0%
14/06/14 19:29:53 INFO mapred.JobClient:  map 100% reduce 0%
14/06/14 19:29:57 INFO mapred.JobClient: Job complete: job_201406131535_0021
14/06/14 19:29:58 INFO mapred.JobClient: Counters: 19
14/06/14 19:29:58 INFO mapred.JobClient:   Job Counters 
14/06/14 19:29:58 INFO mapred.JobClient:     SLOTS_MILLIS_MAPS=128233977
14/06/14 19:29:58 INFO mapred.JobClient:     Total time spent by all reduces waiting after reserving slots (ms)=0
14/06/14 19:29:58 INFO mapred.JobClient:     Total time spent by all maps waiting after reserving slots (ms)=0
14/06/14 19:29:58 INFO mapred.JobClient:     Launched map tasks=120
14/06/14 19:29:58 INFO mapred.JobClient:     SLOTS_MILLIS_REDUCES=0
14/06/14 19:29:58 INFO mapred.JobClient:   File Input Format Counters 
14/06/14 19:29:58 INFO mapred.JobClient:     Bytes Read=0
14/06/14 19:29:58 INFO mapred.JobClient:   File Output Format Counters 
14/06/14 19:29:58 INFO mapred.JobClient:     Bytes Written=200000000000
14/06/14 19:29:58 INFO mapred.JobClient:   FileSystemCounters
14/06/14 19:29:58 INFO mapred.JobClient:     HDFS_BYTES_READ=8696
14/06/14 19:29:58 INFO mapred.JobClient:     FILE_BYTES_WRITTEN=5583390
14/06/14 19:29:58 INFO mapred.JobClient:     HDFS_BYTES_WRITTEN=200000000000
14/06/14 19:29:58 INFO mapred.JobClient:   Map-Reduce Framework
14/06/14 19:29:58 INFO mapred.JobClient:     Map input records=2000000000
14/06/14 19:29:58 INFO mapred.JobClient:     Physical memory (bytes) snapshot=8383967232
14/06/14 19:29:58 INFO mapred.JobClient:     Spilled Records=0
14/06/14 19:29:58 INFO mapred.JobClient:     CPU time spent (ms)=3400010
14/06/14 19:29:58 INFO mapred.JobClient:     Total committed heap usage (bytes)=2442055680
14/06/14 19:29:58 INFO mapred.JobClient:     Virtual memory (bytes) snapshot=72683675648
14/06/14 19:29:58 INFO mapred.JobClient:     Map input bytes=2000000000
14/06/14 19:29:58 INFO mapred.JobClient:     Map output records=2000000000
14/06/14 19:29:58 INFO mapred.JobClient:     SPLIT_RAW_BYTES=8696

real	65m29.914s
user	0m8.462s
sys	0m1.623s
