Generating 8000000000 using 100 maps with step of 80000000
14/06/14 09:00:43 INFO mapred.JobClient: Running job: job_201406131535_0017
14/06/14 09:00:44 INFO mapred.JobClient:  map 0% reduce 0%
14/06/14 09:02:53 INFO mapred.JobClient:  map 1% reduce 0%
14/06/14 09:05:04 INFO mapred.JobClient:  map 2% reduce 0%
14/06/14 09:07:06 INFO mapred.JobClient:  map 3% reduce 0%
14/06/14 09:09:13 INFO mapred.JobClient:  map 4% reduce 0%
14/06/14 09:11:19 INFO mapred.JobClient:  map 5% reduce 0%
14/06/14 09:13:37 INFO mapred.JobClient:  map 6% reduce 0%
14/06/14 09:15:48 INFO mapred.JobClient:  map 7% reduce 0%
14/06/14 09:18:06 INFO mapred.JobClient:  map 8% reduce 0%
14/06/14 09:20:30 INFO mapred.JobClient:  map 9% reduce 0%
14/06/14 09:22:52 INFO mapred.JobClient:  map 10% reduce 0%
14/06/14 09:24:50 INFO mapred.JobClient:  map 11% reduce 0%
14/06/14 09:27:01 INFO mapred.JobClient:  map 12% reduce 0%
14/06/14 09:28:59 INFO mapred.JobClient:  map 13% reduce 0%
14/06/14 09:31:11 INFO mapred.JobClient:  map 14% reduce 0%
14/06/14 09:33:22 INFO mapred.JobClient:  map 15% reduce 0%
14/06/14 09:35:21 INFO mapred.JobClient:  map 16% reduce 0%
14/06/14 09:37:18 INFO mapred.JobClient:  map 17% reduce 0%
14/06/14 09:39:23 INFO mapred.JobClient:  map 18% reduce 0%
14/06/14 09:41:26 INFO mapred.JobClient:  map 19% reduce 0%
14/06/14 09:43:26 INFO mapred.JobClient:  map 20% reduce 0%
14/06/14 09:45:26 INFO mapred.JobClient:  map 21% reduce 0%
14/06/14 09:47:41 INFO mapred.JobClient:  map 22% reduce 0%
14/06/14 09:49:44 INFO mapred.JobClient:  map 23% reduce 0%
14/06/14 09:51:55 INFO mapred.JobClient:  map 24% reduce 0%
14/06/14 09:54:06 INFO mapred.JobClient:  map 25% reduce 0%
14/06/14 09:56:09 INFO mapred.JobClient:  map 26% reduce 0%
14/06/14 09:58:20 INFO mapred.JobClient:  map 27% reduce 0%
14/06/14 10:00:34 INFO mapred.JobClient:  map 28% reduce 0%
14/06/14 10:02:37 INFO mapred.JobClient:  map 29% reduce 0%
14/06/14 10:04:50 INFO mapred.JobClient:  map 30% reduce 0%
14/06/14 10:06:59 INFO mapred.JobClient:  map 31% reduce 0%
14/06/14 10:09:13 INFO mapred.JobClient:  map 32% reduce 0%
14/06/14 10:11:21 INFO mapred.JobClient:  map 33% reduce 0%
14/06/14 10:13:32 INFO mapred.JobClient:  map 34% reduce 0%
14/06/14 10:15:55 INFO mapred.JobClient:  map 35% reduce 0%
14/06/14 10:18:08 INFO mapred.JobClient:  map 36% reduce 0%
14/06/14 10:20:14 INFO mapred.JobClient:  map 37% reduce 0%
14/06/14 10:22:26 INFO mapred.JobClient:  map 38% reduce 0%
14/06/14 10:24:50 INFO mapred.JobClient:  map 39% reduce 0%
14/06/14 10:26:51 INFO mapred.JobClient:  map 40% reduce 0%
14/06/14 10:28:52 INFO mapred.JobClient:  map 41% reduce 0%
14/06/14 10:31:14 INFO mapred.JobClient:  map 42% reduce 0%
14/06/14 10:33:38 INFO mapred.JobClient:  map 43% reduce 0%
14/06/14 10:35:58 INFO mapred.JobClient:  map 44% reduce 0%
14/06/14 10:38:00 INFO mapred.JobClient:  map 45% reduce 0%
14/06/14 10:40:11 INFO mapred.JobClient:  map 46% reduce 0%
14/06/14 10:42:11 INFO mapred.JobClient:  map 47% reduce 0%
14/06/14 10:44:13 INFO mapred.JobClient:  map 48% reduce 0%
14/06/14 10:46:23 INFO mapred.JobClient:  map 49% reduce 0%
14/06/14 10:48:29 INFO mapred.JobClient:  map 50% reduce 0%
14/06/14 10:50:41 INFO mapred.JobClient:  map 51% reduce 0%
14/06/14 10:52:40 INFO mapred.JobClient:  map 52% reduce 0%
14/06/14 10:54:51 INFO mapred.JobClient:  map 53% reduce 0%
14/06/14 10:57:08 INFO mapred.JobClient:  map 54% reduce 0%
14/06/14 10:59:20 INFO mapred.JobClient:  map 55% reduce 0%
14/06/14 11:01:31 INFO mapred.JobClient:  map 56% reduce 0%
14/06/14 11:03:49 INFO mapred.JobClient:  map 57% reduce 0%
14/06/14 11:05:51 INFO mapred.JobClient:  map 58% reduce 0%
14/06/14 11:08:19 INFO mapred.JobClient:  map 59% reduce 0%
14/06/14 11:10:36 INFO mapred.JobClient:  map 60% reduce 0%
14/06/14 11:12:41 INFO mapred.JobClient:  map 61% reduce 0%
14/06/14 11:14:50 INFO mapred.JobClient:  map 62% reduce 0%
14/06/14 11:17:06 INFO mapred.JobClient:  map 63% reduce 0%
14/06/14 11:19:07 INFO mapred.JobClient:  map 64% reduce 0%
14/06/14 11:20:53 INFO mapred.JobClient:  map 65% reduce 0%
14/06/14 11:23:00 INFO mapred.JobClient:  map 66% reduce 0%
14/06/14 11:25:13 INFO mapred.JobClient:  map 67% reduce 0%
14/06/14 11:27:36 INFO mapred.JobClient:  map 68% reduce 0%
14/06/14 11:29:51 INFO mapred.JobClient:  map 69% reduce 0%
14/06/14 11:31:55 INFO mapred.JobClient:  map 70% reduce 0%
14/06/14 11:34:18 INFO mapred.JobClient:  map 71% reduce 0%
14/06/14 11:36:30 INFO mapred.JobClient:  map 72% reduce 0%
14/06/14 11:38:50 INFO mapred.JobClient:  map 73% reduce 0%
14/06/14 11:41:01 INFO mapred.JobClient:  map 74% reduce 0%
14/06/14 11:43:08 INFO mapred.JobClient:  map 75% reduce 0%
14/06/14 11:45:17 INFO mapred.JobClient:  map 76% reduce 0%
14/06/14 11:47:26 INFO mapred.JobClient:  map 77% reduce 0%
14/06/14 11:49:31 INFO mapred.JobClient:  map 78% reduce 0%
14/06/14 11:51:39 INFO mapred.JobClient:  map 79% reduce 0%
14/06/14 11:53:57 INFO mapred.JobClient:  map 80% reduce 0%
14/06/14 11:56:14 INFO mapred.JobClient:  map 81% reduce 0%
14/06/14 11:58:56 INFO mapred.JobClient:  map 82% reduce 0%
14/06/14 12:01:48 INFO mapred.JobClient:  map 83% reduce 0%
14/06/14 12:04:36 INFO mapred.JobClient:  map 84% reduce 0%
14/06/14 12:07:42 INFO mapred.JobClient:  map 85% reduce 0%
14/06/14 12:10:45 INFO mapred.JobClient:  map 86% reduce 0%
14/06/14 12:13:29 INFO mapred.JobClient:  map 87% reduce 0%
14/06/14 12:16:47 INFO mapred.JobClient:  map 88% reduce 0%
14/06/14 12:20:06 INFO mapred.JobClient:  map 89% reduce 0%
14/06/14 12:23:31 INFO mapred.JobClient:  map 90% reduce 0%
14/06/14 12:27:29 INFO mapred.JobClient:  map 91% reduce 0%
14/06/14 12:31:31 INFO mapred.JobClient:  map 92% reduce 0%
14/06/14 12:35:05 INFO mapred.JobClient:  map 93% reduce 0%
14/06/14 12:39:13 INFO mapred.JobClient:  map 94% reduce 0%
14/06/14 12:44:13 INFO mapred.JobClient:  map 95% reduce 0%
14/06/14 12:48:36 INFO mapred.JobClient:  map 96% reduce 0%
14/06/14 12:53:22 INFO mapred.JobClient:  map 97% reduce 0%
14/06/14 12:58:38 INFO mapred.JobClient:  map 98% reduce 0%
14/06/14 13:05:05 INFO mapred.JobClient:  map 99% reduce 0%
14/06/14 13:16:16 INFO mapred.JobClient:  map 100% reduce 0%
14/06/14 13:16:27 INFO mapred.JobClient: Job complete: job_201406131535_0017
14/06/14 13:16:27 INFO mapred.JobClient: Counters: 19
14/06/14 13:16:27 INFO mapred.JobClient:   Job Counters 
14/06/14 13:16:27 INFO mapred.JobClient:     SLOTS_MILLIS_MAPS=516116193
14/06/14 13:16:27 INFO mapred.JobClient:     Total time spent by all reduces waiting after reserving slots (ms)=0
14/06/14 13:16:27 INFO mapred.JobClient:     Total time spent by all maps waiting after reserving slots (ms)=0
14/06/14 13:16:27 INFO mapred.JobClient:     Launched map tasks=121
14/06/14 13:16:27 INFO mapred.JobClient:     SLOTS_MILLIS_REDUCES=0
14/06/14 13:16:27 INFO mapred.JobClient:   File Input Format Counters 
14/06/14 13:16:27 INFO mapred.JobClient:     Bytes Read=0
14/06/14 13:16:27 INFO mapred.JobClient:   File Output Format Counters 
14/06/14 13:16:27 INFO mapred.JobClient:     Bytes Written=800000000000
14/06/14 13:16:27 INFO mapred.JobClient:   FileSystemCounters
14/06/14 13:16:27 INFO mapred.JobClient:     HDFS_BYTES_READ=8742
14/06/14 13:16:27 INFO mapred.JobClient:     FILE_BYTES_WRITTEN=5583390
14/06/14 13:16:27 INFO mapred.JobClient:     HDFS_BYTES_WRITTEN=800000000000
14/06/14 13:16:27 INFO mapred.JobClient:   Map-Reduce Framework
14/06/14 13:16:27 INFO mapred.JobClient:     Map input records=8000000000
14/06/14 13:16:27 INFO mapred.JobClient:     Physical memory (bytes) snapshot=7977373696
14/06/14 13:16:27 INFO mapred.JobClient:     Spilled Records=0
14/06/14 13:16:27 INFO mapred.JobClient:     CPU time spent (ms)=12312600
14/06/14 13:16:27 INFO mapred.JobClient:     Total committed heap usage (bytes)=2487275520
14/06/14 13:16:27 INFO mapred.JobClient:     Virtual memory (bytes) snapshot=72690012160
14/06/14 13:16:27 INFO mapred.JobClient:     Map input bytes=8000000000
14/06/14 13:16:27 INFO mapred.JobClient:     Map output records=8000000000
14/06/14 13:16:27 INFO mapred.JobClient:     SPLIT_RAW_BYTES=8742

real	255m50.701s
user	0m17.918s
sys	0m6.257s
