14/06/14 07:05:34 INFO terasort.TeraSort: starting
14/06/14 07:05:35 INFO mapred.FileInputFormat: Total input paths to process : 100
14/06/14 07:05:39 WARN snappy.LoadSnappy: Snappy native library is available
14/06/14 07:05:39 INFO util.NativeCodeLoader: Loaded the native-hadoop library
14/06/14 07:05:39 INFO snappy.LoadSnappy: Snappy native library loaded
14/06/14 07:05:42 INFO zlib.ZlibFactory: Successfully loaded & initialized native-zlib library
14/06/14 07:05:42 INFO compress.CodecPool: Got brand-new compressor
Making 100 from 100000 records
Step size is 1000.0
14/06/14 07:05:44 INFO mapred.FileInputFormat: Total input paths to process : 100
14/06/14 07:05:54 INFO mapred.JobClient: Running job: job_201406131535_0014
14/06/14 07:05:55 INFO mapred.JobClient:  map 0% reduce 0%
14/06/14 07:06:37 INFO mapred.JobClient:  map 1% reduce 0%
14/06/14 07:07:09 INFO mapred.JobClient:  map 2% reduce 0%
14/06/14 07:07:33 INFO mapred.JobClient:  map 3% reduce 0%
14/06/14 07:08:01 INFO mapred.JobClient:  map 4% reduce 0%
14/06/14 07:08:29 INFO mapred.JobClient:  map 5% reduce 0%
14/06/14 07:08:58 INFO mapred.JobClient:  map 6% reduce 0%
14/06/14 07:09:42 INFO mapred.JobClient:  map 7% reduce 0%
14/06/14 07:10:38 INFO mapred.JobClient:  map 8% reduce 0%
14/06/14 07:11:25 INFO mapred.JobClient:  map 9% reduce 0%
14/06/14 07:12:05 INFO mapred.JobClient:  map 9% reduce 1%
14/06/14 07:12:18 INFO mapred.JobClient:  map 10% reduce 1%
14/06/14 07:13:03 INFO mapred.JobClient:  map 11% reduce 1%
14/06/14 07:13:39 INFO mapred.JobClient:  map 12% reduce 1%
14/06/14 07:14:14 INFO mapred.JobClient:  map 13% reduce 1%
14/06/14 07:14:48 INFO mapred.JobClient:  map 14% reduce 1%
14/06/14 07:15:20 INFO mapred.JobClient:  map 15% reduce 1%
14/06/14 07:15:40 INFO mapred.JobClient:  map 15% reduce 2%
14/06/14 07:15:52 INFO mapred.JobClient:  map 16% reduce 2%
14/06/14 07:16:24 INFO mapred.JobClient:  map 17% reduce 2%
14/06/14 07:16:59 INFO mapred.JobClient:  map 18% reduce 2%
14/06/14 07:17:34 INFO mapred.JobClient:  map 19% reduce 2%
14/06/14 07:18:06 INFO mapred.JobClient:  map 20% reduce 2%
14/06/14 07:18:44 INFO mapred.JobClient:  map 21% reduce 2%
14/06/14 07:19:15 INFO mapred.JobClient:  map 22% reduce 2%
14/06/14 07:19:50 INFO mapred.JobClient:  map 23% reduce 3%
14/06/14 07:20:21 INFO mapred.JobClient:  map 24% reduce 3%
14/06/14 07:20:55 INFO mapred.JobClient:  map 25% reduce 3%
14/06/14 07:21:27 INFO mapred.JobClient:  map 26% reduce 3%
14/06/14 07:22:05 INFO mapred.JobClient:  map 27% reduce 3%
14/06/14 07:22:38 INFO mapred.JobClient:  map 28% reduce 3%
14/06/14 07:23:18 INFO mapred.JobClient:  map 29% reduce 3%
14/06/14 07:24:10 INFO mapred.JobClient:  map 30% reduce 3%
14/06/14 07:24:57 INFO mapred.JobClient:  map 30% reduce 4%
14/06/14 07:25:25 INFO mapred.JobClient:  map 31% reduce 4%
14/06/14 07:26:18 INFO mapred.JobClient:  map 32% reduce 4%
14/06/14 07:27:04 INFO mapred.JobClient:  map 33% reduce 4%
14/06/14 07:27:48 INFO mapred.JobClient:  map 34% reduce 4%
14/06/14 07:28:31 INFO mapred.JobClient:  map 35% reduce 4%
14/06/14 07:29:15 INFO mapred.JobClient:  map 36% reduce 4%
14/06/14 07:29:54 INFO mapred.JobClient:  map 37% reduce 4%
14/06/14 07:30:29 INFO mapred.JobClient:  map 38% reduce 4%
14/06/14 07:30:34 INFO mapred.JobClient:  map 38% reduce 5%
14/06/14 07:31:05 INFO mapred.JobClient:  map 39% reduce 5%
14/06/14 07:31:41 INFO mapred.JobClient:  map 40% reduce 5%
14/06/14 07:32:17 INFO mapred.JobClient:  map 41% reduce 5%
14/06/14 07:32:53 INFO mapred.JobClient:  map 42% reduce 5%
14/06/14 07:33:32 INFO mapred.JobClient:  map 43% reduce 5%
14/06/14 07:34:31 INFO mapred.JobClient:  map 44% reduce 5%
14/06/14 07:35:31 INFO mapred.JobClient: Task Id : attempt_201406131535_0014_r_000023_0, Status : FAILED
Error: java.io.IOException: No queda espacio en el dispositivo
	at java.io.FileOutputStream.writeBytes(Native Method)
	at java.io.FileOutputStream.write(FileOutputStream.java:345)
	at org.apache.hadoop.fs.RawLocalFileSystem$LocalFSFileOutputStream.write(RawLocalFileSystem.java:203)
	at java.io.BufferedOutputStream.flushBuffer(BufferedOutputStream.java:82)
	at java.io.BufferedOutputStream.write(BufferedOutputStream.java:126)
	at org.apache.hadoop.fs.FSDataOutputStream$PositionCache.write(FSDataOutputStream.java:49)
	at java.io.DataOutputStream.write(DataOutputStream.java:107)
	at org.apache.hadoop.mapred.IFileOutputStream.write(IFileOutputStream.java:84)
	at org.apache.hadoop.fs.FSDataOutputStream$PositionCache.write(FSDataOutputStream.java:49)
	at java.io.DataOutputStream.write(DataOutputStream.java:107)
	at org.apache.hadoop.mapred.IFile$Writer.append(IFile.java:218)
	at org.apache.hadoop.mapred.Merger.writeFile(Merger.java:157)
	at org.apache.hadoop.mapred.ReduceTask$ReduceCopier$LocalFSMerger.run(ReduceTask.java:2711)

14/06/14 07:35:33 INFO mapred.JobClient: Task Id : attempt_201406131535_0014_m_002073_0, Status : FAILED
FSError: java.io.IOException: No queda espacio en el dispositivo
14/06/14 07:35:35 INFO mapred.JobClient:  map 45% reduce 5%
14/06/14 07:36:34 INFO mapred.JobClient:  map 46% reduce 5%
14/06/14 07:37:05 INFO mapred.JobClient:  map 46% reduce 6%
14/06/14 07:37:22 INFO mapred.JobClient:  map 47% reduce 6%
14/06/14 07:38:01 INFO mapred.JobClient:  map 48% reduce 6%
14/06/14 07:38:45 INFO mapred.JobClient:  map 49% reduce 6%
14/06/14 07:39:28 INFO mapred.JobClient:  map 50% reduce 6%
14/06/14 07:40:10 INFO mapred.JobClient:  map 51% reduce 6%
14/06/14 07:40:44 INFO mapred.JobClient:  map 52% reduce 6%
14/06/14 07:41:19 INFO mapred.JobClient:  map 53% reduce 6%
14/06/14 07:41:33 INFO mapred.JobClient: Task Id : attempt_201406131535_0014_m_002229_0, Status : FAILED
java.io.IOException: Spill failed
	at org.apache.hadoop.mapred.MapTask$MapOutputBuffer.collect(MapTask.java:1034)
	at org.apache.hadoop.mapred.MapTask$OldOutputCollector.collect(MapTask.java:591)
	at org.apache.hadoop.mapred.lib.IdentityMapper.map(IdentityMapper.java:38)
	at org.apache.hadoop.mapred.MapRunner.run(MapRunner.java:50)
	at org.apache.hadoop.mapred.MapTask.runOldMapper(MapTask.java:430)
	at org.apache.hadoop.mapred.MapTask.run(MapTask.java:366)
	at org.apache.hadoop.mapred.Child$4.run(Child.java:255)
	at java.security.AccessController.doPrivileged(Native Method)
	at javax.security.auth.Subject.doAs(Subject.java:415)
	at org.apache.hadoop.security.UserGroupInformation.doAs(UserGroupInformation.java:1190)
	at org.apache.hadoop.mapred.Child.main(Child.java:249)
Caused by: org.apache.hadoop.util.DiskChecker$DiskErrorException: Could not find any valid local directory for output/spill3.out
	at org.apache.hadoop.fs.LocalDirAllocator$AllocatorPerContext.getLocalPathForWrite(LocalDirAllocator.java:381)
	at org.apache.hadoop.fs.LocalDirAllocator.getLocalPathForWrite(LocalDirAllocator.java:146)
	at org.apache.hadoop.fs.LocalDirAllocator.getLocalPathForWrite(LocalDirAllocator.java:127)
	at org.apache.hadoop.mapred.MapOutputFile.getSpillFileForWrite(MapOutputFile.java:121)
	at org.apache.hadoop.mapred.MapTask$MapOutputBuffer.sortAndSpill(MapTask.java:1397)
	at org.apache.hadoop.mapred.MapTask$MapOutputBuffer.access$1800(MapTask.java:858)
	at org.apache.hadoop.mapred.MapTask$MapOutputBuffer$SpillThread.run(MapTask.java:1349)

14/06/14 07:41:56 INFO mapred.JobClient:  map 54% reduce 6%
14/06/14 07:41:58 INFO mapred.JobClient:  map 54% reduce 7%
14/06/14 07:42:25 INFO mapred.JobClient: Task Id : attempt_201406131535_0014_r_000040_0, Status : FAILED
Error: java.io.IOException: No queda espacio en el dispositivo
	at java.io.FileOutputStream.writeBytes(Native Method)
	at java.io.FileOutputStream.write(FileOutputStream.java:345)
	at org.apache.hadoop.fs.RawLocalFileSystem$LocalFSFileOutputStream.write(RawLocalFileSystem.java:203)
	at java.io.BufferedOutputStream.flushBuffer(BufferedOutputStream.java:82)
	at java.io.BufferedOutputStream.write(BufferedOutputStream.java:126)
	at org.apache.hadoop.fs.FSDataOutputStream$PositionCache.write(FSDataOutputStream.java:49)
	at java.io.DataOutputStream.write(DataOutputStream.java:107)
	at org.apache.hadoop.mapred.IFileOutputStream.write(IFileOutputStream.java:84)
	at org.apache.hadoop.fs.FSDataOutputStream$PositionCache.write(FSDataOutputStream.java:49)
	at java.io.DataOutputStream.write(DataOutputStream.java:107)
	at org.apache.hadoop.mapred.IFile$Writer.append(IFile.java:218)
	at org.apache.hadoop.mapred.Merger.writeFile(Merger.java:157)
	at org.apache.hadoop.mapred.ReduceTask$ReduceCopier$InMemFSMergeThread.doInMemMerge(ReduceTask.java:2821)
	at org.apache.hadoop.mapred.ReduceTask$ReduceCopier$InMemFSMergeThread.run(ReduceTask.java:2762)

14/06/14 07:42:25 WARN mapred.JobClient: Error reading task outputhttp://hadoop-9:50060/tasklog?plaintext=true&attemptid=attempt_201406131535_0014_r_000040_0&filter=stdout
14/06/14 07:42:25 WARN mapred.JobClient: Error reading task outputhttp://hadoop-9:50060/tasklog?plaintext=true&attemptid=attempt_201406131535_0014_r_000040_0&filter=stderr
14/06/14 07:42:33 INFO mapred.JobClient:  map 55% reduce 7%
14/06/14 07:43:13 INFO mapred.JobClient:  map 56% reduce 7%
14/06/14 07:44:09 INFO mapred.JobClient:  map 57% reduce 7%
14/06/14 07:45:20 INFO mapred.JobClient:  map 58% reduce 7%
14/06/14 07:45:20 INFO mapred.JobClient: Task Id : attempt_201406131535_0014_r_000028_0, Status : FAILED
java.io.IOException: Task: attempt_201406131535_0014_r_000028_0 - The reduce copier failed
	at org.apache.hadoop.mapred.ReduceTask.run(ReduceTask.java:390)
	at org.apache.hadoop.mapred.Child$4.run(Child.java:255)
	at java.security.AccessController.doPrivileged(Native Method)
	at javax.security.auth.Subject.doAs(Subject.java:415)
	at org.apache.hadoop.security.UserGroupInformation.doAs(UserGroupInformation.java:1190)
	at org.apache.hadoop.mapred.Child.main(Child.java:249)
Caused by: org.apache.hadoop.util.DiskChecker$DiskErrorException: Could not find any valid local directory for file:/scratch/hadoop/mapred/local/taskTracker/hadoop/jobcache/job_201406131535_0014/attempt_201406131535_0014_r_000028_0/output/map_2308.out
	at org.apache.hadoop.fs.LocalDirAllocator$AllocatorPerContext.getLocalPathForWrite(LocalDirAllocator.java:381)
	at org.apache.hadoop.fs.LocalDirAllocator.getLocalPathForWrite(LocalDirAllocator.java:146)
	at org.apache.hadoop.fs.LocalDirAllocator.getLocalPathForWrite(LocalDirAllocator.java:127)
	at org.apache.hadoop.mapred.ReduceTask$ReduceCopier$LocalFSMerger.run(ReduceTask.java:2690)

14/06/14 07:45:43 INFO mapred.JobClient: Task Id : attempt_201406131535_0014_r_000021_0, Status : FAILED
Error: java.io.IOException: No queda espacio en el dispositivo
	at java.io.FileOutputStream.writeBytes(Native Method)
	at java.io.FileOutputStream.write(FileOutputStream.java:345)
	at org.apache.hadoop.fs.RawLocalFileSystem$LocalFSFileOutputStream.write(RawLocalFileSystem.java:203)
	at java.io.BufferedOutputStream.flushBuffer(BufferedOutputStream.java:82)
	at java.io.BufferedOutputStream.write(BufferedOutputStream.java:126)
	at org.apache.hadoop.fs.FSDataOutputStream$PositionCache.write(FSDataOutputStream.java:49)
	at java.io.DataOutputStream.write(DataOutputStream.java:107)
	at org.apache.hadoop.mapred.IFileOutputStream.write(IFileOutputStream.java:84)
	at org.apache.hadoop.fs.FSDataOutputStream$PositionCache.write(FSDataOutputStream.java:49)
	at java.io.DataOutputStream.write(DataOutputStream.java:107)
	at org.apache.hadoop.mapred.IFile$Writer.append(IFile.java:218)
	at org.apache.hadoop.mapred.Merger.writeFile(Merger.java:157)
	at org.apache.hadoop.mapred.ReduceTask$ReduceCopier$LocalFSMerger.run(ReduceTask.java:2711)

14/06/14 07:45:44 INFO mapred.JobClient: Task Id : attempt_201406131535_0014_m_002676_0, Status : FAILED
java.io.IOException: Spill failed
	at org.apache.hadoop.mapred.MapTask$MapOutputBuffer.collect(MapTask.java:1034)
	at org.apache.hadoop.mapred.MapTask$OldOutputCollector.collect(MapTask.java:591)
	at org.apache.hadoop.mapred.lib.IdentityMapper.map(IdentityMapper.java:38)
	at org.apache.hadoop.mapred.MapRunner.run(MapRunner.java:50)
	at org.apache.hadoop.mapred.MapTask.runOldMapper(MapTask.java:430)
	at org.apache.hadoop.mapred.MapTask.run(MapTask.java:366)
	at org.apache.hadoop.mapred.Child$4.run(Child.java:255)
	at java.security.AccessController.doPrivileged(Native Method)
	at javax.security.auth.Subject.doAs(Subject.java:415)
	at org.apache.hadoop.security.UserGroupInformation.doAs(UserGroupInformation.java:1190)
	at org.apache.hadoop.mapred.Child.main(Child.java:249)
Caused by: org.apache.hadoop.util.DiskChecker$DiskErrorException: Could not find any valid local directory for output/spill1.out
	at org.apache.hadoop.fs.LocalDirAllocator$AllocatorPerContext.getLocalPathForWrite(LocalDirAllocator.java:381)
	at org.apache.hadoop.fs.LocalDirAllocator.getLocalPathForWrite(LocalDirAllocator.java:146)
	at org.apache.hadoop.fs.LocalDirAllocator.getLocalPathForWrite(LocalDirAllocator.java:127)
	at org.apache.hadoop.mapred.MapOutputFile.getSpillFileForWrite(MapOutputFile.java:121)
	at org.apache.hadoop.mapred.MapTask$MapOutputBuffer.sortAndSpill(MapTask.java:1397)
	at org.apache.hadoop.mapred.MapTask$MapOutputBuffer.access$1800(MapTask.java:858)
	at org.apache.hadoop.mapred.MapTask$MapOutputBuffer$SpillThread.run(MapTask.java:1349)

attempt_201406131535_0014_m_002676_0: log4j:WARN No appenders could be found for logger (org.apache.hadoop.mapred.Task).
attempt_201406131535_0014_m_002676_0: log4j:WARN Please initialize the log4j system properly.
14/06/14 07:46:07 INFO mapred.JobClient:  map 59% reduce 7%
14/06/14 07:46:22 INFO mapred.JobClient: Task Id : attempt_201406131535_0014_r_000036_0, Status : FAILED
java.io.IOException: Task: attempt_201406131535_0014_r_000036_0 - The reduce copier failed
	at org.apache.hadoop.mapred.ReduceTask.run(ReduceTask.java:390)
	at org.apache.hadoop.mapred.Child$4.run(Child.java:255)
	at java.security.AccessController.doPrivileged(Native Method)
	at javax.security.auth.Subject.doAs(Subject.java:415)
	at org.apache.hadoop.security.UserGroupInformation.doAs(UserGroupInformation.java:1190)
	at org.apache.hadoop.mapred.Child.main(Child.java:249)
Caused by: org.apache.hadoop.util.DiskChecker$DiskErrorException: Could not find any valid local directory for output/map_2538.out
	at org.apache.hadoop.fs.LocalDirAllocator$AllocatorPerContext.getLocalPathForWrite(LocalDirAllocator.java:381)
	at org.apache.hadoop.fs.LocalDirAllocator.getLocalPathForWrite(LocalDirAllocator.java:146)
	at org.apache.hadoop.fs.LocalDirAllocator.getLocalPathForWrite(LocalDirAllocator.java:127)
	at org.apache.hadoop.mapred.MapOutputFile.getInputFileForWrite(MapOutputFile.java:176)
	at org.apache.hadoop.mapred.ReduceTask$ReduceCopier$InMemFSMergeThread.doInMemMerge(ReduceTask.java:2798)
	at org.apache.hadoop.mapred.ReduceTask$ReduceCopier$InMemFSMergeThread.run(ReduceTask.java:2762)

14/06/14 07:46:57 INFO mapred.JobClient:  map 60% reduce 7%
14/06/14 07:47:45 INFO mapred.JobClient:  map 61% reduce 7%
14/06/14 07:48:33 INFO mapred.JobClient:  map 62% reduce 7%
14/06/14 07:49:15 INFO mapred.JobClient:  map 63% reduce 7%
14/06/14 07:50:00 INFO mapred.JobClient:  map 64% reduce 7%
14/06/14 07:50:30 INFO mapred.JobClient: Task Id : attempt_201406131535_0014_m_003011_0, Status : FAILED
FSError: java.io.IOException: No queda espacio en el dispositivo
14/06/14 07:50:40 INFO mapred.JobClient:  map 65% reduce 7%
14/06/14 07:50:46 INFO mapred.JobClient: Task Id : attempt_201406131535_0014_m_003027_0, Status : FAILED
FSError: java.io.IOException: No queda espacio en el dispositivo
14/06/14 07:51:01 INFO mapred.JobClient: Task Id : attempt_201406131535_0014_m_003089_0, Status : FAILED
FSError: java.io.IOException: No queda espacio en el dispositivo
14/06/14 07:51:14 INFO mapred.JobClient: Task Id : attempt_201406131535_0014_m_003092_0, Status : FAILED
java.io.IOException: Spill failed
	at org.apache.hadoop.mapred.MapTask$MapOutputBuffer.collect(MapTask.java:1034)
	at org.apache.hadoop.mapred.MapTask$OldOutputCollector.collect(MapTask.java:591)
	at org.apache.hadoop.mapred.lib.IdentityMapper.map(IdentityMapper.java:38)
	at org.apache.hadoop.mapred.MapRunner.run(MapRunner.java:50)
	at org.apache.hadoop.mapred.MapTask.runOldMapper(MapTask.java:430)
	at org.apache.hadoop.mapred.MapTask.run(MapTask.java:366)
	at org.apache.hadoop.mapred.Child$4.run(Child.java:255)
	at java.security.AccessController.doPrivileged(Native Method)
	at javax.security.auth.Subject.doAs(Subject.java:415)
	at org.apache.hadoop.security.UserGroupInformation.doAs(UserGroupInformation.java:1190)
	at org.apache.hadoop.mapred.Child.main(Child.java:249)
Caused by: org.apache.hadoop.util.DiskChecker$DiskErrorException: Could not find any valid local directory for output/spill3.out
	at org.apache.hadoop.fs.LocalDirAllocator$AllocatorPerContext.getLocalPathForWrite(LocalDirAllocator.java:381)
	at org.apache.hadoop.fs.LocalDirAllocator.getLocalPathForWrite(LocalDirAllocator.java:146)
	at org.apache.hadoop.fs.LocalDirAllocator.getLocalPathForWrite(LocalDirAllocator.java:127)
	at org.apache.hadoop.mapred.MapOutputFile.getSpillFileForWrite(MapOutputFile.java:121)
	at org.apache.hadoop.mapred.MapTask$MapOutputBuffer.sortAndSpill(MapTask.java:1397)
	at org.apache.hadoop.mapred.MapTask$MapOutputBuffer.access$1800(MapTask.java:858)
	at org.apache.hadoop.mapred.MapTask$MapOutputBuffer$SpillThread.run(MapTask.java:1349)

14/06/14 07:51:25 INFO mapred.JobClient:  map 65% reduce 8%
14/06/14 07:51:34 INFO mapred.JobClient:  map 66% reduce 8%
14/06/14 07:52:19 INFO mapred.JobClient:  map 67% reduce 8%
14/06/14 07:52:39 INFO mapred.JobClient: Task Id : attempt_201406131535_0014_r_000021_1, Status : FAILED
java.io.IOException: Task: attempt_201406131535_0014_r_000021_1 - The reduce copier failed
	at org.apache.hadoop.mapred.ReduceTask.run(ReduceTask.java:390)
	at org.apache.hadoop.mapred.Child$4.run(Child.java:255)
	at java.security.AccessController.doPrivileged(Native Method)
	at javax.security.auth.Subject.doAs(Subject.java:415)
	at org.apache.hadoop.security.UserGroupInformation.doAs(UserGroupInformation.java:1190)
	at org.apache.hadoop.mapred.Child.main(Child.java:249)
Caused by: org.apache.hadoop.util.DiskChecker$DiskErrorException: Could not find any valid local directory for output/map_506.out
	at org.apache.hadoop.fs.LocalDirAllocator$AllocatorPerContext.getLocalPathForWrite(LocalDirAllocator.java:381)
	at org.apache.hadoop.fs.LocalDirAllocator.getLocalPathForWrite(LocalDirAllocator.java:146)
	at org.apache.hadoop.fs.LocalDirAllocator.getLocalPathForWrite(LocalDirAllocator.java:127)
	at org.apache.hadoop.mapred.MapOutputFile.getInputFileForWrite(MapOutputFile.java:176)
	at org.apache.hadoop.mapred.ReduceTask$ReduceCopier$InMemFSMergeThread.doInMemMerge(ReduceTask.java:2798)
	at org.apache.hadoop.mapred.ReduceTask$ReduceCopier$InMemFSMergeThread.run(ReduceTask.java:2762)

14/06/14 07:53:09 INFO mapred.JobClient: Task Id : attempt_201406131535_0014_r_000023_1, Status : FAILED
14/06/14 07:53:11 INFO mapred.JobClient:  map 68% reduce 8%
14/06/14 07:53:48 INFO mapred.JobClient: Task Id : attempt_201406131535_0014_r_000028_1, Status : FAILED
java.io.IOException: Task: attempt_201406131535_0014_r_000028_1 - The reduce copier failed
	at org.apache.hadoop.mapred.ReduceTask.run(ReduceTask.java:390)
	at org.apache.hadoop.mapred.Child$4.run(Child.java:255)
	at java.security.AccessController.doPrivileged(Native Method)
	at javax.security.auth.Subject.doAs(Subject.java:415)
	at org.apache.hadoop.security.UserGroupInformation.doAs(UserGroupInformation.java:1190)
	at org.apache.hadoop.mapred.Child.main(Child.java:249)
Caused by: org.apache.hadoop.util.DiskChecker$DiskErrorException: Could not find any valid local directory for output/map_584.out
	at org.apache.hadoop.fs.LocalDirAllocator$AllocatorPerContext.getLocalPathForWrite(LocalDirAllocator.java:381)
	at org.apache.hadoop.fs.LocalDirAllocator.getLocalPathForWrite(LocalDirAllocator.java:146)
	at org.apache.hadoop.fs.LocalDirAllocator.getLocalPathForWrite(LocalDirAllocator.java:127)
	at org.apache.hadoop.mapred.MapOutputFile.getInputFileForWrite(MapOutputFile.java:176)
	at org.apache.hadoop.mapred.ReduceTask$ReduceCopier$InMemFSMergeThread.doInMemMerge(ReduceTask.java:2798)
	at org.apache.hadoop.mapred.ReduceTask$ReduceCopier$InMemFSMergeThread.run(ReduceTask.java:2762)

14/06/14 07:53:50 INFO mapred.JobClient:  map 68% reduce 7%
14/06/14 07:53:53 INFO mapred.JobClient: Task Id : attempt_201406131535_0014_r_000031_0, Status : FAILED
java.io.IOException: Task: attempt_201406131535_0014_r_000031_0 - The reduce copier failed
	at org.apache.hadoop.mapred.ReduceTask.run(ReduceTask.java:390)
	at org.apache.hadoop.mapred.Child$4.run(Child.java:255)
	at java.security.AccessController.doPrivileged(Native Method)
	at javax.security.auth.Subject.doAs(Subject.java:415)
	at org.apache.hadoop.security.UserGroupInformation.doAs(UserGroupInformation.java:1190)
	at org.apache.hadoop.mapred.Child.main(Child.java:249)
Caused by: org.apache.hadoop.util.DiskChecker$DiskErrorException: Could not find any valid local directory for output/map_3145.out
	at org.apache.hadoop.fs.LocalDirAllocator$AllocatorPerContext.getLocalPathForWrite(LocalDirAllocator.java:381)
	at org.apache.hadoop.fs.LocalDirAllocator.getLocalPathForWrite(LocalDirAllocator.java:146)
	at org.apache.hadoop.fs.LocalDirAllocator.getLocalPathForWrite(LocalDirAllocator.java:127)
	at org.apache.hadoop.mapred.MapOutputFile.getInputFileForWrite(MapOutputFile.java:176)
	at org.apache.hadoop.mapred.ReduceTask$ReduceCopier$InMemFSMergeThread.doInMemMerge(ReduceTask.java:2798)
	at org.apache.hadoop.mapred.ReduceTask$ReduceCopier$InMemFSMergeThread.run(ReduceTask.java:2762)

14/06/14 07:53:54 INFO mapred.JobClient: Task Id : attempt_201406131535_0014_r_000007_0, Status : FAILED
Error: java.io.IOException: No queda espacio en el dispositivo
	at java.io.FileOutputStream.writeBytes(Native Method)
	at java.io.FileOutputStream.write(FileOutputStream.java:345)
	at org.apache.hadoop.fs.RawLocalFileSystem$LocalFSFileOutputStream.write(RawLocalFileSystem.java:203)
	at java.io.BufferedOutputStream.flushBuffer(BufferedOutputStream.java:82)
	at java.io.BufferedOutputStream.write(BufferedOutputStream.java:126)
	at org.apache.hadoop.fs.FSDataOutputStream$PositionCache.write(FSDataOutputStream.java:49)
	at java.io.DataOutputStream.write(DataOutputStream.java:107)
	at org.apache.hadoop.mapred.IFileOutputStream.write(IFileOutputStream.java:84)
	at org.apache.hadoop.fs.FSDataOutputStream$PositionCache.write(FSDataOutputStream.java:49)
	at java.io.DataOutputStream.write(DataOutputStream.java:107)
	at org.apache.hadoop.mapred.IFile$Writer.append(IFile.java:218)
	at org.apache.hadoop.mapred.Merger.writeFile(Merger.java:157)
	at org.apache.hadoop.mapred.ReduceTask$ReduceCopier$InMemFSMergeThread.doInMemMerge(ReduceTask.java:2821)
	at org.apache.hadoop.mapred.ReduceTask$ReduceCopier$InMemFSMergeThread.run(ReduceTask.java:2762)

14/06/14 07:53:54 WARN mapred.JobClient: Error reading task outputhttp://hadoop-14:50060/tasklog?plaintext=true&attemptid=attempt_201406131535_0014_r_000007_0&filter=stdout
14/06/14 07:53:54 WARN mapred.JobClient: Error reading task outputhttp://hadoop-14:50060/tasklog?plaintext=true&attemptid=attempt_201406131535_0014_r_000007_0&filter=stderr
14/06/14 07:54:02 INFO mapred.JobClient:  map 69% reduce 7%
14/06/14 07:54:51 INFO mapred.JobClient:  map 70% reduce 7%
14/06/14 07:55:21 INFO mapred.JobClient:  map 70% reduce 8%
14/06/14 07:55:50 INFO mapred.JobClient: Task Id : attempt_201406131535_0014_r_000040_1, Status : FAILED
java.io.IOException: Task: attempt_201406131535_0014_r_000040_1 - The reduce copier failed
	at org.apache.hadoop.mapred.ReduceTask.run(ReduceTask.java:390)
	at org.apache.hadoop.mapred.Child$4.run(Child.java:255)
	at java.security.AccessController.doPrivileged(Native Method)
	at javax.security.auth.Subject.doAs(Subject.java:415)
	at org.apache.hadoop.security.UserGroupInformation.doAs(UserGroupInformation.java:1190)
	at org.apache.hadoop.mapred.Child.main(Child.java:249)
Caused by: org.apache.hadoop.util.DiskChecker$DiskErrorException: Could not find any valid local directory for output/map_301.out
	at org.apache.hadoop.fs.LocalDirAllocator$AllocatorPerContext.getLocalPathForWrite(LocalDirAllocator.java:381)
	at org.apache.hadoop.fs.LocalDirAllocator.getLocalPathForWrite(LocalDirAllocator.java:146)
	at org.apache.hadoop.fs.LocalDirAllocator.getLocalPathForWrite(LocalDirAllocator.java:127)
	at org.apache.hadoop.mapred.MapOutputFile.getInputFileForWrite(MapOutputFile.java:176)
	at org.apache.hadoop.mapred.ReduceTask$ReduceCopier$InMemFSMergeThread.doInMemMerge(ReduceTask.java:2798)
	at org.apache.hadoop.mapred.ReduceTask$ReduceCopier$InMemFSMergeThread.run(ReduceTask.java:2762)

14/06/14 07:55:51 INFO mapred.JobClient:  map 71% reduce 8%
14/06/14 07:56:13 INFO mapred.JobClient: Task Id : attempt_201406131535_0014_m_003224_0, Status : FAILED
FSError: java.io.IOException: No queda espacio en el dispositivo
14/06/14 07:56:13 WARN mapred.JobClient: Error reading task outputhttp://hadoop-15:50060/tasklog?plaintext=true&attemptid=attempt_201406131535_0014_m_003224_0&filter=stdout
14/06/14 07:56:13 WARN mapred.JobClient: Error reading task outputhttp://hadoop-15:50060/tasklog?plaintext=true&attemptid=attempt_201406131535_0014_m_003224_0&filter=stderr
14/06/14 07:56:25 INFO mapred.JobClient: Task Id : attempt_201406131535_0014_r_000021_2, Status : FAILED
java.io.IOException: Task: attempt_201406131535_0014_r_000021_2 - The reduce copier failed
	at org.apache.hadoop.mapred.ReduceTask.run(ReduceTask.java:390)
	at org.apache.hadoop.mapred.Child$4.run(Child.java:255)
	at java.security.AccessController.doPrivileged(Native Method)
	at javax.security.auth.Subject.doAs(Subject.java:415)
	at org.apache.hadoop.security.UserGroupInformation.doAs(UserGroupInformation.java:1190)
	at org.apache.hadoop.mapred.Child.main(Child.java:249)
Caused by: org.apache.hadoop.util.DiskChecker$DiskErrorException: Could not find any valid local directory for output/map_239.out
	at org.apache.hadoop.fs.LocalDirAllocator$AllocatorPerContext.getLocalPathForWrite(LocalDirAllocator.java:381)
	at org.apache.hadoop.fs.LocalDirAllocator.getLocalPathForWrite(LocalDirAllocator.java:146)
	at org.apache.hadoop.fs.LocalDirAllocator.getLocalPathForWrite(LocalDirAllocator.java:127)
	at org.apache.hadoop.mapred.MapOutputFile.getInputFileForWrite(MapOutputFile.java:176)
	at org.apache.hadoop.mapred.ReduceTask$ReduceCopier$InMemFSMergeThread.doInMemMerge(ReduceTask.java:2798)
	at org.apache.hadoop.mapred.ReduceTask$ReduceCopier$InMemFSMergeThread.run(ReduceTask.java:2762)

14/06/14 07:56:53 INFO mapred.JobClient:  map 72% reduce 8%
14/06/14 07:56:57 INFO mapred.JobClient: Task Id : attempt_201406131535_0014_r_000011_0, Status : FAILED
java.io.IOException: Task: attempt_201406131535_0014_r_000011_0 - The reduce copier failed
	at org.apache.hadoop.mapred.ReduceTask.run(ReduceTask.java:390)
	at org.apache.hadoop.mapred.Child$4.run(Child.java:255)
	at java.security.AccessController.doPrivileged(Native Method)
	at javax.security.auth.Subject.doAs(Subject.java:415)
	at org.apache.hadoop.security.UserGroupInformation.doAs(UserGroupInformation.java:1190)
	at org.apache.hadoop.mapred.Child.main(Child.java:249)
Caused by: org.apache.hadoop.util.DiskChecker$DiskErrorException: Could not find any valid local directory for file:/scratch/hadoop/mapred/local/taskTracker/hadoop/jobcache/job_201406131535_0014/attempt_201406131535_0014_r_000011_0/output/map_2808.out
	at org.apache.hadoop.fs.LocalDirAllocator$AllocatorPerContext.getLocalPathForWrite(LocalDirAllocator.java:381)
	at org.apache.hadoop.fs.LocalDirAllocator.getLocalPathForWrite(LocalDirAllocator.java:146)
	at org.apache.hadoop.fs.LocalDirAllocator.getLocalPathForWrite(LocalDirAllocator.java:127)
	at org.apache.hadoop.mapred.ReduceTask$ReduceCopier$LocalFSMerger.run(ReduceTask.java:2690)

14/06/14 07:56:59 INFO mapred.JobClient:  map 72% reduce 7%
14/06/14 07:57:22 INFO mapred.JobClient: Task Id : attempt_201406131535_0014_r_000007_1, Status : FAILED
java.io.IOException: Task: attempt_201406131535_0014_r_000007_1 - The reduce copier failed
	at org.apache.hadoop.mapred.ReduceTask.run(ReduceTask.java:390)
	at org.apache.hadoop.mapred.Child$4.run(Child.java:255)
	at java.security.AccessController.doPrivileged(Native Method)
	at javax.security.auth.Subject.doAs(Subject.java:415)
	at org.apache.hadoop.security.UserGroupInformation.doAs(UserGroupInformation.java:1190)
	at org.apache.hadoop.mapred.Child.main(Child.java:249)
Caused by: org.apache.hadoop.util.DiskChecker$DiskErrorException: Could not find any valid local directory for output/map_226.out
	at org.apache.hadoop.fs.LocalDirAllocator$AllocatorPerContext.getLocalPathForWrite(LocalDirAllocator.java:381)
	at org.apache.hadoop.fs.LocalDirAllocator.getLocalPathForWrite(LocalDirAllocator.java:146)
	at org.apache.hadoop.fs.LocalDirAllocator.getLocalPathForWrite(LocalDirAllocator.java:127)
	at org.apache.hadoop.mapred.MapOutputFile.getInputFileForWrite(MapOutputFile.java:176)
	at org.apache.hadoop.mapred.ReduceTask$ReduceCopier$InMemFSMergeThread.doInMemMerge(ReduceTask.java:2798)
	at org.apache.hadoop.mapred.ReduceTask$ReduceCopier$InMemFSMergeThread.run(ReduceTask.java:2762)

14/06/14 07:57:28 INFO mapred.JobClient: Task Id : attempt_201406131535_0014_r_000028_2, Status : FAILED
java.io.IOException: Task: attempt_201406131535_0014_r_000028_2 - The reduce copier failed
	at org.apache.hadoop.mapred.ReduceTask.run(ReduceTask.java:390)
	at org.apache.hadoop.mapred.Child$4.run(Child.java:255)
	at java.security.AccessController.doPrivileged(Native Method)
	at javax.security.auth.Subject.doAs(Subject.java:415)
	at org.apache.hadoop.security.UserGroupInformation.doAs(UserGroupInformation.java:1190)
	at org.apache.hadoop.mapred.Child.main(Child.java:249)
Caused by: org.apache.hadoop.util.DiskChecker$DiskErrorException: Could not find any valid local directory for output/map_92.out
	at org.apache.hadoop.fs.LocalDirAllocator$AllocatorPerContext.getLocalPathForWrite(LocalDirAllocator.java:381)
	at org.apache.hadoop.fs.LocalDirAllocator.getLocalPathForWrite(LocalDirAllocator.java:146)
	at org.apache.hadoop.fs.LocalDirAllocator.getLocalPathForWrite(LocalDirAllocator.java:127)
	at org.apache.hadoop.mapred.MapOutputFile.getInputFileForWrite(MapOutputFile.java:176)
	at org.apache.hadoop.mapred.ReduceTask$ReduceCopier$InMemFSMergeThread.doInMemMerge(ReduceTask.java:2798)
	at org.apache.hadoop.mapred.ReduceTask$ReduceCopier$InMemFSMergeThread.run(ReduceTask.java:2762)

14/06/14 07:57:36 INFO mapred.JobClient:  map 72% reduce 8%
14/06/14 07:57:38 INFO mapred.JobClient:  map 72% reduce 7%
14/06/14 07:57:41 INFO mapred.JobClient:  map 72% reduce 8%
14/06/14 07:57:46 INFO mapred.JobClient: Task Id : attempt_201406131535_0014_r_000040_2, Status : FAILED
14/06/14 07:57:46 WARN mapred.JobClient: Error reading task outputhttp://hadoop-25:50060/tasklog?plaintext=true&attemptid=attempt_201406131535_0014_r_000040_2&filter=stdout
14/06/14 07:57:46 WARN mapred.JobClient: Error reading task outputhttp://hadoop-25:50060/tasklog?plaintext=true&attemptid=attempt_201406131535_0014_r_000040_2&filter=stderr
14/06/14 07:57:54 INFO mapred.JobClient:  map 73% reduce 8%
14/06/14 07:58:46 INFO mapred.JobClient:  map 74% reduce 8%
14/06/14 07:59:41 INFO mapred.JobClient:  map 75% reduce 8%
14/06/14 07:59:45 INFO mapred.JobClient: Task Id : attempt_201406131535_0014_m_003233_0, Status : FAILED
java.io.IOException: Spill failed
	at org.apache.hadoop.mapred.MapTask$MapOutputBuffer.collect(MapTask.java:1034)
	at org.apache.hadoop.mapred.MapTask$OldOutputCollector.collect(MapTask.java:591)
	at org.apache.hadoop.mapred.lib.IdentityMapper.map(IdentityMapper.java:38)
	at org.apache.hadoop.mapred.MapRunner.run(MapRunner.java:50)
	at org.apache.hadoop.mapred.MapTask.runOldMapper(MapTask.java:430)
	at org.apache.hadoop.mapred.MapTask.run(MapTask.java:366)
	at org.apache.hadoop.mapred.Child$4.run(Child.java:255)
	at java.security.AccessController.doPrivileged(Native Method)
	at javax.security.auth.Subject.doAs(Subject.java:415)
	at org.apache.hadoop.security.UserGroupInformation.doAs(UserGroupInformation.java:1190)
	at org.apache.hadoop.mapred.Child.main(Child.java:249)
Caused by: org.apache.hadoop.util.DiskChecker$DiskErrorException: Could not find any valid local directory for output/spill3.out
	at org.apache.hadoop.fs.LocalDirAllocator$AllocatorPerContext.getLocalPathForWrite(LocalDirAllocator.java:381)
	at org.apache.hadoop.fs.LocalDirAllocator.getLocalPathForWrite(LocalDirAllocator.java:146)
	at org.apache.hadoop.fs.LocalDirAllocator.getLocalPathForWrite(LocalDirAllocator.java:127)
	at org.apache.hadoop.mapred.MapOutputFile.getSpillFileForWrite(MapOutputFile.java:121)
	at org.apache.hadoop.mapred.MapTask$MapOutputBuffer.sortAndSpill(MapTask.java:1397)
	at org.apache.hadoop.mapred.MapTask$MapOutputBuffer.access$1800(MapTask.java:858)
	at org.apache.hadoop.mapred.MapTask$MapOutputBuffer$SpillThread.run(MapTask.java:1349)

14/06/14 08:00:36 INFO mapred.JobClient:  map 76% reduce 8%
14/06/14 08:01:02 INFO mapred.JobClient: Task Id : attempt_201406131535_0014_r_000023_2, Status : FAILED
java.io.IOException: Task: attempt_201406131535_0014_r_000023_2 - The reduce copier failed
	at org.apache.hadoop.mapred.ReduceTask.run(ReduceTask.java:390)
	at org.apache.hadoop.mapred.Child$4.run(Child.java:255)
	at java.security.AccessController.doPrivileged(Native Method)
	at javax.security.auth.Subject.doAs(Subject.java:415)
	at org.apache.hadoop.security.UserGroupInformation.doAs(UserGroupInformation.java:1190)
	at org.apache.hadoop.mapred.Child.main(Child.java:249)
Caused by: org.apache.hadoop.util.DiskChecker$DiskErrorException: Could not find any valid local directory for output/map_663.out
	at org.apache.hadoop.fs.LocalDirAllocator$AllocatorPerContext.getLocalPathForWrite(LocalDirAllocator.java:381)
	at org.apache.hadoop.fs.LocalDirAllocator.getLocalPathForWrite(LocalDirAllocator.java:146)
	at org.apache.hadoop.fs.LocalDirAllocator.getLocalPathForWrite(LocalDirAllocator.java:127)
	at org.apache.hadoop.mapred.MapOutputFile.getInputFileForWrite(MapOutputFile.java:176)
	at org.apache.hadoop.mapred.ReduceTask$ReduceCopier$InMemFSMergeThread.doInMemMerge(ReduceTask.java:2798)
	at org.apache.hadoop.mapred.ReduceTask$ReduceCopier$InMemFSMergeThread.run(ReduceTask.java:2762)

14/06/14 08:01:24 INFO mapred.JobClient:  map 77% reduce 8%
14/06/14 08:02:15 INFO mapred.JobClient:  map 78% reduce 8%
14/06/14 08:03:00 INFO mapred.JobClient: Task Id : attempt_201406131535_0014_m_003600_0, Status : FAILED
java.io.IOException: Spill failed
	at org.apache.hadoop.mapred.MapTask$MapOutputBuffer.collect(MapTask.java:1034)
	at org.apache.hadoop.mapred.MapTask$OldOutputCollector.collect(MapTask.java:591)
	at org.apache.hadoop.mapred.lib.IdentityMapper.map(IdentityMapper.java:38)
	at org.apache.hadoop.mapred.MapRunner.run(MapRunner.java:50)
	at org.apache.hadoop.mapred.MapTask.runOldMapper(MapTask.java:430)
	at org.apache.hadoop.mapred.MapTask.run(MapTask.java:366)
	at org.apache.hadoop.mapred.Child$4.run(Child.java:255)
	at java.security.AccessController.doPrivileged(Native Method)
	at javax.security.auth.Subject.doAs(Subject.java:415)
	at org.apache.hadoop.security.UserGroupInformation.doAs(UserGroupInformation.java:1190)
	at org.apache.hadoop.mapred.Child.main(Child.java:249)
Caused by: org.apache.hadoop.util.DiskChecker$DiskErrorException: Could not find any valid local directory for output/spill3.out
	at org.apache.hadoop.fs.LocalDirAllocator$AllocatorPerContext.getLocalPathForWrite(LocalDirAllocator.java:381)
	at org.apache.hadoop.fs.LocalDirAllocator.getLocalPathForWrite(LocalDirAllocator.java:146)
	at org.apache.hadoop.fs.LocalDirAllocator.getLocalPathForWrite(LocalDirAllocator.java:127)
	at org.apache.hadoop.mapred.MapOutputFile.getSpillFileForWrite(MapOutputFile.java:121)
	at org.apache.hadoop.mapred.MapTask$MapOutputBuffer.sortAndSpill(MapTask.java:1397)
	at org.apache.hadoop.mapred.MapTask$MapOutputBuffer.access$1800(MapTask.java:858)
	at org.apache.hadoop.mapred.MapTask$MapOutputBuffer$SpillThread.run(MapTask.java:1349)

14/06/14 08:03:08 INFO mapred.JobClient:  map 79% reduce 8%
14/06/14 08:03:30 INFO mapred.JobClient: Task Id : attempt_201406131535_0014_r_000019_0, Status : FAILED
java.io.IOException: Task: attempt_201406131535_0014_r_000019_0 - The reduce copier failed
	at org.apache.hadoop.mapred.ReduceTask.run(ReduceTask.java:390)
	at org.apache.hadoop.mapred.Child$4.run(Child.java:255)
	at java.security.AccessController.doPrivileged(Native Method)
	at javax.security.auth.Subject.doAs(Subject.java:415)
	at org.apache.hadoop.security.UserGroupInformation.doAs(UserGroupInformation.java:1190)
	at org.apache.hadoop.mapred.Child.main(Child.java:249)
Caused by: org.apache.hadoop.util.DiskChecker$DiskErrorException: Could not find any valid local directory for output/map_3461.out
	at org.apache.hadoop.fs.LocalDirAllocator$AllocatorPerContext.getLocalPathForWrite(LocalDirAllocator.java:381)
	at org.apache.hadoop.fs.LocalDirAllocator.getLocalPathForWrite(LocalDirAllocator.java:146)
	at org.apache.hadoop.fs.LocalDirAllocator.getLocalPathForWrite(LocalDirAllocator.java:127)
	at org.apache.hadoop.mapred.MapOutputFile.getInputFileForWrite(MapOutputFile.java:176)
	at org.apache.hadoop.mapred.ReduceTask$ReduceCopier$InMemFSMergeThread.doInMemMerge(ReduceTask.java:2798)
	at org.apache.hadoop.mapred.ReduceTask$ReduceCopier$InMemFSMergeThread.run(ReduceTask.java:2762)

attempt_201406131535_0014_r_000019_0: log4j:WARN No appenders could be found for logger (org.apache.hadoop.mapred.Task).
attempt_201406131535_0014_r_000019_0: log4j:WARN Please initialize the log4j system properly.
14/06/14 08:03:47 INFO mapred.JobClient: Job complete: job_201406131535_0014
14/06/14 08:03:47 INFO mapred.JobClient: Counters: 26
14/06/14 08:03:47 INFO mapred.JobClient:   Job Counters 
14/06/14 08:03:47 INFO mapred.JobClient:     Launched reduce tasks=53
14/06/14 08:03:47 INFO mapred.JobClient:     SLOTS_MILLIS_MAPS=132489932
14/06/14 08:03:47 INFO mapred.JobClient:     Total time spent by all reduces waiting after reserving slots (ms)=0
14/06/14 08:03:47 INFO mapred.JobClient:     Total time spent by all maps waiting after reserving slots (ms)=0
14/06/14 08:03:47 INFO mapred.JobClient:     Rack-local map tasks=10
14/06/14 08:03:47 INFO mapred.JobClient:     Launched map tasks=3608
14/06/14 08:03:47 INFO mapred.JobClient:     Data-local map tasks=3598
14/06/14 08:03:47 INFO mapred.JobClient:     Failed reduce tasks=1
14/06/14 08:03:47 INFO mapred.JobClient:     SLOTS_MILLIS_REDUCES=115576934
14/06/14 08:03:47 INFO mapred.JobClient:   File Input Format Counters 
14/06/14 08:03:47 INFO mapred.JobClient:     Bytes Read=479356518400
14/06/14 08:03:47 INFO mapred.JobClient:   FileSystemCounters
14/06/14 08:03:47 INFO mapred.JobClient:     FILE_BYTES_READ=677000287614
14/06/14 08:03:47 INFO mapred.JobClient:     HDFS_BYTES_READ=479356950128
14/06/14 08:03:47 INFO mapred.JobClient:     FILE_BYTES_WRITTEN=977162417804
14/06/14 08:03:47 INFO mapred.JobClient:   Map-Reduce Framework
14/06/14 08:03:47 INFO mapred.JobClient:     Map output materialized bytes=488468777490
14/06/14 08:03:47 INFO mapred.JobClient:     Map input records=4788888595
14/06/14 08:03:47 INFO mapred.JobClient:     Spilled Records=9577777190
14/06/14 08:03:47 INFO mapred.JobClient:     Map output bytes=478888859500
14/06/14 08:03:47 INFO mapred.JobClient:     Total committed heap usage (bytes)=496787587072
14/06/14 08:03:47 INFO mapred.JobClient:     CPU time spent (ms)=28202340
14/06/14 08:03:47 INFO mapred.JobClient:     Map input bytes=478888859500
14/06/14 08:03:47 INFO mapred.JobClient:     SPLIT_RAW_BYTES=431728
14/06/14 08:03:47 INFO mapred.JobClient:     Combine input records=0
14/06/14 08:03:47 INFO mapred.JobClient:     Combine output records=0
14/06/14 08:03:47 INFO mapred.JobClient:     Physical memory (bytes) snapshot=681615405056
14/06/14 08:03:47 INFO mapred.JobClient:     Virtual memory (bytes) snapshot=2621294260224
14/06/14 08:03:47 INFO mapred.JobClient:     Map output records=4788888595
14/06/14 08:03:47 INFO mapred.JobClient: Job Failed: # of failed Reduce Tasks exceeded allowed limit. FailedCount: 1. LastFailedTask: task_201406131535_0014_r_000021
java.io.IOException: Job failed!
	at org.apache.hadoop.mapred.JobClient.runJob(JobClient.java:1357)
	at org.apache.hadoop.examples.terasort.TeraSort.run(TeraSort.java:248)
	at org.apache.hadoop.util.ToolRunner.run(ToolRunner.java:65)
	at org.apache.hadoop.examples.terasort.TeraSort.main(TeraSort.java:257)
	at sun.reflect.NativeMethodAccessorImpl.invoke0(Native Method)
	at sun.reflect.NativeMethodAccessorImpl.invoke(NativeMethodAccessorImpl.java:57)
	at sun.reflect.DelegatingMethodAccessorImpl.invoke(DelegatingMethodAccessorImpl.java:43)
	at java.lang.reflect.Method.invoke(Method.java:606)
	at org.apache.hadoop.util.ProgramDriver$ProgramDescription.invoke(ProgramDriver.java:68)
	at org.apache.hadoop.util.ProgramDriver.driver(ProgramDriver.java:139)
	at org.apache.hadoop.examples.ExampleDriver.main(ExampleDriver.java:64)
	at sun.reflect.NativeMethodAccessorImpl.invoke0(Native Method)
	at sun.reflect.NativeMethodAccessorImpl.invoke(NativeMethodAccessorImpl.java:57)
	at sun.reflect.DelegatingMethodAccessorImpl.invoke(DelegatingMethodAccessorImpl.java:43)
	at java.lang.reflect.Method.invoke(Method.java:606)
	at org.apache.hadoop.util.RunJar.main(RunJar.java:160)

real	58m14.312s
user	0m10.271s
sys	0m1.534s
