14/06/13 16:53:32 INFO terasort.TeraSort: starting
14/06/13 16:53:33 INFO mapred.FileInputFormat: Total input paths to process : 100
14/06/13 16:53:33 WARN snappy.LoadSnappy: Snappy native library is available
14/06/13 16:53:33 INFO util.NativeCodeLoader: Loaded the native-hadoop library
14/06/13 16:53:33 INFO snappy.LoadSnappy: Snappy native library loaded
14/06/13 16:53:39 INFO zlib.ZlibFactory: Successfully loaded & initialized native-zlib library
14/06/13 16:53:39 INFO compress.CodecPool: Got brand-new compressor
Making 100 from 100000 records
Step size is 1000.0
14/06/13 16:53:41 INFO mapred.FileInputFormat: Total input paths to process : 100
14/06/13 16:53:46 INFO mapred.JobClient: Running job: job_201406131535_0004
14/06/13 16:53:47 INFO mapred.JobClient:  map 0% reduce 0%
14/06/13 16:54:05 INFO mapred.JobClient:  map 1% reduce 0%
14/06/13 16:54:07 INFO mapred.JobClient:  map 2% reduce 0%
14/06/13 16:54:09 INFO mapred.JobClient:  map 3% reduce 0%
14/06/13 16:54:12 INFO mapred.JobClient:  map 4% reduce 0%
14/06/13 16:54:18 INFO mapred.JobClient:  map 5% reduce 0%
14/06/13 16:54:25 INFO mapred.JobClient:  map 6% reduce 0%
14/06/13 16:54:31 INFO mapred.JobClient:  map 7% reduce 0%
14/06/13 16:54:41 INFO mapred.JobClient:  map 8% reduce 0%
14/06/13 16:54:47 INFO mapred.JobClient:  map 9% reduce 0%
14/06/13 16:54:52 INFO mapred.JobClient:  map 10% reduce 0%
14/06/13 16:54:59 INFO mapred.JobClient:  map 11% reduce 0%
14/06/13 16:55:05 INFO mapred.JobClient:  map 12% reduce 0%
14/06/13 16:55:11 INFO mapred.JobClient:  map 13% reduce 1%
14/06/13 16:55:17 INFO mapred.JobClient:  map 14% reduce 1%
14/06/13 16:55:26 INFO mapred.JobClient:  map 15% reduce 1%
14/06/13 16:55:33 INFO mapred.JobClient:  map 16% reduce 1%
14/06/13 16:55:41 INFO mapred.JobClient:  map 17% reduce 1%
14/06/13 16:55:45 INFO mapred.JobClient:  map 18% reduce 1%
14/06/13 16:55:52 INFO mapred.JobClient:  map 18% reduce 2%
14/06/13 16:55:58 INFO mapred.JobClient:  map 19% reduce 2%
14/06/13 16:56:02 INFO mapred.JobClient:  map 20% reduce 2%
14/06/13 16:56:06 INFO mapred.JobClient:  map 21% reduce 2%
14/06/13 16:56:16 INFO mapred.JobClient:  map 22% reduce 2%
14/06/13 16:56:20 INFO mapred.JobClient:  map 23% reduce 2%
14/06/13 16:56:25 INFO mapred.JobClient:  map 24% reduce 2%
14/06/13 16:56:30 INFO mapred.JobClient:  map 25% reduce 2%
14/06/13 16:56:36 INFO mapred.JobClient:  map 26% reduce 3%
14/06/13 16:56:41 INFO mapred.JobClient:  map 27% reduce 3%
14/06/13 16:56:48 INFO mapred.JobClient:  map 28% reduce 3%
14/06/13 16:56:56 INFO mapred.JobClient:  map 29% reduce 3%
14/06/13 16:57:04 INFO mapred.JobClient:  map 30% reduce 3%
14/06/13 16:57:09 INFO mapred.JobClient:  map 31% reduce 3%
14/06/13 16:57:14 INFO mapred.JobClient:  map 32% reduce 3%
14/06/13 16:57:20 INFO mapred.JobClient:  map 33% reduce 3%
14/06/13 16:57:22 INFO mapred.JobClient:  map 33% reduce 4%
14/06/13 16:57:25 INFO mapred.JobClient:  map 34% reduce 4%
14/06/13 16:57:30 INFO mapred.JobClient:  map 35% reduce 4%
14/06/13 16:57:35 INFO mapred.JobClient:  map 36% reduce 4%
14/06/13 16:57:41 INFO mapred.JobClient:  map 37% reduce 4%
14/06/13 16:57:49 INFO mapred.JobClient:  map 38% reduce 4%
14/06/13 16:57:56 INFO mapred.JobClient:  map 39% reduce 4%
14/06/13 16:58:02 INFO mapred.JobClient:  map 40% reduce 4%
14/06/13 16:58:07 INFO mapred.JobClient:  map 40% reduce 5%
14/06/13 16:58:09 INFO mapred.JobClient:  map 41% reduce 5%
14/06/13 16:58:15 INFO mapred.JobClient:  map 42% reduce 5%
14/06/13 16:58:20 INFO mapred.JobClient:  map 43% reduce 5%
14/06/13 16:58:25 INFO mapred.JobClient:  map 44% reduce 5%
14/06/13 16:58:29 INFO mapred.JobClient:  map 45% reduce 5%
14/06/13 16:58:36 INFO mapred.JobClient:  map 46% reduce 5%
14/06/13 16:58:42 INFO mapred.JobClient:  map 47% reduce 5%
14/06/13 16:58:50 INFO mapred.JobClient:  map 48% reduce 6%
14/06/13 16:58:55 INFO mapred.JobClient:  map 49% reduce 6%
14/06/13 16:59:02 INFO mapred.JobClient:  map 50% reduce 6%
14/06/13 16:59:09 INFO mapred.JobClient:  map 51% reduce 6%
14/06/13 16:59:13 INFO mapred.JobClient:  map 52% reduce 6%
14/06/13 16:59:19 INFO mapred.JobClient:  map 53% reduce 6%
14/06/13 16:59:24 INFO mapred.JobClient:  map 54% reduce 6%
14/06/13 16:59:28 INFO mapred.JobClient:  map 55% reduce 6%
14/06/13 16:59:34 INFO mapred.JobClient:  map 56% reduce 6%
14/06/13 16:59:37 INFO mapred.JobClient:  map 56% reduce 7%
14/06/13 16:59:43 INFO mapred.JobClient:  map 57% reduce 7%
14/06/13 16:59:48 INFO mapred.JobClient:  map 58% reduce 7%
14/06/13 16:59:55 INFO mapred.JobClient:  map 59% reduce 7%
14/06/13 17:00:02 INFO mapred.JobClient:  map 60% reduce 7%
14/06/13 17:00:07 INFO mapred.JobClient:  map 61% reduce 7%
14/06/13 17:00:12 INFO mapred.JobClient:  map 62% reduce 7%
14/06/13 17:00:18 INFO mapred.JobClient:  map 63% reduce 7%
14/06/13 17:00:20 INFO mapred.JobClient:  map 63% reduce 8%
14/06/13 17:00:25 INFO mapred.JobClient:  map 64% reduce 8%
14/06/13 17:00:29 INFO mapred.JobClient:  map 65% reduce 8%
14/06/13 17:00:33 INFO mapred.JobClient:  map 66% reduce 8%
14/06/13 17:00:42 INFO mapred.JobClient:  map 67% reduce 8%
14/06/13 17:00:48 INFO mapred.JobClient:  map 68% reduce 8%
14/06/13 17:00:54 INFO mapred.JobClient:  map 69% reduce 8%
14/06/13 17:01:00 INFO mapred.JobClient:  map 70% reduce 8%
14/06/13 17:01:04 INFO mapred.JobClient:  map 70% reduce 9%
14/06/13 17:01:06 INFO mapred.JobClient:  map 71% reduce 9%
14/06/13 17:01:13 INFO mapred.JobClient:  map 72% reduce 9%
14/06/13 17:01:18 INFO mapred.JobClient:  map 73% reduce 9%
14/06/13 17:01:23 INFO mapred.JobClient:  map 74% reduce 9%
14/06/13 17:01:29 INFO mapred.JobClient:  map 75% reduce 9%
14/06/13 17:01:36 INFO mapred.JobClient:  map 76% reduce 9%
14/06/13 17:01:40 INFO mapred.JobClient:  map 77% reduce 9%
14/06/13 17:01:46 INFO mapred.JobClient:  map 78% reduce 9%
14/06/13 17:01:51 INFO mapred.JobClient:  map 78% reduce 10%
14/06/13 17:01:55 INFO mapred.JobClient:  map 79% reduce 10%
14/06/13 17:02:01 INFO mapred.JobClient:  map 80% reduce 10%
14/06/13 17:02:04 INFO mapred.JobClient:  map 81% reduce 10%
14/06/13 17:02:11 INFO mapred.JobClient:  map 82% reduce 10%
14/06/13 17:02:17 INFO mapred.JobClient:  map 83% reduce 10%
14/06/13 17:02:21 INFO mapred.JobClient:  map 84% reduce 10%
14/06/13 17:02:26 INFO mapred.JobClient:  map 85% reduce 10%
14/06/13 17:02:30 INFO mapred.JobClient:  map 85% reduce 11%
14/06/13 17:02:31 INFO mapred.JobClient:  map 86% reduce 11%
14/06/13 17:02:36 INFO mapred.JobClient:  map 87% reduce 11%
14/06/13 17:02:42 INFO mapred.JobClient:  map 88% reduce 11%
14/06/13 17:02:45 INFO mapred.JobClient:  map 89% reduce 11%
14/06/13 17:02:49 INFO mapred.JobClient:  map 90% reduce 11%
14/06/13 17:02:54 INFO mapred.JobClient:  map 91% reduce 11%
14/06/13 17:02:56 INFO mapred.JobClient:  map 92% reduce 11%
14/06/13 17:03:02 INFO mapred.JobClient:  map 93% reduce 12%
14/06/13 17:03:05 INFO mapred.JobClient:  map 94% reduce 12%
14/06/13 17:03:09 INFO mapred.JobClient:  map 95% reduce 12%
14/06/13 17:03:13 INFO mapred.JobClient:  map 96% reduce 12%
14/06/13 17:03:18 INFO mapred.JobClient:  map 97% reduce 12%
14/06/13 17:03:22 INFO mapred.JobClient:  map 98% reduce 12%
14/06/13 17:03:26 INFO mapred.JobClient:  map 99% reduce 12%
14/06/13 17:03:29 INFO mapred.JobClient:  map 99% reduce 13%
14/06/13 17:03:44 INFO mapred.JobClient:  map 100% reduce 13%
14/06/13 17:03:49 INFO mapred.JobClient:  map 100% reduce 14%
14/06/13 17:03:50 INFO mapred.JobClient:  map 100% reduce 15%
14/06/13 17:03:51 INFO mapred.JobClient:  map 100% reduce 16%
14/06/13 17:03:52 INFO mapred.JobClient:  map 100% reduce 18%
14/06/13 17:03:53 INFO mapred.JobClient:  map 100% reduce 19%
14/06/13 17:03:54 INFO mapred.JobClient:  map 100% reduce 22%
14/06/13 17:03:55 INFO mapred.JobClient:  map 100% reduce 23%
14/06/13 17:03:56 INFO mapred.JobClient:  map 100% reduce 24%
14/06/13 17:03:59 INFO mapred.JobClient:  map 100% reduce 25%
14/06/13 17:04:03 INFO mapred.JobClient:  map 100% reduce 26%
14/06/13 17:04:07 INFO mapred.JobClient:  map 100% reduce 27%
14/06/13 17:04:13 INFO mapred.JobClient:  map 100% reduce 28%
14/06/13 17:04:17 INFO mapred.JobClient:  map 100% reduce 29%
14/06/13 17:04:21 INFO mapred.JobClient:  map 100% reduce 30%
14/06/13 17:04:28 INFO mapred.JobClient:  map 100% reduce 31%
14/06/13 17:04:37 INFO mapred.JobClient:  map 100% reduce 32%
14/06/13 17:04:42 INFO mapred.JobClient:  map 100% reduce 33%
14/06/13 17:04:46 INFO mapred.JobClient:  map 100% reduce 34%
14/06/13 17:04:57 INFO mapred.JobClient:  map 100% reduce 35%
14/06/13 17:05:09 INFO mapred.JobClient:  map 100% reduce 36%
14/06/13 17:05:23 INFO mapred.JobClient:  map 100% reduce 37%
14/06/13 17:05:43 INFO mapred.JobClient:  map 100% reduce 38%
14/06/13 17:06:00 INFO mapred.JobClient:  map 100% reduce 39%
14/06/13 17:06:19 INFO mapred.JobClient:  map 100% reduce 40%
14/06/13 17:06:38 INFO mapred.JobClient:  map 100% reduce 41%
14/06/13 17:06:57 INFO mapred.JobClient:  map 100% reduce 42%
14/06/13 17:07:17 INFO mapred.JobClient:  map 100% reduce 43%
14/06/13 17:07:33 INFO mapred.JobClient:  map 100% reduce 44%
14/06/13 17:07:49 INFO mapred.JobClient:  map 100% reduce 45%
14/06/13 17:08:04 INFO mapred.JobClient:  map 100% reduce 46%
14/06/13 17:08:22 INFO mapred.JobClient:  map 100% reduce 47%
14/06/13 17:08:43 INFO mapred.JobClient:  map 100% reduce 48%
14/06/13 17:08:53 INFO mapred.JobClient:  map 100% reduce 49%
14/06/13 17:08:54 INFO mapred.JobClient:  map 100% reduce 50%
14/06/13 17:08:56 INFO mapred.JobClient:  map 100% reduce 51%
14/06/13 17:09:00 INFO mapred.JobClient:  map 100% reduce 52%
14/06/13 17:09:07 INFO mapred.JobClient:  map 100% reduce 53%
14/06/13 17:09:12 INFO mapred.JobClient:  map 100% reduce 54%
14/06/13 17:09:20 INFO mapred.JobClient:  map 100% reduce 55%
14/06/13 17:09:28 INFO mapred.JobClient:  map 100% reduce 56%
14/06/13 17:09:36 INFO mapred.JobClient:  map 100% reduce 57%
14/06/13 17:09:42 INFO mapred.JobClient:  map 100% reduce 58%
14/06/13 17:09:51 INFO mapred.JobClient:  map 100% reduce 59%
14/06/13 17:09:55 INFO mapred.JobClient:  map 100% reduce 60%
14/06/13 17:10:06 INFO mapred.JobClient:  map 100% reduce 61%
14/06/13 17:10:21 INFO mapred.JobClient:  map 100% reduce 62%
14/06/13 17:10:37 INFO mapred.JobClient:  map 100% reduce 63%
14/06/13 17:10:50 INFO mapred.JobClient:  map 100% reduce 64%
14/06/13 17:11:01 INFO mapred.JobClient:  map 100% reduce 65%
14/06/13 17:11:15 INFO mapred.JobClient:  map 100% reduce 66%
14/06/13 17:11:32 INFO mapred.JobClient:  map 100% reduce 67%
14/06/13 17:11:49 INFO mapred.JobClient:  map 100% reduce 68%
14/06/13 17:11:58 INFO mapred.JobClient:  map 100% reduce 69%
14/06/13 17:12:16 INFO mapred.JobClient:  map 100% reduce 70%
14/06/13 17:12:34 INFO mapred.JobClient:  map 100% reduce 71%
14/06/13 17:12:39 INFO mapred.JobClient:  map 100% reduce 72%
14/06/13 17:12:41 INFO mapred.JobClient:  map 100% reduce 73%
14/06/13 17:12:44 INFO mapred.JobClient:  map 100% reduce 74%
14/06/13 17:12:48 INFO mapred.JobClient:  map 100% reduce 75%
14/06/13 17:12:52 INFO mapred.JobClient:  map 100% reduce 76%
14/06/13 17:12:58 INFO mapred.JobClient:  map 100% reduce 77%
14/06/13 17:13:13 INFO mapred.JobClient:  map 100% reduce 78%
14/06/13 17:13:23 INFO mapred.JobClient:  map 100% reduce 79%
14/06/13 17:13:33 INFO mapred.JobClient:  map 100% reduce 80%
14/06/13 17:13:43 INFO mapred.JobClient:  map 100% reduce 81%
14/06/13 17:13:53 INFO mapred.JobClient:  map 100% reduce 82%
14/06/13 17:13:55 INFO mapred.JobClient:  map 100% reduce 83%
14/06/13 17:13:56 INFO mapred.JobClient:  map 100% reduce 84%
14/06/13 17:14:00 INFO mapred.JobClient:  map 100% reduce 85%
14/06/13 17:14:05 INFO mapred.JobClient:  map 100% reduce 86%
14/06/13 17:14:10 INFO mapred.JobClient:  map 100% reduce 87%
14/06/13 17:14:16 INFO mapred.JobClient:  map 100% reduce 88%
14/06/13 17:14:26 INFO mapred.JobClient:  map 100% reduce 89%
14/06/13 17:14:34 INFO mapred.JobClient:  map 100% reduce 90%
14/06/13 17:14:43 INFO mapred.JobClient:  map 100% reduce 91%
14/06/13 17:14:51 INFO mapred.JobClient:  map 100% reduce 92%
14/06/13 17:14:59 INFO mapred.JobClient:  map 100% reduce 93%
14/06/13 17:15:11 INFO mapred.JobClient:  map 100% reduce 94%
14/06/13 17:15:19 INFO mapred.JobClient:  map 100% reduce 95%
14/06/13 17:15:34 INFO mapred.JobClient:  map 100% reduce 96%
14/06/13 17:15:45 INFO mapred.JobClient:  map 100% reduce 97%
14/06/13 17:16:14 INFO mapred.JobClient:  map 100% reduce 98%
14/06/13 17:17:03 INFO mapred.JobClient:  map 100% reduce 99%
14/06/13 17:18:32 INFO mapred.JobClient:  map 100% reduce 100%
14/06/13 17:18:35 INFO mapred.JobClient: Job complete: job_201406131535_0004
14/06/13 17:18:35 INFO mapred.JobClient: Counters: 31
14/06/13 17:18:35 INFO mapred.JobClient:   Job Counters 
14/06/13 17:18:35 INFO mapred.JobClient:     Launched reduce tasks=108
14/06/13 17:18:35 INFO mapred.JobClient:     SLOTS_MILLIS_MAPS=22500881
14/06/13 17:18:35 INFO mapred.JobClient:     Total time spent by all reduces waiting after reserving slots (ms)=0
14/06/13 17:18:35 INFO mapred.JobClient:     Total time spent by all maps waiting after reserving slots (ms)=0
14/06/13 17:18:35 INFO mapred.JobClient:     Rack-local map tasks=24
14/06/13 17:18:35 INFO mapred.JobClient:     Launched map tasks=823
14/06/13 17:18:35 INFO mapred.JobClient:     Data-local map tasks=799
14/06/13 17:18:35 INFO mapred.JobClient:     SLOTS_MILLIS_REDUCES=50525011
14/06/13 17:18:35 INFO mapred.JobClient:   File Input Format Counters 
14/06/13 17:18:35 INFO mapred.JobClient:     Bytes Read=100091750400
14/06/13 17:18:35 INFO mapred.JobClient:   File Output Format Counters 
14/06/13 17:18:35 INFO mapred.JobClient:     Bytes Written=100000000000
14/06/13 17:18:35 INFO mapred.JobClient:   FileSystemCounters
14/06/13 17:18:35 INFO mapred.JobClient:     FILE_BYTES_READ=243351015848
14/06/13 17:18:35 INFO mapred.JobClient:     HDFS_BYTES_READ=100091847200
14/06/13 17:18:35 INFO mapred.JobClient:     FILE_BYTES_WRITTEN=307243923414
14/06/13 17:18:35 INFO mapred.JobClient:     HDFS_BYTES_WRITTEN=100000000000
14/06/13 17:18:35 INFO mapred.JobClient:   Map-Reduce Framework
14/06/13 17:18:35 INFO mapred.JobClient:     Map output materialized bytes=102000480000
14/06/13 17:18:35 INFO mapred.JobClient:     Map input records=1000000000
14/06/13 17:18:35 INFO mapred.JobClient:     Reduce shuffle bytes=102000480000
14/06/13 17:18:35 INFO mapred.JobClient:     Spilled Records=3011636929
14/06/13 17:18:35 INFO mapred.JobClient:     Map output bytes=100000000000
14/06/13 17:18:35 INFO mapred.JobClient:     Total committed heap usage (bytes)=131984785408
14/06/13 17:18:35 INFO mapred.JobClient:     CPU time spent (ms)=10721860
14/06/13 17:18:35 INFO mapred.JobClient:     Map input bytes=100000000000
14/06/13 17:18:35 INFO mapred.JobClient:     SPLIT_RAW_BYTES=96800
14/06/13 17:18:35 INFO mapred.JobClient:     Combine input records=0
14/06/13 17:18:35 INFO mapred.JobClient:     Reduce input records=1000000000
14/06/13 17:18:35 INFO mapred.JobClient:     Reduce input groups=1000000000
14/06/13 17:18:35 INFO mapred.JobClient:     Combine output records=0
14/06/13 17:18:35 INFO mapred.JobClient:     Physical memory (bytes) snapshot=180394631168
14/06/13 17:18:35 INFO mapred.JobClient:     Reduce output records=1000000000
14/06/13 17:18:35 INFO mapred.JobClient:     Virtual memory (bytes) snapshot=661436534784
14/06/13 17:18:35 INFO mapred.JobClient:     Map output records=1000000000
14/06/13 17:18:35 INFO terasort.TeraSort: done

real	25m4.180s
user	0m6.553s
sys	0m0.792s
