14/06/14 18:12:13 INFO terasort.TeraSort: starting
14/06/14 18:12:14 INFO mapred.FileInputFormat: Total input paths to process : 100
14/06/14 18:12:14 WARN snappy.LoadSnappy: Snappy native library is available
14/06/14 18:12:14 INFO util.NativeCodeLoader: Loaded the native-hadoop library
14/06/14 18:12:14 INFO snappy.LoadSnappy: Snappy native library loaded
14/06/14 18:12:20 INFO zlib.ZlibFactory: Successfully loaded & initialized native-zlib library
14/06/14 18:12:20 INFO compress.CodecPool: Got brand-new compressor
Making 100 from 100000 records
Step size is 1000.0
14/06/14 18:12:22 INFO mapred.FileInputFormat: Total input paths to process : 100
14/06/14 18:12:26 INFO mapred.JobClient: Running job: job_201406131535_0020
14/06/14 18:12:27 INFO mapred.JobClient:  map 0% reduce 0%
14/06/14 18:12:43 INFO mapred.JobClient:  map 2% reduce 0%
14/06/14 18:12:44 INFO mapred.JobClient:  map 4% reduce 0%
14/06/14 18:12:45 INFO mapred.JobClient:  map 6% reduce 0%
14/06/14 18:12:46 INFO mapred.JobClient:  map 7% reduce 0%
14/06/14 18:12:48 INFO mapred.JobClient:  map 8% reduce 0%
14/06/14 18:12:50 INFO mapred.JobClient:  map 9% reduce 0%
14/06/14 18:12:58 INFO mapred.JobClient:  map 10% reduce 0%
14/06/14 18:13:02 INFO mapred.JobClient:  map 11% reduce 0%
14/06/14 18:13:05 INFO mapred.JobClient:  map 12% reduce 0%
14/06/14 18:13:07 INFO mapred.JobClient:  map 13% reduce 0%
14/06/14 18:13:10 INFO mapred.JobClient:  map 14% reduce 0%
14/06/14 18:13:13 INFO mapred.JobClient:  map 15% reduce 0%
14/06/14 18:13:18 INFO mapred.JobClient:  map 16% reduce 0%
14/06/14 18:13:22 INFO mapred.JobClient:  map 17% reduce 1%
14/06/14 18:13:24 INFO mapred.JobClient:  map 18% reduce 1%
14/06/14 18:13:27 INFO mapred.JobClient:  map 19% reduce 1%
14/06/14 18:13:31 INFO mapred.JobClient:  map 20% reduce 1%
14/06/14 18:13:33 INFO mapred.JobClient:  map 21% reduce 1%
14/06/14 18:13:37 INFO mapred.JobClient:  map 22% reduce 2%
14/06/14 18:13:41 INFO mapred.JobClient:  map 23% reduce 2%
14/06/14 18:13:44 INFO mapred.JobClient:  map 24% reduce 2%
14/06/14 18:13:48 INFO mapred.JobClient:  map 25% reduce 2%
14/06/14 18:13:50 INFO mapred.JobClient:  map 26% reduce 2%
14/06/14 18:13:52 INFO mapred.JobClient:  map 27% reduce 2%
14/06/14 18:13:56 INFO mapred.JobClient:  map 28% reduce 2%
14/06/14 18:13:58 INFO mapred.JobClient:  map 29% reduce 2%
14/06/14 18:14:01 INFO mapred.JobClient:  map 30% reduce 2%
14/06/14 18:14:02 INFO mapred.JobClient:  map 30% reduce 3%
14/06/14 18:14:05 INFO mapred.JobClient:  map 31% reduce 3%
14/06/14 18:14:08 INFO mapred.JobClient:  map 32% reduce 3%
14/06/14 18:14:11 INFO mapred.JobClient:  map 33% reduce 3%
14/06/14 18:14:14 INFO mapred.JobClient:  map 34% reduce 3%
14/06/14 18:14:17 INFO mapred.JobClient:  map 35% reduce 3%
14/06/14 18:14:20 INFO mapred.JobClient:  map 36% reduce 3%
14/06/14 18:14:23 INFO mapred.JobClient:  map 37% reduce 3%
14/06/14 18:14:26 INFO mapred.JobClient:  map 38% reduce 4%
14/06/14 18:14:30 INFO mapred.JobClient:  map 39% reduce 4%
14/06/14 18:14:33 INFO mapred.JobClient:  map 40% reduce 4%
14/06/14 18:14:36 INFO mapred.JobClient:  map 41% reduce 4%
14/06/14 18:14:39 INFO mapred.JobClient:  map 42% reduce 4%
14/06/14 18:14:42 INFO mapred.JobClient:  map 43% reduce 4%
14/06/14 18:14:46 INFO mapred.JobClient:  map 44% reduce 4%
14/06/14 18:14:47 INFO mapred.JobClient:  map 44% reduce 5%
14/06/14 18:14:51 INFO mapred.JobClient:  map 45% reduce 5%
14/06/14 18:14:55 INFO mapred.JobClient:  map 46% reduce 5%
14/06/14 18:14:57 INFO mapred.JobClient:  map 47% reduce 5%
14/06/14 18:15:01 INFO mapred.JobClient:  map 48% reduce 5%
14/06/14 18:15:04 INFO mapred.JobClient:  map 49% reduce 5%
14/06/14 18:15:07 INFO mapred.JobClient:  map 50% reduce 5%
14/06/14 18:15:09 INFO mapred.JobClient:  map 51% reduce 5%
14/06/14 18:15:11 INFO mapred.JobClient:  map 52% reduce 5%
14/06/14 18:15:13 INFO mapred.JobClient:  map 52% reduce 6%
14/06/14 18:15:15 INFO mapred.JobClient:  map 53% reduce 6%
14/06/14 18:15:17 INFO mapred.JobClient:  map 54% reduce 6%
14/06/14 18:15:21 INFO mapred.JobClient:  map 55% reduce 6%
14/06/14 18:15:24 INFO mapred.JobClient:  map 56% reduce 6%
14/06/14 18:15:26 INFO mapred.JobClient:  map 57% reduce 6%
14/06/14 18:15:28 INFO mapred.JobClient:  map 58% reduce 6%
14/06/14 18:15:31 INFO mapred.JobClient:  map 59% reduce 6%
14/06/14 18:15:34 INFO mapred.JobClient:  map 60% reduce 6%
14/06/14 18:15:35 INFO mapred.JobClient:  map 60% reduce 7%
14/06/14 18:15:37 INFO mapred.JobClient:  map 61% reduce 7%
14/06/14 18:15:43 INFO mapred.JobClient:  map 62% reduce 7%
14/06/14 18:15:46 INFO mapred.JobClient:  map 63% reduce 7%
14/06/14 18:15:49 INFO mapred.JobClient:  map 64% reduce 7%
14/06/14 18:15:52 INFO mapred.JobClient:  map 65% reduce 7%
14/06/14 18:15:54 INFO mapred.JobClient:  map 66% reduce 7%
14/06/14 18:15:57 INFO mapred.JobClient:  map 67% reduce 8%
14/06/14 18:16:01 INFO mapred.JobClient:  map 68% reduce 8%
14/06/14 18:16:04 INFO mapred.JobClient:  map 69% reduce 8%
14/06/14 18:16:06 INFO mapred.JobClient:  map 70% reduce 8%
14/06/14 18:16:10 INFO mapred.JobClient:  map 71% reduce 8%
14/06/14 18:16:12 INFO mapred.JobClient:  map 72% reduce 8%
14/06/14 18:16:15 INFO mapred.JobClient:  map 73% reduce 8%
14/06/14 18:16:18 INFO mapred.JobClient:  map 74% reduce 9%
14/06/14 18:16:20 INFO mapred.JobClient:  map 75% reduce 9%
14/06/14 18:16:23 INFO mapred.JobClient:  map 76% reduce 9%
14/06/14 18:16:25 INFO mapred.JobClient:  map 77% reduce 9%
14/06/14 18:16:27 INFO mapred.JobClient:  map 78% reduce 9%
14/06/14 18:16:31 INFO mapred.JobClient:  map 79% reduce 9%
14/06/14 18:16:33 INFO mapred.JobClient:  map 80% reduce 9%
14/06/14 18:16:38 INFO mapred.JobClient:  map 81% reduce 9%
14/06/14 18:16:39 INFO mapred.JobClient:  map 81% reduce 10%
14/06/14 18:16:40 INFO mapred.JobClient:  map 82% reduce 10%
14/06/14 18:16:41 INFO mapred.JobClient:  map 83% reduce 10%
14/06/14 18:16:45 INFO mapred.JobClient:  map 84% reduce 10%
14/06/14 18:16:48 INFO mapred.JobClient:  map 85% reduce 10%
14/06/14 18:16:50 INFO mapred.JobClient:  map 86% reduce 10%
14/06/14 18:16:52 INFO mapred.JobClient:  map 87% reduce 10%
14/06/14 18:16:53 INFO mapred.JobClient:  map 88% reduce 10%
14/06/14 18:16:56 INFO mapred.JobClient:  map 89% reduce 11%
14/06/14 18:16:58 INFO mapred.JobClient:  map 90% reduce 11%
14/06/14 18:17:00 INFO mapred.JobClient:  map 91% reduce 11%
14/06/14 18:17:02 INFO mapred.JobClient:  map 92% reduce 11%
14/06/14 18:17:04 INFO mapred.JobClient:  map 93% reduce 11%
14/06/14 18:17:05 INFO mapred.JobClient:  map 94% reduce 11%
14/06/14 18:17:08 INFO mapred.JobClient:  map 95% reduce 11%
14/06/14 18:17:12 INFO mapred.JobClient:  map 96% reduce 12%
14/06/14 18:17:14 INFO mapred.JobClient:  map 97% reduce 12%
14/06/14 18:17:19 INFO mapred.JobClient:  map 98% reduce 12%
14/06/14 18:17:25 INFO mapred.JobClient:  map 99% reduce 12%
14/06/14 18:17:36 INFO mapred.JobClient:  map 99% reduce 13%
14/06/14 18:18:06 INFO mapred.JobClient:  map 100% reduce 13%
14/06/14 18:18:11 INFO mapred.JobClient:  map 100% reduce 15%
14/06/14 18:18:12 INFO mapred.JobClient:  map 100% reduce 18%
14/06/14 18:18:13 INFO mapred.JobClient:  map 100% reduce 22%
14/06/14 18:18:14 INFO mapred.JobClient:  map 100% reduce 25%
14/06/14 18:18:15 INFO mapred.JobClient:  map 100% reduce 27%
14/06/14 18:18:16 INFO mapred.JobClient:  map 100% reduce 28%
14/06/14 18:18:17 INFO mapred.JobClient:  map 100% reduce 29%
14/06/14 18:18:20 INFO mapred.JobClient:  map 100% reduce 30%
14/06/14 18:18:23 INFO mapred.JobClient:  map 100% reduce 31%
14/06/14 18:18:28 INFO mapred.JobClient:  map 100% reduce 32%
14/06/14 18:18:32 INFO mapred.JobClient:  map 100% reduce 33%
14/06/14 18:18:36 INFO mapred.JobClient:  map 100% reduce 34%
14/06/14 18:18:41 INFO mapred.JobClient:  map 100% reduce 35%
14/06/14 18:18:47 INFO mapred.JobClient:  map 100% reduce 36%
14/06/14 18:18:53 INFO mapred.JobClient:  map 100% reduce 37%
14/06/14 18:19:01 INFO mapred.JobClient:  map 100% reduce 38%
14/06/14 18:19:11 INFO mapred.JobClient:  map 100% reduce 39%
14/06/14 18:19:20 INFO mapred.JobClient:  map 100% reduce 40%
14/06/14 18:19:28 INFO mapred.JobClient:  map 100% reduce 41%
14/06/14 18:19:37 INFO mapred.JobClient:  map 100% reduce 42%
14/06/14 18:19:46 INFO mapred.JobClient:  map 100% reduce 43%
14/06/14 18:19:55 INFO mapred.JobClient:  map 100% reduce 44%
14/06/14 18:20:04 INFO mapred.JobClient:  map 100% reduce 45%
14/06/14 18:20:13 INFO mapred.JobClient:  map 100% reduce 46%
14/06/14 18:20:20 INFO mapred.JobClient:  map 100% reduce 47%
14/06/14 18:20:25 INFO mapred.JobClient:  map 100% reduce 48%
14/06/14 18:20:27 INFO mapred.JobClient:  map 100% reduce 49%
14/06/14 18:20:29 INFO mapred.JobClient:  map 100% reduce 50%
14/06/14 18:20:31 INFO mapred.JobClient:  map 100% reduce 51%
14/06/14 18:20:33 INFO mapred.JobClient:  map 100% reduce 52%
14/06/14 18:20:35 INFO mapred.JobClient:  map 100% reduce 53%
14/06/14 18:20:38 INFO mapred.JobClient:  map 100% reduce 54%
14/06/14 18:20:40 INFO mapred.JobClient:  map 100% reduce 55%
14/06/14 18:20:43 INFO mapred.JobClient:  map 100% reduce 56%
14/06/14 18:20:45 INFO mapred.JobClient:  map 100% reduce 57%
14/06/14 18:20:47 INFO mapred.JobClient:  map 100% reduce 58%
14/06/14 18:20:50 INFO mapred.JobClient:  map 100% reduce 59%
14/06/14 18:20:53 INFO mapred.JobClient:  map 100% reduce 60%
14/06/14 18:20:56 INFO mapred.JobClient:  map 100% reduce 61%
14/06/14 18:21:01 INFO mapred.JobClient:  map 100% reduce 62%
14/06/14 18:21:06 INFO mapred.JobClient:  map 100% reduce 63%
14/06/14 18:21:12 INFO mapred.JobClient:  map 100% reduce 64%
14/06/14 18:21:19 INFO mapred.JobClient:  map 100% reduce 65%
14/06/14 18:21:26 INFO mapred.JobClient:  map 100% reduce 66%
14/06/14 18:21:35 INFO mapred.JobClient:  map 100% reduce 67%
14/06/14 18:21:44 INFO mapred.JobClient:  map 100% reduce 68%
14/06/14 18:21:50 INFO mapred.JobClient:  map 100% reduce 69%
14/06/14 18:21:58 INFO mapred.JobClient:  map 100% reduce 70%
14/06/14 18:22:04 INFO mapred.JobClient:  map 100% reduce 71%
14/06/14 18:22:09 INFO mapred.JobClient:  map 100% reduce 72%
14/06/14 18:22:14 INFO mapred.JobClient:  map 100% reduce 73%
14/06/14 18:22:17 INFO mapred.JobClient:  map 100% reduce 74%
14/06/14 18:22:19 INFO mapred.JobClient:  map 100% reduce 75%
14/06/14 18:22:21 INFO mapred.JobClient:  map 100% reduce 76%
14/06/14 18:22:22 INFO mapred.JobClient:  map 100% reduce 77%
14/06/14 18:22:25 INFO mapred.JobClient:  map 100% reduce 78%
14/06/14 18:22:26 INFO mapred.JobClient:  map 100% reduce 79%
14/06/14 18:22:28 INFO mapred.JobClient:  map 100% reduce 80%
14/06/14 18:22:33 INFO mapred.JobClient:  map 100% reduce 81%
14/06/14 18:22:38 INFO mapred.JobClient:  map 100% reduce 82%
14/06/14 18:22:42 INFO mapred.JobClient:  map 100% reduce 83%
14/06/14 18:22:45 INFO mapred.JobClient:  map 100% reduce 84%
14/06/14 18:22:49 INFO mapred.JobClient:  map 100% reduce 85%
14/06/14 18:22:51 INFO mapred.JobClient:  map 100% reduce 86%
14/06/14 18:22:55 INFO mapred.JobClient:  map 100% reduce 87%
14/06/14 18:23:00 INFO mapred.JobClient:  map 100% reduce 88%
14/06/14 18:23:03 INFO mapred.JobClient:  map 100% reduce 89%
14/06/14 18:23:05 INFO mapred.JobClient:  map 100% reduce 90%
14/06/14 18:23:11 INFO mapred.JobClient:  map 100% reduce 91%
14/06/14 18:23:14 INFO mapred.JobClient:  map 100% reduce 92%
14/06/14 18:23:15 INFO mapred.JobClient:  map 100% reduce 93%
14/06/14 18:23:18 INFO mapred.JobClient:  map 100% reduce 94%
14/06/14 18:23:25 INFO mapred.JobClient:  map 100% reduce 95%
14/06/14 18:23:27 INFO mapred.JobClient:  map 100% reduce 96%
14/06/14 18:23:33 INFO mapred.JobClient:  map 100% reduce 97%
14/06/14 18:23:38 INFO mapred.JobClient:  map 100% reduce 98%
14/06/14 18:23:51 INFO mapred.JobClient:  map 100% reduce 99%
14/06/14 18:24:22 INFO mapred.JobClient:  map 100% reduce 100%
14/06/14 18:24:25 INFO mapred.JobClient: Job complete: job_201406131535_0020
14/06/14 18:24:25 INFO mapred.JobClient: Counters: 31
14/06/14 18:24:25 INFO mapred.JobClient:   Job Counters 
14/06/14 18:24:25 INFO mapred.JobClient:     Launched reduce tasks=116
14/06/14 18:24:25 INFO mapred.JobClient:     SLOTS_MILLIS_MAPS=11423385
14/06/14 18:24:25 INFO mapred.JobClient:     Total time spent by all reduces waiting after reserving slots (ms)=0
14/06/14 18:24:25 INFO mapred.JobClient:     Total time spent by all maps waiting after reserving slots (ms)=0
14/06/14 18:24:25 INFO mapred.JobClient:     Rack-local map tasks=23
14/06/14 18:24:25 INFO mapred.JobClient:     Launched map tasks=420
14/06/14 18:24:25 INFO mapred.JobClient:     Data-local map tasks=397
14/06/14 18:24:25 INFO mapred.JobClient:     SLOTS_MILLIS_REDUCES=25150601
14/06/14 18:24:25 INFO mapred.JobClient:   File Input Format Counters 
14/06/14 18:24:25 INFO mapred.JobClient:     Bytes Read=50039321600
14/06/14 18:24:25 INFO mapred.JobClient:   File Output Format Counters 
14/06/14 18:24:25 INFO mapred.JobClient:     Bytes Written=50000000000
14/06/14 18:24:25 INFO mapred.JobClient:   FileSystemCounters
14/06/14 18:24:25 INFO mapred.JobClient:     FILE_BYTES_READ=120332284740
14/06/14 18:24:25 INFO mapred.JobClient:     HDFS_BYTES_READ=50039369600
14/06/14 18:24:25 INFO mapred.JobClient:     FILE_BYTES_WRITTEN=153031323016
14/06/14 18:24:25 INFO mapred.JobClient:     HDFS_BYTES_WRITTEN=50000000000
14/06/14 18:24:25 INFO mapred.JobClient:   Map-Reduce Framework
14/06/14 18:24:25 INFO mapred.JobClient:     Map output materialized bytes=51000240000
14/06/14 18:24:25 INFO mapred.JobClient:     Map input records=500000000
14/06/14 18:24:25 INFO mapred.JobClient:     Reduce shuffle bytes=51000240000
14/06/14 18:24:25 INFO mapred.JobClient:     Spilled Records=1500000000
14/06/14 18:24:25 INFO mapred.JobClient:     Map output bytes=50000000000
14/06/14 18:24:25 INFO mapred.JobClient:     Total committed heap usage (bytes)=76250943488
14/06/14 18:24:25 INFO mapred.JobClient:     CPU time spent (ms)=5570920
14/06/14 18:24:25 INFO mapred.JobClient:     Map input bytes=50000000000
14/06/14 18:24:25 INFO mapred.JobClient:     SPLIT_RAW_BYTES=48000
14/06/14 18:24:25 INFO mapred.JobClient:     Combine input records=0
14/06/14 18:24:25 INFO mapred.JobClient:     Reduce input records=500000000
14/06/14 18:24:25 INFO mapred.JobClient:     Reduce input groups=500000000
14/06/14 18:24:25 INFO mapred.JobClient:     Combine output records=0
14/06/14 18:24:25 INFO mapred.JobClient:     Physical memory (bytes) snapshot=103980036096
14/06/14 18:24:25 INFO mapred.JobClient:     Reduce output records=500000000
14/06/14 18:24:25 INFO mapred.JobClient:     Virtual memory (bytes) snapshot=367495663616
14/06/14 18:24:25 INFO mapred.JobClient:     Map output records=500000000
14/06/14 18:24:25 INFO terasort.TeraSort: done

real	12m13.248s
user	0m5.169s
sys	0m0.469s
