[hadoop@hadoop-master ~]$ time hadoop jar /opt/cesga/hadoop/hadoop-examples-1.2.1.jar teragen -D mapred.map.tasks=100 $((500*1000*1000*10))  /user/hadoop/terasort-input-500 | tee teragen-cesga-cesnet-500-100.log 2>&1
Generating 5000000000 using 100 maps with step of 50000000
14/06/11 14:40:25 INFO mapred.JobClient: Running job: job_201406111226_0005
14/06/11 14:40:26 INFO mapred.JobClient:  map 0% reduce 0%
14/06/11 14:40:41 INFO mapred.JobClient:  map 1% reduce 0%
14/06/11 14:40:43 INFO mapred.JobClient:  map 2% reduce 0%
14/06/11 14:40:47 INFO mapred.JobClient:  map 3% reduce 0%
14/06/11 14:40:50 INFO mapred.JobClient:  map 4% reduce 0%
14/06/11 14:40:55 INFO mapred.JobClient:  map 5% reduce 0%
14/06/11 14:41:00 INFO mapred.JobClient:  map 6% reduce 0%
14/06/11 14:41:04 INFO mapred.JobClient:  map 7% reduce 0%
14/06/11 14:41:09 INFO mapred.JobClient:  map 8% reduce 0%
14/06/11 14:41:14 INFO mapred.JobClient:  map 9% reduce 0%
14/06/11 14:41:18 INFO mapred.JobClient:  map 10% reduce 0%
14/06/11 14:41:22 INFO mapred.JobClient:  map 11% reduce 0%
14/06/11 14:41:27 INFO mapred.JobClient:  map 12% reduce 0%
14/06/11 14:41:31 INFO mapred.JobClient:  map 13% reduce 0%
14/06/11 14:41:35 INFO mapred.JobClient:  map 14% reduce 0%
14/06/11 14:41:40 INFO mapred.JobClient:  map 15% reduce 0%
14/06/11 14:41:44 INFO mapred.JobClient:  map 16% reduce 0%
14/06/11 14:41:48 INFO mapred.JobClient:  map 17% reduce 0%
14/06/11 14:41:54 INFO mapred.JobClient:  map 18% reduce 0%
14/06/11 14:41:58 INFO mapred.JobClient:  map 19% reduce 0%
14/06/11 14:42:03 INFO mapred.JobClient:  map 20% reduce 0%
14/06/11 14:42:08 INFO mapred.JobClient:  map 21% reduce 0%
14/06/11 14:42:14 INFO mapred.JobClient:  map 22% reduce 0%
14/06/11 14:42:19 INFO mapred.JobClient:  map 23% reduce 0%
14/06/11 14:42:24 INFO mapred.JobClient:  map 24% reduce 0%
14/06/11 14:42:29 INFO mapred.JobClient:  map 25% reduce 0%
14/06/11 14:42:34 INFO mapred.JobClient:  map 26% reduce 0%
14/06/11 14:42:39 INFO mapred.JobClient:  map 27% reduce 0%
14/06/11 14:42:44 INFO mapred.JobClient:  map 28% reduce 0%
14/06/11 14:42:49 INFO mapred.JobClient:  map 29% reduce 0%
14/06/11 14:42:55 INFO mapred.JobClient:  map 30% reduce 0%
14/06/11 14:42:59 INFO mapred.JobClient:  map 31% reduce 0%
14/06/11 14:43:05 INFO mapred.JobClient:  map 32% reduce 0%
14/06/11 14:43:09 INFO mapred.JobClient:  map 33% reduce 0%
14/06/11 14:43:14 INFO mapred.JobClient:  map 34% reduce 0%
14/06/11 14:43:19 INFO mapred.JobClient:  map 35% reduce 0%
14/06/11 14:43:24 INFO mapred.JobClient:  map 36% reduce 0%
14/06/11 14:43:29 INFO mapred.JobClient:  map 37% reduce 0%
14/06/11 14:43:33 INFO mapred.JobClient:  map 38% reduce 0%
14/06/11 14:43:38 INFO mapred.JobClient:  map 39% reduce 0%
14/06/11 14:43:43 INFO mapred.JobClient:  map 40% reduce 0%
14/06/11 14:43:48 INFO mapred.JobClient:  map 41% reduce 0%
14/06/11 14:43:53 INFO mapred.JobClient:  map 42% reduce 0%
14/06/11 14:43:58 INFO mapred.JobClient:  map 43% reduce 0%
14/06/11 14:44:04 INFO mapred.JobClient:  map 44% reduce 0%
14/06/11 14:44:09 INFO mapred.JobClient:  map 45% reduce 0%
14/06/11 14:44:14 INFO mapred.JobClient:  map 46% reduce 0%
14/06/11 14:44:19 INFO mapred.JobClient:  map 47% reduce 0%
14/06/11 14:44:25 INFO mapred.JobClient:  map 48% reduce 0%
14/06/11 14:44:29 INFO mapred.JobClient:  map 49% reduce 0%
14/06/11 14:44:35 INFO mapred.JobClient:  map 50% reduce 0%
14/06/11 14:44:41 INFO mapred.JobClient:  map 51% reduce 0%
14/06/11 14:44:46 INFO mapred.JobClient:  map 52% reduce 0%
14/06/11 14:44:51 INFO mapred.JobClient:  map 53% reduce 0%
14/06/11 14:44:55 INFO mapred.JobClient:  map 54% reduce 0%
14/06/11 14:45:00 INFO mapred.JobClient:  map 55% reduce 0%
14/06/11 14:45:06 INFO mapred.JobClient:  map 56% reduce 0%
14/06/11 14:45:11 INFO mapred.JobClient:  map 57% reduce 0%
14/06/11 14:45:16 INFO mapred.JobClient:  map 58% reduce 0%
14/06/11 14:45:20 INFO mapred.JobClient:  map 59% reduce 0%
14/06/11 14:45:26 INFO mapred.JobClient:  map 60% reduce 0%
14/06/11 14:45:31 INFO mapred.JobClient:  map 61% reduce 0%
14/06/11 14:45:35 INFO mapred.JobClient:  map 62% reduce 0%
14/06/11 14:45:40 INFO mapred.JobClient:  map 63% reduce 0%
14/06/11 14:45:45 INFO mapred.JobClient:  map 64% reduce 0%
14/06/11 14:45:50 INFO mapred.JobClient:  map 65% reduce 0%
14/06/11 14:45:55 INFO mapred.JobClient:  map 66% reduce 0%
14/06/11 14:46:00 INFO mapred.JobClient:  map 67% reduce 0%
14/06/11 14:46:05 INFO mapred.JobClient:  map 68% reduce 0%
14/06/11 14:46:11 INFO mapred.JobClient:  map 69% reduce 0%
14/06/11 14:46:16 INFO mapred.JobClient:  map 70% reduce 0%
14/06/11 14:46:21 INFO mapred.JobClient:  map 71% reduce 0%
14/06/11 14:46:25 INFO mapred.JobClient:  map 72% reduce 0%
14/06/11 14:46:31 INFO mapred.JobClient:  map 73% reduce 0%
14/06/11 14:46:36 INFO mapred.JobClient:  map 74% reduce 0%
14/06/11 14:46:41 INFO mapred.JobClient:  map 75% reduce 0%
14/06/11 14:46:45 INFO mapred.JobClient:  map 76% reduce 0%
14/06/11 14:46:50 INFO mapred.JobClient:  map 77% reduce 0%
14/06/11 14:46:55 INFO mapred.JobClient:  map 78% reduce 0%
14/06/11 14:47:00 INFO mapred.JobClient:  map 79% reduce 0%
14/06/11 14:47:05 INFO mapred.JobClient:  map 80% reduce 0%
14/06/11 14:47:10 INFO mapred.JobClient:  map 81% reduce 0%
14/06/11 14:47:15 INFO mapred.JobClient:  map 82% reduce 0%
14/06/11 14:47:20 INFO mapred.JobClient:  map 83% reduce 0%
14/06/11 14:47:25 INFO mapred.JobClient:  map 84% reduce 0%
14/06/11 14:47:31 INFO mapred.JobClient:  map 85% reduce 0%
14/06/11 14:47:36 INFO mapred.JobClient:  map 86% reduce 0%
14/06/11 14:47:42 INFO mapred.JobClient:  map 87% reduce 0%
14/06/11 14:47:45 INFO mapred.JobClient: Task Id : attempt_201406111226_0005_m_000053_0, Status : FAILED
java.io.IOException: All datanodes 147.251.3.54:50010 are bad. Aborting...
	at org.apache.hadoop.hdfs.DFSClient$DFSOutputStream.processDatanodeError(DFSClient.java:3290)
	at org.apache.hadoop.hdfs.DFSClient$DFSOutputStream.access$2200(DFSClient.java:2783)
	at org.apache.hadoop.hdfs.DFSClient$DFSOutputStream$DataStreamer.run(DFSClient.java:2987)

attempt_201406111226_0005_m_000053_0: log4j:WARN No appenders could be found for logger (org.apache.hadoop.hdfs.DFSClient).
attempt_201406111226_0005_m_000053_0: log4j:WARN Please initialize the log4j system properly.
14/06/11 14:47:46 INFO mapred.JobClient:  map 86% reduce 0%
14/06/11 14:47:47 INFO mapred.JobClient:  map 87% reduce 0%
14/06/11 14:47:53 INFO mapred.JobClient:  map 88% reduce 0%
14/06/11 14:48:01 INFO mapred.JobClient:  map 89% reduce 0%
14/06/11 14:48:08 INFO mapred.JobClient:  map 90% reduce 0%
14/06/11 14:48:15 INFO mapred.JobClient:  map 91% reduce 0%
14/06/11 14:48:24 INFO mapred.JobClient:  map 92% reduce 0%
14/06/11 14:48:34 INFO mapred.JobClient:  map 93% reduce 0%
14/06/11 14:48:45 INFO mapred.JobClient:  map 94% reduce 0%
14/06/11 14:48:56 INFO mapred.JobClient:  map 95% reduce 0%
14/06/11 14:49:09 INFO mapred.JobClient:  map 96% reduce 0%
14/06/11 14:49:26 INFO mapred.JobClient:  map 97% reduce 0%
14/06/11 14:49:50 INFO mapred.JobClient:  map 98% reduce 0%
14/06/11 14:50:24 INFO mapred.JobClient:  map 99% reduce 0%
14/06/11 14:52:07 INFO mapred.JobClient:  map 100% reduce 0%
14/06/11 14:52:11 INFO mapred.JobClient: Job complete: job_201406111226_0005
14/06/11 14:52:11 INFO mapred.JobClient: Counters: 19
14/06/11 14:52:11 INFO mapred.JobClient:   Job Counters 
14/06/11 14:52:11 INFO mapred.JobClient:     SLOTS_MILLIS_MAPS=19430036
14/06/11 14:52:11 INFO mapred.JobClient:     Total time spent by all reduces waiting after reserving slots (ms)=0
14/06/11 14:52:11 INFO mapred.JobClient:     Total time spent by all maps waiting after reserving slots (ms)=0
14/06/11 14:52:11 INFO mapred.JobClient:     Launched map tasks=119
14/06/11 14:52:11 INFO mapred.JobClient:     SLOTS_MILLIS_REDUCES=0
14/06/11 14:52:11 INFO mapred.JobClient:   File Input Format Counters 
14/06/11 14:52:11 INFO mapred.JobClient:     Bytes Read=0
14/06/11 14:52:11 INFO mapred.JobClient:   File Output Format Counters 
14/06/11 14:52:11 INFO mapred.JobClient:     Bytes Written=500000000000
14/06/11 14:52:11 INFO mapred.JobClient:   FileSystemCounters
14/06/11 14:52:11 INFO mapred.JobClient:     HDFS_BYTES_READ=8710
14/06/11 14:52:11 INFO mapred.JobClient:     FILE_BYTES_WRITTEN=5544390
14/06/11 14:52:11 INFO mapred.JobClient:     HDFS_BYTES_WRITTEN=500000000000
14/06/11 14:52:11 INFO mapred.JobClient:   Map-Reduce Framework
14/06/11 14:52:11 INFO mapred.JobClient:     Map input records=5000000000
14/06/11 14:52:11 INFO mapred.JobClient:     Physical memory (bytes) snapshot=8385597440
14/06/11 14:52:11 INFO mapred.JobClient:     Spilled Records=0
14/06/11 14:52:11 INFO mapred.JobClient:     CPU time spent (ms)=5484010
14/06/11 14:52:11 INFO mapred.JobClient:     Total committed heap usage (bytes)=2383732736
14/06/11 14:52:11 INFO mapred.JobClient:     Virtual memory (bytes) snapshot=72678223872
14/06/11 14:52:11 INFO mapred.JobClient:     Map input bytes=5000000000
14/06/11 14:52:11 INFO mapred.JobClient:     Map output records=5000000000
14/06/11 14:52:11 INFO mapred.JobClient:     SPLIT_RAW_BYTES=8710

real	11m52.007s
user	0m3.915s
sys	0m0.460s

