[hadoop@hadoop-master ~]$ time hadoop jar /opt/cesga/hadoop/hadoop-examples-1.2.1.jar teragen -D mapred.map.tasks=100 $((200*1000*1000*10))  /user/hadoop/terasort-input-200 | tee teragen-cesga-cesnet-200-100.log 2>&1
Generating 2000000000 using 100 maps with step of 20000000
14/06/11 14:34:28 INFO mapred.JobClient: Running job: job_201406111226_0004
14/06/11 14:34:29 INFO mapred.JobClient:  map 0% reduce 0%
14/06/11 14:34:43 INFO mapred.JobClient:  map 1% reduce 0%
14/06/11 14:34:44 INFO mapred.JobClient:  map 3% reduce 0%
14/06/11 14:34:45 INFO mapred.JobClient:  map 4% reduce 0%
14/06/11 14:34:46 INFO mapred.JobClient:  map 5% reduce 0%
14/06/11 14:34:48 INFO mapred.JobClient:  map 6% reduce 0%
14/06/11 14:34:49 INFO mapred.JobClient:  map 7% reduce 0%
14/06/11 14:34:50 INFO mapred.JobClient:  map 8% reduce 0%
14/06/11 14:34:52 INFO mapred.JobClient:  map 9% reduce 0%
14/06/11 14:34:54 INFO mapred.JobClient:  map 10% reduce 0%
14/06/11 14:34:55 INFO mapred.JobClient:  map 11% reduce 0%
14/06/11 14:34:57 INFO mapred.JobClient:  map 12% reduce 0%
14/06/11 14:34:59 INFO mapred.JobClient:  map 13% reduce 0%
14/06/11 14:35:00 INFO mapred.JobClient:  map 14% reduce 0%
14/06/11 14:35:02 INFO mapred.JobClient:  map 15% reduce 0%
14/06/11 14:35:04 INFO mapred.JobClient:  map 16% reduce 0%
14/06/11 14:35:06 INFO mapred.JobClient:  map 17% reduce 0%
14/06/11 14:35:07 INFO mapred.JobClient:  map 18% reduce 0%
14/06/11 14:35:09 INFO mapred.JobClient:  map 19% reduce 0%
14/06/11 14:35:10 INFO mapred.JobClient:  map 20% reduce 0%
14/06/11 14:35:13 INFO mapred.JobClient:  map 21% reduce 0%
14/06/11 14:35:15 INFO mapred.JobClient:  map 22% reduce 0%
14/06/11 14:35:16 INFO mapred.JobClient:  map 23% reduce 0%
14/06/11 14:35:18 INFO mapred.JobClient:  map 24% reduce 0%
14/06/11 14:35:20 INFO mapred.JobClient:  map 25% reduce 0%
14/06/11 14:35:22 INFO mapred.JobClient:  map 26% reduce 0%
14/06/11 14:35:24 INFO mapred.JobClient:  map 27% reduce 0%
14/06/11 14:35:25 INFO mapred.JobClient:  map 28% reduce 0%
14/06/11 14:35:28 INFO mapred.JobClient:  map 29% reduce 0%
14/06/11 14:35:30 INFO mapred.JobClient:  map 30% reduce 0%
14/06/11 14:35:32 INFO mapred.JobClient:  map 31% reduce 0%
14/06/11 14:35:34 INFO mapred.JobClient:  map 32% reduce 0%
14/06/11 14:35:36 INFO mapred.JobClient:  map 33% reduce 0%
14/06/11 14:35:38 INFO mapred.JobClient:  map 34% reduce 0%
14/06/11 14:35:40 INFO mapred.JobClient:  map 35% reduce 0%
14/06/11 14:35:42 INFO mapred.JobClient:  map 36% reduce 0%
14/06/11 14:35:43 INFO mapred.JobClient:  map 37% reduce 0%
14/06/11 14:35:45 INFO mapred.JobClient:  map 38% reduce 0%
14/06/11 14:35:47 INFO mapred.JobClient:  map 39% reduce 0%
14/06/11 14:35:49 INFO mapred.JobClient:  map 40% reduce 0%
14/06/11 14:35:51 INFO mapred.JobClient:  map 41% reduce 0%
14/06/11 14:35:53 INFO mapred.JobClient:  map 42% reduce 0%
14/06/11 14:35:55 INFO mapred.JobClient:  map 43% reduce 0%
14/06/11 14:35:58 INFO mapred.JobClient:  map 44% reduce 0%
14/06/11 14:36:00 INFO mapred.JobClient:  map 45% reduce 0%
14/06/11 14:36:02 INFO mapred.JobClient:  map 46% reduce 0%
14/06/11 14:36:05 INFO mapred.JobClient:  map 47% reduce 0%
14/06/11 14:36:07 INFO mapred.JobClient:  map 48% reduce 0%
14/06/11 14:36:09 INFO mapred.JobClient:  map 49% reduce 0%
14/06/11 14:36:11 INFO mapred.JobClient:  map 50% reduce 0%
14/06/11 14:36:12 INFO mapred.JobClient:  map 51% reduce 0%
14/06/11 14:36:15 INFO mapred.JobClient:  map 52% reduce 0%
14/06/11 14:36:17 INFO mapred.JobClient:  map 53% reduce 0%
14/06/11 14:36:19 INFO mapred.JobClient:  map 54% reduce 0%
14/06/11 14:36:21 INFO mapred.JobClient:  map 55% reduce 0%
14/06/11 14:36:23 INFO mapred.JobClient:  map 56% reduce 0%
14/06/11 14:36:25 INFO mapred.JobClient:  map 57% reduce 0%
14/06/11 14:36:27 INFO mapred.JobClient:  map 58% reduce 0%
14/06/11 14:36:28 INFO mapred.JobClient:  map 59% reduce 0%
14/06/11 14:36:30 INFO mapred.JobClient:  map 60% reduce 0%
14/06/11 14:36:33 INFO mapred.JobClient:  map 61% reduce 0%
14/06/11 14:36:34 INFO mapred.JobClient:  map 62% reduce 0%
14/06/11 14:36:36 INFO mapred.JobClient:  map 63% reduce 0%
14/06/11 14:36:38 INFO mapred.JobClient:  map 64% reduce 0%
14/06/11 14:36:40 INFO mapred.JobClient:  map 65% reduce 0%
14/06/11 14:36:42 INFO mapred.JobClient:  map 66% reduce 0%
14/06/11 14:36:44 INFO mapred.JobClient:  map 67% reduce 0%
14/06/11 14:36:47 INFO mapred.JobClient:  map 68% reduce 0%
14/06/11 14:36:49 INFO mapred.JobClient:  map 69% reduce 0%
14/06/11 14:36:51 INFO mapred.JobClient:  map 70% reduce 0%
14/06/11 14:36:53 INFO mapred.JobClient:  map 71% reduce 0%
14/06/11 14:36:54 INFO mapred.JobClient:  map 72% reduce 0%
14/06/11 14:36:57 INFO mapred.JobClient:  map 73% reduce 0%
14/06/11 14:36:59 INFO mapred.JobClient:  map 74% reduce 0%
14/06/11 14:37:01 INFO mapred.JobClient:  map 75% reduce 0%
14/06/11 14:37:03 INFO mapred.JobClient:  map 76% reduce 0%
14/06/11 14:37:04 INFO mapred.JobClient:  map 77% reduce 0%
14/06/11 14:37:07 INFO mapred.JobClient:  map 78% reduce 0%
14/06/11 14:37:09 INFO mapred.JobClient:  map 79% reduce 0%
14/06/11 14:37:11 INFO mapred.JobClient:  map 80% reduce 0%
14/06/11 14:37:13 INFO mapred.JobClient:  map 81% reduce 0%
14/06/11 14:37:15 INFO mapred.JobClient:  map 82% reduce 0%
14/06/11 14:37:17 INFO mapred.JobClient:  map 83% reduce 0%
14/06/11 14:37:20 INFO mapred.JobClient:  map 84% reduce 0%
14/06/11 14:37:22 INFO mapred.JobClient:  map 85% reduce 0%
14/06/11 14:37:25 INFO mapred.JobClient:  map 86% reduce 0%
14/06/11 14:37:27 INFO mapred.JobClient:  map 87% reduce 0%
14/06/11 14:37:30 INFO mapred.JobClient:  map 88% reduce 0%
14/06/11 14:37:33 INFO mapred.JobClient:  map 89% reduce 0%
14/06/11 14:37:35 INFO mapred.JobClient:  map 90% reduce 0%
14/06/11 14:37:37 INFO mapred.JobClient:  map 91% reduce 0%
14/06/11 14:37:41 INFO mapred.JobClient:  map 92% reduce 0%
14/06/11 14:37:43 INFO mapred.JobClient:  map 93% reduce 0%
14/06/11 14:37:48 INFO mapred.JobClient:  map 94% reduce 0%
14/06/11 14:37:52 INFO mapred.JobClient:  map 95% reduce 0%
14/06/11 14:37:58 INFO mapred.JobClient:  map 96% reduce 0%
14/06/11 14:38:05 INFO mapred.JobClient:  map 97% reduce 0%
14/06/11 14:38:14 INFO mapred.JobClient:  map 98% reduce 0%
14/06/11 14:38:24 INFO mapred.JobClient:  map 99% reduce 0%
14/06/11 14:38:46 INFO mapred.JobClient:  map 100% reduce 0%
14/06/11 14:38:51 INFO mapred.JobClient: Job complete: job_201406111226_0004
14/06/11 14:38:51 INFO mapred.JobClient: Counters: 19
14/06/11 14:38:51 INFO mapred.JobClient:   Job Counters 
14/06/11 14:38:51 INFO mapred.JobClient:     SLOTS_MILLIS_MAPS=7504095
14/06/11 14:38:51 INFO mapred.JobClient:     Total time spent by all reduces waiting after reserving slots (ms)=0
14/06/11 14:38:51 INFO mapred.JobClient:     Total time spent by all maps waiting after reserving slots (ms)=0
14/06/11 14:38:51 INFO mapred.JobClient:     Launched map tasks=119
14/06/11 14:38:51 INFO mapred.JobClient:     SLOTS_MILLIS_REDUCES=0
14/06/11 14:38:51 INFO mapred.JobClient:   File Input Format Counters 
14/06/11 14:38:51 INFO mapred.JobClient:     Bytes Read=0
14/06/11 14:38:51 INFO mapred.JobClient:   File Output Format Counters 
14/06/11 14:38:51 INFO mapred.JobClient:     Bytes Written=200000000000
14/06/11 14:38:51 INFO mapred.JobClient:   FileSystemCounters
14/06/11 14:38:51 INFO mapred.JobClient:     HDFS_BYTES_READ=8696
14/06/11 14:38:51 INFO mapred.JobClient:     FILE_BYTES_WRITTEN=5544390
14/06/11 14:38:51 INFO mapred.JobClient:     HDFS_BYTES_WRITTEN=200000000000
14/06/11 14:38:51 INFO mapred.JobClient:   Map-Reduce Framework
14/06/11 14:38:51 INFO mapred.JobClient:     Map input records=2000000000
14/06/11 14:38:51 INFO mapred.JobClient:     Physical memory (bytes) snapshot=8276738048
14/06/11 14:38:51 INFO mapred.JobClient:     Spilled Records=0
14/06/11 14:38:51 INFO mapred.JobClient:     CPU time spent (ms)=2363830
14/06/11 14:38:51 INFO mapred.JobClient:     Total committed heap usage (bytes)=2341167104
14/06/11 14:38:51 INFO mapred.JobClient:     Virtual memory (bytes) snapshot=72673267712
14/06/11 14:38:51 INFO mapred.JobClient:     Map input bytes=2000000000
14/06/11 14:38:51 INFO mapred.JobClient:     Map output records=2000000000
14/06/11 14:38:51 INFO mapred.JobClient:     SPLIT_RAW_BYTES=8696

real	4m27.792s
user	0m2.975s
sys	0m0.282s
