[hadoop@hadoop-master ~]$ time hadoop jar /opt/cesga/hadoop/hadoop-examples-1.2.1.jar teragen -D mapred.map.tasks=100 $((1000*1000*1000*10))  /user/hadoop/terasort-input-1000 | tee teragen-cesga-cesnet-100-1000.log 2>&1^C
[hadoop@hadoop-master ~]$ time hadoop jar /opt/cesga/hadoop/hadoop-examples-1.2.1.jar terasort -D mapred.reduce.tasks=100 /user/hadoop/terasort-input-1000 /user/hadoop/terasort-output-1000 | tee terasort-cesga-cesnet-1000G-100.out 2>&1
14/06/11 13:02:13 INFO terasort.TeraSort: starting
14/06/11 13:02:14 INFO mapred.FileInputFormat: Total input paths to process : 100
14/06/11 13:02:18 WARN snappy.LoadSnappy: Snappy native library is available
14/06/11 13:02:18 INFO util.NativeCodeLoader: Loaded the native-hadoop library
14/06/11 13:02:18 INFO snappy.LoadSnappy: Snappy native library loaded
14/06/11 13:02:22 INFO zlib.ZlibFactory: Successfully loaded & initialized native-zlib library
14/06/11 13:02:22 INFO compress.CodecPool: Got brand-new compressor
Making 100 from 100000 records
Step size is 1000.0
14/06/11 13:02:23 INFO mapred.FileInputFormat: Total input paths to process : 100
14/06/11 13:02:33 INFO mapred.JobClient: Running job: job_201406111226_0002
14/06/11 13:02:34 INFO mapred.JobClient:  map 0% reduce 0%
14/06/11 13:03:30 INFO mapred.JobClient:  map 1% reduce 0%
14/06/11 13:04:11 INFO mapred.JobClient:  map 2% reduce 0%
14/06/11 13:04:53 INFO mapred.JobClient:  map 3% reduce 0%
14/06/11 13:05:31 INFO mapred.JobClient:  map 4% reduce 0%
14/06/11 13:06:13 INFO mapred.JobClient:  map 5% reduce 0%
14/06/11 13:07:09 INFO mapred.JobClient:  map 6% reduce 0%
14/06/11 13:08:31 INFO mapred.JobClient:  map 7% reduce 0%
14/06/11 13:09:47 INFO mapred.JobClient:  map 8% reduce 0%
14/06/11 13:11:00 INFO mapred.JobClient:  map 9% reduce 0%
14/06/11 13:12:04 INFO mapred.JobClient:  map 9% reduce 1%
14/06/11 13:12:12 INFO mapred.JobClient:  map 10% reduce 1%
14/06/11 13:13:31 INFO mapred.JobClient:  map 11% reduce 1%
14/06/11 13:14:37 INFO mapred.JobClient:  map 12% reduce 1%
14/06/11 13:15:32 INFO mapred.JobClient:  map 13% reduce 1%
14/06/11 13:16:26 INFO mapred.JobClient:  map 14% reduce 1%
14/06/11 13:17:20 INFO mapred.JobClient:  map 15% reduce 1%
14/06/11 13:17:39 INFO mapred.JobClient:  map 15% reduce 2%
14/06/11 13:18:13 INFO mapred.JobClient:  map 16% reduce 2%
14/06/11 13:19:11 INFO mapred.JobClient:  map 17% reduce 2%
14/06/11 13:20:19 INFO mapred.JobClient:  map 18% reduce 2%
14/06/11 13:22:00 INFO mapred.JobClient:  map 19% reduce 2%
14/06/11 13:23:27 INFO mapred.JobClient:  map 20% reduce 2%
14/06/11 13:24:36 INFO mapred.JobClient:  map 21% reduce 2%
14/06/11 13:25:33 INFO mapred.JobClient:  map 22% reduce 2%
14/06/11 13:26:24 INFO mapred.JobClient:  map 22% reduce 3%
14/06/11 13:26:34 INFO mapred.JobClient:  map 23% reduce 3%
14/06/11 13:27:29 INFO mapred.JobClient:  map 24% reduce 3%
14/06/11 13:28:26 INFO mapred.JobClient:  map 25% reduce 3%
14/06/11 13:29:28 INFO mapred.JobClient:  map 26% reduce 3%
14/06/11 13:31:03 INFO mapred.JobClient:  map 27% reduce 3%
14/06/11 13:32:25 INFO mapred.JobClient:  map 28% reduce 3%
14/06/11 13:33:41 INFO mapred.JobClient:  map 29% reduce 3%
14/06/11 13:34:43 INFO mapred.JobClient:  map 30% reduce 3%
14/06/11 13:35:06 INFO mapred.JobClient:  map 30% reduce 4%
14/06/11 13:35:42 INFO mapred.JobClient:  map 31% reduce 4%
14/06/11 13:36:38 INFO mapred.JobClient:  map 32% reduce 4%
14/06/11 13:37:38 INFO mapred.JobClient:  map 33% reduce 4%
14/06/11 13:38:42 INFO mapred.JobClient:  map 34% reduce 4%
14/06/11 13:39:41 INFO mapred.JobClient: Task Id : attempt_201406111226_0002_m_003447_0, Status : FAILED
FSError: java.io.IOException: No queda espacio en el dispositivo
14/06/11 13:39:41 WARN mapred.JobClient: Error reading task outputhttp://hadoop-10:50060/tasklog?plaintext=true&attemptid=attempt_201406111226_0002_m_003447_0&filter=stdout
14/06/11 13:39:41 WARN mapred.JobClient: Error reading task outputhttp://hadoop-10:50060/tasklog?plaintext=true&attemptid=attempt_201406111226_0002_m_003447_0&filter=stderr
14/06/11 13:39:58 INFO mapred.JobClient: Task Id : attempt_201406111226_0002_r_000004_0, Status : FAILED
java.io.IOException: Task: attempt_201406111226_0002_r_000004_0 - The reduce copier failed
	at org.apache.hadoop.mapred.ReduceTask.run(ReduceTask.java:390)
	at org.apache.hadoop.mapred.Child$4.run(Child.java:255)
	at java.security.AccessController.doPrivileged(Native Method)
	at javax.security.auth.Subject.doAs(Subject.java:415)
	at org.apache.hadoop.security.UserGroupInformation.doAs(UserGroupInformation.java:1190)
	at org.apache.hadoop.mapred.Child.main(Child.java:249)
Caused by: org.apache.hadoop.util.DiskChecker$DiskErrorException: Could not find any valid local directory for output/map_3657.out
	at org.apache.hadoop.fs.LocalDirAllocator$AllocatorPerContext.getLocalPathForWrite(LocalDirAllocator.java:381)
	at org.apache.hadoop.fs.LocalDirAllocator.getLocalPathForWrite(LocalDirAllocator.java:146)
	at org.apache.hadoop.fs.LocalDirAllocator.getLocalPathForWrite(LocalDirAllocator.java:127)
	at org.apache.hadoop.mapred.MapOutputFile.getInputFileForWrite(MapOutputFile.java:176)
	at org.apache.hadoop.mapred.ReduceTask$ReduceCopier$InMemFSMergeThread.doInMemMerge(ReduceTask.java:2798)
	at org.apache.hadoop.mapred.ReduceTask$ReduceCopier$InMemFSMergeThread.run(ReduceTask.java:2762)

14/06/11 13:40:03 INFO mapred.JobClient: Task Id : attempt_201406111226_0002_m_003448_0, Status : FAILED
FSError: java.io.IOException: No queda espacio en el dispositivo
14/06/11 13:40:04 INFO mapred.JobClient: Task Id : attempt_201406111226_0002_r_000033_0, Status : FAILED
Error: java.io.IOException: No queda espacio en el dispositivo
	at java.io.FileOutputStream.writeBytes(Native Method)
	at java.io.FileOutputStream.write(FileOutputStream.java:345)
	at org.apache.hadoop.fs.RawLocalFileSystem$LocalFSFileOutputStream.write(RawLocalFileSystem.java:203)
	at java.io.BufferedOutputStream.flushBuffer(BufferedOutputStream.java:82)
	at java.io.BufferedOutputStream.write(BufferedOutputStream.java:126)
	at org.apache.hadoop.fs.FSDataOutputStream$PositionCache.write(FSDataOutputStream.java:49)
	at java.io.DataOutputStream.write(DataOutputStream.java:107)
	at org.apache.hadoop.mapred.IFileOutputStream.write(IFileOutputStream.java:84)
	at org.apache.hadoop.fs.FSDataOutputStream$PositionCache.write(FSDataOutputStream.java:49)
	at java.io.DataOutputStream.write(DataOutputStream.java:107)
	at org.apache.hadoop.mapred.IFile$Writer.append(IFile.java:218)
	at org.apache.hadoop.mapred.Merger.writeFile(Merger.java:157)
	at org.apache.hadoop.mapred.ReduceTask$ReduceCopier$InMemFSMergeThread.doInMemMerge(ReduceTask.java:2821)
	at org.apache.hadoop.mapred.ReduceTask$ReduceCopier$InMemFSMergeThread.run(ReduceTask.java:2762)

attempt_201406111226_0002_r_000033_0: log4j:ERROR Failed to flush writer,
attempt_201406111226_0002_r_000033_0: java.io.IOException: No queda espacio en el dispositivo
14/06/11 13:40:11 INFO mapred.JobClient:  map 35% reduce 4%
14/06/11 13:41:39 INFO mapred.JobClient:  map 36% reduce 4%
14/06/11 13:42:06 INFO mapred.JobClient: Task Id : attempt_201406111226_0002_r_000034_0, Status : FAILED
java.io.IOException: Task: attempt_201406111226_0002_r_000034_0 - The reduce copier failed
	at org.apache.hadoop.mapred.ReduceTask.run(ReduceTask.java:390)
	at org.apache.hadoop.mapred.Child$4.run(Child.java:255)
	at java.security.AccessController.doPrivileged(Native Method)
	at javax.security.auth.Subject.doAs(Subject.java:415)
	at org.apache.hadoop.security.UserGroupInformation.doAs(UserGroupInformation.java:1190)
	at org.apache.hadoop.mapred.Child.main(Child.java:249)
Caused by: org.apache.hadoop.util.DiskChecker$DiskErrorException: Could not find any valid local directory for output/map_2503.out
	at org.apache.hadoop.fs.LocalDirAllocator$AllocatorPerContext.getLocalPathForWrite(LocalDirAllocator.java:381)
	at org.apache.hadoop.fs.LocalDirAllocator.getLocalPathForWrite(LocalDirAllocator.java:146)
	at org.apache.hadoop.fs.LocalDirAllocator.getLocalPathForWrite(LocalDirAllocator.java:127)
	at org.apache.hadoop.mapred.MapOutputFile.getInputFileForWrite(MapOutputFile.java:176)
	at org.apache.hadoop.mapred.ReduceTask$ReduceCopier$InMemFSMergeThread.doInMemMerge(ReduceTask.java:2798)
	at org.apache.hadoop.mapred.ReduceTask$ReduceCopier$InMemFSMergeThread.run(ReduceTask.java:2762)

14/06/11 13:42:55 INFO mapred.JobClient:  map 37% reduce 4%
14/06/11 13:44:09 INFO mapred.JobClient:  map 38% reduce 4%
14/06/11 13:44:14 INFO mapred.JobClient: Task Id : attempt_201406111226_0002_m_003217_0, Status : FAILED
java.io.IOException: Spill failed
	at org.apache.hadoop.mapred.MapTask$MapOutputBuffer.collect(MapTask.java:1034)
	at org.apache.hadoop.mapred.MapTask$OldOutputCollector.collect(MapTask.java:591)
	at org.apache.hadoop.mapred.lib.IdentityMapper.map(IdentityMapper.java:38)
	at org.apache.hadoop.mapred.MapRunner.run(MapRunner.java:50)
	at org.apache.hadoop.mapred.MapTask.runOldMapper(MapTask.java:430)
	at org.apache.hadoop.mapred.MapTask.run(MapTask.java:366)
	at org.apache.hadoop.mapred.Child$4.run(Child.java:255)
	at java.security.AccessController.doPrivileged(Native Method)
	at javax.security.auth.Subject.doAs(Subject.java:415)
	at org.apache.hadoop.security.UserGroupInformation.doAs(UserGroupInformation.java:1190)
	at org.apache.hadoop.mapred.Child.main(Child.java:249)
Caused by: org.apache.hadoop.util.DiskChecker$DiskErrorException: Could not find any valid local directory for output/spill3.out
	at org.apache.hadoop.fs.LocalDirAllocator$AllocatorPerContext.getLocalPathForWrite(LocalDirAllocator.java:381)
	at org.apache.hadoop.fs.LocalDirAllocator.getLocalPathForWrite(LocalDirAllocator.java:146)
	at org.apache.hadoop.fs.LocalDirAllocator.getLocalPathForWrite(LocalDirAllocator.java:127)
	at org.apache.hadoop.mapred.MapOutputFile.getSpillFileForWrite(MapOutputFile.java:121)
	at org.apache.hadoop.mapred.MapTask$MapOutputBuffer.sortAndSpill(MapTask.java:1397)
	at org.apache.hadoop.mapred.MapTask$MapOutputBuffer.access$1800(MapTask.java:858)
	at org.apache.hadoop.mapred.MapTask$MapOutputBuffer$SpillThread.run(MapTask.java:1349)

14/06/11 13:44:52 INFO mapred.JobClient: Task Id : attempt_201406111226_0002_r_000038_0, Status : FAILED
java.lang.Throwable: Child Error
	at org.apache.hadoop.mapred.TaskRunner.run(TaskRunner.java:271)
Caused by: java.io.IOException: Task process exit with nonzero status of 137.
	at org.apache.hadoop.mapred.TaskRunner.run(TaskRunner.java:258)

14/06/11 13:45:18 INFO mapred.JobClient:  map 39% reduce 4%
14/06/11 13:46:06 INFO mapred.JobClient: Task Id : attempt_201406111226_0002_m_003467_0, Status : FAILED
java.io.IOException: Spill failed
	at org.apache.hadoop.mapred.MapTask$MapOutputBuffer.collect(MapTask.java:1034)
	at org.apache.hadoop.mapred.MapTask$OldOutputCollector.collect(MapTask.java:591)
	at org.apache.hadoop.mapred.lib.IdentityMapper.map(IdentityMapper.java:38)
	at org.apache.hadoop.mapred.MapRunner.run(MapRunner.java:50)
	at org.apache.hadoop.mapred.MapTask.runOldMapper(MapTask.java:430)
	at org.apache.hadoop.mapred.MapTask.run(MapTask.java:366)
	at org.apache.hadoop.mapred.Child$4.run(Child.java:255)
	at java.security.AccessController.doPrivileged(Native Method)
	at javax.security.auth.Subject.doAs(Subject.java:415)
	at org.apache.hadoop.security.UserGroupInformation.doAs(UserGroupInformation.java:1190)
	at org.apache.hadoop.mapred.Child.main(Child.java:249)
Caused by: org.apache.hadoop.util.DiskChecker$DiskErrorException: Could not find any valid local directory for output/spill3.out
	at org.apache.hadoop.fs.LocalDirAllocator$AllocatorPerContext.getLocalPathForWrite(LocalDirAllocator.java:381)
	at org.apache.hadoop.fs.LocalDirAllocator.getLocalPathForWrite(LocalDirAllocator.java:146)
	at org.apache.hadoop.fs.LocalDirAllocator.getLocalPathForWrite(LocalDirAllocator.java:127)
	at org.apache.hadoop.mapred.MapOutputFile.getSpillFileForWrite(MapOutputFile.java:121)
	at org.apache.hadoop.mapred.MapTask$MapOutputBuffer.sortAndSpill(MapTask.java:1397)
	at org.apache.hadoop.mapred.MapTask$MapOutputBuffer.access$1800(MapTask.java:858)
	at org.apache.hadoop.mapred.MapTask$MapOutputBuffer$SpillThread.run(MapTask.java:1349)

14/06/11 13:46:26 INFO mapred.JobClient:  map 40% reduce 4%
14/06/11 13:46:32 INFO mapred.JobClient: Task Id : attempt_201406111226_0002_r_000040_0, Status : FAILED
java.io.IOException: Task: attempt_201406111226_0002_r_000040_0 - The reduce copier failed
	at org.apache.hadoop.mapred.ReduceTask.run(ReduceTask.java:390)
	at org.apache.hadoop.mapred.Child$4.run(Child.java:255)
	at java.security.AccessController.doPrivileged(Native Method)
	at javax.security.auth.Subject.doAs(Subject.java:415)
	at org.apache.hadoop.security.UserGroupInformation.doAs(UserGroupInformation.java:1190)
	at org.apache.hadoop.mapred.Child.main(Child.java:249)
Caused by: org.apache.hadoop.util.DiskChecker$DiskErrorException: Could not find any valid local directory for output/map_756.out
	at org.apache.hadoop.fs.LocalDirAllocator$AllocatorPerContext.getLocalPathForWrite(LocalDirAllocator.java:381)
	at org.apache.hadoop.fs.LocalDirAllocator.getLocalPathForWrite(LocalDirAllocator.java:146)
	at org.apache.hadoop.fs.LocalDirAllocator.getLocalPathForWrite(LocalDirAllocator.java:127)
	at org.apache.hadoop.mapred.MapOutputFile.getInputFileForWrite(MapOutputFile.java:176)
	at org.apache.hadoop.mapred.ReduceTask$ReduceCopier$InMemFSMergeThread.doInMemMerge(ReduceTask.java:2798)
	at org.apache.hadoop.mapred.ReduceTask$ReduceCopier$InMemFSMergeThread.run(ReduceTask.java:2762)

14/06/11 13:46:39 INFO mapred.JobClient: Task Id : attempt_201406111226_0002_m_003369_0, Status : FAILED
java.io.IOException: Spill failed
	at org.apache.hadoop.mapred.MapTask$MapOutputBuffer.collect(MapTask.java:1034)
	at org.apache.hadoop.mapred.MapTask$OldOutputCollector.collect(MapTask.java:591)
	at org.apache.hadoop.mapred.lib.IdentityMapper.map(IdentityMapper.java:38)
	at org.apache.hadoop.mapred.MapRunner.run(MapRunner.java:50)
	at org.apache.hadoop.mapred.MapTask.runOldMapper(MapTask.java:430)
	at org.apache.hadoop.mapred.MapTask.run(MapTask.java:366)
	at org.apache.hadoop.mapred.Child$4.run(Child.java:255)
	at java.security.AccessController.doPrivileged(Native Method)
	at javax.security.auth.Subject.doAs(Subject.java:415)
	at org.apache.hadoop.security.UserGroupInformation.doAs(UserGroupInformation.java:1190)
	at org.apache.hadoop.mapred.Child.main(Child.java:249)
Caused by: org.apache.hadoop.util.DiskChecker$DiskErrorException: Could not find any valid local directory for output/spill3.out
	at org.apache.hadoop.fs.LocalDirAllocator$AllocatorPerContext.getLocalPathForWrite(LocalDirAllocator.java:381)
	at org.apache.hadoop.fs.LocalDirAllocator.getLocalPathForWrite(LocalDirAllocator.java:146)
	at org.apache.hadoop.fs.LocalDirAllocator.getLocalPathForWrite(LocalDirAllocator.java:127)
	at org.apache.hadoop.mapred.MapOutputFile.getSpillFileForWrite(MapOutputFile.java:121)
	at org.apache.hadoop.mapred.MapTask$MapOutputBuffer.sortAndSpill(MapTask.java:1397)
	at org.apache.hadoop.mapred.MapTask$MapOutputBuffer.access$1800(MapTask.java:858)
	at org.apache.hadoop.mapred.MapTask$MapOutputBuffer$SpillThread.run(MapTask.java:1349)

14/06/11 13:47:37 INFO mapred.JobClient:  map 41% reduce 4%
14/06/11 13:48:09 INFO mapred.JobClient:  map 41% reduce 5%
14/06/11 13:48:45 INFO mapred.JobClient: Task Id : attempt_201406111226_0002_r_000033_1, Status : FAILED
java.io.IOException: Task: attempt_201406111226_0002_r_000033_1 - The reduce copier failed
	at org.apache.hadoop.mapred.ReduceTask.run(ReduceTask.java:390)
	at org.apache.hadoop.mapred.Child$4.run(Child.java:255)
	at java.security.AccessController.doPrivileged(Native Method)
	at javax.security.auth.Subject.doAs(Subject.java:415)
	at org.apache.hadoop.security.UserGroupInformation.doAs(UserGroupInformation.java:1190)
	at org.apache.hadoop.mapred.Child.main(Child.java:249)
Caused by: org.apache.hadoop.util.DiskChecker$DiskErrorException: Could not find any valid local directory for output/map_1504.out
	at org.apache.hadoop.fs.LocalDirAllocator$AllocatorPerContext.getLocalPathForWrite(LocalDirAllocator.java:381)
	at org.apache.hadoop.fs.LocalDirAllocator.getLocalPathForWrite(LocalDirAllocator.java:146)
	at org.apache.hadoop.fs.LocalDirAllocator.getLocalPathForWrite(LocalDirAllocator.java:127)
	at org.apache.hadoop.mapred.MapOutputFile.getInputFileForWrite(MapOutputFile.java:176)
	at org.apache.hadoop.mapred.ReduceTask$ReduceCopier$InMemFSMergeThread.doInMemMerge(ReduceTask.java:2798)
	at org.apache.hadoop.mapred.ReduceTask$ReduceCopier$InMemFSMergeThread.run(ReduceTask.java:2762)

14/06/11 13:48:51 INFO mapred.JobClient: Task Id : attempt_201406111226_0002_r_000004_1, Status : FAILED
Error: java.io.IOException: No queda espacio en el dispositivo
	at java.io.FileOutputStream.writeBytes(Native Method)
	at java.io.FileOutputStream.write(FileOutputStream.java:345)
	at org.apache.hadoop.fs.RawLocalFileSystem$LocalFSFileOutputStream.write(RawLocalFileSystem.java:203)
	at java.io.BufferedOutputStream.flushBuffer(BufferedOutputStream.java:82)
	at java.io.BufferedOutputStream.write(BufferedOutputStream.java:126)
	at org.apache.hadoop.fs.FSDataOutputStream$PositionCache.write(FSDataOutputStream.java:49)
	at java.io.DataOutputStream.write(DataOutputStream.java:107)
	at org.apache.hadoop.mapred.IFileOutputStream.write(IFileOutputStream.java:84)
	at org.apache.hadoop.fs.FSDataOutputStream$PositionCache.write(FSDataOutputStream.java:49)
	at java.io.DataOutputStream.write(DataOutputStream.java:107)
	at org.apache.hadoop.mapred.IFile$Writer.append(IFile.java:218)
	at org.apache.hadoop.mapred.Merger.writeFile(Merger.java:157)
	at org.apache.hadoop.mapred.ReduceTask$ReduceCopier$InMemFSMergeThread.doInMemMerge(ReduceTask.java:2821)
	at org.apache.hadoop.mapred.ReduceTask$ReduceCopier$InMemFSMergeThread.run(ReduceTask.java:2762)

14/06/11 13:48:51 WARN mapred.JobClient: Error reading task outputhttp://hadoop-10:50060/tasklog?plaintext=true&attemptid=attempt_201406111226_0002_r_000004_1&filter=stdout
14/06/11 13:48:51 WARN mapred.JobClient: Error reading task outputhttp://hadoop-10:50060/tasklog?plaintext=true&attemptid=attempt_201406111226_0002_r_000004_1&filter=stderr
14/06/11 13:48:52 INFO mapred.JobClient: Task Id : attempt_201406111226_0002_r_000026_0, Status : FAILED
java.io.IOException: Task: attempt_201406111226_0002_r_000026_0 - The reduce copier failed
	at org.apache.hadoop.mapred.ReduceTask.run(ReduceTask.java:390)
	at org.apache.hadoop.mapred.Child$4.run(Child.java:255)
	at java.security.AccessController.doPrivileged(Native Method)
	at javax.security.auth.Subject.doAs(Subject.java:415)
	at org.apache.hadoop.security.UserGroupInformation.doAs(UserGroupInformation.java:1190)
	at org.apache.hadoop.mapred.Child.main(Child.java:249)
Caused by: org.apache.hadoop.util.DiskChecker$DiskErrorException: Could not find any valid local directory for output/map_4178.out
	at org.apache.hadoop.fs.LocalDirAllocator$AllocatorPerContext.getLocalPathForWrite(LocalDirAllocator.java:381)
	at org.apache.hadoop.fs.LocalDirAllocator.getLocalPathForWrite(LocalDirAllocator.java:146)
	at org.apache.hadoop.fs.LocalDirAllocator.getLocalPathForWrite(LocalDirAllocator.java:127)
	at org.apache.hadoop.mapred.MapOutputFile.getInputFileForWrite(MapOutputFile.java:176)
	at org.apache.hadoop.mapred.ReduceTask$ReduceCopier$InMemFSMergeThread.doInMemMerge(ReduceTask.java:2798)
	at org.apache.hadoop.mapred.ReduceTask$ReduceCopier$InMemFSMergeThread.run(ReduceTask.java:2762)

14/06/11 13:48:53 INFO mapred.JobClient:  map 41% reduce 4%
14/06/11 13:48:55 INFO mapred.JobClient:  map 42% reduce 4%
14/06/11 13:49:01 INFO mapred.JobClient: Task Id : attempt_201406111226_0002_r_000038_1, Status : FAILED
java.io.IOException: Task: attempt_201406111226_0002_r_000038_1 - The reduce copier failed
	at org.apache.hadoop.mapred.ReduceTask.run(ReduceTask.java:390)
	at org.apache.hadoop.mapred.Child$4.run(Child.java:255)
	at java.security.AccessController.doPrivileged(Native Method)
	at javax.security.auth.Subject.doAs(Subject.java:415)
	at org.apache.hadoop.security.UserGroupInformation.doAs(UserGroupInformation.java:1190)
	at org.apache.hadoop.mapred.Child.main(Child.java:249)
Caused by: org.apache.hadoop.util.DiskChecker$DiskErrorException: Could not find any valid local directory for output/map_1561.out
	at org.apache.hadoop.fs.LocalDirAllocator$AllocatorPerContext.getLocalPathForWrite(LocalDirAllocator.java:381)
	at org.apache.hadoop.fs.LocalDirAllocator.getLocalPathForWrite(LocalDirAllocator.java:146)
	at org.apache.hadoop.fs.LocalDirAllocator.getLocalPathForWrite(LocalDirAllocator.java:127)
	at org.apache.hadoop.mapred.MapOutputFile.getInputFileForWrite(MapOutputFile.java:176)
	at org.apache.hadoop.mapred.ReduceTask$ReduceCopier$InMemFSMergeThread.doInMemMerge(ReduceTask.java:2798)
	at org.apache.hadoop.mapred.ReduceTask$ReduceCopier$InMemFSMergeThread.run(ReduceTask.java:2762)

14/06/11 13:50:03 INFO mapred.JobClient: Task Id : attempt_201406111226_0002_r_000027_0, Status : FAILED
14/06/11 13:50:23 INFO mapred.JobClient:  map 43% reduce 4%
14/06/11 13:50:42 INFO mapred.JobClient: Task Id : attempt_201406111226_0002_r_000026_1, Status : FAILED
java.io.IOException: Task: attempt_201406111226_0002_r_000026_1 - The reduce copier failed
	at org.apache.hadoop.mapred.ReduceTask.run(ReduceTask.java:390)
	at org.apache.hadoop.mapred.Child$4.run(Child.java:255)
	at java.security.AccessController.doPrivileged(Native Method)
	at javax.security.auth.Subject.doAs(Subject.java:415)
	at org.apache.hadoop.security.UserGroupInformation.doAs(UserGroupInformation.java:1190)
	at org.apache.hadoop.mapred.Child.main(Child.java:249)
Caused by: org.apache.hadoop.util.DiskChecker$DiskErrorException: Could not find any valid local directory for output/map_2887.out
	at org.apache.hadoop.fs.LocalDirAllocator$AllocatorPerContext.getLocalPathForWrite(LocalDirAllocator.java:381)
	at org.apache.hadoop.fs.LocalDirAllocator.getLocalPathForWrite(LocalDirAllocator.java:146)
	at org.apache.hadoop.fs.LocalDirAllocator.getLocalPathForWrite(LocalDirAllocator.java:127)
	at org.apache.hadoop.mapred.MapOutputFile.getInputFileForWrite(MapOutputFile.java:176)
	at org.apache.hadoop.mapred.ReduceTask$ReduceCopier$InMemFSMergeThread.doInMemMerge(ReduceTask.java:2798)
	at org.apache.hadoop.mapred.ReduceTask$ReduceCopier$InMemFSMergeThread.run(ReduceTask.java:2762)

14/06/11 13:51:44 INFO mapred.JobClient:  map 43% reduce 5%
14/06/11 13:51:57 INFO mapred.JobClient:  map 44% reduce 5%
14/06/11 13:52:21 INFO mapred.JobClient: Task Id : attempt_201406111226_0002_r_000004_2, Status : FAILED
java.io.IOException: Task: attempt_201406111226_0002_r_000004_2 - The reduce copier failed
	at org.apache.hadoop.mapred.ReduceTask.run(ReduceTask.java:390)
	at org.apache.hadoop.mapred.Child$4.run(Child.java:255)
	at java.security.AccessController.doPrivileged(Native Method)
	at javax.security.auth.Subject.doAs(Subject.java:415)
	at org.apache.hadoop.security.UserGroupInformation.doAs(UserGroupInformation.java:1190)
	at org.apache.hadoop.mapred.Child.main(Child.java:249)
Caused by: org.apache.hadoop.util.DiskChecker$DiskErrorException: Could not find any valid local directory for output/map_155.out
	at org.apache.hadoop.fs.LocalDirAllocator$AllocatorPerContext.getLocalPathForWrite(LocalDirAllocator.java:381)
	at org.apache.hadoop.fs.LocalDirAllocator.getLocalPathForWrite(LocalDirAllocator.java:146)
	at org.apache.hadoop.fs.LocalDirAllocator.getLocalPathForWrite(LocalDirAllocator.java:127)
	at org.apache.hadoop.mapred.MapOutputFile.getInputFileForWrite(MapOutputFile.java:176)
	at org.apache.hadoop.mapred.ReduceTask$ReduceCopier$InMemFSMergeThread.doInMemMerge(ReduceTask.java:2798)
	at org.apache.hadoop.mapred.ReduceTask$ReduceCopier$InMemFSMergeThread.run(ReduceTask.java:2762)

14/06/11 13:52:50 INFO mapred.JobClient: Task Id : attempt_201406111226_0002_m_004843_0, Status : FAILED
java.io.IOException: Spill failed
	at org.apache.hadoop.mapred.MapTask$MapOutputBuffer.collect(MapTask.java:1034)
	at org.apache.hadoop.mapred.MapTask$OldOutputCollector.collect(MapTask.java:591)
	at org.apache.hadoop.mapred.lib.IdentityMapper.map(IdentityMapper.java:38)
	at org.apache.hadoop.mapred.MapRunner.run(MapRunner.java:50)
	at org.apache.hadoop.mapred.MapTask.runOldMapper(MapTask.java:430)
	at org.apache.hadoop.mapred.MapTask.run(MapTask.java:366)
	at org.apache.hadoop.mapred.Child$4.run(Child.java:255)
	at java.security.AccessController.doPrivileged(Native Method)
	at javax.security.auth.Subject.doAs(Subject.java:415)
	at org.apache.hadoop.security.UserGroupInformation.doAs(UserGroupInformation.java:1190)
	at org.apache.hadoop.mapred.Child.main(Child.java:249)
Caused by: org.apache.hadoop.util.DiskChecker$DiskErrorException: Could not find any valid local directory for output/spill3.out
	at org.apache.hadoop.fs.LocalDirAllocator$AllocatorPerContext.getLocalPathForWrite(LocalDirAllocator.java:381)
	at org.apache.hadoop.fs.LocalDirAllocator.getLocalPathForWrite(LocalDirAllocator.java:146)
	at org.apache.hadoop.fs.LocalDirAllocator.getLocalPathForWrite(LocalDirAllocator.java:127)
	at org.apache.hadoop.mapred.MapOutputFile.getSpillFileForWrite(MapOutputFile.java:121)
	at org.apache.hadoop.mapred.MapTask$MapOutputBuffer.sortAndSpill(MapTask.java:1397)
	at org.apache.hadoop.mapred.MapTask$MapOutputBuffer.access$1800(MapTask.java:858)
	at org.apache.hadoop.mapred.MapTask$MapOutputBuffer$SpillThread.run(MapTask.java:1349)

14/06/11 13:53:24 INFO mapred.JobClient:  map 45% reduce 5%
14/06/11 13:53:58 INFO mapred.JobClient: Task Id : attempt_201406111226_0002_r_000026_2, Status : FAILED
java.io.IOException: Task: attempt_201406111226_0002_r_000026_2 - The reduce copier failed
	at org.apache.hadoop.mapred.ReduceTask.run(ReduceTask.java:390)
	at org.apache.hadoop.mapred.Child$4.run(Child.java:255)
	at java.security.AccessController.doPrivileged(Native Method)
	at javax.security.auth.Subject.doAs(Subject.java:415)
	at org.apache.hadoop.security.UserGroupInformation.doAs(UserGroupInformation.java:1190)
	at org.apache.hadoop.mapred.Child.main(Child.java:249)
Caused by: org.apache.hadoop.util.DiskChecker$DiskErrorException: Could not find any valid local directory for output/map_2591.out
	at org.apache.hadoop.fs.LocalDirAllocator$AllocatorPerContext.getLocalPathForWrite(LocalDirAllocator.java:381)
	at org.apache.hadoop.fs.LocalDirAllocator.getLocalPathForWrite(LocalDirAllocator.java:146)
	at org.apache.hadoop.fs.LocalDirAllocator.getLocalPathForWrite(LocalDirAllocator.java:127)
	at org.apache.hadoop.mapred.MapOutputFile.getInputFileForWrite(MapOutputFile.java:176)
	at org.apache.hadoop.mapred.ReduceTask$ReduceCopier$InMemFSMergeThread.doInMemMerge(ReduceTask.java:2798)
	at org.apache.hadoop.mapred.ReduceTask$ReduceCopier$InMemFSMergeThread.run(ReduceTask.java:2762)

14/06/11 13:54:29 INFO mapred.JobClient: Task Id : attempt_201406111226_0002_r_000010_0, Status : FAILED
java.lang.Throwable: Child Error
	at org.apache.hadoop.mapred.TaskRunner.run(TaskRunner.java:271)
Caused by: java.io.IOException: Task process exit with nonzero status of 137.
	at org.apache.hadoop.mapred.TaskRunner.run(TaskRunner.java:258)

14/06/11 13:54:45 INFO mapred.JobClient:  map 46% reduce 5%
14/06/11 13:56:08 INFO mapred.JobClient:  map 47% reduce 5%
14/06/11 13:56:22 INFO mapred.JobClient: Task Id : attempt_201406111226_0002_m_003390_0, Status : FAILED
org.apache.hadoop.util.DiskChecker$DiskErrorException: Could not find any valid local directory for output/file.out
	at org.apache.hadoop.fs.LocalDirAllocator$AllocatorPerContext.getLocalPathForWrite(LocalDirAllocator.java:381)
	at org.apache.hadoop.fs.LocalDirAllocator.getLocalPathForWrite(LocalDirAllocator.java:146)
	at org.apache.hadoop.fs.LocalDirAllocator.getLocalPathForWrite(LocalDirAllocator.java:127)
	at org.apache.hadoop.mapred.MapOutputFile.getOutputFileForWrite(MapOutputFile.java:69)
	at org.apache.hadoop.mapred.MapTask$MapOutputBuffer.mergeParts(MapTask.java:1645)
	at org.apache.hadoop.mapred.MapTask$MapOutputBuffer.flush(MapTask.java:1328)
	at org.apache.hadoop.mapred.MapTask.runOldMapper(MapTask.java:431)
	at org.apache.hadoop.mapred.MapTask.run(MapTask.java:366)
	at org.apache.hadoop.mapred.Child$4.run(Child.java:255)
	at java.security.AccessController.doPrivileged(Native Method)
	at javax.security.auth.Subject.doAs(Subject.java:415)
	at org.apache.hadoop.security.UserGroupInformation.doAs(UserGroupInformation.java:1190)
	at org.apache.hadoop.mapred.Child.main(Child.java:249)

14/06/11 13:56:24 INFO mapred.JobClient: Task Id : attempt_201406111226_0002_r_000009_0, Status : FAILED
java.io.IOException: Task: attempt_201406111226_0002_r_000009_0 - The reduce copier failed
	at org.apache.hadoop.mapred.ReduceTask.run(ReduceTask.java:390)
	at org.apache.hadoop.mapred.Child$4.run(Child.java:255)
	at java.security.AccessController.doPrivileged(Native Method)
	at javax.security.auth.Subject.doAs(Subject.java:415)
	at org.apache.hadoop.security.UserGroupInformation.doAs(UserGroupInformation.java:1190)
	at org.apache.hadoop.mapred.Child.main(Child.java:249)
Caused by: org.apache.hadoop.util.DiskChecker$DiskErrorException: Could not find any valid local directory for output/map_5290.out
	at org.apache.hadoop.fs.LocalDirAllocator$AllocatorPerContext.getLocalPathForWrite(LocalDirAllocator.java:381)
	at org.apache.hadoop.fs.LocalDirAllocator.getLocalPathForWrite(LocalDirAllocator.java:146)
	at org.apache.hadoop.fs.LocalDirAllocator.getLocalPathForWrite(LocalDirAllocator.java:127)
	at org.apache.hadoop.mapred.MapOutputFile.getInputFileForWrite(MapOutputFile.java:176)
	at org.apache.hadoop.mapred.ReduceTask$ReduceCopier$InMemFSMergeThread.doInMemMerge(ReduceTask.java:2798)
	at org.apache.hadoop.mapred.ReduceTask$ReduceCopier$InMemFSMergeThread.run(ReduceTask.java:2762)

14/06/11 13:56:37 INFO mapred.JobClient: Task Id : attempt_201406111226_0002_m_003391_0, Status : FAILED
java.io.IOException: Spill failed
	at org.apache.hadoop.mapred.MapTask$MapOutputBuffer.collect(MapTask.java:1034)
	at org.apache.hadoop.mapred.MapTask$OldOutputCollector.collect(MapTask.java:591)
	at org.apache.hadoop.mapred.lib.IdentityMapper.map(IdentityMapper.java:38)
	at org.apache.hadoop.mapred.MapRunner.run(MapRunner.java:50)
	at org.apache.hadoop.mapred.MapTask.runOldMapper(MapTask.java:430)
	at org.apache.hadoop.mapred.MapTask.run(MapTask.java:366)
	at org.apache.hadoop.mapred.Child$4.run(Child.java:255)
	at java.security.AccessController.doPrivileged(Native Method)
	at javax.security.auth.Subject.doAs(Subject.java:415)
	at org.apache.hadoop.security.UserGroupInformation.doAs(UserGroupInformation.java:1190)
	at org.apache.hadoop.mapred.Child.main(Child.java:249)
Caused by: org.apache.hadoop.util.DiskChecker$DiskErrorException: Could not find any valid local directory for output/spill3.out
	at org.apache.hadoop.fs.LocalDirAllocator$AllocatorPerContext.getLocalPathForWrite(LocalDirAllocator.java:381)
	at org.apache.hadoop.fs.LocalDirAllocator.getLocalPathForWrite(LocalDirAllocator.java:146)
	at org.apache.hadoop.fs.LocalDirAllocator.getLocalPathForWrite(LocalDirAllocator.java:127)
	at org.apache.hadoop.mapred.MapOutputFile.getSpillFileForWrite(MapOutputFile.java:121)
	at org.apache.hadoop.mapred.MapTask$MapOutputBuffer.sortAndSpill(MapTask.java:1397)
	at org.apache.hadoop.mapred.MapTask$MapOutputBuffer.access$1800(MapTask.java:858)
	at org.apache.hadoop.mapred.MapTask$MapOutputBuffer$SpillThread.run(MapTask.java:1349)

14/06/11 13:57:21 INFO mapred.JobClient: Task Id : attempt_201406111226_0002_m_003242_0, Status : FAILED
FSError: java.io.IOException: No queda espacio en el dispositivo
14/06/11 13:57:31 INFO mapred.JobClient:  map 48% reduce 5%
14/06/11 13:57:32 INFO mapred.JobClient:  map 47% reduce 5%
14/06/11 13:57:32 INFO mapred.JobClient: Task Id : attempt_201406111226_0002_r_000038_2, Status : FAILED
java.io.IOException: Task: attempt_201406111226_0002_r_000038_2 - The reduce copier failed
	at org.apache.hadoop.mapred.ReduceTask.run(ReduceTask.java:390)
	at org.apache.hadoop.mapred.Child$4.run(Child.java:255)
	at java.security.AccessController.doPrivileged(Native Method)
	at javax.security.auth.Subject.doAs(Subject.java:415)
	at org.apache.hadoop.security.UserGroupInformation.doAs(UserGroupInformation.java:1190)
	at org.apache.hadoop.mapred.Child.main(Child.java:249)
Caused by: org.apache.hadoop.util.DiskChecker$DiskErrorException: Could not find any valid local directory for output/map_1423.out
	at org.apache.hadoop.fs.LocalDirAllocator$AllocatorPerContext.getLocalPathForWrite(LocalDirAllocator.java:381)
	at org.apache.hadoop.fs.LocalDirAllocator.getLocalPathForWrite(LocalDirAllocator.java:146)
	at org.apache.hadoop.fs.LocalDirAllocator.getLocalPathForWrite(LocalDirAllocator.java:127)
	at org.apache.hadoop.mapred.MapOutputFile.getInputFileForWrite(MapOutputFile.java:176)
	at org.apache.hadoop.mapred.ReduceTask$ReduceCopier$InMemFSMergeThread.doInMemMerge(ReduceTask.java:2798)
	at org.apache.hadoop.mapred.ReduceTask$ReduceCopier$InMemFSMergeThread.run(ReduceTask.java:2762)

14/06/11 13:57:34 INFO mapred.JobClient:  map 48% reduce 5%
14/06/11 13:57:35 INFO mapred.JobClient: Task Id : attempt_201406111226_0002_m_003243_0, Status : FAILED
FSError: java.io.IOException: No queda espacio en el dispositivo
14/06/11 13:57:41 INFO mapred.JobClient: Task Id : attempt_201406111226_0002_r_000033_2, Status : FAILED
java.io.IOException: Task: attempt_201406111226_0002_r_000033_2 - The reduce copier failed
	at org.apache.hadoop.mapred.ReduceTask.run(ReduceTask.java:390)
	at org.apache.hadoop.mapred.Child$4.run(Child.java:255)
	at java.security.AccessController.doPrivileged(Native Method)
	at javax.security.auth.Subject.doAs(Subject.java:415)
	at org.apache.hadoop.security.UserGroupInformation.doAs(UserGroupInformation.java:1190)
	at org.apache.hadoop.mapred.Child.main(Child.java:249)
Caused by: org.apache.hadoop.util.DiskChecker$DiskErrorException: Could not find any valid local directory for output/map_98.out
	at org.apache.hadoop.fs.LocalDirAllocator$AllocatorPerContext.getLocalPathForWrite(LocalDirAllocator.java:381)
	at org.apache.hadoop.fs.LocalDirAllocator.getLocalPathForWrite(LocalDirAllocator.java:146)
	at org.apache.hadoop.fs.LocalDirAllocator.getLocalPathForWrite(LocalDirAllocator.java:127)
	at org.apache.hadoop.mapred.MapOutputFile.getInputFileForWrite(MapOutputFile.java:176)
	at org.apache.hadoop.mapred.ReduceTask$ReduceCopier$InMemFSMergeThread.doInMemMerge(ReduceTask.java:2798)
	at org.apache.hadoop.mapred.ReduceTask$ReduceCopier$InMemFSMergeThread.run(ReduceTask.java:2762)

14/06/11 13:58:05 INFO mapred.JobClient: Task Id : attempt_201406111226_0002_r_000018_0, Status : FAILED
Error: java.io.IOException: No queda espacio en el dispositivo
	at java.io.FileOutputStream.writeBytes(Native Method)
	at java.io.FileOutputStream.write(FileOutputStream.java:345)
	at org.apache.hadoop.fs.RawLocalFileSystem$LocalFSFileOutputStream.write(RawLocalFileSystem.java:203)
	at java.io.BufferedOutputStream.flushBuffer(BufferedOutputStream.java:82)
	at java.io.BufferedOutputStream.write(BufferedOutputStream.java:126)
	at org.apache.hadoop.fs.FSDataOutputStream$PositionCache.write(FSDataOutputStream.java:49)
	at java.io.DataOutputStream.write(DataOutputStream.java:107)
	at org.apache.hadoop.mapred.IFileOutputStream.write(IFileOutputStream.java:84)
	at org.apache.hadoop.fs.FSDataOutputStream$PositionCache.write(FSDataOutputStream.java:49)
	at java.io.DataOutputStream.write(DataOutputStream.java:107)
	at org.apache.hadoop.mapred.IFile$Writer.append(IFile.java:218)
	at org.apache.hadoop.mapred.Merger.writeFile(Merger.java:157)
	at org.apache.hadoop.mapred.ReduceTask$ReduceCopier$InMemFSMergeThread.doInMemMerge(ReduceTask.java:2821)
	at org.apache.hadoop.mapred.ReduceTask$ReduceCopier$InMemFSMergeThread.run(ReduceTask.java:2762)

14/06/11 13:58:05 WARN mapred.JobClient: Error reading task outputhttp://hadoop-13:50060/tasklog?plaintext=true&attemptid=attempt_201406111226_0002_r_000018_0&filter=stdout
14/06/11 13:58:05 WARN mapred.JobClient: Error reading task outputhttp://hadoop-13:50060/tasklog?plaintext=true&attemptid=attempt_201406111226_0002_r_000018_0&filter=stderr
14/06/11 13:58:57 INFO mapred.JobClient:  map 49% reduce 5%
14/06/11 14:00:20 INFO mapred.JobClient:  map 50% reduce 5%
14/06/11 14:00:43 INFO mapred.JobClient: Task Id : attempt_201406111226_0002_r_000030_0, Status : FAILED
java.io.IOException: Task: attempt_201406111226_0002_r_000030_0 - The reduce copier failed
	at org.apache.hadoop.mapred.ReduceTask.run(ReduceTask.java:390)
	at org.apache.hadoop.mapred.Child$4.run(Child.java:255)
	at java.security.AccessController.doPrivileged(Native Method)
	at javax.security.auth.Subject.doAs(Subject.java:415)
	at org.apache.hadoop.security.UserGroupInformation.doAs(UserGroupInformation.java:1190)
	at org.apache.hadoop.mapred.Child.main(Child.java:249)
Caused by: org.apache.hadoop.util.DiskChecker$DiskErrorException: Could not find any valid local directory for file:/scratch/hadoop/mapred/local/taskTracker/hadoop/jobcache/job_201406111226_0002/attempt_201406111226_0002_r_000030_0/output/map_5281.out
	at org.apache.hadoop.fs.LocalDirAllocator$AllocatorPerContext.getLocalPathForWrite(LocalDirAllocator.java:381)
	at org.apache.hadoop.fs.LocalDirAllocator.getLocalPathForWrite(LocalDirAllocator.java:146)
	at org.apache.hadoop.fs.LocalDirAllocator.getLocalPathForWrite(LocalDirAllocator.java:127)
	at org.apache.hadoop.mapred.ReduceTask$ReduceCopier$LocalFSMerger.run(ReduceTask.java:2690)

14/06/11 14:01:55 INFO mapred.JobClient:  map 51% reduce 5%
14/06/11 14:03:32 INFO mapred.JobClient: Task Id : attempt_201406111226_0002_r_000034_1, Status : FAILED
java.lang.Throwable: Child Error
	at org.apache.hadoop.mapred.TaskRunner.run(TaskRunner.java:271)
Caused by: java.io.IOException: Task process exit with nonzero status of 137.
	at org.apache.hadoop.mapred.TaskRunner.run(TaskRunner.java:258)

14/06/11 14:03:39 INFO mapred.JobClient:  map 52% reduce 5%
14/06/11 14:04:07 INFO mapred.JobClient: Task Id : attempt_201406111226_0002_m_004865_0, Status : FAILED
14/06/11 14:05:05 INFO mapred.JobClient: Task Id : attempt_201406111226_0002_m_004350_0, Status : FAILED
java.io.IOException: Spill failed
	at org.apache.hadoop.mapred.MapTask$MapOutputBuffer$Buffer.write(MapTask.java:1218)
	at org.apache.hadoop.mapred.MapTask$MapOutputBuffer$Buffer.write(MapTask.java:1199)
	at java.io.DataOutputStream.writeByte(DataOutputStream.java:153)
	at org.apache.hadoop.io.WritableUtils.writeVLong(WritableUtils.java:264)
	at org.apache.hadoop.io.WritableUtils.writeVInt(WritableUtils.java:244)
	at org.apache.hadoop.io.Text.write(Text.java:281)
	at org.apache.hadoop.io.serializer.WritableSerialization$WritableSerializer.serialize(WritableSerialization.java:90)
	at org.apache.hadoop.io.serializer.WritableSerialization$WritableSerializer.serialize(WritableSerialization.java:77)
	at org.apache.hadoop.mapred.MapTask$MapOutputBuffer.collect(MapTask.java:1066)
	at org.apache.hadoop.mapred.MapTask$OldOutputCollector.collect(MapTask.java:591)
	at org.apache.hadoop.mapred.lib.IdentityMapper.map(IdentityMapper.java:38)
	at org.apache.hadoop.mapred.MapRunner.run(MapRunner.java:50)
	at org.apache.hadoop.mapred.MapTask.runOldMapper(MapTask.java:430)
	at org.apache.hadoop.mapred.MapTask.run(MapTask.java:366)
	at org.apache.hadoop.mapred.Child$4.run(Child.java:255)
	at java.security.AccessController.doPrivileged(Native Method)
	at javax.security.auth.Subject.doAs(Subject.java:415)
	at org.apache.hadoop.security.UserGroupInformation.doAs(UserGroupInformation.java:1190)
	at org.apache.hadoop.mapred.Child.main(Child.java:249)
Caused by: org.apache.hadoop.util.DiskChecker$DiskErrorException: Could not find any valid local directory for output/spill3.out
	at org.apache.hadoop.fs.LocalDirAllocator$AllocatorPerContext.getLocalPathForWrite(LocalDirAllocator.java:381)
	at org.apache.hadoop.fs.LocalDirAllocator.getLocalPathForWrite(LocalDirAllocator.java:146)
	at org.apache.hadoop.fs.LocalDirAllocator.getLocalPathForWrite(LocalDirAllocator.java:127)
	at org.apache.hadoop.mapred.MapOutputFile.getSpillFileForWrite(MapOutputFile.java:121)
	at org.apache.hadoop.mapred.MapTask$MapOutputBuffer.sortAndSpill(MapTask.java:1397)
	at org.apache.hadoop.mapred.MapTask$MapOutputBuffer.access$1800(MapTask.java:858)
	at org.apache.hadoop.mapred.MapTask$MapOutputBuffer$SpillThread.run(MapTask.java:1349)

14/06/11 14:05:19 INFO mapred.JobClient:  map 53% reduce 5%
14/06/11 14:06:00 INFO mapred.JobClient: Job complete: job_201406111226_0002
14/06/11 14:06:00 INFO mapred.JobClient: Counters: 26
14/06/11 14:06:00 INFO mapred.JobClient:   Job Counters 
14/06/11 14:06:00 INFO mapred.JobClient:     Launched reduce tasks=55
14/06/11 14:06:00 INFO mapred.JobClient:     SLOTS_MILLIS_MAPS=144644883
14/06/11 14:06:00 INFO mapred.JobClient:     Total time spent by all reduces waiting after reserving slots (ms)=0
14/06/11 14:06:00 INFO mapred.JobClient:     Total time spent by all maps waiting after reserving slots (ms)=0
14/06/11 14:06:00 INFO mapred.JobClient:     Rack-local map tasks=44
14/06/11 14:06:00 INFO mapred.JobClient:     Launched map tasks=4031
14/06/11 14:06:00 INFO mapred.JobClient:     Data-local map tasks=3987
14/06/11 14:06:00 INFO mapred.JobClient:     Failed reduce tasks=1
14/06/11 14:06:00 INFO mapred.JobClient:     SLOTS_MILLIS_REDUCES=113160112
14/06/11 14:06:00 INFO mapred.JobClient:   File Input Format Counters 
14/06/11 14:06:00 INFO mapred.JobClient:     Bytes Read=535251329024
14/06/11 14:06:00 INFO mapred.JobClient:   FileSystemCounters
14/06/11 14:06:00 INFO mapred.JobClient:     FILE_BYTES_READ=753885671990
14/06/11 14:06:00 INFO mapred.JobClient:     HDFS_BYTES_READ=535251815560
14/06/11 14:06:00 INFO mapred.JobClient:     FILE_BYTES_WRITTEN=1091103080851
14/06/11 14:06:00 INFO mapred.JobClient:   Map-Reduce Framework
14/06/11 14:06:00 INFO mapred.JobClient:     Map output materialized bytes=545426651100
14/06/11 14:06:00 INFO mapred.JobClient:     Map input records=5347296650
14/06/11 14:06:00 INFO mapred.JobClient:     Spilled Records=10694593300
14/06/11 14:06:00 INFO mapred.JobClient:     Map output bytes=534729665000
14/06/11 14:06:00 INFO mapred.JobClient:     Total committed heap usage (bytes)=553480962048
14/06/11 14:06:00 INFO mapred.JobClient:     CPU time spent (ms)=31834670
14/06/11 14:06:00 INFO mapred.JobClient:     Map input bytes=534729665000
14/06/11 14:06:00 INFO mapred.JobClient:     SPLIT_RAW_BYTES=486536
14/06/11 14:06:00 INFO mapred.JobClient:     Combine input records=0
14/06/11 14:06:00 INFO mapred.JobClient:     Combine output records=0
14/06/11 14:06:00 INFO mapred.JobClient:     Physical memory (bytes) snapshot=759459282944
14/06/11 14:06:00 INFO mapred.JobClient:     Virtual memory (bytes) snapshot=2930349490176
14/06/11 14:06:00 INFO mapred.JobClient:     Map output records=5347296650
14/06/11 14:06:00 INFO mapred.JobClient: Job Failed: # of failed Reduce Tasks exceeded allowed limit. FailedCount: 1. LastFailedTask: task_201406111226_0002_r_000026
java.io.IOException: Job failed!
	at org.apache.hadoop.mapred.JobClient.runJob(JobClient.java:1357)
	at org.apache.hadoop.examples.terasort.TeraSort.run(TeraSort.java:248)
	at org.apache.hadoop.util.ToolRunner.run(ToolRunner.java:65)
	at org.apache.hadoop.examples.terasort.TeraSort.main(TeraSort.java:257)
	at sun.reflect.NativeMethodAccessorImpl.invoke0(Native Method)
	at sun.reflect.NativeMethodAccessorImpl.invoke(NativeMethodAccessorImpl.java:57)
	at sun.reflect.DelegatingMethodAccessorImpl.invoke(DelegatingMethodAccessorImpl.java:43)
	at java.lang.reflect.Method.invoke(Method.java:606)
	at org.apache.hadoop.util.ProgramDriver$ProgramDescription.invoke(ProgramDriver.java:68)
	at org.apache.hadoop.util.ProgramDriver.driver(ProgramDriver.java:139)
	at org.apache.hadoop.examples.ExampleDriver.main(ExampleDriver.java:64)
	at sun.reflect.NativeMethodAccessorImpl.invoke0(Native Method)
	at sun.reflect.NativeMethodAccessorImpl.invoke(NativeMethodAccessorImpl.java:57)
	at sun.reflect.DelegatingMethodAccessorImpl.invoke(DelegatingMethodAccessorImpl.java:43)
	at java.lang.reflect.Method.invoke(Method.java:606)
	at org.apache.hadoop.util.RunJar.main(RunJar.java:160)

real	63m48.161s
user	0m9.965s
sys	0m1.608s
