[hadoop@hadoop-master ~]$ time hadoop jar /opt/cesga/hadoop/hadoop-examples-1.2.1.jar teragen -D mapred.map.tasks=100 $((1000*1000*1000*10))  /user/hadoop/terasort-input-1000 | tee teragen-cesga-cesnet-100-1000.log 2>&1
Generating 10000000000 using 100 maps with step of 100000000
14/06/11 12:28:39 INFO mapred.JobClient: Running job: job_201406111226_0001
14/06/11 12:28:40 INFO mapred.JobClient:  map 0% reduce 0%
14/06/11 12:29:01 INFO mapred.JobClient:  map 1% reduce 0%
14/06/11 12:29:09 INFO mapred.JobClient:  map 2% reduce 0%
14/06/11 12:29:18 INFO mapred.JobClient:  map 3% reduce 0%
14/06/11 12:29:27 INFO mapred.JobClient:  map 4% reduce 0%
14/06/11 12:29:36 INFO mapred.JobClient:  map 5% reduce 0%
14/06/11 12:29:45 INFO mapred.JobClient:  map 6% reduce 0%
14/06/11 12:29:54 INFO mapred.JobClient:  map 7% reduce 0%
14/06/11 12:30:03 INFO mapred.JobClient:  map 8% reduce 0%
14/06/11 12:30:12 INFO mapred.JobClient:  map 9% reduce 0%
14/06/11 12:30:21 INFO mapred.JobClient:  map 10% reduce 0%
14/06/11 12:30:31 INFO mapred.JobClient:  map 11% reduce 0%
14/06/11 12:30:40 INFO mapred.JobClient:  map 12% reduce 0%
14/06/11 12:30:50 INFO mapred.JobClient:  map 13% reduce 0%
14/06/11 12:30:59 INFO mapred.JobClient:  map 14% reduce 0%
14/06/11 12:31:08 INFO mapred.JobClient:  map 15% reduce 0%
14/06/11 12:31:19 INFO mapred.JobClient:  map 16% reduce 0%
14/06/11 12:31:28 INFO mapred.JobClient:  map 17% reduce 0%
14/06/11 12:31:38 INFO mapred.JobClient:  map 18% reduce 0%
14/06/11 12:31:47 INFO mapred.JobClient:  map 19% reduce 0%
14/06/11 12:31:57 INFO mapred.JobClient:  map 20% reduce 0%
14/06/11 12:32:06 INFO mapred.JobClient:  map 21% reduce 0%
14/06/11 12:32:16 INFO mapred.JobClient:  map 22% reduce 0%
14/06/11 12:32:28 INFO mapred.JobClient:  map 23% reduce 0%
14/06/11 12:32:38 INFO mapred.JobClient:  map 24% reduce 0%
14/06/11 12:32:47 INFO mapred.JobClient:  map 25% reduce 0%
14/06/11 12:32:57 INFO mapred.JobClient:  map 26% reduce 0%
14/06/11 12:33:07 INFO mapred.JobClient:  map 27% reduce 0%
14/06/11 12:33:17 INFO mapred.JobClient:  map 28% reduce 0%
14/06/11 12:33:26 INFO mapred.JobClient:  map 29% reduce 0%
14/06/11 12:33:37 INFO mapred.JobClient:  map 30% reduce 0%
14/06/11 12:33:47 INFO mapred.JobClient:  map 31% reduce 0%
14/06/11 12:33:56 INFO mapred.JobClient:  map 32% reduce 0%
14/06/11 12:34:07 INFO mapred.JobClient:  map 33% reduce 0%
14/06/11 12:34:16 INFO mapred.JobClient:  map 34% reduce 0%
14/06/11 12:34:26 INFO mapred.JobClient:  map 35% reduce 0%
14/06/11 12:34:36 INFO mapred.JobClient:  map 36% reduce 0%
14/06/11 12:34:45 INFO mapred.JobClient:  map 37% reduce 0%
14/06/11 12:34:55 INFO mapred.JobClient:  map 38% reduce 0%
14/06/11 12:35:04 INFO mapred.JobClient:  map 39% reduce 0%
14/06/11 12:35:14 INFO mapred.JobClient:  map 40% reduce 0%
14/06/11 12:35:24 INFO mapred.JobClient:  map 41% reduce 0%
14/06/11 12:35:35 INFO mapred.JobClient:  map 42% reduce 0%
14/06/11 12:35:45 INFO mapred.JobClient:  map 43% reduce 0%
14/06/11 12:35:57 INFO mapred.JobClient:  map 44% reduce 0%
14/06/11 12:36:07 INFO mapred.JobClient:  map 45% reduce 0%
14/06/11 12:36:17 INFO mapred.JobClient:  map 46% reduce 0%
14/06/11 12:36:27 INFO mapred.JobClient:  map 47% reduce 0%
14/06/11 12:36:37 INFO mapred.JobClient:  map 48% reduce 0%
14/06/11 12:36:46 INFO mapred.JobClient:  map 49% reduce 0%
14/06/11 12:36:57 INFO mapred.JobClient:  map 50% reduce 0%
14/06/11 12:37:07 INFO mapred.JobClient:  map 51% reduce 0%
14/06/11 12:37:16 INFO mapred.JobClient:  map 52% reduce 0%
14/06/11 12:37:26 INFO mapred.JobClient:  map 53% reduce 0%
14/06/11 12:37:36 INFO mapred.JobClient:  map 54% reduce 0%
14/06/11 12:37:45 INFO mapred.JobClient:  map 55% reduce 0%
14/06/11 12:37:57 INFO mapred.JobClient:  map 56% reduce 0%
14/06/11 12:38:07 INFO mapred.JobClient:  map 57% reduce 0%
14/06/11 12:38:16 INFO mapred.JobClient:  map 58% reduce 0%
14/06/11 12:38:26 INFO mapred.JobClient:  map 59% reduce 0%
14/06/11 12:38:36 INFO mapred.JobClient:  map 60% reduce 0%
14/06/11 12:38:46 INFO mapred.JobClient:  map 61% reduce 0%
14/06/11 12:38:55 INFO mapred.JobClient:  map 62% reduce 0%
14/06/11 12:39:05 INFO mapred.JobClient:  map 63% reduce 0%
14/06/11 12:39:16 INFO mapred.JobClient:  map 64% reduce 0%
14/06/11 12:39:26 INFO mapred.JobClient:  map 65% reduce 0%
14/06/11 12:39:38 INFO mapred.JobClient:  map 66% reduce 0%
14/06/11 12:39:48 INFO mapred.JobClient:  map 67% reduce 0%
14/06/11 12:39:59 INFO mapred.JobClient:  map 68% reduce 0%
14/06/11 12:40:09 INFO mapred.JobClient:  map 69% reduce 0%
14/06/11 12:40:19 INFO mapred.JobClient:  map 70% reduce 0%
14/06/11 12:40:29 INFO mapred.JobClient:  map 71% reduce 0%
14/06/11 12:40:40 INFO mapred.JobClient:  map 72% reduce 0%
14/06/11 12:40:49 INFO mapred.JobClient:  map 73% reduce 0%
14/06/11 12:41:00 INFO mapred.JobClient:  map 74% reduce 0%
14/06/11 12:41:10 INFO mapred.JobClient:  map 75% reduce 0%
14/06/11 12:41:19 INFO mapred.JobClient:  map 76% reduce 0%
14/06/11 12:41:29 INFO mapred.JobClient:  map 77% reduce 0%
14/06/11 12:41:40 INFO mapred.JobClient:  map 78% reduce 0%
14/06/11 12:41:49 INFO mapred.JobClient:  map 79% reduce 0%
14/06/11 12:42:00 INFO mapred.JobClient:  map 80% reduce 0%
14/06/11 12:42:09 INFO mapred.JobClient:  map 81% reduce 0%
14/06/11 12:42:19 INFO mapred.JobClient:  map 82% reduce 0%
14/06/11 12:42:30 INFO mapred.JobClient:  map 83% reduce 0%
14/06/11 12:42:40 INFO mapred.JobClient:  map 84% reduce 0%
14/06/11 12:42:51 INFO mapred.JobClient:  map 85% reduce 0%
14/06/11 12:43:03 INFO mapred.JobClient:  map 86% reduce 0%
14/06/11 12:43:18 INFO mapred.JobClient:  map 87% reduce 0%
14/06/11 12:43:36 INFO mapred.JobClient:  map 88% reduce 0%
14/06/11 12:43:55 INFO mapred.JobClient:  map 89% reduce 0%
14/06/11 12:44:17 INFO mapred.JobClient:  map 90% reduce 0%
14/06/11 12:44:40 INFO mapred.JobClient:  map 91% reduce 0%
14/06/11 12:45:01 INFO mapred.JobClient:  map 92% reduce 0%
14/06/11 12:45:23 INFO mapred.JobClient:  map 93% reduce 0%
14/06/11 12:45:49 INFO mapred.JobClient:  map 94% reduce 0%
14/06/11 12:46:13 INFO mapred.JobClient:  map 95% reduce 0%
14/06/11 12:46:40 INFO mapred.JobClient:  map 96% reduce 0%
14/06/11 12:47:05 INFO mapred.JobClient:  map 97% reduce 0%
14/06/11 12:47:39 INFO mapred.JobClient:  map 98% reduce 0%
14/06/11 12:48:36 INFO mapred.JobClient:  map 99% reduce 0%
14/06/11 12:50:57 INFO mapred.JobClient:  map 100% reduce 0%
14/06/11 12:51:01 INFO mapred.JobClient: Job complete: job_201406111226_0001
14/06/11 12:51:01 INFO mapred.JobClient: Counters: 19
14/06/11 12:51:01 INFO mapred.JobClient:   Job Counters 
14/06/11 12:51:01 INFO mapred.JobClient:     SLOTS_MILLIS_MAPS=38205934
14/06/11 12:51:01 INFO mapred.JobClient:     Total time spent by all reduces waiting after reserving slots (ms)=0
14/06/11 12:51:01 INFO mapred.JobClient:     Total time spent by all maps waiting after reserving slots (ms)=0
14/06/11 12:51:01 INFO mapred.JobClient:     Launched map tasks=121
14/06/11 12:51:01 INFO mapred.JobClient:     SLOTS_MILLIS_REDUCES=0
14/06/11 12:51:01 INFO mapred.JobClient:   File Input Format Counters 
14/06/11 12:51:01 INFO mapred.JobClient:     Bytes Read=0
14/06/11 12:51:01 INFO mapred.JobClient:   File Output Format Counters 
14/06/11 12:51:01 INFO mapred.JobClient:     Bytes Written=1000000000000
14/06/11 12:51:01 INFO mapred.JobClient:   FileSystemCounters
14/06/11 12:51:01 INFO mapred.JobClient:     HDFS_BYTES_READ=8753
14/06/11 12:51:01 INFO mapred.JobClient:     FILE_BYTES_WRITTEN=5544590
14/06/11 12:51:01 INFO mapred.JobClient:     HDFS_BYTES_WRITTEN=1000000000000
14/06/11 12:51:01 INFO mapred.JobClient:   Map-Reduce Framework
14/06/11 12:51:01 INFO mapred.JobClient:     Map input records=10000000000
14/06/11 12:51:01 INFO mapred.JobClient:     Physical memory (bytes) snapshot=8457334784
14/06/11 12:51:01 INFO mapred.JobClient:     Spilled Records=0
14/06/11 12:51:01 INFO mapred.JobClient:     CPU time spent (ms)=10549880
14/06/11 12:51:01 INFO mapred.JobClient:     Total committed heap usage (bytes)=2379517952
14/06/11 12:51:01 INFO mapred.JobClient:     Virtual memory (bytes) snapshot=72683200512
14/06/11 12:51:01 INFO mapred.JobClient:     Map input bytes=10000000000
14/06/11 12:51:01 INFO mapred.JobClient:     Map output records=10000000000
14/06/11 12:51:01 INFO mapred.JobClient:     SPLIT_RAW_BYTES=8753

real	22m28.635s
user	0m4.645s
sys	0m0.564s

