prueba.out
run_benchmark_100G.sh
run_benchmark_500.sh
stderr.log
stdout.log
teragen-100-100.log
teragen-100-10.log
teragen-100-2000.log
teragen-100-20.log
teragen-100-500.log
teragen-20-10.log
teragen-20-500.log
teragen-cesga-cesnet-100-1000.log
teragen-cesga-cesnet-100-100.log
teragen-cesga-cesnet-2000-100.log
teragen-cesga-cesnet-200-100.log
teragen-cesga-cesnet-500-100.log
terasort-100-0.80-500.log
terasort-100G-100.out
terasort-10G-100.out
terasort-20G-100.out
terasort-500G-100.out
terasort-cesga-cesnet-1000G-100.out
