14/06/11 01:09:48 INFO terasort.TeraSort: starting
14/06/11 01:09:49 INFO mapred.FileInputFormat: Total input paths to process : 100
14/06/11 01:09:49 WARN snappy.LoadSnappy: Snappy native library is available
14/06/11 01:09:49 INFO util.NativeCodeLoader: Loaded the native-hadoop library
14/06/11 01:09:49 INFO snappy.LoadSnappy: Snappy native library loaded
14/06/11 01:09:50 INFO zlib.ZlibFactory: Successfully loaded & initialized native-zlib library
14/06/11 01:09:50 INFO compress.CodecPool: Got brand-new compressor
Making 100 from 100000 records
Step size is 1000.0
14/06/11 01:09:51 INFO mapred.JobClient: Cleaning up the staging area hdfs://hadoop-master:54310/scratch/hadoop/mapred/staging/hadoop/.staging/job_201406101030_0016
14/06/11 01:09:51 ERROR security.UserGroupInformation: PriviledgedActionException as:hadoop cause:org.apache.hadoop.mapred.FileAlreadyExistsException: Output directory hdfs://hadoop-master:54310/user/hadoop/terasort-output-500 already exists
org.apache.hadoop.mapred.FileAlreadyExistsException: Output directory hdfs://hadoop-master:54310/user/hadoop/terasort-output-500 already exists
	at org.apache.hadoop.mapred.FileOutputFormat.checkOutputSpecs(FileOutputFormat.java:121)
	at org.apache.hadoop.mapred.JobClient$2.run(JobClient.java:975)
	at org.apache.hadoop.mapred.JobClient$2.run(JobClient.java:936)
	at java.security.AccessController.doPrivileged(Native Method)
	at javax.security.auth.Subject.doAs(Subject.java:415)
	at org.apache.hadoop.security.UserGroupInformation.doAs(UserGroupInformation.java:1190)
	at org.apache.hadoop.mapred.JobClient.submitJobInternal(JobClient.java:936)
	at org.apache.hadoop.mapred.JobClient.submitJob(JobClient.java:910)
	at org.apache.hadoop.mapred.JobClient.runJob(JobClient.java:1353)
	at org.apache.hadoop.examples.terasort.TeraSort.run(TeraSort.java:248)
	at org.apache.hadoop.util.ToolRunner.run(ToolRunner.java:65)
	at org.apache.hadoop.examples.terasort.TeraSort.main(TeraSort.java:257)
	at sun.reflect.NativeMethodAccessorImpl.invoke0(Native Method)
	at sun.reflect.NativeMethodAccessorImpl.invoke(NativeMethodAccessorImpl.java:57)
	at sun.reflect.DelegatingMethodAccessorImpl.invoke(DelegatingMethodAccessorImpl.java:43)
	at java.lang.reflect.Method.invoke(Method.java:606)
	at org.apache.hadoop.util.ProgramDriver$ProgramDescription.invoke(ProgramDriver.java:68)
	at org.apache.hadoop.util.ProgramDriver.driver(ProgramDriver.java:139)
	at org.apache.hadoop.examples.ExampleDriver.main(ExampleDriver.java:64)
	at sun.reflect.NativeMethodAccessorImpl.invoke0(Native Method)
	at sun.reflect.NativeMethodAccessorImpl.invoke(NativeMethodAccessorImpl.java:57)
	at sun.reflect.DelegatingMethodAccessorImpl.invoke(DelegatingMethodAccessorImpl.java:43)
	at java.lang.reflect.Method.invoke(Method.java:606)
	at org.apache.hadoop.util.RunJar.main(RunJar.java:160)
