14/06/13 00:06:27 INFO terasort.TeraSort: starting
14/06/13 00:06:28 INFO mapred.FileInputFormat: Total input paths to process : 100
14/06/13 00:06:28 WARN snappy.LoadSnappy: Snappy native library is available
14/06/13 00:06:28 INFO util.NativeCodeLoader: Loaded the native-hadoop library
14/06/13 00:06:28 INFO snappy.LoadSnappy: Snappy native library loaded
14/06/13 00:06:33 INFO zlib.ZlibFactory: Successfully loaded & initialized native-zlib library
14/06/13 00:06:33 INFO compress.CodecPool: Got brand-new compressor
Making 100 from 100000 records
Step size is 1000.0
14/06/13 00:06:34 INFO mapred.FileInputFormat: Total input paths to process : 100
14/06/13 00:06:38 INFO mapred.JobClient: Running job: job_201406122141_0004
14/06/13 00:06:39 INFO mapred.JobClient:  map 0% reduce 0%
14/06/13 00:06:56 INFO mapred.JobClient:  map 4% reduce 0%
14/06/13 00:06:57 INFO mapred.JobClient:  map 5% reduce 0%
14/06/13 00:06:58 INFO mapred.JobClient:  map 6% reduce 0%
14/06/13 00:06:59 INFO mapred.JobClient:  map 7% reduce 0%
14/06/13 00:07:00 INFO mapred.JobClient:  map 8% reduce 0%
14/06/13 00:07:04 INFO mapred.JobClient:  map 9% reduce 0%
14/06/13 00:07:11 INFO mapred.JobClient:  map 10% reduce 0%
14/06/13 00:07:12 INFO mapred.JobClient:  map 11% reduce 0%
14/06/13 00:07:15 INFO mapred.JobClient:  map 12% reduce 0%
14/06/13 00:07:20 INFO mapred.JobClient:  map 13% reduce 0%
14/06/13 00:07:23 INFO mapred.JobClient:  map 14% reduce 0%
14/06/13 00:07:26 INFO mapred.JobClient:  map 15% reduce 0%
14/06/13 00:07:30 INFO mapred.JobClient:  map 16% reduce 0%
14/06/13 00:07:33 INFO mapred.JobClient:  map 17% reduce 0%
14/06/13 00:07:35 INFO mapred.JobClient:  map 18% reduce 0%
14/06/13 00:07:36 INFO mapred.JobClient:  map 18% reduce 1%
14/06/13 00:07:38 INFO mapred.JobClient:  map 19% reduce 1%
14/06/13 00:07:43 INFO mapred.JobClient:  map 20% reduce 1%
14/06/13 00:07:47 INFO mapred.JobClient:  map 21% reduce 1%
14/06/13 00:07:49 INFO mapred.JobClient:  map 21% reduce 2%
14/06/13 00:07:51 INFO mapred.JobClient:  map 22% reduce 2%
14/06/13 00:07:54 INFO mapred.JobClient:  map 23% reduce 2%
14/06/13 00:07:57 INFO mapred.JobClient:  map 24% reduce 2%
14/06/13 00:07:59 INFO mapred.JobClient:  map 25% reduce 2%
14/06/13 00:08:02 INFO mapred.JobClient:  map 26% reduce 2%
14/06/13 00:08:05 INFO mapred.JobClient:  map 27% reduce 2%
14/06/13 00:08:08 INFO mapred.JobClient:  map 28% reduce 2%
14/06/13 00:08:12 INFO mapred.JobClient:  map 29% reduce 2%
14/06/13 00:08:13 INFO mapred.JobClient:  map 29% reduce 3%
14/06/13 00:08:14 INFO mapred.JobClient:  map 30% reduce 3%
14/06/13 00:08:16 INFO mapred.JobClient:  map 31% reduce 3%
14/06/13 00:08:18 INFO mapred.JobClient:  map 32% reduce 3%
14/06/13 00:08:24 INFO mapred.JobClient:  map 33% reduce 3%
14/06/13 00:08:26 INFO mapred.JobClient:  map 34% reduce 3%
14/06/13 00:08:30 INFO mapred.JobClient:  map 35% reduce 3%
14/06/13 00:08:32 INFO mapred.JobClient:  map 36% reduce 3%
14/06/13 00:08:35 INFO mapred.JobClient:  map 37% reduce 3%
14/06/13 00:08:36 INFO mapred.JobClient:  map 37% reduce 4%
14/06/13 00:08:37 INFO mapred.JobClient:  map 38% reduce 4%
14/06/13 00:08:40 INFO mapred.JobClient:  map 39% reduce 4%
14/06/13 00:08:45 INFO mapred.JobClient:  map 40% reduce 4%
14/06/13 00:08:49 INFO mapred.JobClient:  map 41% reduce 4%
14/06/13 00:08:53 INFO mapred.JobClient:  map 42% reduce 4%
14/06/13 00:08:55 INFO mapred.JobClient:  map 43% reduce 4%
14/06/13 00:08:58 INFO mapred.JobClient:  map 44% reduce 5%
14/06/13 00:09:01 INFO mapred.JobClient:  map 45% reduce 5%
14/06/13 00:09:05 INFO mapred.JobClient:  map 46% reduce 5%
14/06/13 00:09:09 INFO mapred.JobClient:  map 47% reduce 5%
14/06/13 00:09:11 INFO mapred.JobClient:  map 48% reduce 5%
14/06/13 00:09:14 INFO mapred.JobClient:  map 49% reduce 5%
14/06/13 00:09:16 INFO mapred.JobClient:  map 50% reduce 5%
14/06/13 00:09:20 INFO mapred.JobClient:  map 51% reduce 5%
14/06/13 00:09:23 INFO mapred.JobClient:  map 52% reduce 5%
14/06/13 00:09:25 INFO mapred.JobClient:  map 52% reduce 6%
14/06/13 00:09:26 INFO mapred.JobClient:  map 53% reduce 6%
14/06/13 00:09:29 INFO mapred.JobClient:  map 54% reduce 6%
14/06/13 00:09:33 INFO mapred.JobClient:  map 55% reduce 6%
14/06/13 00:09:36 INFO mapred.JobClient:  map 56% reduce 6%
14/06/13 00:09:38 INFO mapred.JobClient:  map 57% reduce 6%
14/06/13 00:09:41 INFO mapred.JobClient:  map 58% reduce 6%
14/06/13 00:09:44 INFO mapred.JobClient:  map 59% reduce 7%
14/06/13 00:09:48 INFO mapred.JobClient:  map 60% reduce 7%
14/06/13 00:09:52 INFO mapred.JobClient:  map 61% reduce 7%
14/06/13 00:09:55 INFO mapred.JobClient:  map 62% reduce 7%
14/06/13 00:09:58 INFO mapred.JobClient:  map 63% reduce 7%
14/06/13 00:10:00 INFO mapred.JobClient:  map 64% reduce 7%
14/06/13 00:10:03 INFO mapred.JobClient:  map 65% reduce 7%
14/06/13 00:10:06 INFO mapred.JobClient:  map 66% reduce 7%
14/06/13 00:10:08 INFO mapred.JobClient:  map 67% reduce 8%
14/06/13 00:10:11 INFO mapred.JobClient:  map 68% reduce 8%
14/06/13 00:10:14 INFO mapred.JobClient:  map 69% reduce 8%
14/06/13 00:10:16 INFO mapred.JobClient:  map 70% reduce 8%
14/06/13 00:10:21 INFO mapred.JobClient:  map 71% reduce 8%
14/06/13 00:10:23 INFO mapred.JobClient:  map 72% reduce 8%
14/06/13 00:10:25 INFO mapred.JobClient:  map 73% reduce 8%
14/06/13 00:10:27 INFO mapred.JobClient:  map 74% reduce 8%
14/06/13 00:10:29 INFO mapred.JobClient:  map 75% reduce 9%
14/06/13 00:10:32 INFO mapred.JobClient:  map 76% reduce 9%
14/06/13 00:10:35 INFO mapred.JobClient:  map 77% reduce 9%
14/06/13 00:10:38 INFO mapred.JobClient:  map 78% reduce 9%
14/06/13 00:10:41 INFO mapred.JobClient:  map 79% reduce 9%
14/06/13 00:10:44 INFO mapred.JobClient:  map 80% reduce 9%
14/06/13 00:10:48 INFO mapred.JobClient:  map 81% reduce 10%
14/06/13 00:10:51 INFO mapred.JobClient:  map 82% reduce 10%
14/06/13 00:10:53 INFO mapred.JobClient:  map 83% reduce 10%
14/06/13 00:10:54 INFO mapred.JobClient:  map 84% reduce 10%
14/06/13 00:10:56 INFO mapred.JobClient:  map 85% reduce 10%
14/06/13 00:10:59 INFO mapred.JobClient:  map 86% reduce 10%
14/06/13 00:11:01 INFO mapred.JobClient:  map 87% reduce 10%
14/06/13 00:11:03 INFO mapred.JobClient:  map 88% reduce 10%
14/06/13 00:11:06 INFO mapred.JobClient:  map 89% reduce 10%
14/06/13 00:11:07 INFO mapred.JobClient:  map 89% reduce 11%
14/06/13 00:11:08 INFO mapred.JobClient:  map 90% reduce 11%
14/06/13 00:11:10 INFO mapred.JobClient:  map 91% reduce 11%
14/06/13 00:11:13 INFO mapred.JobClient:  map 92% reduce 11%
14/06/13 00:11:15 INFO mapred.JobClient:  map 93% reduce 11%
14/06/13 00:11:18 INFO mapred.JobClient:  map 94% reduce 11%
14/06/13 00:11:21 INFO mapred.JobClient:  map 95% reduce 11%
14/06/13 00:11:23 INFO mapred.JobClient:  map 96% reduce 12%
14/06/13 00:11:25 INFO mapred.JobClient:  map 97% reduce 12%
14/06/13 00:11:29 INFO mapred.JobClient:  map 98% reduce 12%
14/06/13 00:11:34 INFO mapred.JobClient:  map 99% reduce 12%
14/06/13 00:11:49 INFO mapred.JobClient:  map 99% reduce 13%
14/06/13 00:12:38 INFO mapred.JobClient:  map 100% reduce 13%
14/06/13 00:12:43 INFO mapred.JobClient:  map 100% reduce 14%
14/06/13 00:12:44 INFO mapred.JobClient:  map 100% reduce 16%
14/06/13 00:12:45 INFO mapred.JobClient:  map 100% reduce 20%
14/06/13 00:12:46 INFO mapred.JobClient:  map 100% reduce 23%
14/06/13 00:12:47 INFO mapred.JobClient:  map 100% reduce 26%
14/06/13 00:12:48 INFO mapred.JobClient:  map 100% reduce 27%
14/06/13 00:12:49 INFO mapred.JobClient:  map 100% reduce 28%
14/06/13 00:12:50 INFO mapred.JobClient:  map 100% reduce 29%
14/06/13 00:12:52 INFO mapred.JobClient:  map 100% reduce 30%
14/06/13 00:12:56 INFO mapred.JobClient:  map 100% reduce 31%
14/06/13 00:13:00 INFO mapred.JobClient:  map 100% reduce 32%
14/06/13 00:13:04 INFO mapred.JobClient:  map 100% reduce 33%
14/06/13 00:13:09 INFO mapred.JobClient:  map 100% reduce 34%
14/06/13 00:13:14 INFO mapred.JobClient:  map 100% reduce 35%
14/06/13 00:13:20 INFO mapred.JobClient:  map 100% reduce 36%
14/06/13 00:13:28 INFO mapred.JobClient:  map 100% reduce 37%
14/06/13 00:13:38 INFO mapred.JobClient:  map 100% reduce 38%
14/06/13 00:13:46 INFO mapred.JobClient:  map 100% reduce 39%
14/06/13 00:13:54 INFO mapred.JobClient:  map 100% reduce 40%
14/06/13 00:14:03 INFO mapred.JobClient:  map 100% reduce 41%
14/06/13 00:14:13 INFO mapred.JobClient:  map 100% reduce 42%
14/06/13 00:14:22 INFO mapred.JobClient:  map 100% reduce 43%
14/06/13 00:14:30 INFO mapred.JobClient:  map 100% reduce 44%
14/06/13 00:14:38 INFO mapred.JobClient:  map 100% reduce 45%
14/06/13 00:14:45 INFO mapred.JobClient:  map 100% reduce 46%
14/06/13 00:14:53 INFO mapred.JobClient:  map 100% reduce 47%
14/06/13 00:14:58 INFO mapred.JobClient:  map 100% reduce 48%
14/06/13 00:15:00 INFO mapred.JobClient:  map 100% reduce 50%
14/06/13 00:15:01 INFO mapred.JobClient:  map 100% reduce 52%
14/06/13 00:15:08 INFO mapred.JobClient:  map 100% reduce 53%
14/06/13 00:15:11 INFO mapred.JobClient:  map 100% reduce 54%
14/06/13 00:15:14 INFO mapred.JobClient:  map 100% reduce 55%
14/06/13 00:15:17 INFO mapred.JobClient:  map 100% reduce 56%
14/06/13 00:15:20 INFO mapred.JobClient:  map 100% reduce 57%
14/06/13 00:15:24 INFO mapred.JobClient:  map 100% reduce 58%
14/06/13 00:15:27 INFO mapred.JobClient:  map 100% reduce 59%
14/06/13 00:15:34 INFO mapred.JobClient:  map 100% reduce 60%
14/06/13 00:15:38 INFO mapred.JobClient:  map 100% reduce 61%
14/06/13 00:15:42 INFO mapred.JobClient:  map 100% reduce 62%
14/06/13 00:15:47 INFO mapred.JobClient:  map 100% reduce 63%
14/06/13 00:15:51 INFO mapred.JobClient:  map 100% reduce 64%
14/06/13 00:15:55 INFO mapred.JobClient:  map 100% reduce 65%
14/06/13 00:16:01 INFO mapred.JobClient:  map 100% reduce 66%
14/06/13 00:16:11 INFO mapred.JobClient:  map 100% reduce 67%
14/06/13 00:16:17 INFO mapred.JobClient:  map 100% reduce 68%
14/06/13 00:16:23 INFO mapred.JobClient:  map 100% reduce 69%
14/06/13 00:16:32 INFO mapred.JobClient:  map 100% reduce 70%
14/06/13 00:16:36 INFO mapred.JobClient:  map 100% reduce 71%
14/06/13 00:16:39 INFO mapred.JobClient:  map 100% reduce 72%
14/06/13 00:16:45 INFO mapred.JobClient:  map 100% reduce 73%
14/06/13 00:16:49 INFO mapred.JobClient:  map 100% reduce 74%
14/06/13 00:16:54 INFO mapred.JobClient:  map 100% reduce 75%
14/06/13 00:16:57 INFO mapred.JobClient:  map 100% reduce 76%
14/06/13 00:17:00 INFO mapred.JobClient:  map 100% reduce 77%
14/06/13 00:17:03 INFO mapred.JobClient:  map 100% reduce 79%
14/06/13 00:17:04 INFO mapred.JobClient:  map 100% reduce 80%
14/06/13 00:17:05 INFO mapred.JobClient:  map 100% reduce 81%
14/06/13 00:17:07 INFO mapred.JobClient:  map 100% reduce 83%
14/06/13 00:17:09 INFO mapred.JobClient:  map 100% reduce 84%
14/06/13 00:17:12 INFO mapred.JobClient:  map 100% reduce 85%
14/06/13 00:17:17 INFO mapred.JobClient:  map 100% reduce 86%
14/06/13 00:17:21 INFO mapred.JobClient:  map 100% reduce 87%
14/06/13 00:17:25 INFO mapred.JobClient:  map 100% reduce 88%
14/06/13 00:17:31 INFO mapred.JobClient:  map 100% reduce 89%
14/06/13 00:17:35 INFO mapred.JobClient:  map 100% reduce 90%
14/06/13 00:17:39 INFO mapred.JobClient:  map 100% reduce 91%
14/06/13 00:17:42 INFO mapred.JobClient:  map 100% reduce 92%
14/06/13 00:17:45 INFO mapred.JobClient:  map 100% reduce 93%
14/06/13 00:17:49 INFO mapred.JobClient:  map 100% reduce 94%
14/06/13 00:17:53 INFO mapred.JobClient:  map 100% reduce 95%
14/06/13 00:17:58 INFO mapred.JobClient:  map 100% reduce 96%
14/06/13 00:18:07 INFO mapred.JobClient:  map 100% reduce 97%
14/06/13 00:18:18 INFO mapred.JobClient:  map 100% reduce 98%
14/06/13 00:18:28 INFO mapred.JobClient:  map 100% reduce 99%
14/06/13 00:19:00 INFO mapred.JobClient:  map 100% reduce 100%
14/06/13 00:19:02 INFO mapred.JobClient: Job complete: job_201406122141_0004
14/06/13 00:19:02 INFO mapred.JobClient: Counters: 31
14/06/13 00:19:02 INFO mapred.JobClient:   Job Counters 
14/06/13 00:19:02 INFO mapred.JobClient:     Launched reduce tasks=115
14/06/13 00:19:02 INFO mapred.JobClient:     SLOTS_MILLIS_MAPS=11370502
14/06/13 00:19:02 INFO mapred.JobClient:     Total time spent by all reduces waiting after reserving slots (ms)=0
14/06/13 00:19:02 INFO mapred.JobClient:     Total time spent by all maps waiting after reserving slots (ms)=0
14/06/13 00:19:02 INFO mapred.JobClient:     Rack-local map tasks=19
14/06/13 00:19:02 INFO mapred.JobClient:     Launched map tasks=417
14/06/13 00:19:02 INFO mapred.JobClient:     Data-local map tasks=398
14/06/13 00:19:02 INFO mapred.JobClient:     SLOTS_MILLIS_REDUCES=25984929
14/06/13 00:19:02 INFO mapred.JobClient:   File Input Format Counters 
14/06/13 00:19:02 INFO mapred.JobClient:     Bytes Read=50039321600
14/06/13 00:19:02 INFO mapred.JobClient:   File Output Format Counters 
14/06/13 00:19:02 INFO mapred.JobClient:     Bytes Written=50000000000
14/06/13 00:19:02 INFO mapred.JobClient:   FileSystemCounters
14/06/13 00:19:02 INFO mapred.JobClient:     FILE_BYTES_READ=120332284746
14/06/13 00:19:02 INFO mapred.JobClient:     HDFS_BYTES_READ=50039369600
14/06/13 00:19:02 INFO mapred.JobClient:     FILE_BYTES_WRITTEN=153031322966
14/06/13 00:19:02 INFO mapred.JobClient:     HDFS_BYTES_WRITTEN=50000000000
14/06/13 00:19:02 INFO mapred.JobClient:   Map-Reduce Framework
14/06/13 00:19:02 INFO mapred.JobClient:     Map output materialized bytes=51000240000
14/06/13 00:19:02 INFO mapred.JobClient:     Map input records=500000000
14/06/13 00:19:02 INFO mapred.JobClient:     Reduce shuffle bytes=51000240000
14/06/13 00:19:02 INFO mapred.JobClient:     Spilled Records=1500000000
14/06/13 00:19:02 INFO mapred.JobClient:     Map output bytes=50000000000
14/06/13 00:19:02 INFO mapred.JobClient:     Total committed heap usage (bytes)=76130811904
14/06/13 00:19:02 INFO mapred.JobClient:     CPU time spent (ms)=5574420
14/06/13 00:19:02 INFO mapred.JobClient:     Map input bytes=50000000000
14/06/13 00:19:02 INFO mapred.JobClient:     SPLIT_RAW_BYTES=48000
14/06/13 00:19:02 INFO mapred.JobClient:     Combine input records=0
14/06/13 00:19:02 INFO mapred.JobClient:     Reduce input records=500000000
14/06/13 00:19:02 INFO mapred.JobClient:     Reduce input groups=500000000
14/06/13 00:19:02 INFO mapred.JobClient:     Combine output records=0
14/06/13 00:19:02 INFO mapred.JobClient:     Physical memory (bytes) snapshot=103771693056
14/06/13 00:19:02 INFO mapred.JobClient:     Reduce output records=500000000
14/06/13 00:19:02 INFO mapred.JobClient:     Virtual memory (bytes) snapshot=367533084672
14/06/13 00:19:02 INFO mapred.JobClient:     Map output records=500000000
14/06/13 00:19:02 INFO terasort.TeraSort: done

real	12m35.944s
user	0m5.192s
sys	0m0.461s
