14/06/13 12:31:19 INFO terasort.TeraSort: starting
14/06/13 12:31:20 INFO mapred.FileInputFormat: Total input paths to process : 100
14/06/13 12:31:25 WARN snappy.LoadSnappy: Snappy native library is available
14/06/13 12:31:25 INFO util.NativeCodeLoader: Loaded the native-hadoop library
14/06/13 12:31:25 INFO snappy.LoadSnappy: Snappy native library loaded
14/06/13 12:31:28 INFO zlib.ZlibFactory: Successfully loaded & initialized native-zlib library
14/06/13 12:31:28 INFO compress.CodecPool: Got brand-new compressor
Making 100 from 100000 records
Step size is 1000.0
14/06/13 12:31:30 INFO mapred.FileInputFormat: Total input paths to process : 100
14/06/13 12:31:40 INFO mapred.JobClient: Running job: job_201406122141_0012
14/06/13 12:31:41 INFO mapred.JobClient:  map 0% reduce 0%
14/06/13 12:32:14 INFO mapred.JobClient:  map 1% reduce 0%
14/06/13 12:32:43 INFO mapred.JobClient:  map 2% reduce 0%
14/06/13 12:33:03 INFO mapred.JobClient:  map 3% reduce 0%
14/06/13 12:33:26 INFO mapred.JobClient:  map 4% reduce 0%
14/06/13 12:33:45 INFO mapred.JobClient:  map 5% reduce 0%
14/06/13 12:34:12 INFO mapred.JobClient:  map 6% reduce 0%
14/06/13 12:34:48 INFO mapred.JobClient:  map 7% reduce 0%
14/06/13 12:35:39 INFO mapred.JobClient:  map 8% reduce 0%
14/06/13 12:36:16 INFO mapred.JobClient:  map 9% reduce 0%
14/06/13 12:36:44 INFO mapred.JobClient:  map 9% reduce 1%
14/06/13 12:37:01 INFO mapred.JobClient:  map 10% reduce 1%
14/06/13 12:37:33 INFO mapred.JobClient:  map 11% reduce 1%
14/06/13 12:38:05 INFO mapred.JobClient:  map 12% reduce 1%
14/06/13 12:38:34 INFO mapred.JobClient:  map 13% reduce 1%
14/06/13 12:39:03 INFO mapred.JobClient:  map 14% reduce 1%
14/06/13 12:39:29 INFO mapred.JobClient:  map 15% reduce 1%
14/06/13 12:39:49 INFO mapred.JobClient:  map 15% reduce 2%
14/06/13 12:39:58 INFO mapred.JobClient:  map 16% reduce 2%
14/06/13 12:40:26 INFO mapred.JobClient:  map 17% reduce 2%
14/06/13 12:40:54 INFO mapred.JobClient:  map 18% reduce 2%
14/06/13 12:41:22 INFO mapred.JobClient:  map 19% reduce 2%
14/06/13 12:41:52 INFO mapred.JobClient:  map 20% reduce 2%
14/06/13 12:42:17 INFO mapred.JobClient:  map 21% reduce 2%
14/06/13 12:42:48 INFO mapred.JobClient:  map 22% reduce 2%
14/06/13 12:43:15 INFO mapred.JobClient:  map 23% reduce 2%
14/06/13 12:43:23 INFO mapred.JobClient:  map 23% reduce 3%
14/06/13 12:43:46 INFO mapred.JobClient:  map 24% reduce 3%
14/06/13 12:44:11 INFO mapred.JobClient:  map 25% reduce 3%
14/06/13 12:44:40 INFO mapred.JobClient:  map 26% reduce 3%
14/06/13 12:45:09 INFO mapred.JobClient:  map 27% reduce 3%
14/06/13 12:45:35 INFO mapred.JobClient:  map 28% reduce 3%
14/06/13 12:46:06 INFO mapred.JobClient:  map 29% reduce 3%
14/06/13 12:46:38 INFO mapred.JobClient:  map 30% reduce 3%
14/06/13 12:46:57 INFO mapred.JobClient:  map 30% reduce 4%
14/06/13 12:47:06 INFO mapred.JobClient:  map 31% reduce 4%
14/06/13 12:47:34 INFO mapred.JobClient:  map 32% reduce 4%
14/06/13 12:48:05 INFO mapred.JobClient:  map 33% reduce 4%
14/06/13 12:48:35 INFO mapred.JobClient:  map 34% reduce 4%
14/06/13 12:49:10 INFO mapred.JobClient:  map 35% reduce 4%
14/06/13 12:49:55 INFO mapred.JobClient:  map 36% reduce 4%
14/06/13 12:51:00 INFO mapred.JobClient:  map 37% reduce 4%
14/06/13 12:51:59 INFO mapred.JobClient:  map 38% reduce 4%
14/06/13 12:52:11 INFO mapred.JobClient:  map 38% reduce 5%
14/06/13 12:52:40 INFO mapred.JobClient:  map 39% reduce 5%
14/06/13 12:53:18 INFO mapred.JobClient:  map 40% reduce 5%
14/06/13 12:53:51 INFO mapred.JobClient:  map 41% reduce 5%
14/06/13 12:54:24 INFO mapred.JobClient:  map 42% reduce 5%
14/06/13 12:54:55 INFO mapred.JobClient:  map 43% reduce 5%
14/06/13 12:55:26 INFO mapred.JobClient:  map 44% reduce 5%
14/06/13 12:55:56 INFO mapred.JobClient:  map 45% reduce 5%
14/06/13 12:56:15 INFO mapred.JobClient:  map 45% reduce 6%
14/06/13 12:56:25 INFO mapred.JobClient:  map 46% reduce 6%
14/06/13 12:56:52 INFO mapred.JobClient:  map 47% reduce 6%
14/06/13 12:57:22 INFO mapred.JobClient:  map 48% reduce 6%
14/06/13 12:57:51 INFO mapred.JobClient:  map 49% reduce 6%
14/06/13 12:58:21 INFO mapred.JobClient:  map 50% reduce 6%
14/06/13 12:58:54 INFO mapred.JobClient:  map 51% reduce 6%
14/06/13 12:59:34 INFO mapred.JobClient:  map 52% reduce 6%
14/06/13 13:00:25 INFO mapred.JobClient:  map 53% reduce 6%
14/06/13 13:00:34 INFO mapred.JobClient:  map 53% reduce 7%
14/06/13 13:01:22 INFO mapred.JobClient:  map 54% reduce 7%
14/06/13 13:02:13 INFO mapred.JobClient:  map 55% reduce 7%
14/06/13 13:02:55 INFO mapred.JobClient:  map 56% reduce 7%
14/06/13 13:03:29 INFO mapred.JobClient:  map 57% reduce 7%
14/06/13 13:04:00 INFO mapred.JobClient:  map 58% reduce 7%
14/06/13 13:04:34 INFO mapred.JobClient:  map 59% reduce 7%
14/06/13 13:05:07 INFO mapred.JobClient:  map 60% reduce 7%
14/06/13 13:05:25 INFO mapred.JobClient:  map 60% reduce 8%
14/06/13 13:05:33 INFO mapred.JobClient:  map 61% reduce 8%
14/06/13 13:06:05 INFO mapred.JobClient:  map 62% reduce 8%
14/06/13 13:06:32 INFO mapred.JobClient:  map 63% reduce 8%
14/06/13 13:07:02 INFO mapred.JobClient:  map 64% reduce 8%
14/06/13 13:07:30 INFO mapred.JobClient:  map 65% reduce 8%
14/06/13 13:07:58 INFO mapred.JobClient:  map 66% reduce 8%
14/06/13 13:08:32 INFO mapred.JobClient:  map 67% reduce 8%
14/06/13 13:09:11 INFO mapred.JobClient:  map 68% reduce 8%
14/06/13 13:09:18 INFO mapred.JobClient:  map 68% reduce 9%
14/06/13 13:09:53 INFO mapred.JobClient:  map 69% reduce 9%
14/06/13 13:10:38 INFO mapred.JobClient:  map 70% reduce 9%
14/06/13 13:11:50 INFO mapred.JobClient:  map 71% reduce 9%
14/06/13 13:12:37 INFO mapred.JobClient:  map 72% reduce 9%
14/06/13 13:13:11 INFO mapred.JobClient:  map 73% reduce 9%
14/06/13 13:13:45 INFO mapred.JobClient:  map 74% reduce 9%
14/06/13 13:14:18 INFO mapred.JobClient:  map 75% reduce 9%
14/06/13 13:14:39 INFO mapred.JobClient:  map 75% reduce 10%
14/06/13 13:14:49 INFO mapred.JobClient:  map 76% reduce 10%
14/06/13 13:15:21 INFO mapred.JobClient:  map 77% reduce 10%
14/06/13 13:15:49 INFO mapred.JobClient:  map 78% reduce 10%
14/06/13 13:16:19 INFO mapred.JobClient:  map 79% reduce 10%
14/06/13 13:16:50 INFO mapred.JobClient:  map 80% reduce 10%
14/06/13 13:17:20 INFO mapred.JobClient:  map 81% reduce 10%
14/06/13 13:17:57 INFO mapred.JobClient:  map 82% reduce 10%
14/06/13 13:18:29 INFO mapred.JobClient:  map 83% reduce 10%
14/06/13 13:18:36 INFO mapred.JobClient:  map 83% reduce 11%
14/06/13 13:19:05 INFO mapred.JobClient:  map 84% reduce 11%
14/06/13 13:19:45 INFO mapred.JobClient:  map 85% reduce 11%
14/06/13 13:20:31 INFO mapred.JobClient:  map 86% reduce 11%
14/06/13 13:21:16 INFO mapred.JobClient:  map 87% reduce 11%
14/06/13 13:22:09 INFO mapred.JobClient:  map 88% reduce 11%
14/06/13 13:22:53 INFO mapred.JobClient:  map 89% reduce 11%
14/06/13 13:23:28 INFO mapred.JobClient:  map 90% reduce 11%
14/06/13 13:23:53 INFO mapred.JobClient:  map 90% reduce 12%
14/06/13 13:24:02 INFO mapred.JobClient:  map 91% reduce 12%
14/06/13 13:24:32 INFO mapred.JobClient:  map 92% reduce 12%
14/06/13 13:25:05 INFO mapred.JobClient:  map 93% reduce 12%
14/06/13 13:25:31 INFO mapred.JobClient:  map 94% reduce 12%
14/06/13 13:25:56 INFO mapred.JobClient:  map 95% reduce 12%
14/06/13 13:26:21 INFO mapred.JobClient:  map 96% reduce 12%
14/06/13 13:26:51 INFO mapred.JobClient:  map 97% reduce 12%
14/06/13 13:27:16 INFO mapred.JobClient:  map 98% reduce 12%
14/06/13 13:27:22 INFO mapred.JobClient:  map 98% reduce 13%
14/06/13 13:27:44 INFO mapred.JobClient:  map 99% reduce 13%
14/06/13 13:29:03 INFO mapred.JobClient:  map 100% reduce 13%
14/06/13 13:29:33 INFO mapred.JobClient: Task Id : attempt_201406122141_0012_r_000037_0, Status : FAILED
org.apache.hadoop.util.DiskChecker$DiskErrorException: Could not find any valid local directory for attempt_201406122141_0012_r_000037_0/intermediate.1
	at org.apache.hadoop.fs.LocalDirAllocator$AllocatorPerContext.getLocalPathForWrite(LocalDirAllocator.java:381)
	at org.apache.hadoop.fs.LocalDirAllocator.getLocalPathForWrite(LocalDirAllocator.java:146)
	at org.apache.hadoop.fs.LocalDirAllocator.getLocalPathForWrite(LocalDirAllocator.java:127)
	at org.apache.hadoop.mapred.Merger$MergeQueue.merge(Merger.java:510)
	at org.apache.hadoop.mapred.Merger.merge(Merger.java:142)
	at org.apache.hadoop.mapred.ReduceTask$ReduceCopier.createKVIterator(ReduceTask.java:2539)
	at org.apache.hadoop.mapred.ReduceTask$ReduceCopier.access$400(ReduceTask.java:661)
	at org.apache.hadoop.mapred.ReduceTask.run(ReduceTask.java:399)
	at org.apache.hadoop.mapred.Child$4.run(Child.java:255)
	at java.security.AccessController.doPrivileged(Native Method)
	at javax.security.auth.Subject.doAs(Subject.java:415)
	at org.apache.hadoop.security.UserGroupInformation.doAs(UserGroupInformation.java:1190)
	at org.apache.hadoop.mapred.Child.main(Child.java:249)

14/06/13 13:29:35 INFO mapred.JobClient:  map 100% reduce 14%
14/06/13 13:29:52 INFO mapred.JobClient:  map 100% reduce 15%
14/06/13 13:30:05 INFO mapred.JobClient:  map 100% reduce 16%
14/06/13 13:30:20 INFO mapred.JobClient:  map 100% reduce 17%
14/06/13 13:30:27 INFO mapred.JobClient:  map 100% reduce 18%
14/06/13 13:30:32 INFO mapred.JobClient:  map 100% reduce 19%
14/06/13 13:30:38 INFO mapred.JobClient:  map 100% reduce 20%
14/06/13 13:30:45 INFO mapred.JobClient:  map 100% reduce 21%
14/06/13 13:31:03 INFO mapred.JobClient:  map 100% reduce 22%
14/06/13 13:31:20 INFO mapred.JobClient:  map 100% reduce 23%
14/06/13 13:31:44 INFO mapred.JobClient:  map 100% reduce 24%
14/06/13 13:31:50 INFO mapred.JobClient:  map 100% reduce 25%
14/06/13 13:31:52 INFO mapred.JobClient:  map 100% reduce 26%
14/06/13 13:32:02 INFO mapred.JobClient:  map 100% reduce 27%
14/06/13 13:32:17 INFO mapred.JobClient:  map 100% reduce 28%
14/06/13 13:32:43 INFO mapred.JobClient:  map 100% reduce 29%
14/06/13 13:33:15 INFO mapred.JobClient:  map 100% reduce 30%
14/06/13 13:34:07 INFO mapred.JobClient:  map 100% reduce 31%
14/06/13 13:35:05 INFO mapred.JobClient:  map 100% reduce 32%
14/06/13 13:36:11 INFO mapred.JobClient:  map 100% reduce 33%
14/06/13 13:37:17 INFO mapred.JobClient:  map 100% reduce 34%
14/06/13 13:38:30 INFO mapred.JobClient:  map 100% reduce 35%
14/06/13 13:39:59 INFO mapred.JobClient:  map 100% reduce 36%
14/06/13 13:41:39 INFO mapred.JobClient:  map 100% reduce 37%
14/06/13 13:43:25 INFO mapred.JobClient:  map 100% reduce 38%
14/06/13 13:45:12 INFO mapred.JobClient:  map 100% reduce 39%
14/06/13 13:47:05 INFO mapred.JobClient:  map 100% reduce 40%
14/06/13 13:48:44 INFO mapred.JobClient:  map 100% reduce 41%
14/06/13 13:50:41 INFO mapred.JobClient:  map 100% reduce 42%
14/06/13 13:52:20 INFO mapred.JobClient:  map 100% reduce 43%
14/06/13 13:54:35 INFO mapred.JobClient:  map 100% reduce 44%
14/06/13 13:56:25 INFO mapred.JobClient:  map 100% reduce 45%
14/06/13 13:56:37 INFO mapred.JobClient: Task Id : attempt_201406122141_0012_r_000040_0, Status : FAILED
java.io.IOException: Task: attempt_201406122141_0012_r_000040_0 - The reduce copier failed
	at org.apache.hadoop.mapred.ReduceTask.run(ReduceTask.java:390)
	at org.apache.hadoop.mapred.Child$4.run(Child.java:255)
	at java.security.AccessController.doPrivileged(Native Method)
	at javax.security.auth.Subject.doAs(Subject.java:415)
	at org.apache.hadoop.security.UserGroupInformation.doAs(UserGroupInformation.java:1190)
	at org.apache.hadoop.mapred.Child.main(Child.java:249)
Caused by: org.apache.hadoop.util.DiskChecker$DiskErrorException: Could not find any valid local directory for file:/scratch/hadoop/mapred/local/taskTracker/hadoop/jobcache/job_201406122141_0012/attempt_201406122141_0012_r_000040_0/output/map_2135.out
	at org.apache.hadoop.fs.LocalDirAllocator$AllocatorPerContext.getLocalPathForWrite(LocalDirAllocator.java:381)
	at org.apache.hadoop.fs.LocalDirAllocator.getLocalPathForWrite(LocalDirAllocator.java:146)
	at org.apache.hadoop.fs.LocalDirAllocator.getLocalPathForWrite(LocalDirAllocator.java:127)
	at org.apache.hadoop.mapred.ReduceTask$ReduceCopier$LocalFSMerger.run(ReduceTask.java:2690)

14/06/13 13:56:38 INFO mapred.JobClient:  map 100% reduce 44%
14/06/13 13:56:53 INFO mapred.JobClient:  map 100% reduce 45%
14/06/13 13:59:32 INFO mapred.JobClient:  map 100% reduce 46%
14/06/13 13:59:39 INFO mapred.JobClient: Task Id : attempt_201406122141_0012_r_000041_0, Status : FAILED
java.io.IOException: Task: attempt_201406122141_0012_r_000041_0 - The reduce copier failed
	at org.apache.hadoop.mapred.ReduceTask.run(ReduceTask.java:390)
	at org.apache.hadoop.mapred.Child$4.run(Child.java:255)
	at java.security.AccessController.doPrivileged(Native Method)
	at javax.security.auth.Subject.doAs(Subject.java:415)
	at org.apache.hadoop.security.UserGroupInformation.doAs(UserGroupInformation.java:1190)
	at org.apache.hadoop.mapred.Child.main(Child.java:249)
Caused by: org.apache.hadoop.util.DiskChecker$DiskErrorException: Could not find any valid local directory for file:/scratch/hadoop/mapred/local/taskTracker/hadoop/jobcache/job_201406122141_0012/attempt_201406122141_0012_r_000041_0/output/map_3139.out
	at org.apache.hadoop.fs.LocalDirAllocator$AllocatorPerContext.getLocalPathForWrite(LocalDirAllocator.java:381)
	at org.apache.hadoop.fs.LocalDirAllocator.getLocalPathForWrite(LocalDirAllocator.java:146)
	at org.apache.hadoop.fs.LocalDirAllocator.getLocalPathForWrite(LocalDirAllocator.java:127)
	at org.apache.hadoop.mapred.ReduceTask$ReduceCopier$LocalFSMerger.run(ReduceTask.java:2690)

14/06/13 13:59:41 INFO mapred.JobClient:  map 100% reduce 45%
14/06/13 14:00:09 INFO mapred.JobClient:  map 100% reduce 46%
14/06/13 14:01:08 INFO mapred.JobClient:  map 100% reduce 47%
14/06/13 14:03:55 INFO mapred.JobClient:  map 100% reduce 48%
14/06/13 14:04:04 INFO mapred.JobClient:  map 100% reduce 49%
14/06/13 14:04:56 INFO mapred.JobClient:  map 100% reduce 50%
14/06/13 14:07:24 INFO mapred.JobClient:  map 100% reduce 51%
14/06/13 14:09:05 INFO mapred.JobClient:  map 100% reduce 52%
14/06/13 14:09:56 INFO mapred.JobClient:  map 100% reduce 53%
14/06/13 14:12:03 INFO mapred.JobClient:  map 100% reduce 54%
14/06/13 14:13:03 INFO mapred.JobClient:  map 100% reduce 55%
14/06/13 14:14:08 INFO mapred.JobClient: Task Id : attempt_201406122141_0012_r_000056_0, Status : FAILED
java.io.IOException: Task: attempt_201406122141_0012_r_000056_0 - The reduce copier failed
	at org.apache.hadoop.mapred.ReduceTask.run(ReduceTask.java:390)
	at org.apache.hadoop.mapred.Child$4.run(Child.java:255)
	at java.security.AccessController.doPrivileged(Native Method)
	at javax.security.auth.Subject.doAs(Subject.java:415)
	at org.apache.hadoop.security.UserGroupInformation.doAs(UserGroupInformation.java:1190)
	at org.apache.hadoop.mapred.Child.main(Child.java:249)
Caused by: org.apache.hadoop.util.DiskChecker$DiskErrorException: Could not find any valid local directory for file:/scratch/hadoop/mapred/local/taskTracker/hadoop/jobcache/job_201406122141_0012/attempt_201406122141_0012_r_000056_0/output/map_2522.out
	at org.apache.hadoop.fs.LocalDirAllocator$AllocatorPerContext.getLocalPathForWrite(LocalDirAllocator.java:381)
	at org.apache.hadoop.fs.LocalDirAllocator.getLocalPathForWrite(LocalDirAllocator.java:146)
	at org.apache.hadoop.fs.LocalDirAllocator.getLocalPathForWrite(LocalDirAllocator.java:127)
	at org.apache.hadoop.mapred.ReduceTask$ReduceCopier$LocalFSMerger.run(ReduceTask.java:2690)

14/06/13 14:14:52 INFO mapred.JobClient:  map 100% reduce 56%
14/06/13 14:15:38 INFO mapred.JobClient:  map 100% reduce 57%
14/06/13 14:17:37 INFO mapred.JobClient:  map 100% reduce 58%
14/06/13 14:17:45 INFO mapred.JobClient: Task Id : attempt_201406122141_0012_r_000066_0, Status : FAILED
java.io.IOException: Task: attempt_201406122141_0012_r_000066_0 - The reduce copier failed
	at org.apache.hadoop.mapred.ReduceTask.run(ReduceTask.java:390)
	at org.apache.hadoop.mapred.Child$4.run(Child.java:255)
	at java.security.AccessController.doPrivileged(Native Method)
	at javax.security.auth.Subject.doAs(Subject.java:415)
	at org.apache.hadoop.security.UserGroupInformation.doAs(UserGroupInformation.java:1190)
	at org.apache.hadoop.mapred.Child.main(Child.java:249)
Caused by: org.apache.hadoop.util.DiskChecker$DiskErrorException: Could not find any valid local directory for file:/scratch/hadoop/mapred/local/taskTracker/hadoop/jobcache/job_201406122141_0012/attempt_201406122141_0012_r_000066_0/output/map_3665.out
	at org.apache.hadoop.fs.LocalDirAllocator$AllocatorPerContext.getLocalPathForWrite(LocalDirAllocator.java:381)
	at org.apache.hadoop.fs.LocalDirAllocator.getLocalPathForWrite(LocalDirAllocator.java:146)
	at org.apache.hadoop.fs.LocalDirAllocator.getLocalPathForWrite(LocalDirAllocator.java:127)
	at org.apache.hadoop.mapred.ReduceTask$ReduceCopier$LocalFSMerger.run(ReduceTask.java:2690)

14/06/13 14:17:47 INFO mapred.JobClient:  map 100% reduce 57%
14/06/13 14:18:16 INFO mapred.JobClient:  map 100% reduce 58%
14/06/13 14:19:08 INFO mapred.JobClient: Task Id : attempt_201406122141_0012_r_000065_0, Status : FAILED
org.apache.hadoop.util.DiskChecker$DiskErrorException: Could not find any valid local directory for attempt_201406122141_0012_r_000065_0/intermediate.1
	at org.apache.hadoop.fs.LocalDirAllocator$AllocatorPerContext.getLocalPathForWrite(LocalDirAllocator.java:381)
	at org.apache.hadoop.fs.LocalDirAllocator.getLocalPathForWrite(LocalDirAllocator.java:146)
	at org.apache.hadoop.fs.LocalDirAllocator.getLocalPathForWrite(LocalDirAllocator.java:127)
	at org.apache.hadoop.mapred.Merger$MergeQueue.merge(Merger.java:510)
	at org.apache.hadoop.mapred.Merger.merge(Merger.java:142)
	at org.apache.hadoop.mapred.ReduceTask$ReduceCopier.createKVIterator(ReduceTask.java:2539)
	at org.apache.hadoop.mapred.ReduceTask$ReduceCopier.access$400(ReduceTask.java:661)
	at org.apache.hadoop.mapred.ReduceTask.run(ReduceTask.java:399)
	at org.apache.hadoop.mapred.Child$4.run(Child.java:255)
	at java.security.AccessController.doPrivileged(Native Method)
	at javax.security.auth.Subject.doAs(Subject.java:415)
	at org.apache.hadoop.security.UserGroupInformation.doAs(UserGroupInformation.java:1190)
	at org.apache.hadoop.mapred.Child.main(Child.java:249)

14/06/13 14:20:22 INFO mapred.JobClient: Task Id : attempt_201406122141_0012_r_000078_0, Status : FAILED
Error: java.io.IOException: No queda espacio en el dispositivo
	at java.io.FileOutputStream.writeBytes(Native Method)
	at java.io.FileOutputStream.write(FileOutputStream.java:345)
	at org.apache.hadoop.fs.RawLocalFileSystem$LocalFSFileOutputStream.write(RawLocalFileSystem.java:203)
	at java.io.BufferedOutputStream.flushBuffer(BufferedOutputStream.java:82)
	at java.io.BufferedOutputStream.write(BufferedOutputStream.java:126)
	at org.apache.hadoop.fs.FSDataOutputStream$PositionCache.write(FSDataOutputStream.java:49)
	at java.io.DataOutputStream.write(DataOutputStream.java:107)
	at org.apache.hadoop.mapred.IFileOutputStream.write(IFileOutputStream.java:84)
	at org.apache.hadoop.fs.FSDataOutputStream$PositionCache.write(FSDataOutputStream.java:49)
	at java.io.DataOutputStream.write(DataOutputStream.java:107)
	at org.apache.hadoop.mapred.IFile$Writer.append(IFile.java:218)
	at org.apache.hadoop.mapred.Merger.writeFile(Merger.java:157)
	at org.apache.hadoop.mapred.ReduceTask$ReduceCopier$LocalFSMerger.run(ReduceTask.java:2711)

attempt_201406122141_0012_r_000078_0: log4j:ERROR Failed to flush writer,
attempt_201406122141_0012_r_000078_0: java.io.IOException: No queda espacio en el dispositivo
14/06/13 14:20:57 INFO mapred.JobClient:  map 100% reduce 59%
14/06/13 14:22:25 INFO mapred.JobClient:  map 100% reduce 60%
14/06/13 14:24:15 INFO mapred.JobClient:  map 100% reduce 61%
14/06/13 14:25:27 INFO mapred.JobClient:  map 100% reduce 62%
14/06/13 14:26:39 INFO mapred.JobClient:  map 100% reduce 63%
14/06/13 14:27:25 INFO mapred.JobClient: Task Id : attempt_201406122141_0012_r_000040_1, Status : FAILED
org.apache.hadoop.util.DiskChecker$DiskErrorException: Could not find any valid local directory for attempt_201406122141_0012_r_000040_1/intermediate.1
	at org.apache.hadoop.fs.LocalDirAllocator$AllocatorPerContext.getLocalPathForWrite(LocalDirAllocator.java:381)
	at org.apache.hadoop.fs.LocalDirAllocator.getLocalPathForWrite(LocalDirAllocator.java:146)
	at org.apache.hadoop.fs.LocalDirAllocator.getLocalPathForWrite(LocalDirAllocator.java:127)
	at org.apache.hadoop.mapred.Merger$MergeQueue.merge(Merger.java:510)
	at org.apache.hadoop.mapred.Merger.merge(Merger.java:142)
	at org.apache.hadoop.mapred.ReduceTask$ReduceCopier.createKVIterator(ReduceTask.java:2539)
	at org.apache.hadoop.mapred.ReduceTask$ReduceCopier.access$400(ReduceTask.java:661)
	at org.apache.hadoop.mapred.ReduceTask.run(ReduceTask.java:399)
	at org.apache.hadoop.mapred.Child$4.run(Child.java:255)
	at java.security.AccessController.doPrivileged(Native Method)
	at javax.security.auth.Subject.doAs(Subject.java:415)
	at org.apache.hadoop.security.UserGroupInformation.doAs(UserGroupInformation.java:1190)
	at org.apache.hadoop.mapred.Child.main(Child.java:249)

14/06/13 14:27:26 INFO mapred.JobClient:  map 100% reduce 62%
14/06/13 14:27:29 INFO mapred.JobClient: Task Id : attempt_201406122141_0012_r_000079_0, Status : FAILED
FSError: java.io.IOException: No queda espacio en el dispositivo
14/06/13 14:27:29 WARN mapred.JobClient: Error reading task outputhttp://hadoop-13:50060/tasklog?plaintext=true&attemptid=attempt_201406122141_0012_r_000079_0&filter=stdout
14/06/13 14:27:29 WARN mapred.JobClient: Error reading task outputhttp://hadoop-13:50060/tasklog?plaintext=true&attemptid=attempt_201406122141_0012_r_000079_0&filter=stderr
14/06/13 14:27:36 INFO mapred.JobClient:  map 100% reduce 63%
14/06/13 14:27:54 INFO mapred.JobClient:  map 100% reduce 64%
14/06/13 14:28:56 INFO mapred.JobClient:  map 100% reduce 65%
14/06/13 14:29:45 INFO mapred.JobClient: Task Id : attempt_201406122141_0012_r_000076_0, Status : FAILED
org.apache.hadoop.util.DiskChecker$DiskErrorException: Could not find any valid local directory for attempt_201406122141_0012_r_000076_0/intermediate.1
	at org.apache.hadoop.fs.LocalDirAllocator$AllocatorPerContext.getLocalPathForWrite(LocalDirAllocator.java:381)
	at org.apache.hadoop.fs.LocalDirAllocator.getLocalPathForWrite(LocalDirAllocator.java:146)
	at org.apache.hadoop.fs.LocalDirAllocator.getLocalPathForWrite(LocalDirAllocator.java:127)
	at org.apache.hadoop.mapred.Merger$MergeQueue.merge(Merger.java:510)
	at org.apache.hadoop.mapred.Merger.merge(Merger.java:142)
	at org.apache.hadoop.mapred.ReduceTask$ReduceCopier.createKVIterator(ReduceTask.java:2539)
	at org.apache.hadoop.mapred.ReduceTask$ReduceCopier.access$400(ReduceTask.java:661)
	at org.apache.hadoop.mapred.ReduceTask.run(ReduceTask.java:399)
	at org.apache.hadoop.mapred.Child$4.run(Child.java:255)
	at java.security.AccessController.doPrivileged(Native Method)
	at javax.security.auth.Subject.doAs(Subject.java:415)
	at org.apache.hadoop.security.UserGroupInformation.doAs(UserGroupInformation.java:1190)
	at org.apache.hadoop.mapred.Child.main(Child.java:249)

14/06/13 14:30:52 INFO mapred.JobClient: Task Id : attempt_201406122141_0012_r_000041_1, Status : FAILED
Error: java.io.IOException: No queda espacio en el dispositivo
	at java.io.FileOutputStream.writeBytes(Native Method)
	at java.io.FileOutputStream.write(FileOutputStream.java:345)
	at org.apache.hadoop.fs.RawLocalFileSystem$LocalFSFileOutputStream.write(RawLocalFileSystem.java:203)
	at java.io.BufferedOutputStream.flushBuffer(BufferedOutputStream.java:82)
	at java.io.BufferedOutputStream.write(BufferedOutputStream.java:126)
	at org.apache.hadoop.fs.FSDataOutputStream$PositionCache.write(FSDataOutputStream.java:49)
	at java.io.DataOutputStream.write(DataOutputStream.java:107)
	at org.apache.hadoop.mapred.IFileOutputStream.write(IFileOutputStream.java:84)
	at org.apache.hadoop.fs.FSDataOutputStream$PositionCache.write(FSDataOutputStream.java:49)
	at java.io.DataOutputStream.write(DataOutputStream.java:107)
	at org.apache.hadoop.mapred.IFile$Writer.append(IFile.java:218)
	at org.apache.hadoop.mapred.Merger.writeFile(Merger.java:157)
	at org.apache.hadoop.mapred.ReduceTask$ReduceCopier$LocalFSMerger.run(ReduceTask.java:2711)

14/06/13 14:30:52 WARN mapred.JobClient: Error reading task outputhttp://hadoop-16:50060/tasklog?plaintext=true&attemptid=attempt_201406122141_0012_r_000041_1&filter=stdout
14/06/13 14:30:52 WARN mapred.JobClient: Error reading task outputhttp://hadoop-16:50060/tasklog?plaintext=true&attemptid=attempt_201406122141_0012_r_000041_1&filter=stderr
14/06/13 14:31:26 INFO mapred.JobClient:  map 100% reduce 66%
14/06/13 14:32:23 INFO mapred.JobClient:  map 100% reduce 67%
14/06/13 14:33:33 INFO mapred.JobClient:  map 100% reduce 68%
14/06/13 14:34:14 INFO mapred.JobClient:  map 100% reduce 69%
14/06/13 14:34:57 INFO mapred.JobClient:  map 100% reduce 70%
14/06/13 14:36:14 INFO mapred.JobClient: Task Id : attempt_201406122141_0012_r_000065_1, Status : FAILED
java.io.IOException: Task: attempt_201406122141_0012_r_000065_1 - The reduce copier failed
	at org.apache.hadoop.mapred.ReduceTask.run(ReduceTask.java:390)
	at org.apache.hadoop.mapred.Child$4.run(Child.java:255)
	at java.security.AccessController.doPrivileged(Native Method)
	at javax.security.auth.Subject.doAs(Subject.java:415)
	at org.apache.hadoop.security.UserGroupInformation.doAs(UserGroupInformation.java:1190)
	at org.apache.hadoop.mapred.Child.main(Child.java:249)
Caused by: org.apache.hadoop.util.DiskChecker$DiskErrorException: Could not find any valid local directory for file:/scratch/hadoop/mapred/local/taskTracker/hadoop/jobcache/job_201406122141_0012/attempt_201406122141_0012_r_000065_1/output/map_2345.out
	at org.apache.hadoop.fs.LocalDirAllocator$AllocatorPerContext.getLocalPathForWrite(LocalDirAllocator.java:381)
	at org.apache.hadoop.fs.LocalDirAllocator.getLocalPathForWrite(LocalDirAllocator.java:146)
	at org.apache.hadoop.fs.LocalDirAllocator.getLocalPathForWrite(LocalDirAllocator.java:127)
	at org.apache.hadoop.mapred.ReduceTask$ReduceCopier$LocalFSMerger.run(ReduceTask.java:2690)

14/06/13 14:36:59 INFO mapred.JobClient: Task Id : attempt_201406122141_0012_r_000080_0, Status : FAILED
java.io.IOException: Task: attempt_201406122141_0012_r_000080_0 - The reduce copier failed
	at org.apache.hadoop.mapred.ReduceTask.run(ReduceTask.java:390)
	at org.apache.hadoop.mapred.Child$4.run(Child.java:255)
	at java.security.AccessController.doPrivileged(Native Method)
	at javax.security.auth.Subject.doAs(Subject.java:415)
	at org.apache.hadoop.security.UserGroupInformation.doAs(UserGroupInformation.java:1190)
	at org.apache.hadoop.mapred.Child.main(Child.java:249)
Caused by: org.apache.hadoop.util.DiskChecker$DiskErrorException: Could not find any valid local directory for file:/scratch/hadoop/mapred/local/taskTracker/hadoop/jobcache/job_201406122141_0012/attempt_201406122141_0012_r_000080_0/output/map_3259.out
	at org.apache.hadoop.fs.LocalDirAllocator$AllocatorPerContext.getLocalPathForWrite(LocalDirAllocator.java:381)
	at org.apache.hadoop.fs.LocalDirAllocator.getLocalPathForWrite(LocalDirAllocator.java:146)
	at org.apache.hadoop.fs.LocalDirAllocator.getLocalPathForWrite(LocalDirAllocator.java:127)
	at org.apache.hadoop.mapred.ReduceTask$ReduceCopier$LocalFSMerger.run(ReduceTask.java:2690)

attempt_201406122141_0012_r_000080_0: log4j:WARN No appenders could be found for logger (org.apache.hadoop.mapred.Task).
attempt_201406122141_0012_r_000080_0: log4j:WARN Please initialize the log4j system properly.
14/06/13 14:37:25 INFO mapred.JobClient: Task Id : attempt_201406122141_0012_r_000082_0, Status : FAILED
java.io.IOException: Task: attempt_201406122141_0012_r_000082_0 - The reduce copier failed
	at org.apache.hadoop.mapred.ReduceTask.run(ReduceTask.java:390)
	at org.apache.hadoop.mapred.Child$4.run(Child.java:255)
	at java.security.AccessController.doPrivileged(Native Method)
	at javax.security.auth.Subject.doAs(Subject.java:415)
	at org.apache.hadoop.security.UserGroupInformation.doAs(UserGroupInformation.java:1190)
	at org.apache.hadoop.mapred.Child.main(Child.java:249)
Caused by: org.apache.hadoop.util.DiskChecker$DiskErrorException: Could not find any valid local directory for file:/scratch/hadoop/mapred/local/taskTracker/hadoop/jobcache/job_201406122141_0012/attempt_201406122141_0012_r_000082_0/output/map_2954.out
	at org.apache.hadoop.fs.LocalDirAllocator$AllocatorPerContext.getLocalPathForWrite(LocalDirAllocator.java:381)
	at org.apache.hadoop.fs.LocalDirAllocator.getLocalPathForWrite(LocalDirAllocator.java:146)
	at org.apache.hadoop.fs.LocalDirAllocator.getLocalPathForWrite(LocalDirAllocator.java:127)
	at org.apache.hadoop.mapred.ReduceTask$ReduceCopier$LocalFSMerger.run(ReduceTask.java:2690)

14/06/13 14:38:10 INFO mapred.JobClient:  map 100% reduce 71%
14/06/13 14:38:23 INFO mapred.JobClient:  map 100% reduce 70%
14/06/13 14:38:29 INFO mapred.JobClient: Task Id : attempt_201406122141_0012_r_000066_1, Status : FAILED
Error: java.io.IOException: No queda espacio en el dispositivo
	at java.io.FileOutputStream.writeBytes(Native Method)
	at java.io.FileOutputStream.write(FileOutputStream.java:345)
	at org.apache.hadoop.fs.RawLocalFileSystem$LocalFSFileOutputStream.write(RawLocalFileSystem.java:203)
	at java.io.BufferedOutputStream.flushBuffer(BufferedOutputStream.java:82)
	at java.io.BufferedOutputStream.write(BufferedOutputStream.java:126)
	at org.apache.hadoop.fs.FSDataOutputStream$PositionCache.write(FSDataOutputStream.java:49)
	at java.io.DataOutputStream.write(DataOutputStream.java:107)
	at org.apache.hadoop.mapred.IFileOutputStream.write(IFileOutputStream.java:84)
	at org.apache.hadoop.fs.FSDataOutputStream$PositionCache.write(FSDataOutputStream.java:49)
	at java.io.DataOutputStream.write(DataOutputStream.java:107)
	at org.apache.hadoop.mapred.IFile$Writer.append(IFile.java:218)
	at org.apache.hadoop.mapred.Merger.writeFile(Merger.java:157)
	at org.apache.hadoop.mapred.ReduceTask$ReduceCopier$LocalFSMerger.run(ReduceTask.java:2711)

14/06/13 14:38:43 INFO mapred.JobClient:  map 100% reduce 71%
14/06/13 14:39:21 INFO mapred.JobClient: Task Id : attempt_201406122141_0012_r_000083_0, Status : FAILED
java.io.IOException: Task: attempt_201406122141_0012_r_000083_0 - The reduce copier failed
	at org.apache.hadoop.mapred.ReduceTask.run(ReduceTask.java:390)
	at org.apache.hadoop.mapred.Child$4.run(Child.java:255)
	at java.security.AccessController.doPrivileged(Native Method)
	at javax.security.auth.Subject.doAs(Subject.java:415)
	at org.apache.hadoop.security.UserGroupInformation.doAs(UserGroupInformation.java:1190)
	at org.apache.hadoop.mapred.Child.main(Child.java:249)
Caused by: org.apache.hadoop.util.DiskChecker$DiskErrorException: Could not find any valid local directory for file:/scratch/hadoop/mapred/local/taskTracker/hadoop/jobcache/job_201406122141_0012/attempt_201406122141_0012_r_000083_0/output/map_3653.out
	at org.apache.hadoop.fs.LocalDirAllocator$AllocatorPerContext.getLocalPathForWrite(LocalDirAllocator.java:381)
	at org.apache.hadoop.fs.LocalDirAllocator.getLocalPathForWrite(LocalDirAllocator.java:146)
	at org.apache.hadoop.fs.LocalDirAllocator.getLocalPathForWrite(LocalDirAllocator.java:127)
	at org.apache.hadoop.mapred.ReduceTask$ReduceCopier$LocalFSMerger.run(ReduceTask.java:2690)

14/06/13 14:41:09 INFO mapred.JobClient:  map 100% reduce 72%
14/06/13 14:42:57 INFO mapred.JobClient:  map 100% reduce 73%
14/06/13 14:44:06 INFO mapred.JobClient:  map 100% reduce 74%
14/06/13 14:44:52 INFO mapred.JobClient: Task Id : attempt_201406122141_0012_r_000056_1, Status : FAILED
java.io.IOException: Task: attempt_201406122141_0012_r_000056_1 - The reduce copier failed
	at org.apache.hadoop.mapred.ReduceTask.run(ReduceTask.java:390)
	at org.apache.hadoop.mapred.Child$4.run(Child.java:255)
	at java.security.AccessController.doPrivileged(Native Method)
	at javax.security.auth.Subject.doAs(Subject.java:415)
	at org.apache.hadoop.security.UserGroupInformation.doAs(UserGroupInformation.java:1190)
	at org.apache.hadoop.mapred.Child.main(Child.java:249)
Caused by: org.apache.hadoop.util.DiskChecker$DiskErrorException: Could not find any valid local directory for file:/scratch/hadoop/mapred/local/taskTracker/hadoop/jobcache/job_201406122141_0012/attempt_201406122141_0012_r_000056_1/output/map_2784.out
	at org.apache.hadoop.fs.LocalDirAllocator$AllocatorPerContext.getLocalPathForWrite(LocalDirAllocator.java:381)
	at org.apache.hadoop.fs.LocalDirAllocator.getLocalPathForWrite(LocalDirAllocator.java:146)
	at org.apache.hadoop.fs.LocalDirAllocator.getLocalPathForWrite(LocalDirAllocator.java:127)
	at org.apache.hadoop.mapred.ReduceTask$ReduceCopier$LocalFSMerger.run(ReduceTask.java:2690)

14/06/13 14:46:21 INFO mapred.JobClient:  map 100% reduce 75%
14/06/13 14:48:03 INFO mapred.JobClient: Task Id : attempt_201406122141_0012_r_000087_0, Status : FAILED
java.io.IOException: Task: attempt_201406122141_0012_r_000087_0 - The reduce copier failed
	at org.apache.hadoop.mapred.ReduceTask.run(ReduceTask.java:390)
	at org.apache.hadoop.mapred.Child$4.run(Child.java:255)
	at java.security.AccessController.doPrivileged(Native Method)
	at javax.security.auth.Subject.doAs(Subject.java:415)
	at org.apache.hadoop.security.UserGroupInformation.doAs(UserGroupInformation.java:1190)
	at org.apache.hadoop.mapred.Child.main(Child.java:249)
Caused by: org.apache.hadoop.util.DiskChecker$DiskErrorException: Could not find any valid local directory for file:/scratch/hadoop/mapred/local/taskTracker/hadoop/jobcache/job_201406122141_0012/attempt_201406122141_0012_r_000087_0/output/map_2090.out
	at org.apache.hadoop.fs.LocalDirAllocator$AllocatorPerContext.getLocalPathForWrite(LocalDirAllocator.java:381)
	at org.apache.hadoop.fs.LocalDirAllocator.getLocalPathForWrite(LocalDirAllocator.java:146)
	at org.apache.hadoop.fs.LocalDirAllocator.getLocalPathForWrite(LocalDirAllocator.java:127)
	at org.apache.hadoop.mapred.ReduceTask$ReduceCopier$LocalFSMerger.run(ReduceTask.java:2690)

14/06/13 14:48:45 INFO mapred.JobClient:  map 100% reduce 76%
14/06/13 14:48:55 INFO mapred.JobClient: Task Id : attempt_201406122141_0012_r_000076_1, Status : FAILED
java.io.IOException: Task: attempt_201406122141_0012_r_000076_1 - The reduce copier failed
	at org.apache.hadoop.mapred.ReduceTask.run(ReduceTask.java:390)
	at org.apache.hadoop.mapred.Child$4.run(Child.java:255)
	at java.security.AccessController.doPrivileged(Native Method)
	at javax.security.auth.Subject.doAs(Subject.java:415)
	at org.apache.hadoop.security.UserGroupInformation.doAs(UserGroupInformation.java:1190)
	at org.apache.hadoop.mapred.Child.main(Child.java:249)
Caused by: org.apache.hadoop.util.DiskChecker$DiskErrorException: Could not find any valid local directory for file:/scratch/hadoop/mapred/local/taskTracker/hadoop/jobcache/job_201406122141_0012/attempt_201406122141_0012_r_000076_1/output/map_2798.out
	at org.apache.hadoop.fs.LocalDirAllocator$AllocatorPerContext.getLocalPathForWrite(LocalDirAllocator.java:381)
	at org.apache.hadoop.fs.LocalDirAllocator.getLocalPathForWrite(LocalDirAllocator.java:146)
	at org.apache.hadoop.fs.LocalDirAllocator.getLocalPathForWrite(LocalDirAllocator.java:127)
	at org.apache.hadoop.mapred.ReduceTask$ReduceCopier$LocalFSMerger.run(ReduceTask.java:2690)

14/06/13 14:48:56 INFO mapred.JobClient:  map 100% reduce 75%
14/06/13 14:49:10 INFO mapred.JobClient: Task Id : attempt_201406122141_0012_r_000040_2, Status : FAILED
java.io.IOException: Task: attempt_201406122141_0012_r_000040_2 - The reduce copier failed
	at org.apache.hadoop.mapred.ReduceTask.run(ReduceTask.java:390)
	at org.apache.hadoop.mapred.Child$4.run(Child.java:255)
	at java.security.AccessController.doPrivileged(Native Method)
	at javax.security.auth.Subject.doAs(Subject.java:415)
	at org.apache.hadoop.security.UserGroupInformation.doAs(UserGroupInformation.java:1190)
	at org.apache.hadoop.mapred.Child.main(Child.java:249)
Caused by: org.apache.hadoop.util.DiskChecker$DiskErrorException: Could not find any valid local directory for file:/scratch/hadoop/mapred/local/taskTracker/hadoop/jobcache/job_201406122141_0012/attempt_201406122141_0012_r_000040_2/output/map_2250.out
	at org.apache.hadoop.fs.LocalDirAllocator$AllocatorPerContext.getLocalPathForWrite(LocalDirAllocator.java:381)
	at org.apache.hadoop.fs.LocalDirAllocator.getLocalPathForWrite(LocalDirAllocator.java:146)
	at org.apache.hadoop.fs.LocalDirAllocator.getLocalPathForWrite(LocalDirAllocator.java:127)
	at org.apache.hadoop.mapred.ReduceTask$ReduceCopier$LocalFSMerger.run(ReduceTask.java:2690)

14/06/13 14:49:57 INFO mapred.JobClient:  map 100% reduce 76%
14/06/13 14:52:06 INFO mapred.JobClient:  map 100% reduce 77%
14/06/13 14:54:08 INFO mapred.JobClient:  map 100% reduce 78%
14/06/13 14:55:38 INFO mapred.JobClient: Task Id : attempt_201406122141_0012_r_000082_1, Status : FAILED
java.io.IOException: Task: attempt_201406122141_0012_r_000082_1 - The reduce copier failed
	at org.apache.hadoop.mapred.ReduceTask.run(ReduceTask.java:390)
	at org.apache.hadoop.mapred.Child$4.run(Child.java:255)
	at java.security.AccessController.doPrivileged(Native Method)
	at javax.security.auth.Subject.doAs(Subject.java:415)
	at org.apache.hadoop.security.UserGroupInformation.doAs(UserGroupInformation.java:1190)
	at org.apache.hadoop.mapred.Child.main(Child.java:249)
Caused by: org.apache.hadoop.util.DiskChecker$DiskErrorException: Could not find any valid local directory for file:/scratch/hadoop/mapred/local/taskTracker/hadoop/jobcache/job_201406122141_0012/attempt_201406122141_0012_r_000082_1/output/map_2750.out
	at org.apache.hadoop.fs.LocalDirAllocator$AllocatorPerContext.getLocalPathForWrite(LocalDirAllocator.java:381)
	at org.apache.hadoop.fs.LocalDirAllocator.getLocalPathForWrite(LocalDirAllocator.java:146)
	at org.apache.hadoop.fs.LocalDirAllocator.getLocalPathForWrite(LocalDirAllocator.java:127)
	at org.apache.hadoop.mapred.ReduceTask$ReduceCopier$LocalFSMerger.run(ReduceTask.java:2690)

14/06/13 14:56:13 INFO mapred.JobClient: Task Id : attempt_201406122141_0012_r_000065_2, Status : FAILED
java.io.IOException: Task: attempt_201406122141_0012_r_000065_2 - The reduce copier failed
	at org.apache.hadoop.mapred.ReduceTask.run(ReduceTask.java:390)
	at org.apache.hadoop.mapred.Child$4.run(Child.java:255)
	at java.security.AccessController.doPrivileged(Native Method)
	at javax.security.auth.Subject.doAs(Subject.java:415)
	at org.apache.hadoop.security.UserGroupInformation.doAs(UserGroupInformation.java:1190)
	at org.apache.hadoop.mapred.Child.main(Child.java:249)
Caused by: org.apache.hadoop.util.DiskChecker$DiskErrorException: Could not find any valid local directory for file:/scratch/hadoop/mapred/local/taskTracker/hadoop/jobcache/job_201406122141_0012/attempt_201406122141_0012_r_000065_2/output/map_2213.out
	at org.apache.hadoop.fs.LocalDirAllocator$AllocatorPerContext.getLocalPathForWrite(LocalDirAllocator.java:381)
	at org.apache.hadoop.fs.LocalDirAllocator.getLocalPathForWrite(LocalDirAllocator.java:146)
	at org.apache.hadoop.fs.LocalDirAllocator.getLocalPathForWrite(LocalDirAllocator.java:127)
	at org.apache.hadoop.mapred.ReduceTask$ReduceCopier$LocalFSMerger.run(ReduceTask.java:2690)

14/06/13 14:58:13 INFO mapred.JobClient:  map 100% reduce 79%
14/06/13 15:00:17 INFO mapred.JobClient: Task Id : attempt_201406122141_0012_r_000080_1, Status : FAILED
java.io.IOException: Task: attempt_201406122141_0012_r_000080_1 - The reduce copier failed
	at org.apache.hadoop.mapred.ReduceTask.run(ReduceTask.java:390)
	at org.apache.hadoop.mapred.Child$4.run(Child.java:255)
	at java.security.AccessController.doPrivileged(Native Method)
	at javax.security.auth.Subject.doAs(Subject.java:415)
	at org.apache.hadoop.security.UserGroupInformation.doAs(UserGroupInformation.java:1190)
	at org.apache.hadoop.mapred.Child.main(Child.java:249)
Caused by: org.apache.hadoop.util.DiskChecker$DiskErrorException: Could not find any valid local directory for file:/scratch/hadoop/mapred/local/taskTracker/hadoop/jobcache/job_201406122141_0012/attempt_201406122141_0012_r_000080_1/output/map_3096.out
	at org.apache.hadoop.fs.LocalDirAllocator$AllocatorPerContext.getLocalPathForWrite(LocalDirAllocator.java:381)
	at org.apache.hadoop.fs.LocalDirAllocator.getLocalPathForWrite(LocalDirAllocator.java:146)
	at org.apache.hadoop.fs.LocalDirAllocator.getLocalPathForWrite(LocalDirAllocator.java:127)
	at org.apache.hadoop.mapred.ReduceTask$ReduceCopier$LocalFSMerger.run(ReduceTask.java:2690)

14/06/13 15:00:42 INFO mapred.JobClient:  map 100% reduce 80%
14/06/13 15:00:54 INFO mapred.JobClient: Task Id : attempt_201406122141_0012_r_000083_1, Status : FAILED
java.io.IOException: Task: attempt_201406122141_0012_r_000083_1 - The reduce copier failed
	at org.apache.hadoop.mapred.ReduceTask.run(ReduceTask.java:390)
	at org.apache.hadoop.mapred.Child$4.run(Child.java:255)
	at java.security.AccessController.doPrivileged(Native Method)
	at javax.security.auth.Subject.doAs(Subject.java:415)
	at org.apache.hadoop.security.UserGroupInformation.doAs(UserGroupInformation.java:1190)
	at org.apache.hadoop.mapred.Child.main(Child.java:249)
Caused by: org.apache.hadoop.util.DiskChecker$DiskErrorException: Could not find any valid local directory for file:/scratch/hadoop/mapred/local/taskTracker/hadoop/jobcache/job_201406122141_0012/attempt_201406122141_0012_r_000083_1/output/map_3313.out
	at org.apache.hadoop.fs.LocalDirAllocator$AllocatorPerContext.getLocalPathForWrite(LocalDirAllocator.java:381)
	at org.apache.hadoop.fs.LocalDirAllocator.getLocalPathForWrite(LocalDirAllocator.java:146)
	at org.apache.hadoop.fs.LocalDirAllocator.getLocalPathForWrite(LocalDirAllocator.java:127)
	at org.apache.hadoop.mapred.ReduceTask$ReduceCopier$LocalFSMerger.run(ReduceTask.java:2690)

14/06/13 15:02:20 INFO mapred.JobClient: Task Id : attempt_201406122141_0012_r_000088_0, Status : FAILED
java.io.IOException: Task: attempt_201406122141_0012_r_000088_0 - The reduce copier failed
	at org.apache.hadoop.mapred.ReduceTask.run(ReduceTask.java:390)
	at org.apache.hadoop.mapred.Child$4.run(Child.java:255)
	at java.security.AccessController.doPrivileged(Native Method)
	at javax.security.auth.Subject.doAs(Subject.java:415)
	at org.apache.hadoop.security.UserGroupInformation.doAs(UserGroupInformation.java:1190)
	at org.apache.hadoop.mapred.Child.main(Child.java:249)
Caused by: org.apache.hadoop.util.DiskChecker$DiskErrorException: Could not find any valid local directory for file:/scratch/hadoop/mapred/local/taskTracker/hadoop/jobcache/job_201406122141_0012/attempt_201406122141_0012_r_000088_0/output/map_2064.out
	at org.apache.hadoop.fs.LocalDirAllocator$AllocatorPerContext.getLocalPathForWrite(LocalDirAllocator.java:381)
	at org.apache.hadoop.fs.LocalDirAllocator.getLocalPathForWrite(LocalDirAllocator.java:146)
	at org.apache.hadoop.fs.LocalDirAllocator.getLocalPathForWrite(LocalDirAllocator.java:127)
	at org.apache.hadoop.mapred.ReduceTask$ReduceCopier$LocalFSMerger.run(ReduceTask.java:2690)

14/06/13 15:02:30 INFO mapred.JobClient: Task Id : attempt_201406122141_0012_r_000079_1, Status : FAILED
org.apache.hadoop.util.DiskChecker$DiskErrorException: Could not find any valid local directory for attempt_201406122141_0012_r_000079_1/intermediate.1
	at org.apache.hadoop.fs.LocalDirAllocator$AllocatorPerContext.getLocalPathForWrite(LocalDirAllocator.java:381)
	at org.apache.hadoop.fs.LocalDirAllocator.getLocalPathForWrite(LocalDirAllocator.java:146)
	at org.apache.hadoop.fs.LocalDirAllocator.getLocalPathForWrite(LocalDirAllocator.java:127)
	at org.apache.hadoop.mapred.Merger$MergeQueue.merge(Merger.java:510)
	at org.apache.hadoop.mapred.Merger.merge(Merger.java:142)
	at org.apache.hadoop.mapred.ReduceTask$ReduceCopier.createKVIterator(ReduceTask.java:2539)
	at org.apache.hadoop.mapred.ReduceTask$ReduceCopier.access$400(ReduceTask.java:661)
	at org.apache.hadoop.mapred.ReduceTask.run(ReduceTask.java:399)
	at org.apache.hadoop.mapred.Child$4.run(Child.java:255)
	at java.security.AccessController.doPrivileged(Native Method)
	at javax.security.auth.Subject.doAs(Subject.java:415)
	at org.apache.hadoop.security.UserGroupInformation.doAs(UserGroupInformation.java:1190)
	at org.apache.hadoop.mapred.Child.main(Child.java:249)

14/06/13 15:03:42 INFO mapred.JobClient: Task Id : attempt_201406122141_0012_r_000041_2, Status : FAILED
java.io.IOException: Task: attempt_201406122141_0012_r_000041_2 - The reduce copier failed
	at org.apache.hadoop.mapred.ReduceTask.run(ReduceTask.java:390)
	at org.apache.hadoop.mapred.Child$4.run(Child.java:255)
	at java.security.AccessController.doPrivileged(Native Method)
	at javax.security.auth.Subject.doAs(Subject.java:415)
	at org.apache.hadoop.security.UserGroupInformation.doAs(UserGroupInformation.java:1190)
	at org.apache.hadoop.mapred.Child.main(Child.java:249)
Caused by: org.apache.hadoop.util.DiskChecker$DiskErrorException: Could not find any valid local directory for file:/scratch/hadoop/mapred/local/taskTracker/hadoop/jobcache/job_201406122141_0012/attempt_201406122141_0012_r_000041_2/output/map_3149.out
	at org.apache.hadoop.fs.LocalDirAllocator$AllocatorPerContext.getLocalPathForWrite(LocalDirAllocator.java:381)
	at org.apache.hadoop.fs.LocalDirAllocator.getLocalPathForWrite(LocalDirAllocator.java:146)
	at org.apache.hadoop.fs.LocalDirAllocator.getLocalPathForWrite(LocalDirAllocator.java:127)
	at org.apache.hadoop.mapred.ReduceTask$ReduceCopier$LocalFSMerger.run(ReduceTask.java:2690)

14/06/13 15:05:33 INFO mapred.JobClient:  map 100% reduce 81%
14/06/13 15:06:02 INFO mapred.JobClient: Task Id : attempt_201406122141_0012_r_000091_0, Status : FAILED
java.io.IOException: Task: attempt_201406122141_0012_r_000091_0 - The reduce copier failed
	at org.apache.hadoop.mapred.ReduceTask.run(ReduceTask.java:390)
	at org.apache.hadoop.mapred.Child$4.run(Child.java:255)
	at java.security.AccessController.doPrivileged(Native Method)
	at javax.security.auth.Subject.doAs(Subject.java:415)
	at org.apache.hadoop.security.UserGroupInformation.doAs(UserGroupInformation.java:1190)
	at org.apache.hadoop.mapred.Child.main(Child.java:249)
Caused by: org.apache.hadoop.util.DiskChecker$DiskErrorException: Could not find any valid local directory for file:/scratch/hadoop/mapred/local/taskTracker/hadoop/jobcache/job_201406122141_0012/attempt_201406122141_0012_r_000091_0/output/map_3078.out
	at org.apache.hadoop.fs.LocalDirAllocator$AllocatorPerContext.getLocalPathForWrite(LocalDirAllocator.java:381)
	at org.apache.hadoop.fs.LocalDirAllocator.getLocalPathForWrite(LocalDirAllocator.java:146)
	at org.apache.hadoop.fs.LocalDirAllocator.getLocalPathForWrite(LocalDirAllocator.java:127)
	at org.apache.hadoop.mapred.ReduceTask$ReduceCopier$LocalFSMerger.run(ReduceTask.java:2690)

14/06/13 15:06:03 INFO mapred.JobClient:  map 100% reduce 80%
14/06/13 15:06:28 INFO mapred.JobClient:  map 100% reduce 81%
14/06/13 15:06:36 INFO mapred.JobClient: Task Id : attempt_201406122141_0012_r_000087_1, Status : FAILED
java.io.IOException: Task: attempt_201406122141_0012_r_000087_1 - The reduce copier failed
	at org.apache.hadoop.mapred.ReduceTask.run(ReduceTask.java:390)
	at org.apache.hadoop.mapred.Child$4.run(Child.java:255)
	at java.security.AccessController.doPrivileged(Native Method)
	at javax.security.auth.Subject.doAs(Subject.java:415)
	at org.apache.hadoop.security.UserGroupInformation.doAs(UserGroupInformation.java:1190)
	at org.apache.hadoop.mapred.Child.main(Child.java:249)
Caused by: org.apache.hadoop.util.DiskChecker$DiskErrorException: Could not find any valid local directory for file:/scratch/hadoop/mapred/local/taskTracker/hadoop/jobcache/job_201406122141_0012/attempt_201406122141_0012_r_000087_1/output/map_2646.out
	at org.apache.hadoop.fs.LocalDirAllocator$AllocatorPerContext.getLocalPathForWrite(LocalDirAllocator.java:381)
	at org.apache.hadoop.fs.LocalDirAllocator.getLocalPathForWrite(LocalDirAllocator.java:146)
	at org.apache.hadoop.fs.LocalDirAllocator.getLocalPathForWrite(LocalDirAllocator.java:127)
	at org.apache.hadoop.mapred.ReduceTask$ReduceCopier$LocalFSMerger.run(ReduceTask.java:2690)

14/06/13 15:06:37 INFO mapred.JobClient:  map 100% reduce 80%
14/06/13 15:07:19 INFO mapred.JobClient: Task Id : attempt_201406122141_0012_r_000098_0, Status : FAILED
java.io.IOException: Task: attempt_201406122141_0012_r_000098_0 - The reduce copier failed
	at org.apache.hadoop.mapred.ReduceTask.run(ReduceTask.java:390)
	at org.apache.hadoop.mapred.Child$4.run(Child.java:255)
	at java.security.AccessController.doPrivileged(Native Method)
	at javax.security.auth.Subject.doAs(Subject.java:415)
	at org.apache.hadoop.security.UserGroupInformation.doAs(UserGroupInformation.java:1190)
	at org.apache.hadoop.mapred.Child.main(Child.java:249)
Caused by: org.apache.hadoop.util.DiskChecker$DiskErrorException: Could not find any valid local directory for file:/scratch/hadoop/mapred/local/taskTracker/hadoop/jobcache/job_201406122141_0012/attempt_201406122141_0012_r_000098_0/output/map_2273.out
	at org.apache.hadoop.fs.LocalDirAllocator$AllocatorPerContext.getLocalPathForWrite(LocalDirAllocator.java:381)
	at org.apache.hadoop.fs.LocalDirAllocator.getLocalPathForWrite(LocalDirAllocator.java:146)
	at org.apache.hadoop.fs.LocalDirAllocator.getLocalPathForWrite(LocalDirAllocator.java:127)
	at org.apache.hadoop.mapred.ReduceTask$ReduceCopier$LocalFSMerger.run(ReduceTask.java:2690)

14/06/13 15:07:29 INFO mapred.JobClient: Task Id : attempt_201406122141_0012_r_000085_1, Status : FAILED
java.io.IOException: Task: attempt_201406122141_0012_r_000085_1 - The reduce copier failed
	at org.apache.hadoop.mapred.ReduceTask.run(ReduceTask.java:390)
	at org.apache.hadoop.mapred.Child$4.run(Child.java:255)
	at java.security.AccessController.doPrivileged(Native Method)
	at javax.security.auth.Subject.doAs(Subject.java:415)
	at org.apache.hadoop.security.UserGroupInformation.doAs(UserGroupInformation.java:1190)
	at org.apache.hadoop.mapred.Child.main(Child.java:249)
Caused by: org.apache.hadoop.util.DiskChecker$DiskErrorException: Could not find any valid local directory for file:/scratch/hadoop/mapred/local/taskTracker/hadoop/jobcache/job_201406122141_0012/attempt_201406122141_0012_r_000085_1/output/map_2679.out
	at org.apache.hadoop.fs.LocalDirAllocator$AllocatorPerContext.getLocalPathForWrite(LocalDirAllocator.java:381)
	at org.apache.hadoop.fs.LocalDirAllocator.getLocalPathForWrite(LocalDirAllocator.java:146)
	at org.apache.hadoop.fs.LocalDirAllocator.getLocalPathForWrite(LocalDirAllocator.java:127)
	at org.apache.hadoop.mapred.ReduceTask$ReduceCopier$LocalFSMerger.run(ReduceTask.java:2690)

14/06/13 15:08:14 INFO mapred.JobClient: Task Id : attempt_201406122141_0012_r_000096_0, Status : FAILED
java.io.IOException: Task: attempt_201406122141_0012_r_000096_0 - The reduce copier failed
	at org.apache.hadoop.mapred.ReduceTask.run(ReduceTask.java:390)
	at org.apache.hadoop.mapred.Child$4.run(Child.java:255)
	at java.security.AccessController.doPrivileged(Native Method)
	at javax.security.auth.Subject.doAs(Subject.java:415)
	at org.apache.hadoop.security.UserGroupInformation.doAs(UserGroupInformation.java:1190)
	at org.apache.hadoop.mapred.Child.main(Child.java:249)
Caused by: org.apache.hadoop.util.DiskChecker$DiskErrorException: Could not find any valid local directory for file:/scratch/hadoop/mapred/local/taskTracker/hadoop/jobcache/job_201406122141_0012/attempt_201406122141_0012_r_000096_0/output/map_2214.out
	at org.apache.hadoop.fs.LocalDirAllocator$AllocatorPerContext.getLocalPathForWrite(LocalDirAllocator.java:381)
	at org.apache.hadoop.fs.LocalDirAllocator.getLocalPathForWrite(LocalDirAllocator.java:146)
	at org.apache.hadoop.fs.LocalDirAllocator.getLocalPathForWrite(LocalDirAllocator.java:127)
	at org.apache.hadoop.mapred.ReduceTask$ReduceCopier$LocalFSMerger.run(ReduceTask.java:2690)

14/06/13 15:08:21 INFO mapred.JobClient: Task Id : attempt_201406122141_0012_r_000092_0, Status : FAILED
java.io.IOException: Task: attempt_201406122141_0012_r_000092_0 - The reduce copier failed
	at org.apache.hadoop.mapred.ReduceTask.run(ReduceTask.java:390)
	at org.apache.hadoop.mapred.Child$4.run(Child.java:255)
	at java.security.AccessController.doPrivileged(Native Method)
	at javax.security.auth.Subject.doAs(Subject.java:415)
	at org.apache.hadoop.security.UserGroupInformation.doAs(UserGroupInformation.java:1190)
	at org.apache.hadoop.mapred.Child.main(Child.java:249)
Caused by: org.apache.hadoop.util.DiskChecker$DiskErrorException: Could not find any valid local directory for file:/scratch/hadoop/mapred/local/taskTracker/hadoop/jobcache/job_201406122141_0012/attempt_201406122141_0012_r_000092_0/output/map_3344.out
	at org.apache.hadoop.fs.LocalDirAllocator$AllocatorPerContext.getLocalPathForWrite(LocalDirAllocator.java:381)
	at org.apache.hadoop.fs.LocalDirAllocator.getLocalPathForWrite(LocalDirAllocator.java:146)
	at org.apache.hadoop.fs.LocalDirAllocator.getLocalPathForWrite(LocalDirAllocator.java:127)
	at org.apache.hadoop.mapred.ReduceTask$ReduceCopier$LocalFSMerger.run(ReduceTask.java:2690)

14/06/13 15:08:54 INFO mapred.JobClient: Task Id : attempt_201406122141_0012_r_000095_0, Status : FAILED
Error: java.io.IOException: No queda espacio en el dispositivo
	at java.io.FileOutputStream.writeBytes(Native Method)
	at java.io.FileOutputStream.write(FileOutputStream.java:345)
	at org.apache.hadoop.fs.RawLocalFileSystem$LocalFSFileOutputStream.write(RawLocalFileSystem.java:203)
	at java.io.BufferedOutputStream.flushBuffer(BufferedOutputStream.java:82)
	at java.io.BufferedOutputStream.write(BufferedOutputStream.java:126)
	at org.apache.hadoop.fs.FSDataOutputStream$PositionCache.write(FSDataOutputStream.java:49)
	at java.io.DataOutputStream.write(DataOutputStream.java:107)
	at org.apache.hadoop.mapred.IFileOutputStream.write(IFileOutputStream.java:84)
	at org.apache.hadoop.fs.FSDataOutputStream$PositionCache.write(FSDataOutputStream.java:49)
	at java.io.DataOutputStream.write(DataOutputStream.java:107)
	at org.apache.hadoop.mapred.IFile$Writer.append(IFile.java:218)
	at org.apache.hadoop.mapred.Merger.writeFile(Merger.java:157)
	at org.apache.hadoop.mapred.ReduceTask$ReduceCopier$LocalFSMerger.run(ReduceTask.java:2711)

attempt_201406122141_0012_r_000095_0: log4j:ERROR Failed to flush writer,
attempt_201406122141_0012_r_000095_0: java.io.IOException: No queda espacio en el dispositivo
14/06/13 15:09:07 INFO mapred.JobClient: Task Id : attempt_201406122141_0012_r_000076_2, Status : FAILED
java.io.IOException: Task: attempt_201406122141_0012_r_000076_2 - The reduce copier failed
	at org.apache.hadoop.mapred.ReduceTask.run(ReduceTask.java:390)
	at org.apache.hadoop.mapred.Child$4.run(Child.java:255)
	at java.security.AccessController.doPrivileged(Native Method)
	at javax.security.auth.Subject.doAs(Subject.java:415)
	at org.apache.hadoop.security.UserGroupInformation.doAs(UserGroupInformation.java:1190)
	at org.apache.hadoop.mapred.Child.main(Child.java:249)
Caused by: org.apache.hadoop.util.DiskChecker$DiskErrorException: Could not find any valid local directory for file:/scratch/hadoop/mapred/local/taskTracker/hadoop/jobcache/job_201406122141_0012/attempt_201406122141_0012_r_000076_2/output/map_2542.out
	at org.apache.hadoop.fs.LocalDirAllocator$AllocatorPerContext.getLocalPathForWrite(LocalDirAllocator.java:381)
	at org.apache.hadoop.fs.LocalDirAllocator.getLocalPathForWrite(LocalDirAllocator.java:146)
	at org.apache.hadoop.fs.LocalDirAllocator.getLocalPathForWrite(LocalDirAllocator.java:127)
	at org.apache.hadoop.mapred.ReduceTask$ReduceCopier$LocalFSMerger.run(ReduceTask.java:2690)

14/06/13 15:09:08 INFO mapred.JobClient:  map 100% reduce 79%
14/06/13 15:09:09 INFO mapred.JobClient:  map 100% reduce 80%
14/06/13 15:12:22 INFO mapred.JobClient:  map 100% reduce 81%
14/06/13 15:14:37 INFO mapred.JobClient: Task Id : attempt_201406122141_0012_r_000082_3, Status : FAILED
java.io.IOException: Task: attempt_201406122141_0012_r_000082_3 - The reduce copier failed
	at org.apache.hadoop.mapred.ReduceTask.run(ReduceTask.java:390)
	at org.apache.hadoop.mapred.Child$4.run(Child.java:255)
	at java.security.AccessController.doPrivileged(Native Method)
	at javax.security.auth.Subject.doAs(Subject.java:415)
	at org.apache.hadoop.security.UserGroupInformation.doAs(UserGroupInformation.java:1190)
	at org.apache.hadoop.mapred.Child.main(Child.java:249)
Caused by: org.apache.hadoop.util.DiskChecker$DiskErrorException: Could not find any valid local directory for file:/scratch/hadoop/mapred/local/taskTracker/hadoop/jobcache/job_201406122141_0012/attempt_201406122141_0012_r_000082_3/output/map_3276.out
	at org.apache.hadoop.fs.LocalDirAllocator$AllocatorPerContext.getLocalPathForWrite(LocalDirAllocator.java:381)
	at org.apache.hadoop.fs.LocalDirAllocator.getLocalPathForWrite(LocalDirAllocator.java:146)
	at org.apache.hadoop.fs.LocalDirAllocator.getLocalPathForWrite(LocalDirAllocator.java:127)
	at org.apache.hadoop.mapred.ReduceTask$ReduceCopier$LocalFSMerger.run(ReduceTask.java:2690)

14/06/13 15:14:58 INFO mapred.JobClient:  map 100% reduce 82%
14/06/13 15:17:26 INFO mapred.JobClient:  map 100% reduce 83%
14/06/13 15:19:51 INFO mapred.JobClient:  map 100% reduce 84%
14/06/13 15:21:47 INFO mapred.JobClient: Job complete: job_201406122141_0012
14/06/13 15:21:47 INFO mapred.JobClient: Counters: 32
14/06/13 15:21:47 INFO mapred.JobClient:   Job Counters 
14/06/13 15:21:47 INFO mapred.JobClient:     Launched reduce tasks=150
14/06/13 15:21:47 INFO mapred.JobClient:     SLOTS_MILLIS_MAPS=134121499
14/06/13 15:21:47 INFO mapred.JobClient:     Total time spent by all reduces waiting after reserving slots (ms)=0
14/06/13 15:21:47 INFO mapred.JobClient:     Total time spent by all maps waiting after reserving slots (ms)=0
14/06/13 15:21:47 INFO mapred.JobClient:     Rack-local map tasks=35
14/06/13 15:21:47 INFO mapred.JobClient:     Launched map tasks=3817
14/06/13 15:21:47 INFO mapred.JobClient:     Data-local map tasks=3782
14/06/13 15:21:47 INFO mapred.JobClient:     Failed reduce tasks=1
14/06/13 15:21:47 INFO mapred.JobClient:     SLOTS_MILLIS_REDUCES=385835751
14/06/13 15:21:47 INFO mapred.JobClient:   File Input Format Counters 
14/06/13 15:21:47 INFO mapred.JobClient:     Bytes Read=500484966400
14/06/13 15:21:47 INFO mapred.JobClient:   File Output Format Counters 
14/06/13 15:21:47 INFO mapred.JobClient:     Bytes Written=379418574900
14/06/13 15:21:47 INFO mapred.JobClient:   FileSystemCounters
14/06/13 15:21:47 INFO mapred.JobClient:     FILE_BYTES_READ=1438523422622
14/06/13 15:21:47 INFO mapred.JobClient:     HDFS_BYTES_READ=500485426200
14/06/13 15:21:47 INFO mapred.JobClient:     FILE_BYTES_WRITTEN=1754202770874
14/06/13 15:21:47 INFO mapred.JobClient:     HDFS_BYTES_WRITTEN=379418574900
14/06/13 15:21:47 INFO mapred.JobClient:   Map-Reduce Framework
14/06/13 15:21:47 INFO mapred.JobClient:     Map output materialized bytes=510002280000
14/06/13 15:21:47 INFO mapred.JobClient:     Map input records=5000000000
14/06/13 15:21:47 INFO mapred.JobClient:     Reduce shuffle bytes=387008679198
14/06/13 15:21:47 INFO mapred.JobClient:     Spilled Records=17195633010
14/06/13 15:21:47 INFO mapred.JobClient:     Map output bytes=500000000000
14/06/13 15:21:47 INFO mapred.JobClient:     Total committed heap usage (bytes)=541593464832
14/06/13 15:21:47 INFO mapred.JobClient:     CPU time spent (ms)=47934050
14/06/13 15:21:47 INFO mapred.JobClient:     Map input bytes=500000000000
14/06/13 15:21:47 INFO mapred.JobClient:     SPLIT_RAW_BYTES=459800
14/06/13 15:21:47 INFO mapred.JobClient:     Combine input records=0
14/06/13 15:21:47 INFO mapred.JobClient:     Reduce input records=3794185749
14/06/13 15:21:47 INFO mapred.JobClient:     Reduce input groups=3259178082
14/06/13 15:21:47 INFO mapred.JobClient:     Combine output records=0
14/06/13 15:21:47 INFO mapred.JobClient:     Physical memory (bytes) snapshot=742827118592
14/06/13 15:21:47 INFO mapred.JobClient:     Reduce output records=3794185749
14/06/13 15:21:47 INFO mapred.JobClient:     Virtual memory (bytes) snapshot=2848271572992
14/06/13 15:21:47 INFO mapred.JobClient:     Map output records=5000000000
14/06/13 15:21:47 INFO mapred.JobClient: Job Failed: # of failed Reduce Tasks exceeded allowed limit. FailedCount: 1. LastFailedTask: task_201406122141_0012_r_000065
java.io.IOException: Job failed!
	at org.apache.hadoop.mapred.JobClient.runJob(JobClient.java:1357)
	at org.apache.hadoop.examples.terasort.TeraSort.run(TeraSort.java:248)
	at org.apache.hadoop.util.ToolRunner.run(ToolRunner.java:65)
	at org.apache.hadoop.examples.terasort.TeraSort.main(TeraSort.java:257)
	at sun.reflect.NativeMethodAccessorImpl.invoke0(Native Method)
	at sun.reflect.NativeMethodAccessorImpl.invoke(NativeMethodAccessorImpl.java:57)
	at sun.reflect.DelegatingMethodAccessorImpl.invoke(DelegatingMethodAccessorImpl.java:43)
	at java.lang.reflect.Method.invoke(Method.java:606)
	at org.apache.hadoop.util.ProgramDriver$ProgramDescription.invoke(ProgramDriver.java:68)
	at org.apache.hadoop.util.ProgramDriver.driver(ProgramDriver.java:139)
	at org.apache.hadoop.examples.ExampleDriver.main(ExampleDriver.java:64)
	at sun.reflect.NativeMethodAccessorImpl.invoke0(Native Method)
	at sun.reflect.NativeMethodAccessorImpl.invoke(NativeMethodAccessorImpl.java:57)
	at sun.reflect.DelegatingMethodAccessorImpl.invoke(DelegatingMethodAccessorImpl.java:43)
	at java.lang.reflect.Method.invoke(Method.java:606)
	at org.apache.hadoop.util.RunJar.main(RunJar.java:160)

real	170m28.654s
user	0m16.194s
sys	0m4.063s
