14/06/17 02:43:03 INFO terasort.TeraSort: starting
14/06/17 02:43:04 INFO mapred.FileInputFormat: Total input paths to process : 100
14/06/17 02:43:08 WARN snappy.LoadSnappy: Snappy native library is available
14/06/17 02:43:08 INFO util.NativeCodeLoader: Loaded the native-hadoop library
14/06/17 02:43:08 INFO snappy.LoadSnappy: Snappy native library loaded
14/06/17 02:43:13 INFO zlib.ZlibFactory: Successfully loaded & initialized native-zlib library
14/06/17 02:43:13 INFO compress.CodecPool: Got brand-new compressor
Making 100 from 100000 records
Step size is 1000.0
14/06/17 02:43:14 INFO mapred.FileInputFormat: Total input paths to process : 100
14/06/17 02:43:22 INFO mapred.JobClient: Running job: job_201406131535_0052
14/06/17 02:43:23 INFO mapred.JobClient:  map 0% reduce 0%
14/06/17 02:44:09 INFO mapred.JobClient:  map 1% reduce 0%
14/06/17 02:44:46 INFO mapred.JobClient:  map 2% reduce 0%
14/06/17 02:45:22 INFO mapred.JobClient:  map 3% reduce 0%
14/06/17 02:45:54 INFO mapred.JobClient:  map 4% reduce 0%
14/06/17 02:46:27 INFO mapred.JobClient:  map 5% reduce 0%
14/06/17 02:47:09 INFO mapred.JobClient:  map 6% reduce 0%
14/06/17 02:48:07 INFO mapred.JobClient:  map 7% reduce 0%
14/06/17 02:48:10 INFO mapred.JobClient: Task Id : attempt_201406131535_0052_r_000025_0, Status : FAILED
java.lang.Throwable: Child Error
	at org.apache.hadoop.mapred.TaskRunner.run(TaskRunner.java:271)
Caused by: java.io.IOException: Task process exit with nonzero status of 137.
	at org.apache.hadoop.mapred.TaskRunner.run(TaskRunner.java:258)

14/06/17 02:49:11 INFO mapred.JobClient:  map 8% reduce 0%
14/06/17 02:50:11 INFO mapred.JobClient:  map 9% reduce 0%
14/06/17 02:51:06 INFO mapred.JobClient:  map 10% reduce 0%
14/06/17 02:51:19 INFO mapred.JobClient:  map 10% reduce 1%
14/06/17 02:52:05 INFO mapred.JobClient:  map 11% reduce 1%
14/06/17 02:53:05 INFO mapred.JobClient:  map 12% reduce 1%
14/06/17 02:53:52 INFO mapred.JobClient:  map 13% reduce 1%
14/06/17 02:54:36 INFO mapred.JobClient:  map 14% reduce 1%
14/06/17 02:55:22 INFO mapred.JobClient:  map 15% reduce 1%
14/06/17 02:55:42 INFO mapred.JobClient:  map 15% reduce 2%
14/06/17 02:56:04 INFO mapred.JobClient:  map 16% reduce 2%
14/06/17 02:56:49 INFO mapred.JobClient:  map 17% reduce 2%
14/06/17 02:57:33 INFO mapred.JobClient:  map 18% reduce 2%
14/06/17 02:58:18 INFO mapred.JobClient:  map 19% reduce 2%
14/06/17 02:59:00 INFO mapred.JobClient:  map 20% reduce 2%
14/06/17 02:59:48 INFO mapred.JobClient:  map 21% reduce 2%
14/06/17 03:00:37 INFO mapred.JobClient:  map 22% reduce 2%
14/06/17 03:01:57 INFO mapred.JobClient:  map 22% reduce 3%
14/06/17 03:02:00 INFO mapred.JobClient:  map 23% reduce 3%
14/06/17 03:03:24 INFO mapred.JobClient:  map 24% reduce 3%
14/06/17 03:04:23 INFO mapred.JobClient:  map 25% reduce 3%
14/06/17 03:05:16 INFO mapred.JobClient:  map 26% reduce 3%
14/06/17 03:06:07 INFO mapred.JobClient:  map 27% reduce 3%
14/06/17 03:06:52 INFO mapred.JobClient:  map 28% reduce 3%
14/06/17 03:07:40 INFO mapred.JobClient:  map 29% reduce 3%
14/06/17 03:08:27 INFO mapred.JobClient:  map 30% reduce 3%
14/06/17 03:08:48 INFO mapred.JobClient:  map 30% reduce 4%
14/06/17 03:09:13 INFO mapred.JobClient:  map 31% reduce 4%
14/06/17 03:10:01 INFO mapred.JobClient:  map 32% reduce 4%
14/06/17 03:11:08 INFO mapred.JobClient:  map 33% reduce 4%
14/06/17 03:12:22 INFO mapred.JobClient:  map 34% reduce 4%
14/06/17 03:13:31 INFO mapred.JobClient:  map 35% reduce 4%
14/06/17 03:14:31 INFO mapred.JobClient:  map 36% reduce 4%
14/06/17 03:15:18 INFO mapred.JobClient:  map 37% reduce 4%
14/06/17 03:16:01 INFO mapred.JobClient:  map 37% reduce 5%
14/06/17 03:16:06 INFO mapred.JobClient:  map 38% reduce 5%
14/06/17 03:16:51 INFO mapred.JobClient:  map 39% reduce 5%
14/06/17 03:17:39 INFO mapred.JobClient:  map 40% reduce 5%
14/06/17 03:18:29 INFO mapred.JobClient:  map 41% reduce 5%
14/06/17 03:19:21 INFO mapred.JobClient:  map 42% reduce 5%
14/06/17 03:20:22 INFO mapred.JobClient:  map 43% reduce 5%
14/06/17 03:21:29 INFO mapred.JobClient:  map 44% reduce 5%
14/06/17 03:22:33 INFO mapred.JobClient:  map 45% reduce 5%
14/06/17 03:23:02 INFO mapred.JobClient:  map 45% reduce 6%
14/06/17 03:23:33 INFO mapred.JobClient:  map 46% reduce 6%
14/06/17 03:24:27 INFO mapred.JobClient:  map 47% reduce 6%
14/06/17 03:25:15 INFO mapred.JobClient:  map 48% reduce 6%
14/06/17 03:26:05 INFO mapred.JobClient:  map 49% reduce 6%
14/06/17 03:26:53 INFO mapred.JobClient:  map 50% reduce 6%
14/06/17 03:27:44 INFO mapred.JobClient:  map 51% reduce 6%
14/06/17 03:28:34 INFO mapred.JobClient:  map 52% reduce 6%
14/06/17 03:29:29 INFO mapred.JobClient:  map 52% reduce 7%
14/06/17 03:29:31 INFO mapred.JobClient:  map 53% reduce 7%
14/06/17 03:30:34 INFO mapred.JobClient:  map 54% reduce 7%
14/06/17 03:31:43 INFO mapred.JobClient:  map 55% reduce 7%
14/06/17 03:32:48 INFO mapred.JobClient:  map 56% reduce 7%
14/06/17 03:33:48 INFO mapred.JobClient:  map 57% reduce 7%
14/06/17 03:34:53 INFO mapred.JobClient:  map 58% reduce 7%
14/06/17 03:35:16 INFO mapred.JobClient: Task Id : attempt_201406131535_0052_r_000031_0, Status : FAILED
Error: java.io.IOException: No queda espacio en el dispositivo
	at java.io.FileOutputStream.writeBytes(Native Method)
	at java.io.FileOutputStream.write(FileOutputStream.java:345)
	at org.apache.hadoop.fs.RawLocalFileSystem$LocalFSFileOutputStream.write(RawLocalFileSystem.java:203)
	at java.io.BufferedOutputStream.flushBuffer(BufferedOutputStream.java:82)
	at java.io.BufferedOutputStream.write(BufferedOutputStream.java:126)
	at org.apache.hadoop.fs.FSDataOutputStream$PositionCache.write(FSDataOutputStream.java:49)
	at java.io.DataOutputStream.write(DataOutputStream.java:107)
	at org.apache.hadoop.mapred.IFileOutputStream.write(IFileOutputStream.java:84)
	at org.apache.hadoop.fs.FSDataOutputStream$PositionCache.write(FSDataOutputStream.java:49)
	at java.io.DataOutputStream.write(DataOutputStream.java:107)
	at org.apache.hadoop.mapred.IFile$Writer.append(IFile.java:218)
	at org.apache.hadoop.mapred.Merger.writeFile(Merger.java:157)
	at org.apache.hadoop.mapred.ReduceTask$ReduceCopier$InMemFSMergeThread.doInMemMerge(ReduceTask.java:2821)
	at org.apache.hadoop.mapred.ReduceTask$ReduceCopier$InMemFSMergeThread.run(ReduceTask.java:2762)

14/06/17 03:35:16 WARN mapred.JobClient: Error reading task outputhttp://hadoop-9:50060/tasklog?plaintext=true&attemptid=attempt_201406131535_0052_r_000031_0&filter=stdout
14/06/17 03:35:16 WARN mapred.JobClient: Error reading task outputhttp://hadoop-9:50060/tasklog?plaintext=true&attemptid=attempt_201406131535_0052_r_000031_0&filter=stderr
14/06/17 03:35:52 INFO mapred.JobClient:  map 59% reduce 7%
14/06/17 03:36:57 INFO mapred.JobClient:  map 60% reduce 7%
14/06/17 03:38:01 INFO mapred.JobClient:  map 61% reduce 7%
14/06/17 03:38:51 INFO mapred.JobClient:  map 61% reduce 8%
14/06/17 03:39:10 INFO mapred.JobClient:  map 62% reduce 8%
14/06/17 03:40:17 INFO mapred.JobClient: Task Id : attempt_201406131535_0052_r_000003_0, Status : FAILED
java.io.IOException: Task: attempt_201406131535_0052_r_000003_0 - The reduce copier failed
	at org.apache.hadoop.mapred.ReduceTask.run(ReduceTask.java:390)
	at org.apache.hadoop.mapred.Child$4.run(Child.java:255)
	at java.security.AccessController.doPrivileged(Native Method)
	at javax.security.auth.Subject.doAs(Subject.java:415)
	at org.apache.hadoop.security.UserGroupInformation.doAs(UserGroupInformation.java:1190)
	at org.apache.hadoop.mapred.Child.main(Child.java:249)
Caused by: org.apache.hadoop.util.DiskChecker$DiskErrorException: Could not find any valid local directory for output/map_863.out
	at org.apache.hadoop.fs.LocalDirAllocator$AllocatorPerContext.getLocalPathForWrite(LocalDirAllocator.java:381)
	at org.apache.hadoop.fs.LocalDirAllocator.getLocalPathForWrite(LocalDirAllocator.java:146)
	at org.apache.hadoop.fs.LocalDirAllocator.getLocalPathForWrite(LocalDirAllocator.java:127)
	at org.apache.hadoop.mapred.MapOutputFile.getInputFileForWrite(MapOutputFile.java:176)
	at org.apache.hadoop.mapred.ReduceTask$ReduceCopier$InMemFSMergeThread.doInMemMerge(ReduceTask.java:2798)
	at org.apache.hadoop.mapred.ReduceTask$ReduceCopier$InMemFSMergeThread.run(ReduceTask.java:2762)

14/06/17 03:40:18 INFO mapred.JobClient:  map 62% reduce 7%
14/06/17 03:40:23 INFO mapred.JobClient:  map 63% reduce 7%
14/06/17 03:40:36 INFO mapred.JobClient:  map 63% reduce 8%
14/06/17 03:41:36 INFO mapred.JobClient:  map 64% reduce 8%
14/06/17 03:41:57 INFO mapred.JobClient: Task Id : attempt_201406131535_0052_m_004448_0, Status : FAILED
FSError: java.io.IOException: No queda espacio en el dispositivo
14/06/17 03:42:11 INFO mapred.JobClient: Task Id : attempt_201406131535_0052_m_004449_0, Status : FAILED
java.io.IOException: Spill failed
	at org.apache.hadoop.mapred.MapTask$MapOutputBuffer.collect(MapTask.java:1034)
	at org.apache.hadoop.mapred.MapTask$OldOutputCollector.collect(MapTask.java:591)
	at org.apache.hadoop.mapred.lib.IdentityMapper.map(IdentityMapper.java:38)
	at org.apache.hadoop.mapred.MapRunner.run(MapRunner.java:50)
	at org.apache.hadoop.mapred.MapTask.runOldMapper(MapTask.java:430)
	at org.apache.hadoop.mapred.MapTask.run(MapTask.java:366)
	at org.apache.hadoop.mapred.Child$4.run(Child.java:255)
	at java.security.AccessController.doPrivileged(Native Method)
	at javax.security.auth.Subject.doAs(Subject.java:415)
	at org.apache.hadoop.security.UserGroupInformation.doAs(UserGroupInformation.java:1190)
	at org.apache.hadoop.mapred.Child.main(Child.java:249)
Caused by: org.apache.hadoop.util.DiskChecker$DiskErrorException: Could not find any valid local directory for output/spill3.out
	at org.apache.hadoop.fs.LocalDirAllocator$AllocatorPerContext.getLocalPathForWrite(LocalDirAllocator.java:381)
	at org.apache.hadoop.fs.LocalDirAllocator.getLocalPathForWrite(LocalDirAllocator.java:146)
	at org.apache.hadoop.fs.LocalDirAllocator.getLocalPathForWrite(LocalDirAllocator.java:127)
	at org.apache.hadoop.mapred.MapOutputFile.getSpillFileForWrite(MapOutputFile.java:121)
	at org.apache.hadoop.mapred.MapTask$MapOutputBuffer.sortAndSpill(MapTask.java:1397)
	at org.apache.hadoop.mapred.MapTask$MapOutputBuffer.access$1800(MapTask.java:858)
	at org.apache.hadoop.mapred.MapTask$MapOutputBuffer$SpillThread.run(MapTask.java:1349)

14/06/17 03:42:42 INFO mapred.JobClient: Task Id : attempt_201406131535_0052_r_000025_1, Status : FAILED
Error: java.io.IOException: No queda espacio en el dispositivo
	at java.io.FileOutputStream.writeBytes(Native Method)
	at java.io.FileOutputStream.write(FileOutputStream.java:345)
	at org.apache.hadoop.fs.RawLocalFileSystem$LocalFSFileOutputStream.write(RawLocalFileSystem.java:203)
	at java.io.BufferedOutputStream.flushBuffer(BufferedOutputStream.java:82)
	at java.io.BufferedOutputStream.write(BufferedOutputStream.java:126)
	at org.apache.hadoop.fs.FSDataOutputStream$PositionCache.write(FSDataOutputStream.java:49)
	at java.io.DataOutputStream.write(DataOutputStream.java:107)
	at org.apache.hadoop.mapred.IFileOutputStream.write(IFileOutputStream.java:84)
	at org.apache.hadoop.fs.FSDataOutputStream$PositionCache.write(FSDataOutputStream.java:49)
	at java.io.DataOutputStream.write(DataOutputStream.java:107)
	at org.apache.hadoop.mapred.IFile$Writer.append(IFile.java:218)
	at org.apache.hadoop.mapred.Merger.writeFile(Merger.java:157)
	at org.apache.hadoop.mapred.ReduceTask$ReduceCopier$InMemFSMergeThread.doInMemMerge(ReduceTask.java:2821)
	at org.apache.hadoop.mapred.ReduceTask$ReduceCopier$InMemFSMergeThread.run(ReduceTask.java:2762)

14/06/17 03:42:42 WARN mapred.JobClient: Error reading task outputhttp://hadoop-9:50060/tasklog?plaintext=true&attemptid=attempt_201406131535_0052_r_000025_1&filter=stdout
14/06/17 03:42:42 WARN mapred.JobClient: Error reading task outputhttp://hadoop-9:50060/tasklog?plaintext=true&attemptid=attempt_201406131535_0052_r_000025_1&filter=stderr
14/06/17 03:42:56 INFO mapred.JobClient:  map 65% reduce 8%
14/06/17 03:44:22 INFO mapred.JobClient:  map 66% reduce 8%
14/06/17 03:45:48 INFO mapred.JobClient:  map 67% reduce 8%
14/06/17 03:46:18 INFO mapred.JobClient: Task Id : attempt_201406131535_0052_r_000031_1, Status : FAILED
java.io.IOException: Task: attempt_201406131535_0052_r_000031_1 - The reduce copier failed
	at org.apache.hadoop.mapred.ReduceTask.run(ReduceTask.java:390)
	at org.apache.hadoop.mapred.Child$4.run(Child.java:255)
	at java.security.AccessController.doPrivileged(Native Method)
	at javax.security.auth.Subject.doAs(Subject.java:415)
	at org.apache.hadoop.security.UserGroupInformation.doAs(UserGroupInformation.java:1190)
	at org.apache.hadoop.mapred.Child.main(Child.java:249)
Caused by: org.apache.hadoop.util.DiskChecker$DiskErrorException: Could not find any valid local directory for file:/scratch/hadoop/mapred/local/taskTracker/hadoop/jobcache/job_201406131535_0052/attempt_201406131535_0052_r_000031_1/output/map_2311.out
	at org.apache.hadoop.fs.LocalDirAllocator$AllocatorPerContext.getLocalPathForWrite(LocalDirAllocator.java:381)
	at org.apache.hadoop.fs.LocalDirAllocator.getLocalPathForWrite(LocalDirAllocator.java:146)
	at org.apache.hadoop.fs.LocalDirAllocator.getLocalPathForWrite(LocalDirAllocator.java:127)
	at org.apache.hadoop.mapred.ReduceTask$ReduceCopier$LocalFSMerger.run(ReduceTask.java:2690)

14/06/17 03:47:20 INFO mapred.JobClient:  map 68% reduce 8%
14/06/17 03:48:59 INFO mapred.JobClient:  map 69% reduce 8%
14/06/17 03:49:49 INFO mapred.JobClient: Task Id : attempt_201406131535_0052_r_000025_2, Status : FAILED
java.io.IOException: Task: attempt_201406131535_0052_r_000025_2 - The reduce copier failed
	at org.apache.hadoop.mapred.ReduceTask.run(ReduceTask.java:390)
	at org.apache.hadoop.mapred.Child$4.run(Child.java:255)
	at java.security.AccessController.doPrivileged(Native Method)
	at javax.security.auth.Subject.doAs(Subject.java:415)
	at org.apache.hadoop.security.UserGroupInformation.doAs(UserGroupInformation.java:1190)
	at org.apache.hadoop.mapred.Child.main(Child.java:249)
Caused by: org.apache.hadoop.util.DiskChecker$DiskErrorException: Could not find any valid local directory for output/map_1084.out
	at org.apache.hadoop.fs.LocalDirAllocator$AllocatorPerContext.getLocalPathForWrite(LocalDirAllocator.java:381)
	at org.apache.hadoop.fs.LocalDirAllocator.getLocalPathForWrite(LocalDirAllocator.java:146)
	at org.apache.hadoop.fs.LocalDirAllocator.getLocalPathForWrite(LocalDirAllocator.java:127)
	at org.apache.hadoop.mapred.MapOutputFile.getInputFileForWrite(MapOutputFile.java:176)
	at org.apache.hadoop.mapred.ReduceTask$ReduceCopier$InMemFSMergeThread.doInMemMerge(ReduceTask.java:2798)
	at org.apache.hadoop.mapred.ReduceTask$ReduceCopier$InMemFSMergeThread.run(ReduceTask.java:2762)

14/06/17 03:50:05 INFO mapred.JobClient: Task Id : attempt_201406131535_0052_r_000028_0, Status : FAILED
java.io.IOException: Task: attempt_201406131535_0052_r_000028_0 - The reduce copier failed
	at org.apache.hadoop.mapred.ReduceTask.run(ReduceTask.java:390)
	at org.apache.hadoop.mapred.Child$4.run(Child.java:255)
	at java.security.AccessController.doPrivileged(Native Method)
	at javax.security.auth.Subject.doAs(Subject.java:415)
	at org.apache.hadoop.security.UserGroupInformation.doAs(UserGroupInformation.java:1190)
	at org.apache.hadoop.mapred.Child.main(Child.java:249)
Caused by: org.apache.hadoop.util.DiskChecker$DiskErrorException: Could not find any valid local directory for output/map_5636.out
	at org.apache.hadoop.fs.LocalDirAllocator$AllocatorPerContext.getLocalPathForWrite(LocalDirAllocator.java:381)
	at org.apache.hadoop.fs.LocalDirAllocator.getLocalPathForWrite(LocalDirAllocator.java:146)
	at org.apache.hadoop.fs.LocalDirAllocator.getLocalPathForWrite(LocalDirAllocator.java:127)
	at org.apache.hadoop.mapred.MapOutputFile.getInputFileForWrite(MapOutputFile.java:176)
	at org.apache.hadoop.mapred.ReduceTask$ReduceCopier$InMemFSMergeThread.doInMemMerge(ReduceTask.java:2798)
	at org.apache.hadoop.mapred.ReduceTask$ReduceCopier$InMemFSMergeThread.run(ReduceTask.java:2762)

14/06/17 03:50:26 INFO mapred.JobClient:  map 70% reduce 8%
14/06/17 03:51:27 INFO mapred.JobClient: Task Id : attempt_201406131535_0052_m_004988_0, Status : FAILED
FSError: java.io.IOException: No queda espacio en el dispositivo
14/06/17 03:51:58 INFO mapred.JobClient:  map 71% reduce 8%
14/06/17 03:52:04 INFO mapred.JobClient: Task Id : attempt_201406131535_0052_r_000041_0, Status : FAILED
java.io.IOException: Task: attempt_201406131535_0052_r_000041_0 - The reduce copier failed
	at org.apache.hadoop.mapred.ReduceTask.run(ReduceTask.java:390)
	at org.apache.hadoop.mapred.Child$4.run(Child.java:255)
	at java.security.AccessController.doPrivileged(Native Method)
	at javax.security.auth.Subject.doAs(Subject.java:415)
	at org.apache.hadoop.security.UserGroupInformation.doAs(UserGroupInformation.java:1190)
	at org.apache.hadoop.mapred.Child.main(Child.java:249)
Caused by: org.apache.hadoop.util.DiskChecker$DiskErrorException: Could not find any valid local directory for output/map_424.out
	at org.apache.hadoop.fs.LocalDirAllocator$AllocatorPerContext.getLocalPathForWrite(LocalDirAllocator.java:381)
	at org.apache.hadoop.fs.LocalDirAllocator.getLocalPathForWrite(LocalDirAllocator.java:146)
	at org.apache.hadoop.fs.LocalDirAllocator.getLocalPathForWrite(LocalDirAllocator.java:127)
	at org.apache.hadoop.mapred.MapOutputFile.getInputFileForWrite(MapOutputFile.java:176)
	at org.apache.hadoop.mapred.ReduceTask$ReduceCopier$InMemFSMergeThread.doInMemMerge(ReduceTask.java:2798)
	at org.apache.hadoop.mapred.ReduceTask$ReduceCopier$InMemFSMergeThread.run(ReduceTask.java:2762)

attempt_201406131535_0052_r_000041_0: log4j:WARN No appenders could be found for logger (org.apache.hadoop.mapred.Task).
attempt_201406131535_0052_r_000041_0: log4j:WARN Please initialize the log4j system properly.
14/06/17 03:53:36 INFO mapred.JobClient:  map 72% reduce 8%
14/06/17 03:53:46 INFO mapred.JobClient: Task Id : attempt_201406131535_0052_r_000035_0, Status : FAILED
java.io.IOException: Task: attempt_201406131535_0052_r_000035_0 - The reduce copier failed
	at org.apache.hadoop.mapred.ReduceTask.run(ReduceTask.java:390)
	at org.apache.hadoop.mapred.Child$4.run(Child.java:255)
	at java.security.AccessController.doPrivileged(Native Method)
	at javax.security.auth.Subject.doAs(Subject.java:415)
	at org.apache.hadoop.security.UserGroupInformation.doAs(UserGroupInformation.java:1190)
	at org.apache.hadoop.mapred.Child.main(Child.java:249)
Caused by: org.apache.hadoop.util.DiskChecker$DiskErrorException: Could not find any valid local directory for output/map_3530.out
	at org.apache.hadoop.fs.LocalDirAllocator$AllocatorPerContext.getLocalPathForWrite(LocalDirAllocator.java:381)
	at org.apache.hadoop.fs.LocalDirAllocator.getLocalPathForWrite(LocalDirAllocator.java:146)
	at org.apache.hadoop.fs.LocalDirAllocator.getLocalPathForWrite(LocalDirAllocator.java:127)
	at org.apache.hadoop.mapred.MapOutputFile.getInputFileForWrite(MapOutputFile.java:176)
	at org.apache.hadoop.mapred.ReduceTask$ReduceCopier$InMemFSMergeThread.doInMemMerge(ReduceTask.java:2798)
	at org.apache.hadoop.mapred.ReduceTask$ReduceCopier$InMemFSMergeThread.run(ReduceTask.java:2762)

14/06/17 03:55:51 INFO mapred.JobClient:  map 73% reduce 8%
14/06/17 03:56:11 INFO mapred.JobClient: Task Id : attempt_201406131535_0052_r_000001_0, Status : FAILED
Error: java.io.IOException: No queda espacio en el dispositivo
	at java.io.FileOutputStream.writeBytes(Native Method)
	at java.io.FileOutputStream.write(FileOutputStream.java:345)
	at org.apache.hadoop.fs.RawLocalFileSystem$LocalFSFileOutputStream.write(RawLocalFileSystem.java:203)
	at java.io.BufferedOutputStream.flushBuffer(BufferedOutputStream.java:82)
	at java.io.BufferedOutputStream.write(BufferedOutputStream.java:126)
	at org.apache.hadoop.fs.FSDataOutputStream$PositionCache.write(FSDataOutputStream.java:49)
	at java.io.DataOutputStream.write(DataOutputStream.java:107)
	at org.apache.hadoop.mapred.IFileOutputStream.write(IFileOutputStream.java:84)
	at org.apache.hadoop.fs.FSDataOutputStream$PositionCache.write(FSDataOutputStream.java:49)
	at java.io.DataOutputStream.write(DataOutputStream.java:107)
	at org.apache.hadoop.mapred.IFile$Writer.append(IFile.java:218)
	at org.apache.hadoop.mapred.Merger.writeFile(Merger.java:157)
	at org.apache.hadoop.mapred.ReduceTask$ReduceCopier$InMemFSMergeThread.doInMemMerge(ReduceTask.java:2821)
	at org.apache.hadoop.mapred.ReduceTask$ReduceCopier$InMemFSMergeThread.run(ReduceTask.java:2762)

14/06/17 03:56:11 WARN mapred.JobClient: Error reading task outputhttp://hadoop-10:50060/tasklog?plaintext=true&attemptid=attempt_201406131535_0052_r_000001_0&filter=stdout
14/06/17 03:56:11 WARN mapred.JobClient: Error reading task outputhttp://hadoop-10:50060/tasklog?plaintext=true&attemptid=attempt_201406131535_0052_r_000001_0&filter=stderr
14/06/17 03:56:18 INFO mapred.JobClient: Task Id : attempt_201406131535_0052_r_000022_0, Status : FAILED
Error: java.io.IOException: No queda espacio en el dispositivo
	at java.io.FileOutputStream.writeBytes(Native Method)
	at java.io.FileOutputStream.write(FileOutputStream.java:345)
	at org.apache.hadoop.fs.RawLocalFileSystem$LocalFSFileOutputStream.write(RawLocalFileSystem.java:203)
	at java.io.BufferedOutputStream.flushBuffer(BufferedOutputStream.java:82)
	at java.io.BufferedOutputStream.write(BufferedOutputStream.java:126)
	at org.apache.hadoop.fs.FSDataOutputStream$PositionCache.write(FSDataOutputStream.java:49)
	at java.io.DataOutputStream.write(DataOutputStream.java:107)
	at org.apache.hadoop.mapred.IFileOutputStream.write(IFileOutputStream.java:84)
	at org.apache.hadoop.fs.FSDataOutputStream$PositionCache.write(FSDataOutputStream.java:49)
	at java.io.DataOutputStream.write(DataOutputStream.java:107)
	at org.apache.hadoop.mapred.IFile$Writer.append(IFile.java:218)
	at org.apache.hadoop.mapred.Merger.writeFile(Merger.java:157)
	at org.apache.hadoop.mapred.ReduceTask$ReduceCopier$InMemFSMergeThread.doInMemMerge(ReduceTask.java:2821)
	at org.apache.hadoop.mapred.ReduceTask$ReduceCopier$InMemFSMergeThread.run(ReduceTask.java:2762)

14/06/17 03:56:18 WARN mapred.JobClient: Error reading task outputhttp://hadoop-33:50060/tasklog?plaintext=true&attemptid=attempt_201406131535_0052_r_000022_0&filter=stdout
14/06/17 03:56:18 WARN mapred.JobClient: Error reading task outputhttp://hadoop-33:50060/tasklog?plaintext=true&attemptid=attempt_201406131535_0052_r_000022_0&filter=stderr
14/06/17 03:58:01 INFO mapred.JobClient:  map 74% reduce 8%
14/06/17 03:58:21 INFO mapred.JobClient: Job complete: job_201406131535_0052
14/06/17 03:58:21 INFO mapred.JobClient: Counters: 26
14/06/17 03:58:21 INFO mapred.JobClient:   Job Counters 
14/06/17 03:58:21 INFO mapred.JobClient:     Launched reduce tasks=49
14/06/17 03:58:21 INFO mapred.JobClient:     SLOTS_MILLIS_MAPS=175157301
14/06/17 03:58:21 INFO mapred.JobClient:     Total time spent by all reduces waiting after reserving slots (ms)=0
14/06/17 03:58:21 INFO mapred.JobClient:     Total time spent by all maps waiting after reserving slots (ms)=0
14/06/17 03:58:21 INFO mapred.JobClient:     Rack-local map tasks=164
14/06/17 03:58:21 INFO mapred.JobClient:     Launched map tasks=4468
14/06/17 03:58:21 INFO mapred.JobClient:     Data-local map tasks=4304
14/06/17 03:58:21 INFO mapred.JobClient:     Failed reduce tasks=1
14/06/17 03:58:21 INFO mapred.JobClient:     SLOTS_MILLIS_REDUCES=154733104
14/06/17 03:58:21 INFO mapred.JobClient:   File Input Format Counters 
14/06/17 03:58:21 INFO mapred.JobClient:     Bytes Read=592875085824
14/06/17 03:58:21 INFO mapred.JobClient:   FileSystemCounters
14/06/17 03:58:21 INFO mapred.JobClient:     FILE_BYTES_READ=840671435700
14/06/17 03:58:21 INFO mapred.JobClient:     HDFS_BYTES_READ=592875621612
14/06/17 03:58:21 INFO mapred.JobClient:     FILE_BYTES_WRITTEN=1208575677832
14/06/17 03:58:21 INFO mapred.JobClient:   Map-Reduce Framework
14/06/17 03:58:21 INFO mapred.JobClient:     Map output materialized bytes=604148332644
14/06/17 03:58:21 INFO mapred.JobClient:     Map input records=5922996822
14/06/17 03:58:21 INFO mapred.JobClient:     Spilled Records=11845993644
14/06/17 03:58:21 INFO mapred.JobClient:     Map output bytes=592299682200
14/06/17 03:58:21 INFO mapred.JobClient:     Total committed heap usage (bytes)=617745006592
14/06/17 03:58:21 INFO mapred.JobClient:     CPU time spent (ms)=35258130
14/06/17 03:58:21 INFO mapred.JobClient:     Map input bytes=592299682200
14/06/17 03:58:21 INFO mapred.JobClient:     SPLIT_RAW_BYTES=535788
14/06/17 03:58:21 INFO mapred.JobClient:     Combine input records=0
14/06/17 03:58:21 INFO mapred.JobClient:     Combine output records=0
14/06/17 03:58:21 INFO mapred.JobClient:     Physical memory (bytes) snapshot=846184693760
14/06/17 03:58:21 INFO mapred.JobClient:     Virtual memory (bytes) snapshot=3253528817664
14/06/17 03:58:21 INFO mapred.JobClient:     Map output records=5922996822
14/06/17 03:58:21 INFO mapred.JobClient: Job Failed: # of failed Reduce Tasks exceeded allowed limit. FailedCount: 1. LastFailedTask: task_201406131535_0052_r_000025
java.io.IOException: Job failed!
	at org.apache.hadoop.mapred.JobClient.runJob(JobClient.java:1357)
	at org.apache.hadoop.examples.terasort.TeraSort.run(TeraSort.java:248)
	at org.apache.hadoop.util.ToolRunner.run(ToolRunner.java:65)
	at org.apache.hadoop.examples.terasort.TeraSort.main(TeraSort.java:257)
	at sun.reflect.NativeMethodAccessorImpl.invoke0(Native Method)
	at sun.reflect.NativeMethodAccessorImpl.invoke(NativeMethodAccessorImpl.java:57)
	at sun.reflect.DelegatingMethodAccessorImpl.invoke(DelegatingMethodAccessorImpl.java:43)
	at java.lang.reflect.Method.invoke(Method.java:606)
	at org.apache.hadoop.util.ProgramDriver$ProgramDescription.invoke(ProgramDriver.java:68)
	at org.apache.hadoop.util.ProgramDriver.driver(ProgramDriver.java:139)
	at org.apache.hadoop.examples.ExampleDriver.main(ExampleDriver.java:64)
	at sun.reflect.NativeMethodAccessorImpl.invoke0(Native Method)
	at sun.reflect.NativeMethodAccessorImpl.invoke(NativeMethodAccessorImpl.java:57)
	at sun.reflect.DelegatingMethodAccessorImpl.invoke(DelegatingMethodAccessorImpl.java:43)
	at java.lang.reflect.Method.invoke(Method.java:606)
	at org.apache.hadoop.util.RunJar.main(RunJar.java:160)

real	75m19.385s
user	0m11.009s
sys	0m1.987s
