[hadoop@hadoop-master ~]$ time hadoop jar /opt/cesga/hadoop/hadoop-examples-1.2.1.jar teragen -D mapred.map.tasks=20 $((500*1000*1000*10))  /user/hadoop/terasort-input-500 | tee teragen-20-500.log 2>&1
Generating 5000000000 using 20 maps with step of 250000000
14/06/11 10:21:12 INFO mapred.JobClient: Running job: job_201406101030_0018
14/06/11 10:21:13 INFO mapred.JobClient:  map 0% reduce 0%
14/06/11 10:21:31 INFO mapred.JobClient:  map 1% reduce 0%
14/06/11 10:21:38 INFO mapred.JobClient:  map 2% reduce 0%
14/06/11 10:21:47 INFO mapred.JobClient:  map 3% reduce 0%
14/06/11 10:21:54 INFO mapred.JobClient:  map 4% reduce 0%
14/06/11 10:22:02 INFO mapred.JobClient:  map 5% reduce 0%
14/06/11 10:22:11 INFO mapred.JobClient:  map 6% reduce 0%
14/06/11 10:22:19 INFO mapred.JobClient:  map 7% reduce 0%
14/06/11 10:22:27 INFO mapred.JobClient:  map 8% reduce 0%
14/06/11 10:22:36 INFO mapred.JobClient:  map 9% reduce 0%
14/06/11 10:22:44 INFO mapred.JobClient:  map 10% reduce 0%
14/06/11 10:22:53 INFO mapred.JobClient:  map 11% reduce 0%
14/06/11 10:23:02 INFO mapred.JobClient:  map 12% reduce 0%
14/06/11 10:23:10 INFO mapred.JobClient:  map 13% reduce 0%
14/06/11 10:23:19 INFO mapred.JobClient:  map 14% reduce 0%
14/06/11 10:23:29 INFO mapred.JobClient:  map 15% reduce 0%
14/06/11 10:23:38 INFO mapred.JobClient:  map 16% reduce 0%
14/06/11 10:23:46 INFO mapred.JobClient:  map 17% reduce 0%
14/06/11 10:23:55 INFO mapred.JobClient:  map 18% reduce 0%
14/06/11 10:24:03 INFO mapred.JobClient:  map 19% reduce 0%
14/06/11 10:24:11 INFO mapred.JobClient:  map 20% reduce 0%
14/06/11 10:24:20 INFO mapred.JobClient:  map 21% reduce 0%
14/06/11 10:24:30 INFO mapred.JobClient:  map 22% reduce 0%
14/06/11 10:24:38 INFO mapred.JobClient:  map 23% reduce 0%
14/06/11 10:24:48 INFO mapred.JobClient:  map 24% reduce 0%
14/06/11 10:24:56 INFO mapred.JobClient:  map 25% reduce 0%
14/06/11 10:25:06 INFO mapred.JobClient:  map 26% reduce 0%
14/06/11 10:25:15 INFO mapred.JobClient:  map 27% reduce 0%
14/06/11 10:25:24 INFO mapred.JobClient:  map 28% reduce 0%
14/06/11 10:25:34 INFO mapred.JobClient:  map 29% reduce 0%
14/06/11 10:25:42 INFO mapred.JobClient:  map 30% reduce 0%
14/06/11 10:25:52 INFO mapred.JobClient:  map 31% reduce 0%
14/06/11 10:26:02 INFO mapred.JobClient:  map 32% reduce 0%
14/06/11 10:26:10 INFO mapred.JobClient:  map 33% reduce 0%
14/06/11 10:26:19 INFO mapred.JobClient:  map 34% reduce 0%
14/06/11 10:26:29 INFO mapred.JobClient:  map 35% reduce 0%
14/06/11 10:26:37 INFO mapred.JobClient:  map 36% reduce 0%
14/06/11 10:26:46 INFO mapred.JobClient:  map 37% reduce 0%
14/06/11 10:26:56 INFO mapred.JobClient:  map 38% reduce 0%
14/06/11 10:27:05 INFO mapred.JobClient:  map 39% reduce 0%
14/06/11 10:27:14 INFO mapred.JobClient:  map 40% reduce 0%
14/06/11 10:27:23 INFO mapred.JobClient:  map 41% reduce 0%
14/06/11 10:27:32 INFO mapred.JobClient:  map 42% reduce 0%
14/06/11 10:27:41 INFO mapred.JobClient:  map 43% reduce 0%
14/06/11 10:27:50 INFO mapred.JobClient:  map 44% reduce 0%
14/06/11 10:27:59 INFO mapred.JobClient:  map 45% reduce 0%
14/06/11 10:28:08 INFO mapred.JobClient:  map 46% reduce 0%
14/06/11 10:28:17 INFO mapred.JobClient:  map 47% reduce 0%
14/06/11 10:28:26 INFO mapred.JobClient:  map 48% reduce 0%
14/06/11 10:28:35 INFO mapred.JobClient:  map 49% reduce 0%
14/06/11 10:28:45 INFO mapred.JobClient:  map 50% reduce 0%
14/06/11 10:28:54 INFO mapred.JobClient:  map 51% reduce 0%
14/06/11 10:29:04 INFO mapred.JobClient:  map 52% reduce 0%
14/06/11 10:29:14 INFO mapred.JobClient:  map 53% reduce 0%
14/06/11 10:29:23 INFO mapred.JobClient:  map 54% reduce 0%
14/06/11 10:29:31 INFO mapred.JobClient:  map 55% reduce 0%
14/06/11 10:29:42 INFO mapred.JobClient:  map 56% reduce 0%
14/06/11 10:29:54 INFO mapred.JobClient:  map 57% reduce 0%
14/06/11 10:30:07 INFO mapred.JobClient:  map 58% reduce 0%
14/06/11 10:30:20 INFO mapred.JobClient:  map 59% reduce 0%
14/06/11 10:30:35 INFO mapred.JobClient:  map 60% reduce 0%
14/06/11 10:30:49 INFO mapred.JobClient:  map 61% reduce 0%
14/06/11 10:31:05 INFO mapred.JobClient:  map 62% reduce 0%
14/06/11 10:31:19 INFO mapred.JobClient:  map 63% reduce 0%
14/06/11 10:31:37 INFO mapred.JobClient:  map 64% reduce 0%
14/06/11 10:31:52 INFO mapred.JobClient:  map 65% reduce 0%
14/06/11 10:32:09 INFO mapred.JobClient:  map 66% reduce 0%
14/06/11 10:32:28 INFO mapred.JobClient:  map 67% reduce 0%
14/06/11 10:32:44 INFO mapred.JobClient:  map 68% reduce 0%
14/06/11 10:32:58 INFO mapred.JobClient:  map 69% reduce 0%
14/06/11 10:33:13 INFO mapred.JobClient:  map 70% reduce 0%
14/06/11 10:33:28 INFO mapred.JobClient:  map 71% reduce 0%
14/06/11 10:33:42 INFO mapred.JobClient:  map 72% reduce 0%
14/06/11 10:33:54 INFO mapred.JobClient:  map 73% reduce 0%
14/06/11 10:34:07 INFO mapred.JobClient:  map 74% reduce 0%
14/06/11 10:34:21 INFO mapred.JobClient:  map 75% reduce 0%
14/06/11 10:34:35 INFO mapred.JobClient:  map 76% reduce 0%
14/06/11 10:34:47 INFO mapred.JobClient:  map 77% reduce 0%
14/06/11 10:35:00 INFO mapred.JobClient:  map 78% reduce 0%
14/06/11 10:35:14 INFO mapred.JobClient:  map 79% reduce 0%
14/06/11 10:35:26 INFO mapred.JobClient:  map 80% reduce 0%
14/06/11 10:35:39 INFO mapred.JobClient:  map 81% reduce 0%
14/06/11 10:35:53 INFO mapred.JobClient:  map 82% reduce 0%
14/06/11 10:36:08 INFO mapred.JobClient:  map 83% reduce 0%
14/06/11 10:36:21 INFO mapred.JobClient:  map 84% reduce 0%
14/06/11 10:36:35 INFO mapred.JobClient:  map 85% reduce 0%
14/06/11 10:36:50 INFO mapred.JobClient:  map 86% reduce 0%
14/06/11 10:37:04 INFO mapred.JobClient:  map 87% reduce 0%
14/06/11 10:37:20 INFO mapred.JobClient:  map 88% reduce 0%
14/06/11 10:37:32 INFO mapred.JobClient:  map 89% reduce 0%
14/06/11 10:37:47 INFO mapred.JobClient:  map 90% reduce 0%
14/06/11 10:38:03 INFO mapred.JobClient:  map 91% reduce 0%
14/06/11 10:38:22 INFO mapred.JobClient:  map 92% reduce 0%
14/06/11 10:38:38 INFO mapred.JobClient:  map 93% reduce 0%
14/06/11 10:38:59 INFO mapred.JobClient:  map 94% reduce 0%
14/06/11 10:39:18 INFO mapred.JobClient:  map 95% reduce 0%
14/06/11 10:39:50 INFO mapred.JobClient:  map 96% reduce 0%
14/06/11 10:40:33 INFO mapred.JobClient:  map 97% reduce 0%
14/06/11 10:41:22 INFO mapred.JobClient:  map 98% reduce 0%
14/06/11 10:42:32 INFO mapred.JobClient:  map 99% reduce 0%
14/06/11 10:43:54 INFO mapred.JobClient:  map 100% reduce 0%
14/06/11 10:43:59 INFO mapred.JobClient: Job complete: job_201406101030_0018
14/06/11 10:43:59 INFO mapred.JobClient: Counters: 19
14/06/11 10:43:59 INFO mapred.JobClient:   Job Counters 
14/06/11 10:43:59 INFO mapred.JobClient:     SLOTS_MILLIS_MAPS=18070164
14/06/11 10:43:59 INFO mapred.JobClient:     Total time spent by all reduces waiting after reserving slots (ms)=0
14/06/11 10:43:59 INFO mapred.JobClient:     Total time spent by all maps waiting after reserving slots (ms)=0
14/06/11 10:43:59 INFO mapred.JobClient:     Launched map tasks=24
14/06/11 10:43:59 INFO mapred.JobClient:     SLOTS_MILLIS_REDUCES=0
14/06/11 10:43:59 INFO mapred.JobClient:   File Input Format Counters 
14/06/11 10:43:59 INFO mapred.JobClient:     Bytes Read=0
14/06/11 10:43:59 INFO mapred.JobClient:   File Output Format Counters 
14/06/11 10:43:59 INFO mapred.JobClient:     Bytes Written=500000000000
14/06/11 10:43:59 INFO mapred.JobClient:   FileSystemCounters
14/06/11 10:43:59 INFO mapred.JobClient:     HDFS_BYTES_READ=1738
14/06/11 10:43:59 INFO mapred.JobClient:     FILE_BYTES_WRITTEN=1116330
14/06/11 10:43:59 INFO mapred.JobClient:     HDFS_BYTES_WRITTEN=500000000000
14/06/11 10:43:59 INFO mapred.JobClient:   Map-Reduce Framework
14/06/11 10:43:59 INFO mapred.JobClient:     Map input records=5000000000
14/06/11 10:43:59 INFO mapred.JobClient:     Physical memory (bytes) snapshot=1774403584
14/06/11 10:43:59 INFO mapred.JobClient:     Spilled Records=0
14/06/11 10:43:59 INFO mapred.JobClient:     CPU time spent (ms)=5402610
14/06/11 10:43:59 INFO mapred.JobClient:     Total committed heap usage (bytes)=598999040
14/06/11 10:43:59 INFO mapred.JobClient:     Virtual memory (bytes) snapshot=14533701632
14/06/11 10:43:59 INFO mapred.JobClient:     Map input bytes=5000000000
14/06/11 10:43:59 INFO mapred.JobClient:     Map output records=5000000000
14/06/11 10:43:59 INFO mapred.JobClient:     SPLIT_RAW_BYTES=1738

real	22m50.084s
user	0m4.740s
sys	0m0.626s

