[hadoop@hadoop-master ~]$ time hadoop jar /opt/cesga/hadoop/hadoop-examples-1.2.1.jar teragen -D mapred.map.tasks=20 $((100*1000*1000*10))  /user/hadoop/terasort-input-100-2
Generating 1000000000 using 20 maps with step of 50000000
14/06/10 12:55:09 INFO mapred.JobClient: Running job: job_201406101030_0004
14/06/10 12:55:10 INFO mapred.JobClient:  map 0% reduce 0%
14/06/10 12:55:25 INFO mapred.JobClient:  map 2% reduce 0%
14/06/10 12:55:26 INFO mapred.JobClient:  map 3% reduce 0%
14/06/10 12:55:28 INFO mapred.JobClient:  map 4% reduce 0%
14/06/10 12:55:29 INFO mapred.JobClient:  map 5% reduce 0%
14/06/10 12:55:31 INFO mapred.JobClient:  map 6% reduce 0%
14/06/10 12:55:34 INFO mapred.JobClient:  map 7% reduce 0%
14/06/10 12:55:35 INFO mapred.JobClient:  map 8% reduce 0%
14/06/10 12:55:37 INFO mapred.JobClient:  map 9% reduce 0%
14/06/10 12:55:38 INFO mapred.JobClient:  map 10% reduce 0%
14/06/10 12:55:40 INFO mapred.JobClient:  map 11% reduce 0%
14/06/10 12:55:41 INFO mapred.JobClient:  map 12% reduce 0%
14/06/10 12:55:43 INFO mapred.JobClient:  map 13% reduce 0%
14/06/10 12:55:44 INFO mapred.JobClient:  map 14% reduce 0%
14/06/10 12:55:46 INFO mapred.JobClient:  map 15% reduce 0%
14/06/10 12:55:47 INFO mapred.JobClient:  map 16% reduce 0%
14/06/10 12:55:50 INFO mapred.JobClient:  map 17% reduce 0%
14/06/10 12:55:51 INFO mapred.JobClient:  map 19% reduce 0%
14/06/10 12:55:53 INFO mapred.JobClient:  map 20% reduce 0%
14/06/10 12:55:54 INFO mapred.JobClient:  map 21% reduce 0%
14/06/10 12:55:56 INFO mapred.JobClient:  map 22% reduce 0%
14/06/10 12:55:57 INFO mapred.JobClient:  map 23% reduce 0%
14/06/10 12:55:59 INFO mapred.JobClient:  map 24% reduce 0%
14/06/10 12:56:00 INFO mapred.JobClient:  map 25% reduce 0%
14/06/10 12:56:02 INFO mapred.JobClient:  map 26% reduce 0%
14/06/10 12:56:04 INFO mapred.JobClient:  map 27% reduce 0%
14/06/10 12:56:05 INFO mapred.JobClient:  map 28% reduce 0%
14/06/10 12:56:06 INFO mapred.JobClient:  map 29% reduce 0%
14/06/10 12:56:08 INFO mapred.JobClient:  map 30% reduce 0%
14/06/10 12:56:09 INFO mapred.JobClient:  map 31% reduce 0%
14/06/10 12:56:11 INFO mapred.JobClient:  map 32% reduce 0%
14/06/10 12:56:12 INFO mapred.JobClient:  map 33% reduce 0%
14/06/10 12:56:14 INFO mapred.JobClient:  map 34% reduce 0%
14/06/10 12:56:15 INFO mapred.JobClient:  map 35% reduce 0%
14/06/10 12:56:16 INFO mapred.JobClient:  map 36% reduce 0%
14/06/10 12:56:18 INFO mapred.JobClient:  map 37% reduce 0%
14/06/10 12:56:19 INFO mapred.JobClient:  map 38% reduce 0%
14/06/10 12:56:22 INFO mapred.JobClient:  map 39% reduce 0%
14/06/10 12:56:24 INFO mapred.JobClient:  map 40% reduce 0%
14/06/10 12:56:25 INFO mapred.JobClient:  map 41% reduce 0%
14/06/10 12:56:27 INFO mapred.JobClient:  map 42% reduce 0%
14/06/10 12:56:28 INFO mapred.JobClient:  map 43% reduce 0%
14/06/10 12:56:30 INFO mapred.JobClient:  map 44% reduce 0%
14/06/10 12:56:31 INFO mapred.JobClient:  map 45% reduce 0%
14/06/10 12:56:34 INFO mapred.JobClient:  map 47% reduce 0%
14/06/10 12:56:37 INFO mapred.JobClient:  map 48% reduce 0%
14/06/10 12:56:38 INFO mapred.JobClient:  map 49% reduce 0%
14/06/10 12:56:40 INFO mapred.JobClient:  map 50% reduce 0%
14/06/10 12:56:41 INFO mapred.JobClient:  map 51% reduce 0%
14/06/10 12:56:43 INFO mapred.JobClient:  map 52% reduce 0%
14/06/10 12:56:44 INFO mapred.JobClient:  map 53% reduce 0%
14/06/10 12:56:47 INFO mapred.JobClient:  map 54% reduce 0%
14/06/10 12:56:48 INFO mapred.JobClient:  map 55% reduce 0%
14/06/10 12:56:51 INFO mapred.JobClient:  map 56% reduce 0%
14/06/10 12:56:52 INFO mapred.JobClient:  map 57% reduce 0%
14/06/10 12:56:54 INFO mapred.JobClient:  map 58% reduce 0%
14/06/10 12:56:56 INFO mapred.JobClient:  map 59% reduce 0%
14/06/10 12:56:57 INFO mapred.JobClient:  map 60% reduce 0%
14/06/10 12:56:58 INFO mapred.JobClient:  map 61% reduce 0%
14/06/10 12:57:00 INFO mapred.JobClient:  map 62% reduce 0%
14/06/10 12:57:02 INFO mapred.JobClient:  map 63% reduce 0%
14/06/10 12:57:03 INFO mapred.JobClient:  map 64% reduce 0%
14/06/10 12:57:05 INFO mapred.JobClient:  map 65% reduce 0%
14/06/10 12:57:06 INFO mapred.JobClient:  map 66% reduce 0%
14/06/10 12:57:09 INFO mapred.JobClient:  map 67% reduce 0%
14/06/10 12:57:12 INFO mapred.JobClient:  map 68% reduce 0%
14/06/10 12:57:14 INFO mapred.JobClient:  map 69% reduce 0%
14/06/10 12:57:16 INFO mapred.JobClient:  map 70% reduce 0%
14/06/10 12:57:19 INFO mapred.JobClient:  map 71% reduce 0%
14/06/10 12:57:21 INFO mapred.JobClient:  map 72% reduce 0%
14/06/10 12:57:24 INFO mapred.JobClient:  map 73% reduce 0%
14/06/10 12:57:27 INFO mapred.JobClient:  map 74% reduce 0%
14/06/10 12:57:30 INFO mapred.JobClient:  map 75% reduce 0%
14/06/10 12:57:34 INFO mapred.JobClient:  map 76% reduce 0%
14/06/10 12:57:37 INFO mapred.JobClient:  map 77% reduce 0%
14/06/10 12:57:40 INFO mapred.JobClient:  map 78% reduce 0%
14/06/10 12:57:43 INFO mapred.JobClient:  map 79% reduce 0%
14/06/10 12:57:44 INFO mapred.JobClient:  map 80% reduce 0%
14/06/10 12:57:47 INFO mapred.JobClient:  map 81% reduce 0%
14/06/10 12:57:52 INFO mapred.JobClient:  map 82% reduce 0%
14/06/10 12:57:55 INFO mapred.JobClient:  map 83% reduce 0%
14/06/10 12:57:58 INFO mapred.JobClient:  map 84% reduce 0%
14/06/10 12:58:01 INFO mapred.JobClient:  map 85% reduce 0%
14/06/10 12:58:04 INFO mapred.JobClient:  map 86% reduce 0%
14/06/10 12:58:07 INFO mapred.JobClient:  map 87% reduce 0%
14/06/10 12:58:10 INFO mapred.JobClient:  map 88% reduce 0%
14/06/10 12:58:14 INFO mapred.JobClient:  map 89% reduce 0%
14/06/10 12:58:17 INFO mapred.JobClient:  map 90% reduce 0%
14/06/10 12:58:20 INFO mapred.JobClient:  map 91% reduce 0%
14/06/10 12:58:22 INFO mapred.JobClient:  map 92% reduce 0%
14/06/10 12:58:26 INFO mapred.JobClient:  map 93% reduce 0%
14/06/10 12:58:29 INFO mapred.JobClient:  map 94% reduce 0%
14/06/10 12:58:33 INFO mapred.JobClient:  map 95% reduce 0%
14/06/10 12:58:38 INFO mapred.JobClient:  map 96% reduce 0%
14/06/10 12:58:42 INFO mapred.JobClient:  map 97% reduce 0%
14/06/10 12:58:46 INFO mapred.JobClient:  map 98% reduce 0%
14/06/10 12:58:52 INFO mapred.JobClient:  map 99% reduce 0%
14/06/10 12:59:02 INFO mapred.JobClient:  map 100% reduce 0%
14/06/10 12:59:06 INFO mapred.JobClient: Job complete: job_201406101030_0004
14/06/10 12:59:06 INFO mapred.JobClient: Counters: 19
14/06/10 12:59:06 INFO mapred.JobClient:   Job Counters 
14/06/10 12:59:06 INFO mapred.JobClient:     SLOTS_MILLIS_MAPS=3289256
14/06/10 12:59:06 INFO mapred.JobClient:     Total time spent by all reduces waiting after reserving slots (ms)=0
14/06/10 12:59:06 INFO mapred.JobClient:     Total time spent by all maps waiting after reserving slots (ms)=0
14/06/10 12:59:06 INFO mapred.JobClient:     Launched map tasks=23
14/06/10 12:59:06 INFO mapred.JobClient:     SLOTS_MILLIS_REDUCES=0
14/06/10 12:59:06 INFO mapred.JobClient:   File Input Format Counters 
14/06/10 12:59:06 INFO mapred.JobClient:     Bytes Read=0
14/06/10 12:59:06 INFO mapred.JobClient:   File Output Format Counters 
14/06/10 12:59:06 INFO mapred.JobClient:     Bytes Written=100000000000
14/06/10 12:59:06 INFO mapred.JobClient:   FileSystemCounters
14/06/10 12:59:06 INFO mapred.JobClient:     HDFS_BYTES_READ=1736
14/06/10 12:59:06 INFO mapred.JobClient:     FILE_BYTES_WRITTEN=1116370
14/06/10 12:59:06 INFO mapred.JobClient:     HDFS_BYTES_WRITTEN=100000000000
14/06/10 12:59:06 INFO mapred.JobClient:   Map-Reduce Framework
14/06/10 12:59:06 INFO mapred.JobClient:     Map input records=1000000000
14/06/10 12:59:06 INFO mapred.JobClient:     Physical memory (bytes) snapshot=1839542272
14/06/10 12:59:06 INFO mapred.JobClient:     Spilled Records=0
14/06/10 12:59:06 INFO mapred.JobClient:     CPU time spent (ms)=1151070
14/06/10 12:59:06 INFO mapred.JobClient:     Total committed heap usage (bytes)=598999040
14/06/10 12:59:06 INFO mapred.JobClient:     Virtual memory (bytes) snapshot=14535610368
14/06/10 12:59:06 INFO mapred.JobClient:     Map input bytes=1000000000
14/06/10 12:59:06 INFO mapred.JobClient:     Map output records=1000000000
14/06/10 12:59:06 INFO mapred.JobClient:     SPLIT_RAW_BYTES=1736

real	3m59.980s
user	0m2.996s
sys	0m0.207s

