[hadoop@hadoop-master ~]$ time hadoop jar /opt/cesga/hadoop/hadoop-examples-1.2.1.jar teragen $((100*1000*1000*10))  /user/hadoop/terasort-input-100
Generating 1000000000 using 2 maps with step of 500000000
14/06/10 12:33:18 INFO mapred.JobClient: Running job: job_201406101030_0003
14/06/10 12:33:19 INFO mapred.JobClient:  map 0% reduce 0%
14/06/10 12:33:43 INFO mapred.JobClient:  map 1% reduce 0%
14/06/10 12:33:54 INFO mapred.JobClient:  map 2% reduce 0%
14/06/10 12:34:06 INFO mapred.JobClient:  map 3% reduce 0%
14/06/10 12:34:17 INFO mapred.JobClient:  map 4% reduce 0%
14/06/10 12:34:27 INFO mapred.JobClient:  map 5% reduce 0%
14/06/10 12:34:38 INFO mapred.JobClient:  map 6% reduce 0%
14/06/10 12:34:48 INFO mapred.JobClient:  map 7% reduce 0%
14/06/10 12:34:58 INFO mapred.JobClient:  map 8% reduce 0%
14/06/10 12:35:08 INFO mapred.JobClient:  map 9% reduce 0%
14/06/10 12:35:19 INFO mapred.JobClient:  map 10% reduce 0%
14/06/10 12:35:32 INFO mapred.JobClient:  map 11% reduce 0%
14/06/10 12:35:41 INFO mapred.JobClient:  map 12% reduce 0%
14/06/10 12:35:51 INFO mapred.JobClient:  map 13% reduce 0%
14/06/10 12:36:01 INFO mapred.JobClient:  map 14% reduce 0%
14/06/10 12:36:12 INFO mapred.JobClient:  map 15% reduce 0%
14/06/10 12:36:22 INFO mapred.JobClient:  map 16% reduce 0%
14/06/10 12:36:34 INFO mapred.JobClient:  map 17% reduce 0%
14/06/10 12:36:44 INFO mapred.JobClient:  map 18% reduce 0%
14/06/10 12:36:56 INFO mapred.JobClient:  map 19% reduce 0%
14/06/10 12:37:06 INFO mapred.JobClient:  map 20% reduce 0%
14/06/10 12:37:17 INFO mapred.JobClient:  map 21% reduce 0%
14/06/10 12:37:27 INFO mapred.JobClient:  map 22% reduce 0%
14/06/10 12:37:37 INFO mapred.JobClient:  map 23% reduce 0%
14/06/10 12:37:48 INFO mapred.JobClient:  map 24% reduce 0%
14/06/10 12:37:58 INFO mapred.JobClient:  map 25% reduce 0%
14/06/10 12:38:08 INFO mapred.JobClient:  map 26% reduce 0%
14/06/10 12:38:19 INFO mapred.JobClient:  map 27% reduce 0%
14/06/10 12:38:29 INFO mapred.JobClient:  map 28% reduce 0%
14/06/10 12:38:39 INFO mapred.JobClient:  map 29% reduce 0%
14/06/10 12:38:52 INFO mapred.JobClient:  map 30% reduce 0%
14/06/10 12:39:01 INFO mapred.JobClient:  map 31% reduce 0%
14/06/10 12:39:15 INFO mapred.JobClient:  map 32% reduce 0%
14/06/10 12:39:26 INFO mapred.JobClient:  map 33% reduce 0%
14/06/10 12:39:36 INFO mapred.JobClient:  map 34% reduce 0%
14/06/10 12:39:46 INFO mapred.JobClient:  map 35% reduce 0%
14/06/10 12:39:57 INFO mapred.JobClient:  map 36% reduce 0%
14/06/10 12:40:05 INFO mapred.JobClient:  map 37% reduce 0%
14/06/10 12:40:17 INFO mapred.JobClient:  map 38% reduce 0%
14/06/10 12:40:27 INFO mapred.JobClient:  map 39% reduce 0%
14/06/10 12:40:40 INFO mapred.JobClient:  map 40% reduce 0%
14/06/10 12:40:49 INFO mapred.JobClient:  map 41% reduce 0%
14/06/10 12:40:59 INFO mapred.JobClient:  map 42% reduce 0%
14/06/10 12:41:08 INFO mapred.JobClient:  map 43% reduce 0%
14/06/10 12:41:20 INFO mapred.JobClient:  map 44% reduce 0%
14/06/10 12:41:30 INFO mapred.JobClient:  map 45% reduce 0%
14/06/10 12:41:41 INFO mapred.JobClient:  map 46% reduce 0%
14/06/10 12:41:53 INFO mapred.JobClient:  map 47% reduce 0%
14/06/10 12:42:04 INFO mapred.JobClient:  map 48% reduce 0%
14/06/10 12:42:17 INFO mapred.JobClient:  map 49% reduce 0%
14/06/10 12:42:26 INFO mapred.JobClient:  map 50% reduce 0%
14/06/10 12:42:34 INFO mapred.JobClient:  map 51% reduce 0%
14/06/10 12:42:45 INFO mapred.JobClient:  map 52% reduce 0%
14/06/10 12:42:56 INFO mapred.JobClient:  map 53% reduce 0%
14/06/10 12:43:06 INFO mapred.JobClient:  map 54% reduce 0%
14/06/10 12:43:17 INFO mapred.JobClient:  map 55% reduce 0%
14/06/10 12:43:30 INFO mapred.JobClient:  map 56% reduce 0%
14/06/10 12:43:43 INFO mapred.JobClient:  map 57% reduce 0%
14/06/10 12:43:52 INFO mapred.JobClient:  map 58% reduce 0%
14/06/10 12:44:03 INFO mapred.JobClient:  map 59% reduce 0%
14/06/10 12:44:15 INFO mapred.JobClient:  map 60% reduce 0%
14/06/10 12:44:26 INFO mapred.JobClient:  map 61% reduce 0%
14/06/10 12:44:36 INFO mapred.JobClient:  map 62% reduce 0%
14/06/10 12:44:51 INFO mapred.JobClient:  map 63% reduce 0%
14/06/10 12:45:01 INFO mapred.JobClient:  map 64% reduce 0%
14/06/10 12:45:13 INFO mapred.JobClient:  map 65% reduce 0%
14/06/10 12:45:25 INFO mapred.JobClient:  map 66% reduce 0%
14/06/10 12:45:35 INFO mapred.JobClient:  map 67% reduce 0%
14/06/10 12:45:45 INFO mapred.JobClient:  map 68% reduce 0%
14/06/10 12:45:54 INFO mapred.JobClient:  map 69% reduce 0%
14/06/10 12:46:05 INFO mapred.JobClient:  map 70% reduce 0%
14/06/10 12:46:15 INFO mapred.JobClient:  map 71% reduce 0%
14/06/10 12:46:29 INFO mapred.JobClient:  map 72% reduce 0%
14/06/10 12:46:39 INFO mapred.JobClient:  map 73% reduce 0%
14/06/10 12:46:50 INFO mapred.JobClient:  map 74% reduce 0%
14/06/10 12:47:00 INFO mapred.JobClient:  map 75% reduce 0%
14/06/10 12:47:11 INFO mapred.JobClient:  map 76% reduce 0%
14/06/10 12:47:21 INFO mapred.JobClient:  map 77% reduce 0%
14/06/10 12:47:31 INFO mapred.JobClient:  map 78% reduce 0%
14/06/10 12:47:43 INFO mapred.JobClient:  map 79% reduce 0%
14/06/10 12:47:55 INFO mapred.JobClient:  map 80% reduce 0%
14/06/10 12:48:05 INFO mapred.JobClient:  map 81% reduce 0%
14/06/10 12:48:17 INFO mapred.JobClient:  map 82% reduce 0%
14/06/10 12:48:30 INFO mapred.JobClient:  map 83% reduce 0%
14/06/10 12:48:40 INFO mapred.JobClient:  map 84% reduce 0%
14/06/10 12:48:49 INFO mapred.JobClient:  map 85% reduce 0%
14/06/10 12:49:02 INFO mapred.JobClient:  map 86% reduce 0%
14/06/10 12:49:14 INFO mapred.JobClient:  map 87% reduce 0%
14/06/10 12:49:25 INFO mapred.JobClient:  map 88% reduce 0%
14/06/10 12:49:34 INFO mapred.JobClient:  map 89% reduce 0%
14/06/10 12:49:44 INFO mapred.JobClient:  map 90% reduce 0%
14/06/10 12:49:56 INFO mapred.JobClient:  map 91% reduce 0%
14/06/10 12:50:08 INFO mapred.JobClient:  map 92% reduce 0%
14/06/10 12:50:19 INFO mapred.JobClient:  map 93% reduce 0%
14/06/10 12:50:29 INFO mapred.JobClient:  map 94% reduce 0%
14/06/10 12:50:44 INFO mapred.JobClient:  map 95% reduce 0%
14/06/10 12:50:54 INFO mapred.JobClient:  map 96% reduce 0%
14/06/10 12:51:04 INFO mapred.JobClient:  map 97% reduce 0%
14/06/10 12:51:17 INFO mapred.JobClient:  map 98% reduce 0%
14/06/10 12:51:36 INFO mapred.JobClient:  map 99% reduce 0%
14/06/10 12:51:59 INFO mapred.JobClient:  map 100% reduce 0%
14/06/10 12:52:05 INFO mapred.JobClient: Job complete: job_201406101030_0003
14/06/10 12:52:05 INFO mapred.JobClient: Counters: 19
14/06/10 12:52:05 INFO mapred.JobClient:   Job Counters 
14/06/10 12:52:05 INFO mapred.JobClient:     SLOTS_MILLIS_MAPS=2199086
14/06/10 12:52:05 INFO mapred.JobClient:     Total time spent by all reduces waiting after reserving slots (ms)=0
14/06/10 12:52:05 INFO mapred.JobClient:     Total time spent by all maps waiting after reserving slots (ms)=0
14/06/10 12:52:05 INFO mapred.JobClient:     Launched map tasks=2
14/06/10 12:52:05 INFO mapred.JobClient:     SLOTS_MILLIS_REDUCES=0
14/06/10 12:52:05 INFO mapred.JobClient:   File Input Format Counters 
14/06/10 12:52:05 INFO mapred.JobClient:     Bytes Read=0
14/06/10 12:52:05 INFO mapred.JobClient:   File Output Format Counters 
14/06/10 12:52:05 INFO mapred.JobClient:     Bytes Written=100000000000
14/06/10 12:52:05 INFO mapred.JobClient:   FileSystemCounters
14/06/10 12:52:05 INFO mapred.JobClient:     HDFS_BYTES_READ=170
14/06/10 12:52:05 INFO mapred.JobClient:     FILE_BYTES_WRITTEN=111630
14/06/10 12:52:05 INFO mapred.JobClient:     HDFS_BYTES_WRITTEN=100000000000
14/06/10 12:52:05 INFO mapred.JobClient:   Map-Reduce Framework
14/06/10 12:52:05 INFO mapred.JobClient:     Map input records=1000000000
14/06/10 12:52:05 INFO mapred.JobClient:     Physical memory (bytes) snapshot=174727168
14/06/10 12:52:05 INFO mapred.JobClient:     Spilled Records=0
14/06/10 12:52:05 INFO mapred.JobClient:     CPU time spent (ms)=1086830
14/06/10 12:52:05 INFO mapred.JobClient:     Total committed heap usage (bytes)=59899904
14/06/10 12:52:05 INFO mapred.JobClient:     Virtual memory (bytes) snapshot=1454235648
14/06/10 12:52:05 INFO mapred.JobClient:     Map input bytes=1000000000
14/06/10 12:52:05 INFO mapred.JobClient:     Map output records=1000000000
14/06/10 12:52:05 INFO mapred.JobClient:     SPLIT_RAW_BYTES=170

real	18m50.097s
user	0m4.463s
sys	0m0.574s

